Loaded 7 existing IDs from amsterdam_trees.csv
Retrieving data for 4756000
Request error for 4756000: HTTPSConnectionPool(host='bomen.amsterdam.nl', port=443): Max retries exceeded with url: /features.data?type=tree&id=4756000&filters=&_routes=routes%2Ffeatures (Caused by ConnectTimeoutError(<urllib3.connection.HTTPSConnection object at 0x77e1538c0b00>, 'Connection to bomen.amsterdam.nl timed out. (connect timeout=10)'))
Retrieving data for 4756001
Request error for 4756001: HTTPSConnectionPool(host='bomen.amsterdam.nl', port=443): Max retries exceeded with url: /features.data?type=tree&id=4756001&filters=&_routes=routes%2Ffeatures (Caused by ConnectTimeoutError(<urllib3.connection.HTTPSConnection object at 0x77e153920da0>, 'Connection to bomen.amsterdam.nl timed out. (connect timeout=10)'))
Retrieving data for 4756002
Request error for 4756002: HTTPSConnectionPool(host='bomen.amsterdam.nl', port=443): Max retries exceeded with url: /features.data?type=tree&id=4756002&filters=&_routes=routes%2Ffeatures (Caused by ConnectTimeoutError(<urllib3.connection.HTTPSConnection object at 0x77e153921670>, 'Connection to bomen.amsterdam.nl timed out. (connect timeout=10)'))
Retrieving data for 4756003
Request error for 4756003: HTTPSConnectionPool(host='bomen.amsterdam.nl', port=443): Max retries exceeded with url: /features.data?type=tree&id=4756003&filters=&_routes=routes%2Ffeatures (Caused by ConnectTimeoutError(<urllib3.connection.HTTPSConnection object at 0x77e153921e50>, 'Connection to bomen.amsterdam.nl timed out. (connect timeout=10)'))
Retrieving data for 4756004
Request error for 4756004: HTTPSConnectionPool(host='bomen.amsterdam.nl', port=443): Max retries exceeded with url: /features.data?type=tree&id=4756004&filters=&_routes=routes%2Ffeatures (Caused by ConnectTimeoutError(<urllib3.connection.HTTPSConnection object at 0x77e153922630>, 'Connection to bomen.amsterdam.nl timed out. (connect timeout=10)'))
Retrieving data for 4756005
Request error for 4756005: HTTPSConnectionPool(host='bomen.amsterdam.nl', port=443): Max retries exceeded with url: /features.data?type=tree&id=4756005&filters=&_routes=routes%2Ffeatures (Caused by ConnectTimeoutError(<urllib3.connection.HTTPSConnection object at 0x77e153922e10>, 'Connection to bomen.amsterdam.nl timed out. (connect timeout=10)'))
Retrieving data for 4756006
Request error for 4756006: HTTPSConnectionPool(host='bomen.amsterdam.nl', port=443): Max retries exceeded with url: /features.data?type=tree&id=4756006&filters=&_routes=routes%2Ffeatures (Caused by ConnectTimeoutError(<urllib3.connection.HTTPSConnection object at 0x77e153a42330>, 'Connection to bomen.amsterdam.nl timed out. (connect timeout=10)'))
Retrieving data for 4756007
Request error for 4756007: HTTPSConnectionPool(host='bomen.amsterdam.nl', port=443): Max retries exceeded with url: /features.data?type=tree&id=4756007&filters=&_routes=routes%2Ffeatures (Caused by ConnectTimeoutError(<urllib3.connection.HTTPSConnection object at 0x77e153921eb0>, 'Connection to bomen.amsterdam.nl timed out. (connect timeout=10)'))
Retrieving data for 4756008
Request error for 4756008: HTTPSConnectionPool(host='bomen.amsterdam.nl', port=443): Max retries exceeded with url: /features.data?type=tree&id=4756008&filters=&_routes=routes%2Ffeatures (Caused by ConnectTimeoutError(<urllib3.connection.HTTPSConnection object at 0x77e153921bb0>, 'Connection to bomen.amsterdam.nl timed out. (connect timeout=10)'))
Retrieving data for 4756009
Request error for 4756009: HTTPSConnectionPool(host='bomen.amsterdam.nl', port=443): Max retries exceeded with url: /features.data?type=tree&id=4756009&filters=&_routes=routes%2Ffeatures (Caused by ConnectTimeoutError(<urllib3.connection.HTTPSConnection object at 0x77e1539215b0>, 'Connection to bomen.amsterdam.nl timed out. (connect timeout=10)'))
Retrieving data for 4756010
Request error for 4756010: 502 Server Error: Bad Gateway for url: https://bomen.amsterdam.nl/features.data?type=tree&id=4756010&filters=&_routes=routes%2Ffeatures
Retrieving data for 4756011
Request error for 4756011: HTTPSConnectionPool(host='bomen.amsterdam.nl', port=443): Max retries exceeded with url: /features.data?type=tree&id=4756011&filters=&_routes=routes%2Ffeatures (Caused by ConnectTimeoutError(<urllib3.connection.HTTPSConnection object at 0x77e1539211f0>, 'Connection to bomen.amsterdam.nl timed out. (connect timeout=10)'))
Retrieving data for 4756012
Request error for 4756012: HTTPSConnectionPool(host='bomen.amsterdam.nl', port=443): Read timed out. (read timeout=10)
Retrieving data for 4756013
Request error for 4756013: HTTPSConnectionPool(host='bomen.amsterdam.nl', port=443): Read timed out. (read timeout=10)
Retrieving data for 4756014
Request error for 4756014: HTTPSConnectionPool(host='bomen.amsterdam.nl', port=443): Max retries exceeded with url: /features.data?type=tree&id=4756014&filters=&_routes=routes%2Ffeatures (Caused by ConnectTimeoutError(<urllib3.connection.HTTPSConnection object at 0x77e1539206e0>, 'Connection to bomen.amsterdam.nl timed out. (connect timeout=10)'))
Retrieving data for 4756015
Request error for 4756015: HTTPSConnectionPool(host='bomen.amsterdam.nl', port=443): Read timed out. (read timeout=10)
Retrieving data for 4756016
Request error for 4756016: 502 Server Error: Bad Gateway for url: https://bomen.amsterdam.nl/features.data?type=tree&id=4756016&filters=&_routes=routes%2Ffeatures
Retrieving data for 4756017
Request error for 4756017: 503 Server Error: Service Temporarily Unavailable for url: https://bomen.amsterdam.nl/features.data?type=tree&id=4756017&filters=&_routes=routes%2Ffeatures
Retrieving data for 4756018
Request error for 4756018: 503 Server Error: Service Temporarily Unavailable for url: https://bomen.amsterdam.nl/features.data?type=tree&id=4756018&filters=&_routes=routes%2Ffeatures
Retrieving data for 4756019
Request error for 4756019: 503 Server Error: Service Temporarily Unavailable for url: https://bomen.amsterdam.nl/features.data?type=tree&id=4756019&filters=&_routes=routes%2Ffeatures
Retrieving data for 4756020
Request error for 4756020: 503 Server Error: Service Temporarily Unavailable for url: https://bomen.amsterdam.nl/features.data?type=tree&id=4756020&filters=&_routes=routes%2Ffeatures
Retrieving data for 4756021
Request error for 4756021: HTTPSConnectionPool(host='bomen.amsterdam.nl', port=443): Max retries exceeded with url: /features.data?type=tree&id=4756021&filters=&_routes=routes%2Ffeatures (Caused by ConnectTimeoutError(<urllib3.connection.HTTPSConnection object at 0x77e1539219a0>, 'Connection to bomen.amsterdam.nl timed out. (connect timeout=10)'))
Retrieving data for 4756022
Request error for 4756022: HTTPSConnectionPool(host='bomen.amsterdam.nl', port=443): Max retries exceeded with url: /features.data?type=tree&id=4756022&filters=&_routes=routes%2Ffeatures (Caused by NameResolutionError("<urllib3.connection.HTTPSConnection object at 0x77e153922960>: Failed to resolve 'bomen.amsterdam.nl' ([Errno -3] Temporary failure in name resolution)"))
Retrieving data for 4756023
Request error for 4756023: HTTPSConnectionPool(host='bomen.amsterdam.nl', port=443): Max retries exceeded with url: /features.data?type=tree&id=4756023&filters=&_routes=routes%2Ffeatures (Caused by NameResolutionError("<urllib3.connection.HTTPSConnection object at 0x77e153944920>: Failed to resolve 'bomen.amsterdam.nl' ([Errno -3] Temporary failure in name resolution)"))
Retrieving data for 4756024
Request error for 4756024: HTTPSConnectionPool(host='bomen.amsterdam.nl', port=443): Max retries exceeded with url: /features.data?type=tree&id=4756024&filters=&_routes=routes%2Ffeatures (Caused by NameResolutionError("<urllib3.connection.HTTPSConnection object at 0x77e153922e10>: Failed to resolve 'bomen.amsterdam.nl' ([Errno -3] Temporary failure in name resolution)"))
Retrieving data for 4756025
Request error for 4756025: HTTPSConnectionPool(host='bomen.amsterdam.nl', port=443): Max retries exceeded with url: /features.data?type=tree&id=4756025&filters=&_routes=routes%2Ffeatures (Caused by NameResolutionError("<urllib3.connection.HTTPSConnection object at 0x77e1539219a0>: Failed to resolve 'bomen.amsterdam.nl' ([Errno -3] Temporary failure in name resolution)"))
Retrieving data for 4756026
Request error for 4756026: HTTPSConnectionPool(host='bomen.amsterdam.nl', port=443): Max retries exceeded with url: /features.data?type=tree&id=4756026&filters=&_routes=routes%2Ffeatures (Caused by NameResolutionError("<urllib3.connection.HTTPSConnection object at 0x77e1539236e0>: Failed to resolve 'bomen.amsterdam.nl' ([Errno -3] Temporary failure in name resolution)"))
Retrieving data for 4756027
Request error for 4756027: HTTPSConnectionPool(host='bomen.amsterdam.nl', port=443): Max retries exceeded with url: /features.data?type=tree&id=4756027&filters=&_routes=routes%2Ffeatures (Caused by NameResolutionError("<urllib3.connection.HTTPSConnection object at 0x77e153923a40>: Failed to resolve 'bomen.amsterdam.nl' ([Errno -3] Temporary failure in name resolution)"))
Retrieving data for 4756028
Request error for 4756028: 502 Server Error: Bad Gateway for url: https://bomen.amsterdam.nl/features.data?type=tree&id=4756028&filters=&_routes=routes%2Ffeatures
Retrieving data for 4756029
Request error for 4756029: 502 Server Error: Bad Gateway for url: https://bomen.amsterdam.nl/features.data?type=tree&id=4756029&filters=&_routes=routes%2Ffeatures
Retrieving data for 4756030
Request error for 4756030: 502 Server Error: Bad Gateway for url: https://bomen.amsterdam.nl/features.data?type=tree&id=4756030&filters=&_routes=routes%2Ffeatures
Retrieving data for 4756031
Request error for 4756031: 502 Server Error: Bad Gateway for url: https://bomen.amsterdam.nl/features.data?type=tree&id=4756031&filters=&_routes=routes%2Ffeatures
Retrieving data for 4756032
Request error for 4756032: 502 Server Error: Bad Gateway for url: https://bomen.amsterdam.nl/features.data?type=tree&id=4756032&filters=&_routes=routes%2Ffeatures
Retrieving data for 4756033
Request error for 4756033: 502 Server Error: Bad Gateway for url: https://bomen.amsterdam.nl/features.data?type=tree&id=4756033&filters=&_routes=routes%2Ffeatures
Retrieving data for 4756034
Request error for 4756034: 502 Server Error: Bad Gateway for url: https://bomen.amsterdam.nl/features.data?type=tree&id=4756034&filters=&_routes=routes%2Ffeatures
Retrieving data for 4756035
Request error for 4756035: HTTPSConnectionPool(host='bomen.amsterdam.nl', port=443): Max retries exceeded with url: /features.data?type=tree&id=4756035&filters=&_routes=routes%2Ffeatures (Caused by NameResolutionError("<urllib3.connection.HTTPSConnection object at 0x77e153944080>: Failed to resolve 'bomen.amsterdam.nl' ([Errno -3] Temporary failure in name resolution)"))
Retrieving data for 4756036
Request error for 4756036: HTTPSConnectionPool(host='bomen.amsterdam.nl', port=443): Max retries exceeded with url: /features.data?type=tree&id=4756036&filters=&_routes=routes%2Ffeatures (Caused by NameResolutionError("<urllib3.connection.HTTPSConnection object at 0x77e153944dd0>: Failed to resolve 'bomen.amsterdam.nl' ([Errno -3] Temporary failure in name resolution)"))
Retrieving data for 4756037
Request error for 4756037: HTTPSConnectionPool(host='bomen.amsterdam.nl', port=443): Read timed out. (read timeout=10)
Retrieving data for 4756038
Request error for 4756038: HTTPSConnectionPool(host='bomen.amsterdam.nl', port=443): Read timed out. (read timeout=10)
Retrieving data for 4756039
Request error for 4756039: HTTPSConnectionPool(host='bomen.amsterdam.nl', port=443): Read timed out. (read timeout=10)
Retrieving data for 4756040
Request error for 4756040: 502 Server Error: Bad Gateway for url: https://bomen.amsterdam.nl/features.data?type=tree&id=4756040&filters=&_routes=routes%2Ffeatures
Retrieving data for 4756041
Request error for 4756041: 503 Server Error: Service Temporarily Unavailable for url: https://bomen.amsterdam.nl/features.data?type=tree&id=4756041&filters=&_routes=routes%2Ffeatures
Retrieving data for 4756042
Request error for 4756042: HTTPSConnectionPool(host='bomen.amsterdam.nl', port=443): Read timed out. (read timeout=10)
Retrieving data for 4756043
Request error for 4756043: HTTPSConnectionPool(host='bomen.amsterdam.nl', port=443): Read timed out. (read timeout=10)
Retrieving data for 4756044
Request error for 4756044: HTTPSConnectionPool(host='bomen.amsterdam.nl', port=443): Read timed out. (read timeout=10)
Retrieving data for 4756045
Request error for 4756045: 502 Server Error: Bad Gateway for url: https://bomen.amsterdam.nl/features.data?type=tree&id=4756045&filters=&_routes=routes%2Ffeatures
Retrieving data for 4756046
Request error for 4756046: 502 Server Error: Bad Gateway for url: https://bomen.amsterdam.nl/features.data?type=tree&id=4756046&filters=&_routes=routes%2Ffeatures
Retrieving data for 4756047
Request error for 4756047: 503 Server Error: Service Temporarily Unavailable for url: https://bomen.amsterdam.nl/features.data?type=tree&id=4756047&filters=&_routes=routes%2Ffeatures
Retrieving data for 4756048
Request error for 4756048: 502 Server Error: Bad Gateway for url: https://bomen.amsterdam.nl/features.data?type=tree&id=4756048&filters=&_routes=routes%2Ffeatures
Retrieving data for 4756049
Request error for 4756049: HTTPSConnectionPool(host='bomen.amsterdam.nl', port=443): Read timed out. (read timeout=10)
Retrieving data for 4756050
Request error for 4756050: HTTPSConnectionPool(host='bomen.amsterdam.nl', port=443): Read timed out. (read timeout=10)
Retrieving data for 4756051
Request error for 4756051: HTTPSConnectionPool(host='bomen.amsterdam.nl', port=443): Read timed out. (read timeout=10)
Retrieving data for 4756052
Request error for 4756052: 502 Server Error: Bad Gateway for url: https://bomen.amsterdam.nl/features.data?type=tree&id=4756052&filters=&_routes=routes%2Ffeatures
Retrieving data for 4756053
Request error for 4756053: 502 Server Error: Bad Gateway for url: https://bomen.amsterdam.nl/features.data?type=tree&id=4756053&filters=&_routes=routes%2Ffeatures
Retrieving data for 4756054
Request error for 4756054: 502 Server Error: Bad Gateway for url: https://bomen.amsterdam.nl/features.data?type=tree&id=4756054&filters=&_routes=routes%2Ffeatures
Retrieving data for 4756055
Request error for 4756055: 502 Server Error: Bad Gateway for url: https://bomen.amsterdam.nl/features.data?type=tree&id=4756055&filters=&_routes=routes%2Ffeatures
Retrieving data for 4756056
Request error for 4756056: HTTPSConnectionPool(host='bomen.amsterdam.nl', port=443): Max retries exceeded with url: /features.data?type=tree&id=4756056&filters=&_routes=routes%2Ffeatures (Caused by ConnectTimeoutError(<urllib3.connection.HTTPSConnection object at 0x77e153944560>, 'Connection to bomen.amsterdam.nl timed out. (connect timeout=10)'))
Retrieving data for 4756057
Request error for 4756057: HTTPSConnectionPool(host='bomen.amsterdam.nl', port=443): Read timed out. (read timeout=10)
Retrieving data for 4756058
Request error for 4756058: HTTPSConnectionPool(host='bomen.amsterdam.nl', port=443): Read timed out. (read timeout=10)
Retrieving data for 4756059
Request error for 4756059: HTTPSConnectionPool(host='bomen.amsterdam.nl', port=443): Read timed out. (read timeout=10)
Retrieving data for 4756060
Request error for 4756060: 503 Server Error: Service Temporarily Unavailable for url: https://bomen.amsterdam.nl/features.data?type=tree&id=4756060&filters=&_routes=routes%2Ffeatures
Retrieving data for 4756061
Request error for 4756061: 503 Server Error: Service Temporarily Unavailable for url: https://bomen.amsterdam.nl/features.data?type=tree&id=4756061&filters=&_routes=routes%2Ffeatures
Retrieving data for 4756062
Request error for 4756062: 503 Server Error: Service Temporarily Unavailable for url: https://bomen.amsterdam.nl/features.data?type=tree&id=4756062&filters=&_routes=routes%2Ffeatures
Retrieving data for 4756063
Request error for 4756063: 503 Server Error: Service Temporarily Unavailable for url: https://bomen.amsterdam.nl/features.data?type=tree&id=4756063&filters=&_routes=routes%2Ffeatures
Retrieving data for 4756064
Request error for 4756064: 503 Server Error: Service Temporarily Unavailable for url: https://bomen.amsterdam.nl/features.data?type=tree&id=4756064&filters=&_routes=routes%2Ffeatures
Retrieving data for 4756065
Request error for 4756065: HTTPSConnectionPool(host='bomen.amsterdam.nl', port=443): Max retries exceeded with url: /features.data?type=tree&id=4756065&filters=&_routes=routes%2Ffeatures (Caused by NameResolutionError("<urllib3.connection.HTTPSConnection object at 0x77e153922fc0>: Failed to resolve 'bomen.amsterdam.nl' ([Errno -3] Temporary failure in name resolution)"))
Retrieving data for 4756066
Request error for 4756066: HTTPSConnectionPool(host='bomen.amsterdam.nl', port=443): Max retries exceeded with url: /features.data?type=tree&id=4756066&filters=&_routes=routes%2Ffeatures (Caused by NameResolutionError("<urllib3.connection.HTTPSConnection object at 0x77e153944260>: Failed to resolve 'bomen.amsterdam.nl' ([Errno -3] Temporary failure in name resolution)"))
Retrieving data for 4756067
Request error for 4756067: HTTPSConnectionPool(host='bomen.amsterdam.nl', port=443): Read timed out. (read timeout=10)
Retrieving data for 4756068
Request error for 4756068: HTTPSConnectionPool(host='bomen.amsterdam.nl', port=443): Read timed out. (read timeout=10)
Retrieving data for 4756069
Request error for 4756069: 502 Server Error: Bad Gateway for url: https://bomen.amsterdam.nl/features.data?type=tree&id=4756069&filters=&_routes=routes%2Ffeatures
Retrieving data for 4756070
Request error for 4756070: 502 Server Error: Bad Gateway for url: https://bomen.amsterdam.nl/features.data?type=tree&id=4756070&filters=&_routes=routes%2Ffeatures
Retrieving data for 4756071
Request error for 4756071: 502 Server Error: Bad Gateway for url: https://bomen.amsterdam.nl/features.data?type=tree&id=4756071&filters=&_routes=routes%2Ffeatures
Retrieving data for 4756072
Request error for 4756072: 502 Server Error: Bad Gateway for url: https://bomen.amsterdam.nl/features.data?type=tree&id=4756072&filters=&_routes=routes%2Ffeatures
Retrieving data for 4756073
Request error for 4756073: 502 Server Error: Bad Gateway for url: https://bomen.amsterdam.nl/features.data?type=tree&id=4756073&filters=&_routes=routes%2Ffeatures
Retrieving data for 4756074
Request error for 4756074: HTTPSConnectionPool(host='bomen.amsterdam.nl', port=443): Max retries exceeded with url: /features.data?type=tree&id=4756074&filters=&_routes=routes%2Ffeatures (Caused by ConnectTimeoutError(<urllib3.connection.HTTPSConnection object at 0x77e153922f30>, 'Connection to bomen.amsterdam.nl timed out. (connect timeout=10)'))
Retrieving data for 4756075
Request error for 4756075: HTTPSConnectionPool(host='bomen.amsterdam.nl', port=443): Max retries exceeded with url: /features.data?type=tree&id=4756075&filters=&_routes=routes%2Ffeatures (Caused by NameResolutionError("<urllib3.connection.HTTPSConnection object at 0x77e1539213d0>: Failed to resolve 'bomen.amsterdam.nl' ([Errno -3] Temporary failure in name resolution)"))
Retrieving data for 4756076
Request error for 4756076: HTTPSConnectionPool(host='bomen.amsterdam.nl', port=443): Max retries exceeded with url: /features.data?type=tree&id=4756076&filters=&_routes=routes%2Ffeatures (Caused by NameResolutionError("<urllib3.connection.HTTPSConnection object at 0x77e1539448c0>: Failed to resolve 'bomen.amsterdam.nl' ([Errno -3] Temporary failure in name resolution)"))
Retrieving data for 4756077
Request error for 4756077: HTTPSConnectionPool(host='bomen.amsterdam.nl', port=443): Max retries exceeded with url: /features.data?type=tree&id=4756077&filters=&_routes=routes%2Ffeatures (Caused by NameResolutionError("<urllib3.connection.HTTPSConnection object at 0x77e153944440>: Failed to resolve 'bomen.amsterdam.nl' ([Errno -3] Temporary failure in name resolution)"))
Retrieving data for 4756078
Request error for 4756078: HTTPSConnectionPool(host='bomen.amsterdam.nl', port=443): Max retries exceeded with url: /features.data?type=tree&id=4756078&filters=&_routes=routes%2Ffeatures (Caused by NameResolutionError("<urllib3.connection.HTTPSConnection object at 0x77e1539455b0>: Failed to resolve 'bomen.amsterdam.nl' ([Errno -3] Temporary failure in name resolution)"))
Retrieving data for 4756079
Request error for 4756079: HTTPSConnectionPool(host='bomen.amsterdam.nl', port=443): Max retries exceeded with url: /features.data?type=tree&id=4756079&filters=&_routes=routes%2Ffeatures (Caused by NameResolutionError("<urllib3.connection.HTTPSConnection object at 0x77e153921910>: Failed to resolve 'bomen.amsterdam.nl' ([Errno -3] Temporary failure in name resolution)"))
Retrieving data for 4756080
Request error for 4756080: HTTPSConnectionPool(host='bomen.amsterdam.nl', port=443): Read timed out. (read timeout=10)
Retrieving data for 4756081
Request error for 4756081: HTTPSConnectionPool(host='bomen.amsterdam.nl', port=443): Read timed out. (read timeout=10)
Retrieving data for 4756082
Request error for 4756082: 503 Server Error: Service Temporarily Unavailable for url: https://bomen.amsterdam.nl/features.data?type=tree&id=4756082&filters=&_routes=routes%2Ffeatures
Retrieving data for 4756083
Request error for 4756083: 503 Server Error: Service Temporarily Unavailable for url: https://bomen.amsterdam.nl/features.data?type=tree&id=4756083&filters=&_routes=routes%2Ffeatures
Retrieving data for 4756084
Request error for 4756084: 503 Server Error: Service Temporarily Unavailable for url: https://bomen.amsterdam.nl/features.data?type=tree&id=4756084&filters=&_routes=routes%2Ffeatures
Retrieving data for 4756085
Request error for 4756085: 503 Server Error: Service Temporarily Unavailable for url: https://bomen.amsterdam.nl/features.data?type=tree&id=4756085&filters=&_routes=routes%2Ffeatures
Retrieving data for 4756086
Request error for 4756086: 503 Server Error: Service Temporarily Unavailable for url: https://bomen.amsterdam.nl/features.data?type=tree&id=4756086&filters=&_routes=routes%2Ffeatures
Retrieving data for 4756087
Request error for 4756087: 503 Server Error: Service Temporarily Unavailable for url: https://bomen.amsterdam.nl/features.data?type=tree&id=4756087&filters=&_routes=routes%2Ffeatures
Retrieving data for 4756088
Request error for 4756088: HTTPSConnectionPool(host='bomen.amsterdam.nl', port=443): Max retries exceeded with url: /features.data?type=tree&id=4756088&filters=&_routes=routes%2Ffeatures (Caused by NameResolutionError("<urllib3.connection.HTTPSConnection object at 0x77e153944350>: Failed to resolve 'bomen.amsterdam.nl' ([Errno -3] Temporary failure in name resolution)"))
Retrieving data for 4756089
Request error for 4756089: HTTPSConnectionPool(host='bomen.amsterdam.nl', port=443): Max retries exceeded with url: /features.data?type=tree&id=4756089&filters=&_routes=routes%2Ffeatures (Caused by NameResolutionError("<urllib3.connection.HTTPSConnection object at 0x77e153945af0>: Failed to resolve 'bomen.amsterdam.nl' ([Errno -3] Temporary failure in name resolution)"))
Retrieving data for 4756090
Request error for 4756090: 503 Server Error: Service Temporarily Unavailable for url: https://bomen.amsterdam.nl/features.data?type=tree&id=4756090&filters=&_routes=routes%2Ffeatures
Retrieving data for 4756091
Request error for 4756091: 503 Server Error: Service Temporarily Unavailable for url: https://bomen.amsterdam.nl/features.data?type=tree&id=4756091&filters=&_routes=routes%2Ffeatures
Retrieving data for 4756092
Request error for 4756092: 503 Server Error: Service Temporarily Unavailable for url: https://bomen.amsterdam.nl/features.data?type=tree&id=4756092&filters=&_routes=routes%2Ffeatures
Retrieving data for 4756093
Request error for 4756093: 503 Server Error: Service Temporarily Unavailable for url: https://bomen.amsterdam.nl/features.data?type=tree&id=4756093&filters=&_routes=routes%2Ffeatures
Retrieving data for 4756094
Request error for 4756094: 502 Server Error: Bad Gateway for url: https://bomen.amsterdam.nl/features.data?type=tree&id=4756094&filters=&_routes=routes%2Ffeatures
Retrieving data for 4756095
Request error for 4756095: 502 Server Error: Bad Gateway for url: https://bomen.amsterdam.nl/features.data?type=tree&id=4756095&filters=&_routes=routes%2Ffeatures
Retrieving data for 4756096
Request error for 4756096: HTTPSConnectionPool(host='bomen.amsterdam.nl', port=443): Max retries exceeded with url: /features.data?type=tree&id=4756096&filters=&_routes=routes%2Ffeatures (Caused by NameResolutionError("<urllib3.connection.HTTPSConnection object at 0x77e153945d30>: Failed to resolve 'bomen.amsterdam.nl' ([Errno -3] Temporary failure in name resolution)"))
Retrieving data for 4756097
Request error for 4756097: HTTPSConnectionPool(host='bomen.amsterdam.nl', port=443): Max retries exceeded with url: /features.data?type=tree&id=4756097&filters=&_routes=routes%2Ffeatures (Caused by NameResolutionError("<urllib3.connection.HTTPSConnection object at 0x77e1539224e0>: Failed to resolve 'bomen.amsterdam.nl' ([Errno -3] Temporary failure in name resolution)"))
Retrieving data for 4756098
Request error for 4756098: HTTPSConnectionPool(host='bomen.amsterdam.nl', port=443): Max retries exceeded with url: /features.data?type=tree&id=4756098&filters=&_routes=routes%2Ffeatures (Caused by NameResolutionError("<urllib3.connection.HTTPSConnection object at 0x77e153921850>: Failed to resolve 'bomen.amsterdam.nl' ([Errno -3] Temporary failure in name resolution)"))
Retrieving data for 4756099
Request error for 4756099: HTTPSConnectionPool(host='bomen.amsterdam.nl', port=443): Read timed out. (read timeout=10)
Retrieving data for 4756100
Request error for 4756100: HTTPSConnectionPool(host='bomen.amsterdam.nl', port=443): Read timed out. (read timeout=10)
Retrieving data for 4756101
Request error for 4756101: 502 Server Error: Bad Gateway for url: https://bomen.amsterdam.nl/features.data?type=tree&id=4756101&filters=&_routes=routes%2Ffeatures
Retrieving data for 4756102
Request error for 4756102: 503 Server Error: Service Temporarily Unavailable for url: https://bomen.amsterdam.nl/features.data?type=tree&id=4756102&filters=&_routes=routes%2Ffeatures
Retrieving data for 4756103
Request error for 4756103: 503 Server Error: Service Temporarily Unavailable for url: https://bomen.amsterdam.nl/features.data?type=tree&id=4756103&filters=&_routes=routes%2Ffeatures
Retrieving data for 4756104
Request error for 4756104: 503 Server Error: Service Temporarily Unavailable for url: https://bomen.amsterdam.nl/features.data?type=tree&id=4756104&filters=&_routes=routes%2Ffeatures
Retrieving data for 4756105
Request error for 4756105: 503 Server Error: Service Temporarily Unavailable for url: https://bomen.amsterdam.nl/features.data?type=tree&id=4756105&filters=&_routes=routes%2Ffeatures
Retrieving data for 4756106
Request error for 4756106: HTTPSConnectionPool(host='bomen.amsterdam.nl', port=443): Max retries exceeded with url: /features.data?type=tree&id=4756106&filters=&_routes=routes%2Ffeatures (Caused by NameResolutionError("<urllib3.connection.HTTPSConnection object at 0x77e153945eb0>: Failed to resolve 'bomen.amsterdam.nl' ([Errno -3] Temporary failure in name resolution)"))
Retrieving data for 4756107
Request error for 4756107: HTTPSConnectionPool(host='bomen.amsterdam.nl', port=443): Max retries exceeded with url: /features.data?type=tree&id=4756107&filters=&_routes=routes%2Ffeatures (Caused by NameResolutionError("<urllib3.connection.HTTPSConnection object at 0x77e1539457c0>: Failed to resolve 'bomen.amsterdam.nl' ([Errno -3] Temporary failure in name resolution)"))
Retrieving data for 4756108
Request error for 4756108: HTTPSConnectionPool(host='bomen.amsterdam.nl', port=443): Max retries exceeded with url: /features.data?type=tree&id=4756108&filters=&_routes=routes%2Ffeatures (Caused by NameResolutionError("<urllib3.connection.HTTPSConnection object at 0x77e1544d4860>: Failed to resolve 'bomen.amsterdam.nl' ([Errno -3] Temporary failure in name resolution)"))
Retrieving data for 4756109
Request error for 4756109: HTTPSConnectionPool(host='bomen.amsterdam.nl', port=443): Max retries exceeded with url: /features.data?type=tree&id=4756109&filters=&_routes=routes%2Ffeatures (Caused by NameResolutionError("<urllib3.connection.HTTPSConnection object at 0x77e1539213a0>: Failed to resolve 'bomen.amsterdam.nl' ([Errno -3] Temporary failure in name resolution)"))
Retrieving data for 4756110
Request error for 4756110: 502 Server Error: Bad Gateway for url: https://bomen.amsterdam.nl/features.data?type=tree&id=4756110&filters=&_routes=routes%2Ffeatures
Retrieving data for 4756111
Request error for 4756111: 502 Server Error: Bad Gateway for url: https://bomen.amsterdam.nl/features.data?type=tree&id=4756111&filters=&_routes=routes%2Ffeatures
Retrieving data for 4756112
Request error for 4756112: 502 Server Error: Bad Gateway for url: https://bomen.amsterdam.nl/features.data?type=tree&id=4756112&filters=&_routes=routes%2Ffeatures
Retrieving data for 4756113
Request error for 4756113: 502 Server Error: Bad Gateway for url: https://bomen.amsterdam.nl/features.data?type=tree&id=4756113&filters=&_routes=routes%2Ffeatures
Retrieving data for 4756114
Request error for 4756114: HTTPSConnectionPool(host='bomen.amsterdam.nl', port=443): Max retries exceeded with url: /features.data?type=tree&id=4756114&filters=&_routes=routes%2Ffeatures (Caused by ConnectTimeoutError(<urllib3.connection.HTTPSConnection object at 0x77e153921610>, 'Connection to bomen.amsterdam.nl timed out. (connect timeout=10)'))
Retrieving data for 4756115
Request error for 4756115: HTTPSConnectionPool(host='bomen.amsterdam.nl', port=443): Max retries exceeded with url: /features.data?type=tree&id=4756115&filters=&_routes=routes%2Ffeatures (Caused by NameResolutionError("<urllib3.connection.HTTPSConnection object at 0x77e1539218b0>: Failed to resolve 'bomen.amsterdam.nl' ([Errno -3] Temporary failure in name resolution)"))
Retrieving data for 4756116
Request error for 4756116: HTTPSConnectionPool(host='bomen.amsterdam.nl', port=443): Max retries exceeded with url: /features.data?type=tree&id=4756116&filters=&_routes=routes%2Ffeatures (Caused by NameResolutionError("<urllib3.connection.HTTPSConnection object at 0x77e153944c50>: Failed to resolve 'bomen.amsterdam.nl' ([Errno -3] Temporary failure in name resolution)"))
Retrieving data for 4756117
Request error for 4756117: HTTPSConnectionPool(host='bomen.amsterdam.nl', port=443): Max retries exceeded with url: /features.data?type=tree&id=4756117&filters=&_routes=routes%2Ffeatures (Caused by NameResolutionError("<urllib3.connection.HTTPSConnection object at 0x77e1539450a0>: Failed to resolve 'bomen.amsterdam.nl' ([Errno -3] Temporary failure in name resolution)"))
Retrieving data for 4756118
Request error for 4756118: HTTPSConnectionPool(host='bomen.amsterdam.nl', port=443): Max retries exceeded with url: /features.data?type=tree&id=4756118&filters=&_routes=routes%2Ffeatures (Caused by NameResolutionError("<urllib3.connection.HTTPSConnection object at 0x77e153921fd0>: Failed to resolve 'bomen.amsterdam.nl' ([Errno -3] Temporary failure in name resolution)"))
Retrieving data for 4756119
Request error for 4756119: 502 Server Error: Bad Gateway for url: https://bomen.amsterdam.nl/features.data?type=tree&id=4756119&filters=&_routes=routes%2Ffeatures
Retrieving data for 4756120
Request error for 4756120: 502 Server Error: Bad Gateway for url: https://bomen.amsterdam.nl/features.data?type=tree&id=4756120&filters=&_routes=routes%2Ffeatures
Retrieving data for 4756121
Request error for 4756121: 502 Server Error: Bad Gateway for url: https://bomen.amsterdam.nl/features.data?type=tree&id=4756121&filters=&_routes=routes%2Ffeatures
Retrieving data for 4756122
Request error for 4756122: 502 Server Error: Bad Gateway for url: https://bomen.amsterdam.nl/features.data?type=tree&id=4756122&filters=&_routes=routes%2Ffeatures
Retrieving data for 4756123
Request error for 4756123: HTTPSConnectionPool(host='bomen.amsterdam.nl', port=443): Max retries exceeded with url: /features.data?type=tree&id=4756123&filters=&_routes=routes%2Ffeatures (Caused by NameResolutionError("<urllib3.connection.HTTPSConnection object at 0x77e153920da0>: Failed to resolve 'bomen.amsterdam.nl' ([Errno -3] Temporary failure in name resolution)"))
Retrieving data for 4756124
Request error for 4756124: 502 Server Error: Bad Gateway for url: https://bomen.amsterdam.nl/features.data?type=tree&id=4756124&filters=&_routes=routes%2Ffeatures
Retrieving data for 4756125
Request error for 4756125: HTTPSConnectionPool(host='bomen.amsterdam.nl', port=443): Max retries exceeded with url: /features.data?type=tree&id=4756125&filters=&_routes=routes%2Ffeatures (Caused by NameResolutionError("<urllib3.connection.HTTPSConnection object at 0x77e153921d60>: Failed to resolve 'bomen.amsterdam.nl' ([Errno -3] Temporary failure in name resolution)"))
Retrieving data for 4756126
Request error for 4756126: 502 Server Error: Bad Gateway for url: https://bomen.amsterdam.nl/features.data?type=tree&id=4756126&filters=&_routes=routes%2Ffeatures
Retrieving data for 4756127
Request error for 4756127: 502 Server Error: Bad Gateway for url: https://bomen.amsterdam.nl/features.data?type=tree&id=4756127&filters=&_routes=routes%2Ffeatures
Retrieving data for 4756128
Request error for 4756128: 502 Server Error: Bad Gateway for url: https://bomen.amsterdam.nl/features.data?type=tree&id=4756128&filters=&_routes=routes%2Ffeatures
Retrieving data for 4756129
Request error for 4756129: 502 Server Error: Bad Gateway for url: https://bomen.amsterdam.nl/features.data?type=tree&id=4756129&filters=&_routes=routes%2Ffeatures
Retrieving data for 4756130
Request error for 4756130: HTTPSConnectionPool(host='bomen.amsterdam.nl', port=443): Max retries exceeded with url: /features.data?type=tree&id=4756130&filters=&_routes=routes%2Ffeatures (Caused by NameResolutionError("<urllib3.connection.HTTPSConnection object at 0x77e1539204a0>: Failed to resolve 'bomen.amsterdam.nl' ([Errno -3] Temporary failure in name resolution)"))
Retrieving data for 4756131
Request error for 4756131: HTTPSConnectionPool(host='bomen.amsterdam.nl', port=443): Read timed out. (read timeout=10)
Retrieving data for 4756132
Request error for 4756132: HTTPSConnectionPool(host='bomen.amsterdam.nl', port=443): Read timed out. (read timeout=10)
Retrieving data for 4756133
Request error for 4756133: HTTPSConnectionPool(host='bomen.amsterdam.nl', port=443): Read timed out. (read timeout=10)
Retrieving data for 4756134
Request error for 4756134: 502 Server Error: Bad Gateway for url: https://bomen.amsterdam.nl/features.data?type=tree&id=4756134&filters=&_routes=routes%2Ffeatures
Retrieving data for 4756135
Request error for 4756135: 503 Server Error: Service Temporarily Unavailable for url: https://bomen.amsterdam.nl/features.data?type=tree&id=4756135&filters=&_routes=routes%2Ffeatures
Retrieving data for 4756136
Request error for 4756136: 503 Server Error: Service Temporarily Unavailable for url: https://bomen.amsterdam.nl/features.data?type=tree&id=4756136&filters=&_routes=routes%2Ffeatures
Retrieving data for 4756137
Request error for 4756137: 503 Server Error: Service Temporarily Unavailable for url: https://bomen.amsterdam.nl/features.data?type=tree&id=4756137&filters=&_routes=routes%2Ffeatures
Retrieving data for 4756138
Request error for 4756138: 503 Server Error: Service Temporarily Unavailable for url: https://bomen.amsterdam.nl/features.data?type=tree&id=4756138&filters=&_routes=routes%2Ffeatures
Retrieving data for 4756139
Request error for 4756139: 503 Server Error: Service Temporarily Unavailable for url: https://bomen.amsterdam.nl/features.data?type=tree&id=4756139&filters=&_routes=routes%2Ffeatures
Retrieving data for 4756140
Request error for 4756140: 503 Server Error: Service Temporarily Unavailable for url: https://bomen.amsterdam.nl/features.data?type=tree&id=4756140&filters=&_routes=routes%2Ffeatures
Retrieving data for 4756141
Request error for 4756141: 503 Server Error: Service Temporarily Unavailable for url: https://bomen.amsterdam.nl/features.data?type=tree&id=4756141&filters=&_routes=routes%2Ffeatures
Retrieving data for 4756142
Request error for 4756142: HTTPSConnectionPool(host='bomen.amsterdam.nl', port=443): Max retries exceeded with url: /features.data?type=tree&id=4756142&filters=&_routes=routes%2Ffeatures (Caused by ConnectTimeoutError(<urllib3.connection.HTTPSConnection object at 0x77e153923e00>, 'Connection to bomen.amsterdam.nl timed out. (connect timeout=10)'))
Retrieving data for 4756143
Request error for 4756143: HTTPSConnectionPool(host='bomen.amsterdam.nl', port=443): Max retries exceeded with url: /features.data?type=tree&id=4756143&filters=&_routes=routes%2Ffeatures (Caused by NameResolutionError("<urllib3.connection.HTTPSConnection object at 0x77e153922c60>: Failed to resolve 'bomen.amsterdam.nl' ([Errno -3] Temporary failure in name resolution)"))
Retrieving data for 4756144
Request error for 4756144: 503 Server Error: Service Temporarily Unavailable for url: https://bomen.amsterdam.nl/features.data?type=tree&id=4756144&filters=&_routes=routes%2Ffeatures
Retrieving data for 4756145
Request error for 4756145: 503 Server Error: Service Temporarily Unavailable for url: https://bomen.amsterdam.nl/features.data?type=tree&id=4756145&filters=&_routes=routes%2Ffeatures
Retrieving data for 4756146
Request error for 4756146: 502 Server Error: Bad Gateway for url: https://bomen.amsterdam.nl/features.data?type=tree&id=4756146&filters=&_routes=routes%2Ffeatures
Retrieving data for 4756147
Request error for 4756147: 502 Server Error: Bad Gateway for url: https://bomen.amsterdam.nl/features.data?type=tree&id=4756147&filters=&_routes=routes%2Ffeatures
Retrieving data for 4756148
Request error for 4756148: 502 Server Error: Bad Gateway for url: https://bomen.amsterdam.nl/features.data?type=tree&id=4756148&filters=&_routes=routes%2Ffeatures
Retrieving data for 4756149
Request error for 4756149: 502 Server Error: Bad Gateway for url: https://bomen.amsterdam.nl/features.data?type=tree&id=4756149&filters=&_routes=routes%2Ffeatures
Retrieving data for 4756150
Request error for 4756150: HTTPSConnectionPool(host='bomen.amsterdam.nl', port=443): Max retries exceeded with url: /features.data?type=tree&id=4756150&filters=&_routes=routes%2Ffeatures (Caused by ConnectTimeoutError(<urllib3.connection.HTTPSConnection object at 0x77e153923ec0>, 'Connection to bomen.amsterdam.nl timed out. (connect timeout=10)'))
Retrieving data for 4756151
Request error for 4756151: HTTPSConnectionPool(host='bomen.amsterdam.nl', port=443): Max retries exceeded with url: /features.data?type=tree&id=4756151&filters=&_routes=routes%2Ffeatures (Caused by NameResolutionError("<urllib3.connection.HTTPSConnection object at 0x77e1539446b0>: Failed to resolve 'bomen.amsterdam.nl' ([Errno -3] Temporary failure in name resolution)"))
Retrieving data for 4756152
Request error for 4756152: HTTPSConnectionPool(host='bomen.amsterdam.nl', port=443): Max retries exceeded with url: /features.data?type=tree&id=4756152&filters=&_routes=routes%2Ffeatures (Caused by NameResolutionError("<urllib3.connection.HTTPSConnection object at 0x77e153946180>: Failed to resolve 'bomen.amsterdam.nl' ([Errno -3] Temporary failure in name resolution)"))
Retrieving data for 4756153
Request error for 4756153: HTTPSConnectionPool(host='bomen.amsterdam.nl', port=443): Max retries exceeded with url: /features.data?type=tree&id=4756153&filters=&_routes=routes%2Ffeatures (Caused by ConnectTimeoutError(<urllib3.connection.HTTPSConnection object at 0x77e153946c60>, 'Connection to bomen.amsterdam.nl timed out. (connect timeout=10)'))
Retrieving data for 4756154
Request error for 4756154: HTTPSConnectionPool(host='bomen.amsterdam.nl', port=443): Max retries exceeded with url: /features.data?type=tree&id=4756154&filters=&_routes=routes%2Ffeatures (Caused by NameResolutionError("<urllib3.connection.HTTPSConnection object at 0x77e1539227e0>: Failed to resolve 'bomen.amsterdam.nl' ([Errno -3] Temporary failure in name resolution)"))
Retrieving data for 4756155
Request error for 4756155: 502 Server Error: Bad Gateway for url: https://bomen.amsterdam.nl/features.data?type=tree&id=4756155&filters=&_routes=routes%2Ffeatures
Retrieving data for 4756156
Request error for 4756156: 502 Server Error: Bad Gateway for url: https://bomen.amsterdam.nl/features.data?type=tree&id=4756156&filters=&_routes=routes%2Ffeatures
Retrieving data for 4756157
Request error for 4756157: 502 Server Error: Bad Gateway for url: https://bomen.amsterdam.nl/features.data?type=tree&id=4756157&filters=&_routes=routes%2Ffeatures
Retrieving data for 4756158
Request error for 4756158: HTTPSConnectionPool(host='bomen.amsterdam.nl', port=443): Max retries exceeded with url: /features.data?type=tree&id=4756158&filters=&_routes=routes%2Ffeatures (Caused by NameResolutionError("<urllib3.connection.HTTPSConnection object at 0x77e153923cb0>: Failed to resolve 'bomen.amsterdam.nl' ([Errno -3] Temporary failure in name resolution)"))
Retrieving data for 4756159
Request error for 4756159: 502 Server Error: Bad Gateway for url: https://bomen.amsterdam.nl/features.data?type=tree&id=4756159&filters=&_routes=routes%2Ffeatures
Retrieving data for 4756160
Request error for 4756160: HTTPSConnectionPool(host='bomen.amsterdam.nl', port=443): Max retries exceeded with url: /features.data?type=tree&id=4756160&filters=&_routes=routes%2Ffeatures (Caused by NameResolutionError("<urllib3.connection.HTTPSConnection object at 0x77e153c12570>: Failed to resolve 'bomen.amsterdam.nl' ([Errno -3] Temporary failure in name resolution)"))
Retrieving data for 4756161
Request error for 4756161: 502 Server Error: Bad Gateway for url: https://bomen.amsterdam.nl/features.data?type=tree&id=4756161&filters=&_routes=routes%2Ffeatures
Retrieving data for 4756162
Request error for 4756162: 502 Server Error: Bad Gateway for url: https://bomen.amsterdam.nl/features.data?type=tree&id=4756162&filters=&_routes=routes%2Ffeatures
Retrieving data for 4756163
Request error for 4756163: 502 Server Error: Bad Gateway for url: https://bomen.amsterdam.nl/features.data?type=tree&id=4756163&filters=&_routes=routes%2Ffeatures
Retrieving data for 4756164
Request error for 4756164: 502 Server Error: Bad Gateway for url: https://bomen.amsterdam.nl/features.data?type=tree&id=4756164&filters=&_routes=routes%2Ffeatures
Retrieving data for 4756165
Request error for 4756165: 502 Server Error: Bad Gateway for url: https://bomen.amsterdam.nl/features.data?type=tree&id=4756165&filters=&_routes=routes%2Ffeatures
Retrieving data for 4756166
Request error for 4756166: HTTPSConnectionPool(host='bomen.amsterdam.nl', port=443): Max retries exceeded with url: /features.data?type=tree&id=4756166&filters=&_routes=routes%2Ffeatures (Caused by ConnectTimeoutError(<urllib3.connection.HTTPSConnection object at 0x77e153944740>, 'Connection to bomen.amsterdam.nl timed out. (connect timeout=10)'))
Retrieving data for 4756167
Request error for 4756167: HTTPSConnectionPool(host='bomen.amsterdam.nl', port=443): Max retries exceeded with url: /features.data?type=tree&id=4756167&filters=&_routes=routes%2Ffeatures (Caused by NameResolutionError("<urllib3.connection.HTTPSConnection object at 0x77e153944110>: Failed to resolve 'bomen.amsterdam.nl' ([Errno -3] Temporary failure in name resolution)"))
Retrieving data for 4756168
Request error for 4756168: 502 Server Error: Bad Gateway for url: https://bomen.amsterdam.nl/features.data?type=tree&id=4756168&filters=&_routes=routes%2Ffeatures
Retrieving data for 4756169
Request error for 4756169: 502 Server Error: Bad Gateway for url: https://bomen.amsterdam.nl/features.data?type=tree&id=4756169&filters=&_routes=routes%2Ffeatures
Retrieving data for 4756170
Request error for 4756170: HTTPSConnectionPool(host='bomen.amsterdam.nl', port=443): Max retries exceeded with url: /features.data?type=tree&id=4756170&filters=&_routes=routes%2Ffeatures (Caused by NameResolutionError("<urllib3.connection.HTTPSConnection object at 0x77e153944e60>: Failed to resolve 'bomen.amsterdam.nl' ([Errno -3] Temporary failure in name resolution)"))
Retrieving data for 4756171
Request error for 4756171: HTTPSConnectionPool(host='bomen.amsterdam.nl', port=443): Read timed out. (read timeout=10)
Retrieving data for 4756172
Request error for 4756172: HTTPSConnectionPool(host='bomen.amsterdam.nl', port=443): Read timed out. (read timeout=10)
Retrieving data for 4756173
Request error for 4756173: HTTPSConnectionPool(host='bomen.amsterdam.nl', port=443): Read timed out. (read timeout=10)
Retrieving data for 4756174
Request error for 4756174: 503 Server Error: Service Temporarily Unavailable for url: https://bomen.amsterdam.nl/features.data?type=tree&id=4756174&filters=&_routes=routes%2Ffeatures
Retrieving data for 4756175
Request error for 4756175: 503 Server Error: Service Temporarily Unavailable for url: https://bomen.amsterdam.nl/features.data?type=tree&id=4756175&filters=&_routes=routes%2Ffeatures
Retrieving data for 4756176
Request error for 4756176: 503 Server Error: Service Temporarily Unavailable for url: https://bomen.amsterdam.nl/features.data?type=tree&id=4756176&filters=&_routes=routes%2Ffeatures
Retrieving data for 4756177
Request error for 4756177: 503 Server Error: Service Temporarily Unavailable for url: https://bomen.amsterdam.nl/features.data?type=tree&id=4756177&filters=&_routes=routes%2Ffeatures
Retrieving data for 4756178
Request error for 4756178: 503 Server Error: Service Temporarily Unavailable for url: https://bomen.amsterdam.nl/features.data?type=tree&id=4756178&filters=&_routes=routes%2Ffeatures
Retrieving data for 4756179
Request error for 4756179: 503 Server Error: Service Temporarily Unavailable for url: https://bomen.amsterdam.nl/features.data?type=tree&id=4756179&filters=&_routes=routes%2Ffeatures
Retrieving data for 4756180
Request error for 4756180: 503 Server Error: Service Temporarily Unavailable for url: https://bomen.amsterdam.nl/features.data?type=tree&id=4756180&filters=&_routes=routes%2Ffeatures
Retrieving data for 4756181
Request error for 4756181: 503 Server Error: Service Temporarily Unavailable for url: https://bomen.amsterdam.nl/features.data?type=tree&id=4756181&filters=&_routes=routes%2Ffeatures
Retrieving data for 4756182
Request error for 4756182: HTTPSConnectionPool(host='bomen.amsterdam.nl', port=443): Read timed out. (read timeout=10)
Retrieving data for 4756183
Request error for 4756183: HTTPSConnectionPool(host='bomen.amsterdam.nl', port=443): Max retries exceeded with url: /features.data?type=tree&id=4756183&filters=&_routes=routes%2Ffeatures (Caused by NameResolutionError("<urllib3.connection.HTTPSConnection object at 0x77e153944560>: Failed to resolve 'bomen.amsterdam.nl' ([Errno -3] Temporary failure in name resolution)"))
Retrieving data for 4756184
Request error for 4756184: HTTPSConnectionPool(host='bomen.amsterdam.nl', port=443): Max retries exceeded with url: /features.data?type=tree&id=4756184&filters=&_routes=routes%2Ffeatures (Caused by NameResolutionError("<urllib3.connection.HTTPSConnection object at 0x77e153944fb0>: Failed to resolve 'bomen.amsterdam.nl' ([Errno -3] Temporary failure in name resolution)"))
Retrieving data for 4756185
Request error for 4756185: 502 Server Error: Bad Gateway for url: https://bomen.amsterdam.nl/features.data?type=tree&id=4756185&filters=&_routes=routes%2Ffeatures
Retrieving data for 4756186
Request error for 4756186: 502 Server Error: Bad Gateway for url: https://bomen.amsterdam.nl/features.data?type=tree&id=4756186&filters=&_routes=routes%2Ffeatures
Retrieving data for 4756187
Request error for 4756187: 502 Server Error: Bad Gateway for url: https://bomen.amsterdam.nl/features.data?type=tree&id=4756187&filters=&_routes=routes%2Ffeatures
Retrieving data for 4756188
Request error for 4756188: 502 Server Error: Bad Gateway for url: https://bomen.amsterdam.nl/features.data?type=tree&id=4756188&filters=&_routes=routes%2Ffeatures
Retrieving data for 4756189
Request error for 4756189: 502 Server Error: Bad Gateway for url: https://bomen.amsterdam.nl/features.data?type=tree&id=4756189&filters=&_routes=routes%2Ffeatures
Retrieving data for 4756190
Request error for 4756190: 502 Server Error: Bad Gateway for url: https://bomen.amsterdam.nl/features.data?type=tree&id=4756190&filters=&_routes=routes%2Ffeatures
Retrieving data for 4756191
Request error for 4756191: HTTPSConnectionPool(host='bomen.amsterdam.nl', port=443): Max retries exceeded with url: /features.data?type=tree&id=4756191&filters=&_routes=routes%2Ffeatures (Caused by ConnectTimeoutError(<urllib3.connection.HTTPSConnection object at 0x77e153923290>, 'Connection to bomen.amsterdam.nl timed out. (connect timeout=10)'))
Retrieving data for 4756192
Request error for 4756192: 502 Server Error: Bad Gateway for url: https://bomen.amsterdam.nl/features.data?type=tree&id=4756192&filters=&_routes=routes%2Ffeatures
Retrieving data for 4756193
Request error for 4756193: 502 Server Error: Bad Gateway for url: https://bomen.amsterdam.nl/features.data?type=tree&id=4756193&filters=&_routes=routes%2Ffeatures
Retrieving data for 4756194
Request error for 4756194: 502 Server Error: Bad Gateway for url: https://bomen.amsterdam.nl/features.data?type=tree&id=4756194&filters=&_routes=routes%2Ffeatures
Retrieving data for 4756195
Request error for 4756195: HTTPSConnectionPool(host='bomen.amsterdam.nl', port=443): Max retries exceeded with url: /features.data?type=tree&id=4756195&filters=&_routes=routes%2Ffeatures (Caused by NameResolutionError("<urllib3.connection.HTTPSConnection object at 0x77e153922030>: Failed to resolve 'bomen.amsterdam.nl' ([Errno -3] Temporary failure in name resolution)"))
Retrieving data for 4756196
Request error for 4756196: HTTPSConnectionPool(host='bomen.amsterdam.nl', port=443): Max retries exceeded with url: /features.data?type=tree&id=4756196&filters=&_routes=routes%2Ffeatures (Caused by NameResolutionError("<urllib3.connection.HTTPSConnection object at 0x77e153c7a3c0>: Failed to resolve 'bomen.amsterdam.nl' ([Errno -3] Temporary failure in name resolution)"))
Retrieving data for 4756197
Request error for 4756197: HTTPSConnectionPool(host='bomen.amsterdam.nl', port=443): Max retries exceeded with url: /features.data?type=tree&id=4756197&filters=&_routes=routes%2Ffeatures (Caused by NameResolutionError("<urllib3.connection.HTTPSConnection object at 0x77e1539440e0>: Failed to resolve 'bomen.amsterdam.nl' ([Errno -3] Temporary failure in name resolution)"))
Retrieving data for 4756198
Request error for 4756198: HTTPSConnectionPool(host='bomen.amsterdam.nl', port=443): Max retries exceeded with url: /features.data?type=tree&id=4756198&filters=&_routes=routes%2Ffeatures (Caused by NameResolutionError("<urllib3.connection.HTTPSConnection object at 0x77e153946f60>: Failed to resolve 'bomen.amsterdam.nl' ([Errno -3] Temporary failure in name resolution)"))
Retrieving data for 4756199
Request error for 4756199: HTTPSConnectionPool(host='bomen.amsterdam.nl', port=443): Max retries exceeded with url: /features.data?type=tree&id=4756199&filters=&_routes=routes%2Ffeatures (Caused by NameResolutionError("<urllib3.connection.HTTPSConnection object at 0x77e1539479b0>: Failed to resolve 'bomen.amsterdam.nl' ([Errno -3] Temporary failure in name resolution)"))
Retrieving data for 4756200
Request error for 4756200: HTTPSConnectionPool(host='bomen.amsterdam.nl', port=443): Max retries exceeded with url: /features.data?type=tree&id=4756200&filters=&_routes=routes%2Ffeatures (Caused by NameResolutionError("<urllib3.connection.HTTPSConnection object at 0x77e1546e3770>: Failed to resolve 'bomen.amsterdam.nl' ([Errno -3] Temporary failure in name resolution)"))
Retrieving data for 4756201
Request error for 4756201: HTTPSConnectionPool(host='bomen.amsterdam.nl', port=443): Max retries exceeded with url: /features.data?type=tree&id=4756201&filters=&_routes=routes%2Ffeatures (Caused by NameResolutionError("<urllib3.connection.HTTPSConnection object at 0x77e1539220f0>: Failed to resolve 'bomen.amsterdam.nl' ([Errno -3] Temporary failure in name resolution)"))
Retrieving data for 4756202
Request error for 4756202: HTTPSConnectionPool(host='bomen.amsterdam.nl', port=443): Max retries exceeded with url: /features.data?type=tree&id=4756202&filters=&_routes=routes%2Ffeatures (Caused by NameResolutionError("<urllib3.connection.HTTPSConnection object at 0x77e153923d10>: Failed to resolve 'bomen.amsterdam.nl' ([Errno -3] Temporary failure in name resolution)"))
Retrieving data for 4756203
Request error for 4756203: HTTPSConnectionPool(host='bomen.amsterdam.nl', port=443): Max retries exceeded with url: /features.data?type=tree&id=4756203&filters=&_routes=routes%2Ffeatures (Caused by NameResolutionError("<urllib3.connection.HTTPSConnection object at 0x77e1539478f0>: Failed to resolve 'bomen.amsterdam.nl' ([Errno -3] Temporary failure in name resolution)"))
Retrieving data for 4756204
Request error for 4756204: HTTPSConnectionPool(host='bomen.amsterdam.nl', port=443): Max retries exceeded with url: /features.data?type=tree&id=4756204&filters=&_routes=routes%2Ffeatures (Caused by NameResolutionError("<urllib3.connection.HTTPSConnection object at 0x77e1539467e0>: Failed to resolve 'bomen.amsterdam.nl' ([Errno -3] Temporary failure in name resolution)"))
Retrieving data for 4756205
Request error for 4756205: HTTPSConnectionPool(host='bomen.amsterdam.nl', port=443): Max retries exceeded with url: /features.data?type=tree&id=4756205&filters=&_routes=routes%2Ffeatures (Caused by NameResolutionError("<urllib3.connection.HTTPSConnection object at 0x77e153945520>: Failed to resolve 'bomen.amsterdam.nl' ([Errno -3] Temporary failure in name resolution)"))
Retrieving data for 4756206
Request error for 4756206: HTTPSConnectionPool(host='bomen.amsterdam.nl', port=443): Read timed out. (read timeout=10)
Retrieving data for 4756207
Request error for 4756207: HTTPSConnectionPool(host='bomen.amsterdam.nl', port=443): Read timed out. (read timeout=10)
Retrieving data for 4756208
Request error for 4756208: HTTPSConnectionPool(host='bomen.amsterdam.nl', port=443): Read timed out. (read timeout=10)
Retrieving data for 4756209
Request error for 4756209: 502 Server Error: Bad Gateway for url: https://bomen.amsterdam.nl/features.data?type=tree&id=4756209&filters=&_routes=routes%2Ffeatures
Retrieving data for 4756210
Request error for 4756210: 503 Server Error: Service Temporarily Unavailable for url: https://bomen.amsterdam.nl/features.data?type=tree&id=4756210&filters=&_routes=routes%2Ffeatures
Retrieving data for 4756211
Request error for 4756211: 503 Server Error: Service Temporarily Unavailable for url: https://bomen.amsterdam.nl/features.data?type=tree&id=4756211&filters=&_routes=routes%2Ffeatures
Retrieving data for 4756212
Request error for 4756212: 503 Server Error: Service Temporarily Unavailable for url: https://bomen.amsterdam.nl/features.data?type=tree&id=4756212&filters=&_routes=routes%2Ffeatures
Retrieving data for 4756213
Request error for 4756213: 503 Server Error: Service Temporarily Unavailable for url: https://bomen.amsterdam.nl/features.data?type=tree&id=4756213&filters=&_routes=routes%2Ffeatures
Retrieving data for 4756214
Request error for 4756214: 503 Server Error: Service Temporarily Unavailable for url: https://bomen.amsterdam.nl/features.data?type=tree&id=4756214&filters=&_routes=routes%2Ffeatures
Retrieving data for 4756215
Request error for 4756215: HTTPSConnectionPool(host='bomen.amsterdam.nl', port=443): Max retries exceeded with url: /features.data?type=tree&id=4756215&filters=&_routes=routes%2Ffeatures (Caused by ConnectTimeoutError(<urllib3.connection.HTTPSConnection object at 0x77e153923a40>, 'Connection to bomen.amsterdam.nl timed out. (connect timeout=10)'))
Retrieving data for 4756216
Request error for 4756216: HTTPSConnectionPool(host='bomen.amsterdam.nl', port=443): Max retries exceeded with url: /features.data?type=tree&id=4756216&filters=&_routes=routes%2Ffeatures (Caused by NameResolutionError("<urllib3.connection.HTTPSConnection object at 0x77e153947110>: Failed to resolve 'bomen.amsterdam.nl' ([Errno -3] Temporary failure in name resolution)"))
Retrieving data for 4756217
Request error for 4756217: HTTPSConnectionPool(host='bomen.amsterdam.nl', port=443): Max retries exceeded with url: /features.data?type=tree&id=4756217&filters=&_routes=routes%2Ffeatures (Caused by NameResolutionError("<urllib3.connection.HTTPSConnection object at 0x77e1539478f0>: Failed to resolve 'bomen.amsterdam.nl' ([Errno -3] Temporary failure in name resolution)"))
Retrieving data for 4756218
Request error for 4756218: 503 Server Error: Service Temporarily Unavailable for url: https://bomen.amsterdam.nl/features.data?type=tree&id=4756218&filters=&_routes=routes%2Ffeatures
Retrieving data for 4756219
Request error for 4756219: 503 Server Error: Service Temporarily Unavailable for url: https://bomen.amsterdam.nl/features.data?type=tree&id=4756219&filters=&_routes=routes%2Ffeatures
Retrieving data for 4756220
Request error for 4756220: 503 Server Error: Service Temporarily Unavailable for url: https://bomen.amsterdam.nl/features.data?type=tree&id=4756220&filters=&_routes=routes%2Ffeatures
Retrieving data for 4756221
Request error for 4756221: 502 Server Error: Bad Gateway for url: https://bomen.amsterdam.nl/features.data?type=tree&id=4756221&filters=&_routes=routes%2Ffeatures
Retrieving data for 4756222
Request error for 4756222: HTTPSConnectionPool(host='bomen.amsterdam.nl', port=443): Max retries exceeded with url: /features.data?type=tree&id=4756222&filters=&_routes=routes%2Ffeatures (Caused by NameResolutionError("<urllib3.connection.HTTPSConnection object at 0x77e153921af0>: Failed to resolve 'bomen.amsterdam.nl' ([Errno -3] Temporary failure in name resolution)"))
Retrieving data for 4756223
Request error for 4756223: 502 Server Error: Bad Gateway for url: https://bomen.amsterdam.nl/features.data?type=tree&id=4756223&filters=&_routes=routes%2Ffeatures
Retrieving data for 4756224
Request error for 4756224: 502 Server Error: Bad Gateway for url: https://bomen.amsterdam.nl/features.data?type=tree&id=4756224&filters=&_routes=routes%2Ffeatures
Retrieving data for 4756225
Request error for 4756225: 502 Server Error: Bad Gateway for url: https://bomen.amsterdam.nl/features.data?type=tree&id=4756225&filters=&_routes=routes%2Ffeatures
Retrieving data for 4756226
Request error for 4756226: HTTPSConnectionPool(host='bomen.amsterdam.nl', port=443): Max retries exceeded with url: /features.data?type=tree&id=4756226&filters=&_routes=routes%2Ffeatures (Caused by NameResolutionError("<urllib3.connection.HTTPSConnection object at 0x77e153922db0>: Failed to resolve 'bomen.amsterdam.nl' ([Errno -3] Temporary failure in name resolution)"))
Retrieving data for 4756227
Request error for 4756227: HTTPSConnectionPool(host='bomen.amsterdam.nl', port=443): Max retries exceeded with url: /features.data?type=tree&id=4756227&filters=&_routes=routes%2Ffeatures (Caused by NameResolutionError("<urllib3.connection.HTTPSConnection object at 0x77e153920620>: Failed to resolve 'bomen.amsterdam.nl' ([Errno -3] Temporary failure in name resolution)"))
Retrieving data for 4756228
Request error for 4756228: 502 Server Error: Bad Gateway for url: https://bomen.amsterdam.nl/features.data?type=tree&id=4756228&filters=&_routes=routes%2Ffeatures
Retrieving data for 4756229
Request error for 4756229: HTTPSConnectionPool(host='bomen.amsterdam.nl', port=443): Max retries exceeded with url: /features.data?type=tree&id=4756229&filters=&_routes=routes%2Ffeatures (Caused by NameResolutionError("<urllib3.connection.HTTPSConnection object at 0x77e153947320>: Failed to resolve 'bomen.amsterdam.nl' ([Errno -3] Temporary failure in name resolution)"))
Retrieving data for 4756230
Request error for 4756230: 502 Server Error: Bad Gateway for url: https://bomen.amsterdam.nl/features.data?type=tree&id=4756230&filters=&_routes=routes%2Ffeatures
Retrieving data for 4756231
Request error for 4756231: 502 Server Error: Bad Gateway for url: https://bomen.amsterdam.nl/features.data?type=tree&id=4756231&filters=&_routes=routes%2Ffeatures
Retrieving data for 4756232
Request error for 4756232: 502 Server Error: Bad Gateway for url: https://bomen.amsterdam.nl/features.data?type=tree&id=4756232&filters=&_routes=routes%2Ffeatures
Retrieving data for 4756233
Request error for 4756233: 502 Server Error: Bad Gateway for url: https://bomen.amsterdam.nl/features.data?type=tree&id=4756233&filters=&_routes=routes%2Ffeatures
Retrieving data for 4756234
Request error for 4756234: 502 Server Error: Bad Gateway for url: https://bomen.amsterdam.nl/features.data?type=tree&id=4756234&filters=&_routes=routes%2Ffeatures
Retrieving data for 4756235
Request error for 4756235: 502 Server Error: Bad Gateway for url: https://bomen.amsterdam.nl/features.data?type=tree&id=4756235&filters=&_routes=routes%2Ffeatures
Retrieving data for 4756236
Request error for 4756236: 502 Server Error: Bad Gateway for url: https://bomen.amsterdam.nl/features.data?type=tree&id=4756236&filters=&_routes=routes%2Ffeatures
Retrieving data for 4756237
Request error for 4756237: HTTPSConnectionPool(host='bomen.amsterdam.nl', port=443): Max retries exceeded with url: /features.data?type=tree&id=4756237&filters=&_routes=routes%2Ffeatures (Caused by ConnectTimeoutError(<urllib3.connection.HTTPSConnection object at 0x77e153946000>, 'Connection to bomen.amsterdam.nl timed out. (connect timeout=10)'))
Retrieving data for 4756238
Request error for 4756238: HTTPSConnectionPool(host='bomen.amsterdam.nl', port=443): Max retries exceeded with url: /features.data?type=tree&id=4756238&filters=&_routes=routes%2Ffeatures (Caused by NameResolutionError("<urllib3.connection.HTTPSConnection object at 0x77e153944740>: Failed to resolve 'bomen.amsterdam.nl' ([Errno -3] Temporary failure in name resolution)"))
Retrieving data for 4756239
Request error for 4756239: 502 Server Error: Bad Gateway for url: https://bomen.amsterdam.nl/features.data?type=tree&id=4756239&filters=&_routes=routes%2Ffeatures
Retrieving data for 4756240
Request error for 4756240: 502 Server Error: Bad Gateway for url: https://bomen.amsterdam.nl/features.data?type=tree&id=4756240&filters=&_routes=routes%2Ffeatures
Retrieving data for 4756241
Request error for 4756241: 502 Server Error: Bad Gateway for url: https://bomen.amsterdam.nl/features.data?type=tree&id=4756241&filters=&_routes=routes%2Ffeatures
Retrieving data for 4756242
Request error for 4756242: 502 Server Error: Bad Gateway for url: https://bomen.amsterdam.nl/features.data?type=tree&id=4756242&filters=&_routes=routes%2Ffeatures
Retrieving data for 4756243
Request error for 4756243: HTTPSConnectionPool(host='bomen.amsterdam.nl', port=443): Max retries exceeded with url: /features.data?type=tree&id=4756243&filters=&_routes=routes%2Ffeatures (Caused by NameResolutionError("<urllib3.connection.HTTPSConnection object at 0x77e153920500>: Failed to resolve 'bomen.amsterdam.nl' ([Errno -3] Temporary failure in name resolution)"))
Retrieving data for 4756244
Request error for 4756244: HTTPSConnectionPool(host='bomen.amsterdam.nl', port=443): Read timed out. (read timeout=10)
Retrieving data for 4756245
Request error for 4756245: HTTPSConnectionPool(host='bomen.amsterdam.nl', port=443): Read timed out. (read timeout=10)
Retrieving data for 4756246
Request error for 4756246: 502 Server Error: Bad Gateway for url: https://bomen.amsterdam.nl/features.data?type=tree&id=4756246&filters=&_routes=routes%2Ffeatures
Retrieving data for 4756247
Request error for 4756247: HTTPSConnectionPool(host='bomen.amsterdam.nl', port=443): Read timed out. (read timeout=10)
Retrieving data for 4756248
Request error for 4756248: HTTPSConnectionPool(host='bomen.amsterdam.nl', port=443): Read timed out. (read timeout=10)
Retrieving data for 4756249
Request error for 4756249: HTTPSConnectionPool(host='bomen.amsterdam.nl', port=443): Read timed out. (read timeout=10)
Retrieving data for 4756250
Request error for 4756250: 503 Server Error: Service Temporarily Unavailable for url: https://bomen.amsterdam.nl/features.data?type=tree&id=4756250&filters=&_routes=routes%2Ffeatures
Retrieving data for 4756251
Request error for 4756251: 503 Server Error: Service Temporarily Unavailable for url: https://bomen.amsterdam.nl/features.data?type=tree&id=4756251&filters=&_routes=routes%2Ffeatures
Retrieving data for 4756252
Request error for 4756252: 503 Server Error: Service Temporarily Unavailable for url: https://bomen.amsterdam.nl/features.data?type=tree&id=4756252&filters=&_routes=routes%2Ffeatures
Retrieving data for 4756253
Request error for 4756253: 503 Server Error: Service Temporarily Unavailable for url: https://bomen.amsterdam.nl/features.data?type=tree&id=4756253&filters=&_routes=routes%2Ffeatures
Retrieving data for 4756254
Request error for 4756254: 502 Server Error: Bad Gateway for url: https://bomen.amsterdam.nl/features.data?type=tree&id=4756254&filters=&_routes=routes%2Ffeatures
Retrieving data for 4756255
Request error for 4756255: HTTPSConnectionPool(host='bomen.amsterdam.nl', port=443): Read timed out. (read timeout=10)
Retrieving data for 4756256
Request error for 4756256: HTTPSConnectionPool(host='bomen.amsterdam.nl', port=443): Read timed out. (read timeout=10)
Retrieving data for 4756257
Request error for 4756257: HTTPSConnectionPool(host='bomen.amsterdam.nl', port=443): Read timed out. (read timeout=10)
Retrieving data for 4756258
Request error for 4756258: HTTPSConnectionPool(host='bomen.amsterdam.nl', port=443): Read timed out. (read timeout=10)
Retrieving data for 4756259
Request error for 4756259: 502 Server Error: Bad Gateway for url: https://bomen.amsterdam.nl/features.data?type=tree&id=4756259&filters=&_routes=routes%2Ffeatures
Retrieving data for 4756260
Request error for 4756260: 503 Server Error: Service Temporarily Unavailable for url: https://bomen.amsterdam.nl/features.data?type=tree&id=4756260&filters=&_routes=routes%2Ffeatures
Retrieving data for 4756261
Request error for 4756261: 502 Server Error: Bad Gateway for url: https://bomen.amsterdam.nl/features.data?type=tree&id=4756261&filters=&_routes=routes%2Ffeatures
Retrieving data for 4756262
Request error for 4756262: 502 Server Error: Bad Gateway for url: https://bomen.amsterdam.nl/features.data?type=tree&id=4756262&filters=&_routes=routes%2Ffeatures
Retrieving data for 4756263
Request error for 4756263: 502 Server Error: Bad Gateway for url: https://bomen.amsterdam.nl/features.data?type=tree&id=4756263&filters=&_routes=routes%2Ffeatures
Retrieving data for 4756264
Request error for 4756264: HTTPSConnectionPool(host='bomen.amsterdam.nl', port=443): Max retries exceeded with url: /features.data?type=tree&id=4756264&filters=&_routes=routes%2Ffeatures (Caused by ConnectTimeoutError(<urllib3.connection.HTTPSConnection object at 0x77e153944380>, 'Connection to bomen.amsterdam.nl timed out. (connect timeout=10)'))
Retrieving data for 4756265
Request error for 4756265: HTTPSConnectionPool(host='bomen.amsterdam.nl', port=443): Max retries exceeded with url: /features.data?type=tree&id=4756265&filters=&_routes=routes%2Ffeatures (Caused by NameResolutionError("<urllib3.connection.HTTPSConnection object at 0x77e1539226c0>: Failed to resolve 'bomen.amsterdam.nl' ([Errno -3] Temporary failure in name resolution)"))
Retrieving data for 4756266
Request error for 4756266: HTTPSConnectionPool(host='bomen.amsterdam.nl', port=443): Read timed out. (read timeout=10)
Retrieving data for 4756267
Request error for 4756267: HTTPSConnectionPool(host='bomen.amsterdam.nl', port=443): Read timed out. (read timeout=10)
Retrieving data for 4756268
Request error for 4756268: HTTPSConnectionPool(host='bomen.amsterdam.nl', port=443): Read timed out. (read timeout=10)
Retrieving data for 4756269
Request error for 4756269: HTTPSConnectionPool(host='bomen.amsterdam.nl', port=443): Max retries exceeded with url: /features.data?type=tree&id=4756269&filters=&_routes=routes%2Ffeatures (Caused by NameResolutionError("<urllib3.connection.HTTPSConnection object at 0x77e1539478f0>: Failed to resolve 'bomen.amsterdam.nl' ([Errno -3] Temporary failure in name resolution)"))
Retrieving data for 4756270
Request error for 4756270: 503 Server Error: Service Temporarily Unavailable for url: https://bomen.amsterdam.nl/features.data?type=tree&id=4756270&filters=&_routes=routes%2Ffeatures
Retrieving data for 4756271
Request error for 4756271: 503 Server Error: Service Temporarily Unavailable for url: https://bomen.amsterdam.nl/features.data?type=tree&id=4756271&filters=&_routes=routes%2Ffeatures
Retrieving data for 4756272
Request error for 4756272: 503 Server Error: Service Temporarily Unavailable for url: https://bomen.amsterdam.nl/features.data?type=tree&id=4756272&filters=&_routes=routes%2Ffeatures
Retrieving data for 4756273
Request error for 4756273: 503 Server Error: Service Temporarily Unavailable for url: https://bomen.amsterdam.nl/features.data?type=tree&id=4756273&filters=&_routes=routes%2Ffeatures
Retrieving data for 4756274
Request error for 4756274: HTTPSConnectionPool(host='bomen.amsterdam.nl', port=443): Read timed out. (read timeout=10)
Retrieving data for 4756275
Request error for 4756275: HTTPSConnectionPool(host='bomen.amsterdam.nl', port=443): Read timed out. (read timeout=10)
Retrieving data for 4756276
Request error for 4756276: HTTPSConnectionPool(host='bomen.amsterdam.nl', port=443): Read timed out. (read timeout=10)
Retrieving data for 4756277
Request error for 4756277: 502 Server Error: Bad Gateway for url: https://bomen.amsterdam.nl/features.data?type=tree&id=4756277&filters=&_routes=routes%2Ffeatures
Retrieving data for 4756278
Request error for 4756278: 503 Server Error: Service Temporarily Unavailable for url: https://bomen.amsterdam.nl/features.data?type=tree&id=4756278&filters=&_routes=routes%2Ffeatures
Retrieving data for 4756279
Request error for 4756279: HTTPSConnectionPool(host='bomen.amsterdam.nl', port=443): Max retries exceeded with url: /features.data?type=tree&id=4756279&filters=&_routes=routes%2Ffeatures (Caused by NameResolutionError("<urllib3.connection.HTTPSConnection object at 0x77e153947bc0>: Failed to resolve 'bomen.amsterdam.nl' ([Errno -3] Temporary failure in name resolution)"))
Retrieving data for 4756280
Request error for 4756280: 502 Server Error: Bad Gateway for url: https://bomen.amsterdam.nl/features.data?type=tree&id=4756280&filters=&_routes=routes%2Ffeatures
Retrieving data for 4756281
Request error for 4756281: 502 Server Error: Bad Gateway for url: https://bomen.amsterdam.nl/features.data?type=tree&id=4756281&filters=&_routes=routes%2Ffeatures
Retrieving data for 4756282
Request error for 4756282: 502 Server Error: Bad Gateway for url: https://bomen.amsterdam.nl/features.data?type=tree&id=4756282&filters=&_routes=routes%2Ffeatures
Retrieving data for 4756283
Request error for 4756283: HTTPSConnectionPool(host='bomen.amsterdam.nl', port=443): Max retries exceeded with url: /features.data?type=tree&id=4756283&filters=&_routes=routes%2Ffeatures (Caused by NameResolutionError("<urllib3.connection.HTTPSConnection object at 0x77e153945a90>: Failed to resolve 'bomen.amsterdam.nl' ([Errno -3] Temporary failure in name resolution)"))
Retrieving data for 4756284
Request error for 4756284: HTTPSConnectionPool(host='bomen.amsterdam.nl', port=443): Max retries exceeded with url: /features.data?type=tree&id=4756284&filters=&_routes=routes%2Ffeatures (Caused by NameResolutionError("<urllib3.connection.HTTPSConnection object at 0x77e153944bf0>: Failed to resolve 'bomen.amsterdam.nl' ([Errno -3] Temporary failure in name resolution)"))
Retrieving data for 4756285
Request error for 4756285: 502 Server Error: Bad Gateway for url: https://bomen.amsterdam.nl/features.data?type=tree&id=4756285&filters=&_routes=routes%2Ffeatures
Retrieving data for 4756286
Request error for 4756286: HTTPSConnectionPool(host='bomen.amsterdam.nl', port=443): Read timed out. (read timeout=10)
Retrieving data for 4756287
Request error for 4756287: HTTPSConnectionPool(host='bomen.amsterdam.nl', port=443): Read timed out. (read timeout=10)
Retrieving data for 4756288
Request error for 4756288: HTTPSConnectionPool(host='bomen.amsterdam.nl', port=443): Read timed out. (read timeout=10)
Retrieving data for 4756289
Request error for 4756289: HTTPSConnectionPool(host='bomen.amsterdam.nl', port=443): Max retries exceeded with url: /features.data?type=tree&id=4756289&filters=&_routes=routes%2Ffeatures (Caused by ConnectTimeoutError(<urllib3.connection.HTTPSConnection object at 0x77e153944770>, 'Connection to bomen.amsterdam.nl timed out. (connect timeout=10)'))
Retrieving data for 4756290
Request error for 4756290: 503 Server Error: Service Temporarily Unavailable for url: https://bomen.amsterdam.nl/features.data?type=tree&id=4756290&filters=&_routes=routes%2Ffeatures
Retrieving data for 4756291
Request error for 4756291: 503 Server Error: Service Temporarily Unavailable for url: https://bomen.amsterdam.nl/features.data?type=tree&id=4756291&filters=&_routes=routes%2Ffeatures
Retrieving data for 4756292
Request error for 4756292: 503 Server Error: Service Temporarily Unavailable for url: https://bomen.amsterdam.nl/features.data?type=tree&id=4756292&filters=&_routes=routes%2Ffeatures
Retrieving data for 4756293
Request error for 4756293: 503 Server Error: Service Temporarily Unavailable for url: https://bomen.amsterdam.nl/features.data?type=tree&id=4756293&filters=&_routes=routes%2Ffeatures
Retrieving data for 4756294
Request error for 4756294: 503 Server Error: Service Temporarily Unavailable for url: https://bomen.amsterdam.nl/features.data?type=tree&id=4756294&filters=&_routes=routes%2Ffeatures
Retrieving data for 4756295
Request error for 4756295: HTTPSConnectionPool(host='bomen.amsterdam.nl', port=443): Max retries exceeded with url: /features.data?type=tree&id=4756295&filters=&_routes=routes%2Ffeatures (Caused by NameResolutionError("<urllib3.connection.HTTPSConnection object at 0x77e153946c90>: Failed to resolve 'bomen.amsterdam.nl' ([Errno -3] Temporary failure in name resolution)"))
Retrieving data for 4756296
Request error for 4756296: HTTPSConnectionPool(host='bomen.amsterdam.nl', port=443): Max retries exceeded with url: /features.data?type=tree&id=4756296&filters=&_routes=routes%2Ffeatures (Caused by ConnectTimeoutError(<urllib3.connection.HTTPSConnection object at 0x77e153946c00>, 'Connection to bomen.amsterdam.nl timed out. (connect timeout=10)'))
Retrieving data for 4756297
Request error for 4756297: 503 Server Error: Service Temporarily Unavailable for url: https://bomen.amsterdam.nl/features.data?type=tree&id=4756297&filters=&_routes=routes%2Ffeatures
Retrieving data for 4756298
Request error for 4756298: 502 Server Error: Bad Gateway for url: https://bomen.amsterdam.nl/features.data?type=tree&id=4756298&filters=&_routes=routes%2Ffeatures
Retrieving data for 4756299
Request error for 4756299: 502 Server Error: Bad Gateway for url: https://bomen.amsterdam.nl/features.data?type=tree&id=4756299&filters=&_routes=routes%2Ffeatures
Retrieving data for 4756300
Request error for 4756300: 502 Server Error: Bad Gateway for url: https://bomen.amsterdam.nl/features.data?type=tree&id=4756300&filters=&_routes=routes%2Ffeatures
Retrieving data for 4756301
Request error for 4756301: 502 Server Error: Bad Gateway for url: https://bomen.amsterdam.nl/features.data?type=tree&id=4756301&filters=&_routes=routes%2Ffeatures
Retrieving data for 4756302
Request error for 4756302: 502 Server Error: Bad Gateway for url: https://bomen.amsterdam.nl/features.data?type=tree&id=4756302&filters=&_routes=routes%2Ffeatures
Retrieving data for 4756303
Request error for 4756303: 502 Server Error: Bad Gateway for url: https://bomen.amsterdam.nl/features.data?type=tree&id=4756303&filters=&_routes=routes%2Ffeatures
Retrieving data for 4756304
Request error for 4756304: 502 Server Error: Bad Gateway for url: https://bomen.amsterdam.nl/features.data?type=tree&id=4756304&filters=&_routes=routes%2Ffeatures
Retrieving data for 4756305
Request error for 4756305: 502 Server Error: Bad Gateway for url: https://bomen.amsterdam.nl/features.data?type=tree&id=4756305&filters=&_routes=routes%2Ffeatures
Retrieving data for 4756306
Request error for 4756306: 502 Server Error: Bad Gateway for url: https://bomen.amsterdam.nl/features.data?type=tree&id=4756306&filters=&_routes=routes%2Ffeatures
Retrieving data for 4756307
Request error for 4756307: HTTPSConnectionPool(host='bomen.amsterdam.nl', port=443): Max retries exceeded with url: /features.data?type=tree&id=4756307&filters=&_routes=routes%2Ffeatures (Caused by ConnectTimeoutError(<urllib3.connection.HTTPSConnection object at 0x77e153946210>, 'Connection to bomen.amsterdam.nl timed out. (connect timeout=10)'))
Retrieving data for 4756308
Request error for 4756308: HTTPSConnectionPool(host='bomen.amsterdam.nl', port=443): Max retries exceeded with url: /features.data?type=tree&id=4756308&filters=&_routes=routes%2Ffeatures (Caused by NameResolutionError("<urllib3.connection.HTTPSConnection object at 0x77e1539205c0>: Failed to resolve 'bomen.amsterdam.nl' ([Errno -3] Temporary failure in name resolution)"))
Retrieving data for 4756309
Request error for 4756309: HTTPSConnectionPool(host='bomen.amsterdam.nl', port=443): Max retries exceeded with url: /features.data?type=tree&id=4756309&filters=&_routes=routes%2Ffeatures (Caused by NameResolutionError("<urllib3.connection.HTTPSConnection object at 0x77e153922330>: Failed to resolve 'bomen.amsterdam.nl' ([Errno -3] Temporary failure in name resolution)"))
Retrieving data for 4756310
Request error for 4756310: HTTPSConnectionPool(host='bomen.amsterdam.nl', port=443): Max retries exceeded with url: /features.data?type=tree&id=4756310&filters=&_routes=routes%2Ffeatures (Caused by NameResolutionError("<urllib3.connection.HTTPSConnection object at 0x77e153923200>: Failed to resolve 'bomen.amsterdam.nl' ([Errno -3] Temporary failure in name resolution)"))
Retrieving data for 4756311
Request error for 4756311: HTTPSConnectionPool(host='bomen.amsterdam.nl', port=443): Max retries exceeded with url: /features.data?type=tree&id=4756311&filters=&_routes=routes%2Ffeatures (Caused by NameResolutionError("<urllib3.connection.HTTPSConnection object at 0x77e15468c5c0>: Failed to resolve 'bomen.amsterdam.nl' ([Errno -3] Temporary failure in name resolution)"))
Retrieving data for 4756312
Request error for 4756312: HTTPSConnectionPool(host='bomen.amsterdam.nl', port=443): Max retries exceeded with url: /features.data?type=tree&id=4756312&filters=&_routes=routes%2Ffeatures (Caused by NameResolutionError("<urllib3.connection.HTTPSConnection object at 0x77e15395ca10>: Failed to resolve 'bomen.amsterdam.nl' ([Errno -3] Temporary failure in name resolution)"))
Retrieving data for 4756313
Request error for 4756313: HTTPSConnectionPool(host='bomen.amsterdam.nl', port=443): Max retries exceeded with url: /features.data?type=tree&id=4756313&filters=&_routes=routes%2Ffeatures (Caused by NameResolutionError("<urllib3.connection.HTTPSConnection object at 0x77e153922300>: Failed to resolve 'bomen.amsterdam.nl' ([Errno -3] Temporary failure in name resolution)"))
Retrieving data for 4756314
Request error for 4756314: HTTPSConnectionPool(host='bomen.amsterdam.nl', port=443): Max retries exceeded with url: /features.data?type=tree&id=4756314&filters=&_routes=routes%2Ffeatures (Caused by NameResolutionError("<urllib3.connection.HTTPSConnection object at 0x77e1539225d0>: Failed to resolve 'bomen.amsterdam.nl' ([Errno -3] Temporary failure in name resolution)"))
Retrieving data for 4756315
Request error for 4756315: HTTPSConnectionPool(host='bomen.amsterdam.nl', port=443): Max retries exceeded with url: /features.data?type=tree&id=4756315&filters=&_routes=routes%2Ffeatures (Caused by NameResolutionError("<urllib3.connection.HTTPSConnection object at 0x77e1539215b0>: Failed to resolve 'bomen.amsterdam.nl' ([Errno -3] Temporary failure in name resolution)"))
Retrieving data for 4756316
Request error for 4756316: HTTPSConnectionPool(host='bomen.amsterdam.nl', port=443): Max retries exceeded with url: /features.data?type=tree&id=4756316&filters=&_routes=routes%2Ffeatures (Caused by NameResolutionError("<urllib3.connection.HTTPSConnection object at 0x77e153947290>: Failed to resolve 'bomen.amsterdam.nl' ([Errno -3] Temporary failure in name resolution)"))
Retrieving data for 4756317
Request error for 4756317: HTTPSConnectionPool(host='bomen.amsterdam.nl', port=443): Read timed out. (read timeout=10)
Retrieving data for 4756318
Request error for 4756318: HTTPSConnectionPool(host='bomen.amsterdam.nl', port=443): Read timed out. (read timeout=10)
Retrieving data for 4756319
Request error for 4756319: HTTPSConnectionPool(host='bomen.amsterdam.nl', port=443): Read timed out. (read timeout=10)
Retrieving data for 4756320
Request error for 4756320: HTTPSConnectionPool(host='bomen.amsterdam.nl', port=443): Read timed out. (read timeout=10)
Retrieving data for 4756321
Request error for 4756321: HTTPSConnectionPool(host='bomen.amsterdam.nl', port=443): Read timed out. (read timeout=10)
Retrieving data for 4756322
Request error for 4756322: 503 Server Error: Service Temporarily Unavailable for url: https://bomen.amsterdam.nl/features.data?type=tree&id=4756322&filters=&_routes=routes%2Ffeatures
Retrieving data for 4756323
Request error for 4756323: 503 Server Error: Service Temporarily Unavailable for url: https://bomen.amsterdam.nl/features.data?type=tree&id=4756323&filters=&_routes=routes%2Ffeatures
Retrieving data for 4756324
Request error for 4756324: 503 Server Error: Service Temporarily Unavailable for url: https://bomen.amsterdam.nl/features.data?type=tree&id=4756324&filters=&_routes=routes%2Ffeatures
Retrieving data for 4756325
Request error for 4756325: 503 Server Error: Service Temporarily Unavailable for url: https://bomen.amsterdam.nl/features.data?type=tree&id=4756325&filters=&_routes=routes%2Ffeatures
Retrieving data for 4756326
Request error for 4756326: 503 Server Error: Service Temporarily Unavailable for url: https://bomen.amsterdam.nl/features.data?type=tree&id=4756326&filters=&_routes=routes%2Ffeatures
Retrieving data for 4756327
Request error for 4756327: 503 Server Error: Service Temporarily Unavailable for url: https://bomen.amsterdam.nl/features.data?type=tree&id=4756327&filters=&_routes=routes%2Ffeatures
Retrieving data for 4756328
Request error for 4756328: 503 Server Error: Service Temporarily Unavailable for url: https://bomen.amsterdam.nl/features.data?type=tree&id=4756328&filters=&_routes=routes%2Ffeatures
Retrieving data for 4756329
Request error for 4756329: 503 Server Error: Service Temporarily Unavailable for url: https://bomen.amsterdam.nl/features.data?type=tree&id=4756329&filters=&_routes=routes%2Ffeatures
Retrieving data for 4756330
Request error for 4756330: 503 Server Error: Service Temporarily Unavailable for url: https://bomen.amsterdam.nl/features.data?type=tree&id=4756330&filters=&_routes=routes%2Ffeatures
Retrieving data for 4756331
Request error for 4756331: 503 Server Error: Service Temporarily Unavailable for url: https://bomen.amsterdam.nl/features.data?type=tree&id=4756331&filters=&_routes=routes%2Ffeatures
Retrieving data for 4756332
Request error for 4756332: 503 Server Error: Service Temporarily Unavailable for url: https://bomen.amsterdam.nl/features.data?type=tree&id=4756332&filters=&_routes=routes%2Ffeatures
Retrieving data for 4756333
Request error for 4756333: HTTPSConnectionPool(host='bomen.amsterdam.nl', port=443): Max retries exceeded with url: /features.data?type=tree&id=4756333&filters=&_routes=routes%2Ffeatures (Caused by NameResolutionError("<urllib3.connection.HTTPSConnection object at 0x77e153920e60>: Failed to resolve 'bomen.amsterdam.nl' ([Errno -3] Temporary failure in name resolution)"))
Retrieving data for 4756334
Request error for 4756334: HTTPSConnectionPool(host='bomen.amsterdam.nl', port=443): Max retries exceeded with url: /features.data?type=tree&id=4756334&filters=&_routes=routes%2Ffeatures (Caused by NameResolutionError("<urllib3.connection.HTTPSConnection object at 0x77e15395ce60>: Failed to resolve 'bomen.amsterdam.nl' ([Errno -3] Temporary failure in name resolution)"))
Retrieving data for 4756335
Request error for 4756335: HTTPSConnectionPool(host='bomen.amsterdam.nl', port=443): Max retries exceeded with url: /features.data?type=tree&id=4756335&filters=&_routes=routes%2Ffeatures (Caused by ConnectTimeoutError(<urllib3.connection.HTTPSConnection object at 0x77e15514f350>, 'Connection to bomen.amsterdam.nl timed out. (connect timeout=10)'))
Retrieving data for 4756336
Request error for 4756336: 502 Server Error: Bad Gateway for url: https://bomen.amsterdam.nl/features.data?type=tree&id=4756336&filters=&_routes=routes%2Ffeatures
Retrieving data for 4756337
Request error for 4756337: HTTPSConnectionPool(host='bomen.amsterdam.nl', port=443): Max retries exceeded with url: /features.data?type=tree&id=4756337&filters=&_routes=routes%2Ffeatures (Caused by NameResolutionError("<urllib3.connection.HTTPSConnection object at 0x77e153920680>: Failed to resolve 'bomen.amsterdam.nl' ([Errno -3] Temporary failure in name resolution)"))
Retrieving data for 4756338
Request error for 4756338: 502 Server Error: Bad Gateway for url: https://bomen.amsterdam.nl/features.data?type=tree&id=4756338&filters=&_routes=routes%2Ffeatures
Retrieving data for 4756339
Request error for 4756339: 502 Server Error: Bad Gateway for url: https://bomen.amsterdam.nl/features.data?type=tree&id=4756339&filters=&_routes=routes%2Ffeatures
Retrieving data for 4756340
Request error for 4756340: HTTPSConnectionPool(host='bomen.amsterdam.nl', port=443): Max retries exceeded with url: /features.data?type=tree&id=4756340&filters=&_routes=routes%2Ffeatures (Caused by NameResolutionError("<urllib3.connection.HTTPSConnection object at 0x77e153922ae0>: Failed to resolve 'bomen.amsterdam.nl' ([Errno -3] Temporary failure in name resolution)"))
Retrieving data for 4756341
Request error for 4756341: 502 Server Error: Bad Gateway for url: https://bomen.amsterdam.nl/features.data?type=tree&id=4756341&filters=&_routes=routes%2Ffeatures
Retrieving data for 4756342
Request error for 4756342: HTTPSConnectionPool(host='bomen.amsterdam.nl', port=443): Read timed out. (read timeout=10)
Retrieving data for 4756343
Request error for 4756343: 502 Server Error: Bad Gateway for url: https://bomen.amsterdam.nl/features.data?type=tree&id=4756343&filters=&_routes=routes%2Ffeatures
Retrieving data for 4756344
Request error for 4756344: HTTPSConnectionPool(host='bomen.amsterdam.nl', port=443): Max retries exceeded with url: /features.data?type=tree&id=4756344&filters=&_routes=routes%2Ffeatures (Caused by ConnectTimeoutError(<urllib3.connection.HTTPSConnection object at 0x77e153944620>, 'Connection to bomen.amsterdam.nl timed out. (connect timeout=10)'))
Retrieving data for 4756345
Request error for 4756345: HTTPSConnectionPool(host='bomen.amsterdam.nl', port=443): Max retries exceeded with url: /features.data?type=tree&id=4756345&filters=&_routes=routes%2Ffeatures (Caused by NameResolutionError("<urllib3.connection.HTTPSConnection object at 0x77e15395d730>: Failed to resolve 'bomen.amsterdam.nl' ([Errno -3] Temporary failure in name resolution)"))
Retrieving data for 4756346
Request error for 4756346: 502 Server Error: Bad Gateway for url: https://bomen.amsterdam.nl/features.data?type=tree&id=4756346&filters=&_routes=routes%2Ffeatures
Retrieving data for 4756347
Request error for 4756347: 502 Server Error: Bad Gateway for url: https://bomen.amsterdam.nl/features.data?type=tree&id=4756347&filters=&_routes=routes%2Ffeatures
Retrieving data for 4756348
Request error for 4756348: 502 Server Error: Bad Gateway for url: https://bomen.amsterdam.nl/features.data?type=tree&id=4756348&filters=&_routes=routes%2Ffeatures
Retrieving data for 4756349
Request error for 4756349: 502 Server Error: Bad Gateway for url: https://bomen.amsterdam.nl/features.data?type=tree&id=4756349&filters=&_routes=routes%2Ffeatures
Retrieving data for 4756350
Request error for 4756350: 502 Server Error: Bad Gateway for url: https://bomen.amsterdam.nl/features.data?type=tree&id=4756350&filters=&_routes=routes%2Ffeatures
Retrieving data for 4756351
Request error for 4756351: 502 Server Error: Bad Gateway for url: https://bomen.amsterdam.nl/features.data?type=tree&id=4756351&filters=&_routes=routes%2Ffeatures
Retrieving data for 4756352
eResolutionError("<urllib3.connection.HTTPSConnection object at 0x711b0f1add30>: Failed to resolve 'bomen.amsterdam.nl' ([Errno -3] Temporary failure in name resolution)"))
Retrieving data for 4756331
Request error for 4756331: HTTPSConnectionPool(host='bomen.amsterdam.nl', port=443): Max retries exceeded with url: /features.data?type=tree&id=4756331&filters=&_routes=routes%2Ffeatures (Caused by NameResolutionError("<urllib3.connection.HTTPSConnection object at 0x711b0f1ac9b0>: Failed to resolve 'bomen.amsterdam.nl' ([Errno -3] Temporary failure in name resolution)"))
Retrieving data for 4756332
Request error for 4756332: 503 Server Error: Service Temporarily Unavailable for url: https://bomen.amsterdam.nl/features.data?type=tree&id=4756332&filters=&_routes=routes%2Ffeatures
Retrieving data for 4756333
Request error for 4756333: 502 Server Error: Bad Gateway for url: https://bomen.amsterdam.nl/features.data?type=tree&id=4756333&filters=&_routes=routes%2Ffeatures
Retrieving data for 4756334
Request error for 4756334: HTTPSConnectionPool(host='bomen.amsterdam.nl', port=443): Max retries exceeded with url: /features.data?type=tree&id=4756334&filters=&_routes=routes%2Ffeatures (Caused by NameResolutionError("<urllib3.connection.HTTPSConnection object at 0x711b0f1aeab0>: Failed to resolve 'bomen.amsterdam.nl' ([Errno -3] Temporary failure in name resolution)"))
Retrieving data for 4756335
Request error for 4756335: 502 Server Error: Bad Gateway for url: https://bomen.amsterdam.nl/features.data?type=tree&id=4756335&filters=&_routes=routes%2Ffeatures
Retrieving data for 4756336
Request error for 4756336: 502 Server Error: Bad Gateway for url: https://bomen.amsterdam.nl/features.data?type=tree&id=4756336&filters=&_routes=routes%2Ffeatures
Retrieving data for 4756337
Request error for 4756337: HTTPSConnectionPool(host='bomen.amsterdam.nl', port=443): Max retries exceeded with url: /features.data?type=tree&id=4756337&filters=&_routes=routes%2Ffeatures (Caused by ConnectTimeoutError(<urllib3.connection.HTTPSConnection object at 0x711b0f193ef0>, 'Connection to bomen.amsterdam.nl timed out. (connect timeout=10)'))
Retrieving data for 4756338
Request error for 4756338: HTTPSConnectionPool(host='bomen.amsterdam.nl', port=443): Max retries exceeded with url: /features.data?type=tree&id=4756338&filters=&_routes=routes%2Ffeatures (Caused by NameResolutionError("<urllib3.connection.HTTPSConnection object at 0x711b0f193830>: Failed to resolve 'bomen.amsterdam.nl' ([Errno -3] Temporary failure in name resolution)"))
Retrieving data for 4756339
Request error for 4756339: HTTPSConnectionPool(host='bomen.amsterdam.nl', port=443): Max retries exceeded with url: /features.data?type=tree&id=4756339&filters=&_routes=routes%2Ffeatures (Caused by NameResolutionError("<urllib3.connection.HTTPSConnection object at 0x711b0fd90170>: Failed to resolve 'bomen.amsterdam.nl' ([Errno -3] Temporary failure in name resolution)"))
Retrieving data for 4756340
Request error for 4756340: HTTPSConnectionPool(host='bomen.amsterdam.nl', port=443): Max retries exceeded with url: /features.data?type=tree&id=4756340&filters=&_routes=routes%2Ffeatures (Caused by NameResolutionError("<urllib3.connection.HTTPSConnection object at 0x711b0f1ae5d0>: Failed to resolve 'bomen.amsterdam.nl' ([Errno -3] Temporary failure in name resolution)"))
Retrieving data for 4756341
Request error for 4756341: HTTPSConnectionPool(host='bomen.amsterdam.nl', port=443): Max retries exceeded with url: /features.data?type=tree&id=4756341&filters=&_routes=routes%2Ffeatures (Caused by NameResolutionError("<urllib3.connection.HTTPSConnection object at 0x711b0f1af3e0>: Failed to resolve 'bomen.amsterdam.nl' ([Errno -3] Temporary failure in name resolution)"))
Retrieving data for 4756342
Request error for 4756342: HTTPSConnectionPool(host='bomen.amsterdam.nl', port=443): Max retries exceeded with url: /features.data?type=tree&id=4756342&filters=&_routes=routes%2Ffeatures (Caused by NameResolutionError("<urllib3.connection.HTTPSConnection object at 0x711b0f1ae030>: Failed to resolve 'bomen.amsterdam.nl' ([Errno -3] Temporary failure in name resolution)"))
Retrieving data for 4756343
Request error for 4756343: HTTPSConnectionPool(host='bomen.amsterdam.nl', port=443): Max retries exceeded with url: /features.data?type=tree&id=4756343&filters=&_routes=routes%2Ffeatures (Caused by NameResolutionError("<urllib3.connection.HTTPSConnection object at 0x711b1099faa0>: Failed to resolve 'bomen.amsterdam.nl' ([Errno -3] Temporary failure in name resolution)"))
Retrieving data for 4756344
Request error for 4756344: HTTPSConnectionPool(host='bomen.amsterdam.nl', port=443): Max retries exceeded with url: /features.data?type=tree&id=4756344&filters=&_routes=routes%2Ffeatures (Caused by NameResolutionError("<urllib3.connection.HTTPSConnection object at 0x711b0f190320>: Failed to resolve 'bomen.amsterdam.nl' ([Errno -3] Temporary failure in name resolution)"))
Retrieving data for 4756345
Request error for 4756345: HTTPSConnectionPool(host='bomen.amsterdam.nl', port=443): Max retries exceeded with url: /features.data?type=tree&id=4756345&filters=&_routes=routes%2Ffeatures (Caused by NameResolutionError("<urllib3.connection.HTTPSConnection object at 0x711b0f191fa0>: Failed to resolve 'bomen.amsterdam.nl' ([Errno -3] Temporary failure in name resolution)"))
Retrieving data for 4756346
Request error for 4756346: HTTPSConnectionPool(host='bomen.amsterdam.nl', port=443): Max retries exceeded with url: /features.data?type=tree&id=4756346&filters=&_routes=routes%2Ffeatures (Caused by NameResolutionError("<urllib3.connection.HTTPSConnection object at 0x711b0f1aec60>: Failed to resolve 'bomen.amsterdam.nl' ([Errno -3] Temporary failure in name resolution)"))
Retrieving data for 4756347
Request error for 4756347: HTTPSConnectionPool(host='bomen.amsterdam.nl', port=443): Max retries exceeded with url: /features.data?type=tree&id=4756347&filters=&_routes=routes%2Ffeatures (Caused by NameResolutionError("<urllib3.connection.HTTPSConnection object at 0x711b0f1afd10>: Failed to resolve 'bomen.amsterdam.nl' ([Errno -3] Temporary failure in name resolution)"))
Retrieving data for 4756348
Request error for 4756348: HTTPSConnectionPool(host='bomen.amsterdam.nl', port=443): Read timed out. (read timeout=10)
Retrieving data for 4756349
Request error for 4756349: HTTPSConnectionPool(host='bomen.amsterdam.nl', port=443): Read timed out. (read timeout=10)
Retrieving data for 4756350
Request error for 4756350: HTTPSConnectionPool(host='bomen.amsterdam.nl', port=443): Read timed out. (read timeout=10)
Retrieving data for 4756351
Request error for 4756351: HTTPSConnectionPool(host='bomen.amsterdam.nl', port=443): Read timed out. (read timeout=10)
Retrieving data for 4756352
Request error for 4756352: 502 Server Error: Bad Gateway for url: https://bomen.amsterdam.nl/features.data?type=tree&id=4756352&filters=&_routes=routes%2Ffeatures
Retrieving data for 4756353
Request error for 4756353: 503 Server Error: Service Temporarily Unavailable for url: https://bomen.amsterdam.nl/features.data?type=tree&id=4756353&filters=&_routes=routes%2Ffeatures
Retrieving data for 4756354
Request error for 4756354: 503 Server Error: Service Temporarily Unavailable for url: https://bomen.amsterdam.nl/features.data?type=tree&id=4756354&filters=&_routes=routes%2Ffeatures
Retrieving data for 4756355
Request error for 4756355: 503 Server Error: Service Temporarily Unavailable for url: https://bomen.amsterdam.nl/features.data?type=tree&id=4756355&filters=&_routes=routes%2Ffeatures
Retrieving data for 4756356
Request error for 4756356: HTTPSConnectionPool(host='bomen.amsterdam.nl', port=443): Read timed out. (read timeout=10)
Retrieving data for 4756357
Request error for 4756357: ('Connection aborted.', ConnectionResetError(104, 'Connection reset by peer'))
Retrieving data for 4756358
