Loaded 0 existing IDs from amsterdam_trees.csv
Retrieving data for 3000000
Request error for 3000000: HTTPSConnectionPool(host='bomen.amsterdam.nl', port=443): Max retries exceeded with url: /features.data?type=tree&id=3000000&filters=&_routes=routes%2Ffeatures (Caused by NameResolutionError("<urllib3.connection.HTTPSConnection object at 0x71705ceebaa0>: Failed to resolve 'bomen.amsterdam.nl' ([Errno -3] Temporary failure in name resolution)"))
Retrieving data for 3000001
Request error for 3000001: HTTPSConnectionPool(host='bomen.amsterdam.nl', port=443): Max retries exceeded with url: /features.data?type=tree&id=3000001&filters=&_routes=routes%2Ffeatures (Caused by NameResolutionError("<urllib3.connection.HTTPSConnection object at 0x71705cb903b0>: Failed to resolve 'bomen.amsterdam.nl' ([Errno -3] Temporary failure in name resolution)"))
Retrieving data for 3000002
Request error for 3000002: HTTPSConnectionPool(host='bomen.amsterdam.nl', port=443): Max retries exceeded with url: /features.data?type=tree&id=3000002&filters=&_routes=routes%2Ffeatures (Caused by NameResolutionError("<urllib3.connection.HTTPSConnection object at 0x71705cb91640>: Failed to resolve 'bomen.amsterdam.nl' ([Errno -3] Temporary failure in name resolution)"))
Retrieving data for 3000003
Request error for 3000003: HTTPSConnectionPool(host='bomen.amsterdam.nl', port=443): Max retries exceeded with url: /features.data?type=tree&id=3000003&filters=&_routes=routes%2Ffeatures (Caused by NameResolutionError("<urllib3.connection.HTTPSConnection object at 0x71705cb91e20>: Failed to resolve 'bomen.amsterdam.nl' ([Errno -3] Temporary failure in name resolution)"))
Retrieving data for 3000004
Request error for 3000004: HTTPSConnectionPool(host='bomen.amsterdam.nl', port=443): Max retries exceeded with url: /features.data?type=tree&id=3000004&filters=&_routes=routes%2Ffeatures (Caused by NameResolutionError("<urllib3.connection.HTTPSConnection object at 0x71705cb92600>: Failed to resolve 'bomen.amsterdam.nl' ([Errno -3] Temporary failure in name resolution)"))
Retrieving data for 3000005
Request error for 3000005: HTTPSConnectionPool(host='bomen.amsterdam.nl', port=443): Max retries exceeded with url: /features.data?type=tree&id=3000005&filters=&_routes=routes%2Ffeatures (Caused by NameResolutionError("<urllib3.connection.HTTPSConnection object at 0x71705cb92de0>: Failed to resolve 'bomen.amsterdam.nl' ([Errno -3] Temporary failure in name resolution)"))
Retrieving data for 3000006
Request error for 3000006: HTTPSConnectionPool(host='bomen.amsterdam.nl', port=443): Max retries exceeded with url: /features.data?type=tree&id=3000006&filters=&_routes=routes%2Ffeatures (Caused by NameResolutionError("<urllib3.connection.HTTPSConnection object at 0x71705d6f29c0>: Failed to resolve 'bomen.amsterdam.nl' ([Errno -3] Temporary failure in name resolution)"))
Retrieving data for 3000007
Request error for 3000007: HTTPSConnectionPool(host='bomen.amsterdam.nl', port=443): Max retries exceeded with url: /features.data?type=tree&id=3000007&filters=&_routes=routes%2Ffeatures (Caused by NameResolutionError("<urllib3.connection.HTTPSConnection object at 0x71705cb922d0>: Failed to resolve 'bomen.amsterdam.nl' ([Errno -3] Temporary failure in name resolution)"))
Retrieving data for 3000008
Request error for 3000008: HTTPSConnectionPool(host='bomen.amsterdam.nl', port=443): Max retries exceeded with url: /features.data?type=tree&id=3000008&filters=&_routes=routes%2Ffeatures (Caused by NameResolutionError("<urllib3.connection.HTTPSConnection object at 0x71705cb91b80>: Failed to resolve 'bomen.amsterdam.nl' ([Errno -3] Temporary failure in name resolution)"))
Retrieving data for 3000009
Request error for 3000009: HTTPSConnectionPool(host='bomen.amsterdam.nl', port=443): Max retries exceeded with url: /features.data?type=tree&id=3000009&filters=&_routes=routes%2Ffeatures (Caused by NameResolutionError("<urllib3.connection.HTTPSConnection object at 0x71705cb914f0>: Failed to resolve 'bomen.amsterdam.nl' ([Errno -3] Temporary failure in name resolution)"))
Retrieving data for 3000010
Request error for 3000010: HTTPSConnectionPool(host='bomen.amsterdam.nl', port=443): Max retries exceeded with url: /features.data?type=tree&id=3000010&filters=&_routes=routes%2Ffeatures (Caused by NameResolutionError("<urllib3.connection.HTTPSConnection object at 0x71705cb93620>: Failed to resolve 'bomen.amsterdam.nl' ([Errno -3] Temporary failure in name resolution)"))
Retrieving data for 3000011
Request error for 3000011: HTTPSConnectionPool(host='bomen.amsterdam.nl', port=443): Max retries exceeded with url: /features.data?type=tree&id=3000011&filters=&_routes=routes%2Ffeatures (Caused by NameResolutionError("<urllib3.connection.HTTPSConnection object at 0x71705cb93f80>: Failed to resolve 'bomen.amsterdam.nl' ([Errno -3] Temporary failure in name resolution)"))
Retrieving data for 3000012
Request error for 3000012: HTTPSConnectionPool(host='bomen.amsterdam.nl', port=443): Max retries exceeded with url: /features.data?type=tree&id=3000012&filters=&_routes=routes%2Ffeatures (Caused by NameResolutionError("<urllib3.connection.HTTPSConnection object at 0x71705cb936b0>: Failed to resolve 'bomen.amsterdam.nl' ([Errno -3] Temporary failure in name resolution)"))
Retrieving data for 3000013
Request error for 3000013: HTTPSConnectionPool(host='bomen.amsterdam.nl', port=443): Max retries exceeded with url: /features.data?type=tree&id=3000013&filters=&_routes=routes%2Ffeatures (Caused by NameResolutionError("<urllib3.connection.HTTPSConnection object at 0x71705cb910a0>: Failed to resolve 'bomen.amsterdam.nl' ([Errno -3] Temporary failure in name resolution)"))
Retrieving data for 3000014
Request error for 3000014: HTTPSConnectionPool(host='bomen.amsterdam.nl', port=443): Max retries exceeded with url: /features.data?type=tree&id=3000014&filters=&_routes=routes%2Ffeatures (Caused by NameResolutionError("<urllib3.connection.HTTPSConnection object at 0x71705cb91460>: Failed to resolve 'bomen.amsterdam.nl' ([Errno -3] Temporary failure in name resolution)"))
Retrieving data for 3000015
Request error for 3000015: HTTPSConnectionPool(host='bomen.amsterdam.nl', port=443): Max retries exceeded with url: /features.data?type=tree&id=3000015&filters=&_routes=routes%2Ffeatures (Caused by NameResolutionError("<urllib3.connection.HTTPSConnection object at 0x71705cb917f0>: Failed to resolve 'bomen.amsterdam.nl' ([Errno -3] Temporary failure in name resolution)"))
Retrieving data for 3000016
Request error for 3000016: HTTPSConnectionPool(host='bomen.amsterdam.nl', port=443): Max retries exceeded with url: /features.data?type=tree&id=3000016&filters=&_routes=routes%2Ffeatures (Caused by NameResolutionError("<urllib3.connection.HTTPSConnection object at 0x71705cb92a80>: Failed to resolve 'bomen.amsterdam.nl' ([Errno -3] Temporary failure in name resolution)"))
Retrieving data for 3000017
Request error for 3000017: HTTPSConnectionPool(host='bomen.amsterdam.nl', port=443): Max retries exceeded with url: /features.data?type=tree&id=3000017&filters=&_routes=routes%2Ffeatures (Caused by NameResolutionError("<urllib3.connection.HTTPSConnection object at 0x71705cb93320>: Failed to resolve 'bomen.amsterdam.nl' ([Errno -3] Temporary failure in name resolution)"))
Retrieving data for 3000018
Request error for 3000018: HTTPSConnectionPool(host='bomen.amsterdam.nl', port=443): Max retries exceeded with url: /features.data?type=tree&id=3000018&filters=&_routes=routes%2Ffeatures (Caused by NameResolutionError("<urllib3.connection.HTTPSConnection object at 0x71705cbacf50>: Failed to resolve 'bomen.amsterdam.nl' ([Errno -3] Temporary failure in name resolution)"))
Retrieving data for 3000019
Request error for 3000019: HTTPSConnectionPool(host='bomen.amsterdam.nl', port=443): Max retries exceeded with url: /features.data?type=tree&id=3000019&filters=&_routes=routes%2Ffeatures (Caused by NameResolutionError("<urllib3.connection.HTTPSConnection object at 0x71705cb92db0>: Failed to resolve 'bomen.amsterdam.nl' ([Errno -3] Temporary failure in name resolution)"))
Retrieving data for 3000020
Request error for 3000020: HTTPSConnectionPool(host='bomen.amsterdam.nl', port=443): Max retries exceeded with url: /features.data?type=tree&id=3000020&filters=&_routes=routes%2Ffeatures (Caused by NameResolutionError("<urllib3.connection.HTTPSConnection object at 0x71705cb916a0>: Failed to resolve 'bomen.amsterdam.nl' ([Errno -3] Temporary failure in name resolution)"))
Retrieving data for 3000021
Request error for 3000021: HTTPSConnectionPool(host='bomen.amsterdam.nl', port=443): Max retries exceeded with url: /features.data?type=tree&id=3000021&filters=&_routes=routes%2Ffeatures (Caused by NameResolutionError("<urllib3.connection.HTTPSConnection object at 0x71705cb91280>: Failed to resolve 'bomen.amsterdam.nl' ([Errno -3] Temporary failure in name resolution)"))
Retrieving data for 3000022
Request error for 3000022: HTTPSConnectionPool(host='bomen.amsterdam.nl', port=443): Max retries exceeded with url: /features.data?type=tree&id=3000022&filters=&_routes=routes%2Ffeatures (Caused by NameResolutionError("<urllib3.connection.HTTPSConnection object at 0x71705cb93a10>: Failed to resolve 'bomen.amsterdam.nl' ([Errno -3] Temporary failure in name resolution)"))
Retrieving data for 3000023
Request error for 3000023: HTTPSConnectionPool(host='bomen.amsterdam.nl', port=443): Max retries exceeded with url: /features.data?type=tree&id=3000023&filters=&_routes=routes%2Ffeatures (Caused by NameResolutionError("<urllib3.connection.HTTPSConnection object at 0x71705cb936b0>: Failed to resolve 'bomen.amsterdam.nl' ([Errno -3] Temporary failure in name resolution)"))
Retrieving data for 3000024
Request error for 3000024: HTTPSConnectionPool(host='bomen.amsterdam.nl', port=443): Max retries exceeded with url: /features.data?type=tree&id=3000024&filters=&_routes=routes%2Ffeatures (Caused by NameResolutionError("<urllib3.connection.HTTPSConnection object at 0x71705cbad190>: Failed to resolve 'bomen.amsterdam.nl' ([Errno -3] Temporary failure in name resolution)"))
Retrieving data for 3000025
Request error for 3000025: HTTPSConnectionPool(host='bomen.amsterdam.nl', port=443): Max retries exceeded with url: /features.data?type=tree&id=3000025&filters=&_routes=routes%2Ffeatures (Caused by NameResolutionError("<urllib3.connection.HTTPSConnection object at 0x71705cb903b0>: Failed to resolve 'bomen.amsterdam.nl' ([Errno -3] Temporary failure in name resolution)"))
Retrieving data for 3000026
Request error for 3000026: HTTPSConnectionPool(host='bomen.amsterdam.nl', port=443): Max retries exceeded with url: /features.data?type=tree&id=3000026&filters=&_routes=routes%2Ffeatures (Caused by NameResolutionError("<urllib3.connection.HTTPSConnection object at 0x71705cb91a90>: Failed to resolve 'bomen.amsterdam.nl' ([Errno -3] Temporary failure in name resolution)"))
Retrieving data for 3000027
Request error for 3000027: HTTPSConnectionPool(host='bomen.amsterdam.nl', port=443): Max retries exceeded with url: /features.data?type=tree&id=3000027&filters=&_routes=routes%2Ffeatures (Caused by NameResolutionError("<urllib3.connection.HTTPSConnection object at 0x71705cb91880>: Failed to resolve 'bomen.amsterdam.nl' ([Errno -3] Temporary failure in name resolution)"))
Retrieving data for 3000028
Request error for 3000028: HTTPSConnectionPool(host='bomen.amsterdam.nl', port=443): Max retries exceeded with url: /features.data?type=tree&id=3000028&filters=&_routes=routes%2Ffeatures (Caused by NameResolutionError("<urllib3.connection.HTTPSConnection object at 0x71705cb932c0>: Failed to resolve 'bomen.amsterdam.nl' ([Errno -3] Temporary failure in name resolution)"))
Retrieving data for 3000029
Request error for 3000029: HTTPSConnectionPool(host='bomen.amsterdam.nl', port=443): Max retries exceeded with url: /features.data?type=tree&id=3000029&filters=&_routes=routes%2Ffeatures (Caused by NameResolutionError("<urllib3.connection.HTTPSConnection object at 0x71705cbac2c0>: Failed to resolve 'bomen.amsterdam.nl' ([Errno -3] Temporary failure in name resolution)"))
Retrieving data for 3000030
Request error for 3000030: HTTPSConnectionPool(host='bomen.amsterdam.nl', port=443): Max retries exceeded with url: /features.data?type=tree&id=3000030&filters=&_routes=routes%2Ffeatures (Caused by NameResolutionError("<urllib3.connection.HTTPSConnection object at 0x71705cbad490>: Failed to resolve 'bomen.amsterdam.nl' ([Errno -3] Temporary failure in name resolution)"))
Retrieving data for 3000031
Request error for 3000031: HTTPSConnectionPool(host='bomen.amsterdam.nl', port=443): Max retries exceeded with url: /features.data?type=tree&id=3000031&filters=&_routes=routes%2Ffeatures (Caused by NameResolutionError("<urllib3.connection.HTTPSConnection object at 0x71705cb92a20>: Failed to resolve 'bomen.amsterdam.nl' ([Errno -3] Temporary failure in name resolution)"))
Retrieving data for 3000032
Request error for 3000032: HTTPSConnectionPool(host='bomen.amsterdam.nl', port=443): Max retries exceeded with url: /features.data?type=tree&id=3000032&filters=&_routes=routes%2Ffeatures (Caused by NameResolutionError("<urllib3.connection.HTTPSConnection object at 0x71705cb92570>: Failed to resolve 'bomen.amsterdam.nl' ([Errno -3] Temporary failure in name resolution)"))
Retrieving data for 3000033
Request error for 3000033: HTTPSConnectionPool(host='bomen.amsterdam.nl', port=443): Read timed out. (read timeout=10)
Retrieving data for 3000034
Request error for 3000034: HTTPSConnectionPool(host='bomen.amsterdam.nl', port=443): Read timed out. (read timeout=10)
Retrieving data for 3000035
Request error for 3000035: HTTPSConnectionPool(host='bomen.amsterdam.nl', port=443): Read timed out. (read timeout=10)
Retrieving data for 3000036
Request error for 3000036: HTTPSConnectionPool(host='bomen.amsterdam.nl', port=443): Read timed out. (read timeout=10)
Retrieving data for 3000037
Request error for 3000037: HTTPSConnectionPool(host='bomen.amsterdam.nl', port=443): Read timed out. (read timeout=10)
Retrieving data for 3000038
Request error for 3000038: 502 Server Error: Bad Gateway for url: https://bomen.amsterdam.nl/features.data?type=tree&id=3000038&filters=&_routes=routes%2Ffeatures
Retrieving data for 3000039
Request error for 3000039: 503 Server Error: Service Temporarily Unavailable for url: https://bomen.amsterdam.nl/features.data?type=tree&id=3000039&filters=&_routes=routes%2Ffeatures
Retrieving data for 3000040
Request error for 3000040: 502 Server Error: Bad Gateway for url: https://bomen.amsterdam.nl/features.data?type=tree&id=3000040&filters=&_routes=routes%2Ffeatures
Retrieving data for 3000041
Request error for 3000041: 502 Server Error: Bad Gateway for url: https://bomen.amsterdam.nl/features.data?type=tree&id=3000041&filters=&_routes=routes%2Ffeatures
Retrieving data for 3000042
Request error for 3000042: HTTPSConnectionPool(host='bomen.amsterdam.nl', port=443): Read timed out. (read timeout=10)
Retrieving data for 3000043
Request error for 3000043: HTTPSConnectionPool(host='bomen.amsterdam.nl', port=443): Read timed out. (read timeout=10)
Retrieving data for 3000044
Request error for 3000044: HTTPSConnectionPool(host='bomen.amsterdam.nl', port=443): Read timed out. (read timeout=10)
Retrieving data for 3000045
Request error for 3000045: HTTPSConnectionPool(host='bomen.amsterdam.nl', port=443): Read timed out. (read timeout=10)
Retrieving data for 3000046
Request error for 3000046: HTTPSConnectionPool(host='bomen.amsterdam.nl', port=443): Read timed out. (read timeout=10)
Retrieving data for 3000047
Request error for 3000047: 502 Server Error: Bad Gateway for url: https://bomen.amsterdam.nl/features.data?type=tree&id=3000047&filters=&_routes=routes%2Ffeatures
Retrieving data for 3000048
Request error for 3000048: 503 Server Error: Service Temporarily Unavailable for url: https://bomen.amsterdam.nl/features.data?type=tree&id=3000048&filters=&_routes=routes%2Ffeatures
Retrieving data for 3000049
Request error for 3000049: 503 Server Error: Service Temporarily Unavailable for url: https://bomen.amsterdam.nl/features.data?type=tree&id=3000049&filters=&_routes=routes%2Ffeatures
Retrieving data for 3000050
