Loaded 7 existing IDs from amsterdam_trees.csv
Retrieving data for 8620000
Request error for 8620000: HTTPSConnectionPool(host='bomen.amsterdam.nl', port=443): Max retries exceeded with url: /features.data?type=tree&id=8620000&filters=&_routes=routes%2Ffeatures (Caused by ConnectTimeoutError(<urllib3.connection.HTTPSConnection object at 0x7a061ad9b740>, 'Connection to bomen.amsterdam.nl timed out. (connect timeout=10)'))
Retrieving data for 8620001
Request error for 8620001: HTTPSConnectionPool(host='bomen.amsterdam.nl', port=443): Max retries exceeded with url: /features.data?type=tree&id=8620001&filters=&_routes=routes%2Ffeatures (Caused by ConnectTimeoutError(<urllib3.connection.HTTPSConnection object at 0x7a0619dc5040>, 'Connection to bomen.amsterdam.nl timed out. (connect timeout=10)'))
Retrieving data for 8620002
Request error for 8620002: HTTPSConnectionPool(host='bomen.amsterdam.nl', port=443): Max retries exceeded with url: /features.data?type=tree&id=8620002&filters=&_routes=routes%2Ffeatures (Caused by ConnectTimeoutError(<urllib3.connection.HTTPSConnection object at 0x7a0619dc57f0>, 'Connection to bomen.amsterdam.nl timed out. (connect timeout=10)'))
Retrieving data for 8620003
Request error for 8620003: HTTPSConnectionPool(host='bomen.amsterdam.nl', port=443): Max retries exceeded with url: /features.data?type=tree&id=8620003&filters=&_routes=routes%2Ffeatures (Caused by ConnectTimeoutError(<urllib3.connection.HTTPSConnection object at 0x7a0619dc5fd0>, 'Connection to bomen.amsterdam.nl timed out. (connect timeout=10)'))
Retrieving data for 8620004
Request error for 8620004: HTTPSConnectionPool(host='bomen.amsterdam.nl', port=443): Max retries exceeded with url: /features.data?type=tree&id=8620004&filters=&_routes=routes%2Ffeatures (Caused by ConnectTimeoutError(<urllib3.connection.HTTPSConnection object at 0x7a0619dc67b0>, 'Connection to bomen.amsterdam.nl timed out. (connect timeout=10)'))
Retrieving data for 8620005
Request error for 8620005: 502 Server Error: Bad Gateway for url: https://bomen.amsterdam.nl/features.data?type=tree&id=8620005&filters=&_routes=routes%2Ffeatures
Retrieving data for 8620006
Request error for 8620006: HTTPSConnectionPool(host='bomen.amsterdam.nl', port=443): Max retries exceeded with url: /features.data?type=tree&id=8620006&filters=&_routes=routes%2Ffeatures (Caused by ConnectTimeoutError(<urllib3.connection.HTTPSConnection object at 0x7a0619dc69f0>, 'Connection to bomen.amsterdam.nl timed out. (connect timeout=10)'))
Retrieving data for 8620007
Request error for 8620007: HTTPSConnectionPool(host='bomen.amsterdam.nl', port=443): Max retries exceeded with url: /features.data?type=tree&id=8620007&filters=&_routes=routes%2Ffeatures (Caused by ConnectTimeoutError(<urllib3.connection.HTTPSConnection object at 0x7a0619d94e90>, 'Connection to bomen.amsterdam.nl timed out. (connect timeout=10)'))
Retrieving data for 8620008
Request error for 8620008: HTTPSConnectionPool(host='bomen.amsterdam.nl', port=443): Max retries exceeded with url: /features.data?type=tree&id=8620008&filters=&_routes=routes%2Ffeatures (Caused by ConnectTimeoutError(<urllib3.connection.HTTPSConnection object at 0x7a0619dc6180>, 'Connection to bomen.amsterdam.nl timed out. (connect timeout=10)'))
Retrieving data for 8620009
Request error for 8620009: HTTPSConnectionPool(host='bomen.amsterdam.nl', port=443): Read timed out. (read timeout=10)
Retrieving data for 8620010
Request error for 8620010: HTTPSConnectionPool(host='bomen.amsterdam.nl', port=443): Max retries exceeded with url: /features.data?type=tree&id=8620010&filters=&_routes=routes%2Ffeatures (Caused by ConnectTimeoutError(<urllib3.connection.HTTPSConnection object at 0x7a0619dc4ec0>, 'Connection to bomen.amsterdam.nl timed out. (connect timeout=10)'))
Retrieving data for 8620011
Request error for 8620011: 502 Server Error: Bad Gateway for url: https://bomen.amsterdam.nl/features.data?type=tree&id=8620011&filters=&_routes=routes%2Ffeatures
Retrieving data for 8620012
Request error for 8620012: HTTPSConnectionPool(host='bomen.amsterdam.nl', port=443): Max retries exceeded with url: /features.data?type=tree&id=8620012&filters=&_routes=routes%2Ffeatures (Caused by ConnectTimeoutError(<urllib3.connection.HTTPSConnection object at 0x7a0619dc5310>, 'Connection to bomen.amsterdam.nl timed out. (connect timeout=10)'))
Retrieving data for 8620013
Request error for 8620013: HTTPSConnectionPool(host='bomen.amsterdam.nl', port=443): Max retries exceeded with url: /features.data?type=tree&id=8620013&filters=&_routes=routes%2Ffeatures (Caused by ConnectTimeoutError(<urllib3.connection.HTTPSConnection object at 0x7a0619de42c0>, 'Connection to bomen.amsterdam.nl timed out. (connect timeout=10)'))
Retrieving data for 8620014
Request error for 8620014: HTTPSConnectionPool(host='bomen.amsterdam.nl', port=443): Max retries exceeded with url: /features.data?type=tree&id=8620014&filters=&_routes=routes%2Ffeatures (Caused by ConnectTimeoutError(<urllib3.connection.HTTPSConnection object at 0x7a0619dc7b60>, 'Connection to bomen.amsterdam.nl timed out. (connect timeout=10)'))
Retrieving data for 8620015
Request error for 8620015: HTTPSConnectionPool(host='bomen.amsterdam.nl', port=443): Max retries exceeded with url: /features.data?type=tree&id=8620015&filters=&_routes=routes%2Ffeatures (Caused by ConnectTimeoutError(<urllib3.connection.HTTPSConnection object at 0x7a0619dc7650>, 'Connection to bomen.amsterdam.nl timed out. (connect timeout=10)'))
Retrieving data for 8620016
Request error for 8620016: HTTPSConnectionPool(host='bomen.amsterdam.nl', port=443): Max retries exceeded with url: /features.data?type=tree&id=8620016&filters=&_routes=routes%2Ffeatures (Caused by ConnectTimeoutError(<urllib3.connection.HTTPSConnection object at 0x7a0619dc4770>, 'Connection to bomen.amsterdam.nl timed out. (connect timeout=10)'))
Retrieving data for 8620017
Request error for 8620017: HTTPSConnectionPool(host='bomen.amsterdam.nl', port=443): Max retries exceeded with url: /features.data?type=tree&id=8620017&filters=&_routes=routes%2Ffeatures (Caused by ConnectTimeoutError(<urllib3.connection.HTTPSConnection object at 0x7a0619dc6450>, 'Connection to bomen.amsterdam.nl timed out. (connect timeout=10)'))
Retrieving data for 8620018
Request error for 8620018: HTTPSConnectionPool(host='bomen.amsterdam.nl', port=443): Read timed out. (read timeout=10)
Retrieving data for 8620019
Request error for 8620019: 502 Server Error: Bad Gateway for url: https://bomen.amsterdam.nl/features.data?type=tree&id=8620019&filters=&_routes=routes%2Ffeatures
Retrieving data for 8620020
Request error for 8620020: 503 Server Error: Service Temporarily Unavailable for url: https://bomen.amsterdam.nl/features.data?type=tree&id=8620020&filters=&_routes=routes%2Ffeatures
Retrieving data for 8620021
Request error for 8620021: 503 Server Error: Service Temporarily Unavailable for url: https://bomen.amsterdam.nl/features.data?type=tree&id=8620021&filters=&_routes=routes%2Ffeatures
Retrieving data for 8620022
Request error for 8620022: 503 Server Error: Service Temporarily Unavailable for url: https://bomen.amsterdam.nl/features.data?type=tree&id=8620022&filters=&_routes=routes%2Ffeatures
Retrieving data for 8620023
Request error for 8620023: 503 Server Error: Service Temporarily Unavailable for url: https://bomen.amsterdam.nl/features.data?type=tree&id=8620023&filters=&_routes=routes%2Ffeatures
Retrieving data for 8620024
Request error for 8620024: 503 Server Error: Service Temporarily Unavailable for url: https://bomen.amsterdam.nl/features.data?type=tree&id=8620024&filters=&_routes=routes%2Ffeatures
Retrieving data for 8620025
Request error for 8620025: HTTPSConnectionPool(host='bomen.amsterdam.nl', port=443): Max retries exceeded with url: /features.data?type=tree&id=8620025&filters=&_routes=routes%2Ffeatures (Caused by NameResolutionError("<urllib3.connection.HTTPSConnection object at 0x7a0619de41d0>: Failed to resolve 'bomen.amsterdam.nl' ([Errno -3] Temporary failure in name resolution)"))
Retrieving data for 8620026
Request error for 8620026: 503 Server Error: Service Temporarily Unavailable for url: https://bomen.amsterdam.nl/features.data?type=tree&id=8620026&filters=&_routes=routes%2Ffeatures
Retrieving data for 8620027
Request error for 8620027: 503 Server Error: Service Temporarily Unavailable for url: https://bomen.amsterdam.nl/features.data?type=tree&id=8620027&filters=&_routes=routes%2Ffeatures
Retrieving data for 8620028
Request error for 8620028: HTTPSConnectionPool(host='bomen.amsterdam.nl', port=443): Max retries exceeded with url: /features.data?type=tree&id=8620028&filters=&_routes=routes%2Ffeatures (Caused by NameResolutionError("<urllib3.connection.HTTPSConnection object at 0x7a0619dc6c30>: Failed to resolve 'bomen.amsterdam.nl' ([Errno -3] Temporary failure in name resolution)"))
Retrieving data for 8620029
Request error for 8620029: HTTPSConnectionPool(host='bomen.amsterdam.nl', port=443): Max retries exceeded with url: /features.data?type=tree&id=8620029&filters=&_routes=routes%2Ffeatures (Caused by NameResolutionError("<urllib3.connection.HTTPSConnection object at 0x7a0619dc5be0>: Failed to resolve 'bomen.amsterdam.nl' ([Errno -3] Temporary failure in name resolution)"))
Retrieving data for 8620030
Request error for 8620030: HTTPSConnectionPool(host='bomen.amsterdam.nl', port=443): Max retries exceeded with url: /features.data?type=tree&id=8620030&filters=&_routes=routes%2Ffeatures (Caused by NameResolutionError("<urllib3.connection.HTTPSConnection object at 0x7a0619dc5550>: Failed to resolve 'bomen.amsterdam.nl' ([Errno -3] Temporary failure in name resolution)"))
Retrieving data for 8620031
Request error for 8620031: HTTPSConnectionPool(host='bomen.amsterdam.nl', port=443): Max retries exceeded with url: /features.data?type=tree&id=8620031&filters=&_routes=routes%2Ffeatures (Caused by NameResolutionError("<urllib3.connection.HTTPSConnection object at 0x7a0619dc50a0>: Failed to resolve 'bomen.amsterdam.nl' ([Errno -3] Temporary failure in name resolution)"))
Retrieving data for 8620032
Request error for 8620032: HTTPSConnectionPool(host='bomen.amsterdam.nl', port=443): Max retries exceeded with url: /features.data?type=tree&id=8620032&filters=&_routes=routes%2Ffeatures (Caused by NameResolutionError("<urllib3.connection.HTTPSConnection object at 0x7a0619de4bf0>: Failed to resolve 'bomen.amsterdam.nl' ([Errno -3] Temporary failure in name resolution)"))
Retrieving data for 8620033
Request error for 8620033: HTTPSConnectionPool(host='bomen.amsterdam.nl', port=443): Max retries exceeded with url: /features.data?type=tree&id=8620033&filters=&_routes=routes%2Ffeatures (Caused by NameResolutionError("<urllib3.connection.HTTPSConnection object at 0x7a0619de4470>: Failed to resolve 'bomen.amsterdam.nl' ([Errno -3] Temporary failure in name resolution)"))
Retrieving data for 8620034
Request error for 8620034: HTTPSConnectionPool(host='bomen.amsterdam.nl', port=443): Max retries exceeded with url: /features.data?type=tree&id=8620034&filters=&_routes=routes%2Ffeatures (Caused by NameResolutionError("<urllib3.connection.HTTPSConnection object at 0x7a0619dc5310>: Failed to resolve 'bomen.amsterdam.nl' ([Errno -3] Temporary failure in name resolution)"))
Retrieving data for 8620035
Request error for 8620035: HTTPSConnectionPool(host='bomen.amsterdam.nl', port=443): Read timed out. (read timeout=10)
Retrieving data for 8620036
Request error for 8620036: HTTPSConnectionPool(host='bomen.amsterdam.nl', port=443): Read timed out. (read timeout=10)
Retrieving data for 8620037
Request error for 8620037: HTTPSConnectionPool(host='bomen.amsterdam.nl', port=443): Read timed out. (read timeout=10)
Retrieving data for 8620038
Request error for 8620038: 502 Server Error: Bad Gateway for url: https://bomen.amsterdam.nl/features.data?type=tree&id=8620038&filters=&_routes=routes%2Ffeatures
Retrieving data for 8620039
Request error for 8620039: 502 Server Error: Bad Gateway for url: https://bomen.amsterdam.nl/features.data?type=tree&id=8620039&filters=&_routes=routes%2Ffeatures
Retrieving data for 8620040
Request error for 8620040: HTTPSConnectionPool(host='bomen.amsterdam.nl', port=443): Read timed out. (read timeout=10)
Retrieving data for 8620041
Request error for 8620041: HTTPSConnectionPool(host='bomen.amsterdam.nl', port=443): Read timed out. (read timeout=10)
Retrieving data for 8620042
Request error for 8620042: HTTPSConnectionPool(host='bomen.amsterdam.nl', port=443): Read timed out. (read timeout=10)
Retrieving data for 8620043
Request error for 8620043: 502 Server Error: Bad Gateway for url: https://bomen.amsterdam.nl/features.data?type=tree&id=8620043&filters=&_routes=routes%2Ffeatures
Retrieving data for 8620044
Request error for 8620044: 503 Server Error: Service Temporarily Unavailable for url: https://bomen.amsterdam.nl/features.data?type=tree&id=8620044&filters=&_routes=routes%2Ffeatures
Retrieving data for 8620045
Request error for 8620045: 503 Server Error: Service Temporarily Unavailable for url: https://bomen.amsterdam.nl/features.data?type=tree&id=8620045&filters=&_routes=routes%2Ffeatures
Retrieving data for 8620046
Request error for 8620046: 503 Server Error: Service Temporarily Unavailable for url: https://bomen.amsterdam.nl/features.data?type=tree&id=8620046&filters=&_routes=routes%2Ffeatures
Retrieving data for 8620047
Request error for 8620047: HTTPSConnectionPool(host='bomen.amsterdam.nl', port=443): Read timed out. (read timeout=10)
Retrieving data for 8620048
Request error for 8620048: HTTPSConnectionPool(host='bomen.amsterdam.nl', port=443): Read timed out. (read timeout=10)
Retrieving data for 8620049
Request error for 8620049: HTTPSConnectionPool(host='bomen.amsterdam.nl', port=443): Read timed out. (read timeout=10)
Retrieving data for 8620050
Request error for 8620050: 502 Server Error: Bad Gateway for url: https://bomen.amsterdam.nl/features.data?type=tree&id=8620050&filters=&_routes=routes%2Ffeatures
Retrieving data for 8620051
Request error for 8620051: 502 Server Error: Bad Gateway for url: https://bomen.amsterdam.nl/features.data?type=tree&id=8620051&filters=&_routes=routes%2Ffeatures
Retrieving data for 8620052
Request error for 8620052: 502 Server Error: Bad Gateway for url: https://bomen.amsterdam.nl/features.data?type=tree&id=8620052&filters=&_routes=routes%2Ffeatures
Retrieving data for 8620053
Request error for 8620053: 502 Server Error: Bad Gateway for url: https://bomen.amsterdam.nl/features.data?type=tree&id=8620053&filters=&_routes=routes%2Ffeatures
Retrieving data for 8620054
Request error for 8620054: 502 Server Error: Bad Gateway for url: https://bomen.amsterdam.nl/features.data?type=tree&id=8620054&filters=&_routes=routes%2Ffeatures
Retrieving data for 8620055
Request error for 8620055: HTTPSConnectionPool(host='bomen.amsterdam.nl', port=443): Max retries exceeded with url: /features.data?type=tree&id=8620055&filters=&_routes=routes%2Ffeatures (Caused by ConnectTimeoutError(<urllib3.connection.HTTPSConnection object at 0x7a0619dc7b90>, 'Connection to bomen.amsterdam.nl timed out. (connect timeout=10)'))
Retrieving data for 8620056
Request error for 8620056: HTTPSConnectionPool(host='bomen.amsterdam.nl', port=443): Max retries exceeded with url: /features.data?type=tree&id=8620056&filters=&_routes=routes%2Ffeatures (Caused by NameResolutionError("<urllib3.connection.HTTPSConnection object at 0x7a0619dc6270>: Failed to resolve 'bomen.amsterdam.nl' ([Errno -3] Temporary failure in name resolution)"))
Retrieving data for 8620057
Request error for 8620057: HTTPSConnectionPool(host='bomen.amsterdam.nl', port=443): Max retries exceeded with url: /features.data?type=tree&id=8620057&filters=&_routes=routes%2Ffeatures (Caused by NameResolutionError("<urllib3.connection.HTTPSConnection object at 0x7a0619dc7410>: Failed to resolve 'bomen.amsterdam.nl' ([Errno -3] Temporary failure in name resolution)"))
Retrieving data for 8620058
Request error for 8620058: HTTPSConnectionPool(host='bomen.amsterdam.nl', port=443): Read timed out. (read timeout=10)
Retrieving data for 8620059
Request error for 8620059: HTTPSConnectionPool(host='bomen.amsterdam.nl', port=443): Read timed out. (read timeout=10)
Retrieving data for 8620060
Request error for 8620060: 502 Server Error: Bad Gateway for url: https://bomen.amsterdam.nl/features.data?type=tree&id=8620060&filters=&_routes=routes%2Ffeatures
Retrieving data for 8620061
Request error for 8620061: 503 Server Error: Service Temporarily Unavailable for url: https://bomen.amsterdam.nl/features.data?type=tree&id=8620061&filters=&_routes=routes%2Ffeatures
Retrieving data for 8620062
Request error for 8620062: 503 Server Error: Service Temporarily Unavailable for url: https://bomen.amsterdam.nl/features.data?type=tree&id=8620062&filters=&_routes=routes%2Ffeatures
Retrieving data for 8620063
Request error for 8620063: 503 Server Error: Service Temporarily Unavailable for url: https://bomen.amsterdam.nl/features.data?type=tree&id=8620063&filters=&_routes=routes%2Ffeatures
Retrieving data for 8620064
Request error for 8620064: 503 Server Error: Service Temporarily Unavailable for url: https://bomen.amsterdam.nl/features.data?type=tree&id=8620064&filters=&_routes=routes%2Ffeatures
Retrieving data for 8620065
Request error for 8620065: 503 Server Error: Service Temporarily Unavailable for url: https://bomen.amsterdam.nl/features.data?type=tree&id=8620065&filters=&_routes=routes%2Ffeatures
Retrieving data for 8620066
Request error for 8620066: HTTPSConnectionPool(host='bomen.amsterdam.nl', port=443): Max retries exceeded with url: /features.data?type=tree&id=8620066&filters=&_routes=routes%2Ffeatures (Caused by ConnectTimeoutError(<urllib3.connection.HTTPSConnection object at 0x7a0619dc6360>, 'Connection to bomen.amsterdam.nl timed out. (connect timeout=10)'))
Retrieving data for 8620067
Request error for 8620067: HTTPSConnectionPool(host='bomen.amsterdam.nl', port=443): Max retries exceeded with url: /features.data?type=tree&id=8620067&filters=&_routes=routes%2Ffeatures (Caused by NameResolutionError("<urllib3.connection.HTTPSConnection object at 0x7a0619dc5040>: Failed to resolve 'bomen.amsterdam.nl' ([Errno -3] Temporary failure in name resolution)"))
Retrieving data for 8620068
Request error for 8620068: HTTPSConnectionPool(host='bomen.amsterdam.nl', port=443): Read timed out. (read timeout=10)
Retrieving data for 8620069
Request error for 8620069: HTTPSConnectionPool(host='bomen.amsterdam.nl', port=443): Read timed out. (read timeout=10)
Retrieving data for 8620070
Request error for 8620070: 502 Server Error: Bad Gateway for url: https://bomen.amsterdam.nl/features.data?type=tree&id=8620070&filters=&_routes=routes%2Ffeatures
Retrieving data for 8620071
Request error for 8620071: 502 Server Error: Bad Gateway for url: https://bomen.amsterdam.nl/features.data?type=tree&id=8620071&filters=&_routes=routes%2Ffeatures
Retrieving data for 8620072
Request error for 8620072: 502 Server Error: Bad Gateway for url: https://bomen.amsterdam.nl/features.data?type=tree&id=8620072&filters=&_routes=routes%2Ffeatures
Retrieving data for 8620073
Request error for 8620073: 502 Server Error: Bad Gateway for url: https://bomen.amsterdam.nl/features.data?type=tree&id=8620073&filters=&_routes=routes%2Ffeatures
Retrieving data for 8620074
Request error for 8620074: 502 Server Error: Bad Gateway for url: https://bomen.amsterdam.nl/features.data?type=tree&id=8620074&filters=&_routes=routes%2Ffeatures
Retrieving data for 8620075
Request error for 8620075: HTTPSConnectionPool(host='bomen.amsterdam.nl', port=443): Max retries exceeded with url: /features.data?type=tree&id=8620075&filters=&_routes=routes%2Ffeatures (Caused by NameResolutionError("<urllib3.connection.HTTPSConnection object at 0x7a0619de5970>: Failed to resolve 'bomen.amsterdam.nl' ([Errno -3] Temporary failure in name resolution)"))
Retrieving data for 8620076
Request error for 8620076: HTTPSConnectionPool(host='bomen.amsterdam.nl', port=443): Max retries exceeded with url: /features.data?type=tree&id=8620076&filters=&_routes=routes%2Ffeatures (Caused by NameResolutionError("<urllib3.connection.HTTPSConnection object at 0x7a0619de5d60>: Failed to resolve 'bomen.amsterdam.nl' ([Errno -3] Temporary failure in name resolution)"))
Retrieving data for 8620077
Request error for 8620077: HTTPSConnectionPool(host='bomen.amsterdam.nl', port=443): Max retries exceeded with url: /features.data?type=tree&id=8620077&filters=&_routes=routes%2Ffeatures (Caused by NameResolutionError("<urllib3.connection.HTTPSConnection object at 0x7a0619dc4350>: Failed to resolve 'bomen.amsterdam.nl' ([Errno -3] Temporary failure in name resolution)"))
Retrieving data for 8620078
Request error for 8620078: HTTPSConnectionPool(host='bomen.amsterdam.nl', port=443): Max retries exceeded with url: /features.data?type=tree&id=8620078&filters=&_routes=routes%2Ffeatures (Caused by NameResolutionError("<urllib3.connection.HTTPSConnection object at 0x7a0619dc6000>: Failed to resolve 'bomen.amsterdam.nl' ([Errno -3] Temporary failure in name resolution)"))
Retrieving data for 8620079
Request error for 8620079: HTTPSConnectionPool(host='bomen.amsterdam.nl', port=443): Max retries exceeded with url: /features.data?type=tree&id=8620079&filters=&_routes=routes%2Ffeatures (Caused by NameResolutionError("<urllib3.connection.HTTPSConnection object at 0x7a0619dc7440>: Failed to resolve 'bomen.amsterdam.nl' ([Errno -3] Temporary failure in name resolution)"))
Retrieving data for 8620080
Request error for 8620080: HTTPSConnectionPool(host='bomen.amsterdam.nl', port=443): Max retries exceeded with url: /features.data?type=tree&id=8620080&filters=&_routes=routes%2Ffeatures (Caused by NameResolutionError("<urllib3.connection.HTTPSConnection object at 0x7a0619de4920>: Failed to resolve 'bomen.amsterdam.nl' ([Errno -3] Temporary failure in name resolution)"))
Retrieving data for 8620081
Request error for 8620081: HTTPSConnectionPool(host='bomen.amsterdam.nl', port=443): Read timed out. (read timeout=10)
Retrieving data for 8620082
Request error for 8620082: HTTPSConnectionPool(host='bomen.amsterdam.nl', port=443): Read timed out. (read timeout=10)
Retrieving data for 8620083
Request error for 8620083: 503 Server Error: Service Temporarily Unavailable for url: https://bomen.amsterdam.nl/features.data?type=tree&id=8620083&filters=&_routes=routes%2Ffeatures
Retrieving data for 8620084
Request error for 8620084: HTTPSConnectionPool(host='bomen.amsterdam.nl', port=443): Max retries exceeded with url: /features.data?type=tree&id=8620084&filters=&_routes=routes%2Ffeatures (Caused by NameResolutionError("<urllib3.connection.HTTPSConnection object at 0x7a0619dc7440>: Failed to resolve 'bomen.amsterdam.nl' ([Errno -3] Temporary failure in name resolution)"))
Retrieving data for 8620085
Request error for 8620085: 503 Server Error: Service Temporarily Unavailable for url: https://bomen.amsterdam.nl/features.data?type=tree&id=8620085&filters=&_routes=routes%2Ffeatures
Retrieving data for 8620086
Request error for 8620086: 503 Server Error: Service Temporarily Unavailable for url: https://bomen.amsterdam.nl/features.data?type=tree&id=8620086&filters=&_routes=routes%2Ffeatures
Retrieving data for 8620087
Request error for 8620087: HTTPSConnectionPool(host='bomen.amsterdam.nl', port=443): Max retries exceeded with url: /features.data?type=tree&id=8620087&filters=&_routes=routes%2Ffeatures (Caused by ConnectTimeoutError(<urllib3.connection.HTTPSConnection object at 0x7a0619dc63f0>, 'Connection to bomen.amsterdam.nl timed out. (connect timeout=10)'))
Retrieving data for 8620088
Request error for 8620088: HTTPSConnectionPool(host='bomen.amsterdam.nl', port=443): Max retries exceeded with url: /features.data?type=tree&id=8620088&filters=&_routes=routes%2Ffeatures (Caused by NameResolutionError("<urllib3.connection.HTTPSConnection object at 0x7a0619dc5850>: Failed to resolve 'bomen.amsterdam.nl' ([Errno -3] Temporary failure in name resolution)"))
Retrieving data for 8620089
Request error for 8620089: 502 Server Error: Bad Gateway for url: https://bomen.amsterdam.nl/features.data?type=tree&id=8620089&filters=&_routes=routes%2Ffeatures
Retrieving data for 8620090
Request error for 8620090: 503 Server Error: Service Temporarily Unavailable for url: https://bomen.amsterdam.nl/features.data?type=tree&id=8620090&filters=&_routes=routes%2Ffeatures
Retrieving data for 8620091
Request error for 8620091: 503 Server Error: Service Temporarily Unavailable for url: https://bomen.amsterdam.nl/features.data?type=tree&id=8620091&filters=&_routes=routes%2Ffeatures
Retrieving data for 8620092
Request error for 8620092: 502 Server Error: Bad Gateway for url: https://bomen.amsterdam.nl/features.data?type=tree&id=8620092&filters=&_routes=routes%2Ffeatures
Retrieving data for 8620093
Request error for 8620093: 502 Server Error: Bad Gateway for url: https://bomen.amsterdam.nl/features.data?type=tree&id=8620093&filters=&_routes=routes%2Ffeatures
Retrieving data for 8620094
Request error for 8620094: 503 Server Error: Service Temporarily Unavailable for url: https://bomen.amsterdam.nl/features.data?type=tree&id=8620094&filters=&_routes=routes%2Ffeatures
Retrieving data for 8620095
Request error for 8620095: 503 Server Error: Service Temporarily Unavailable for url: https://bomen.amsterdam.nl/features.data?type=tree&id=8620095&filters=&_routes=routes%2Ffeatures
Retrieving data for 8620096
Request error for 8620096: 503 Server Error: Service Temporarily Unavailable for url: https://bomen.amsterdam.nl/features.data?type=tree&id=8620096&filters=&_routes=routes%2Ffeatures
Retrieving data for 8620097
Request error for 8620097: HTTPSConnectionPool(host='bomen.amsterdam.nl', port=443): Read timed out. (read timeout=10)
Retrieving data for 8620098
Request error for 8620098: HTTPSConnectionPool(host='bomen.amsterdam.nl', port=443): Max retries exceeded with url: /features.data?type=tree&id=8620098&filters=&_routes=routes%2Ffeatures (Caused by NameResolutionError("<urllib3.connection.HTTPSConnection object at 0x7a0619de4080>: Failed to resolve 'bomen.amsterdam.nl' ([Errno -3] Temporary failure in name resolution)"))
Retrieving data for 8620099
Request error for 8620099: HTTPSConnectionPool(host='bomen.amsterdam.nl', port=443): Max retries exceeded with url: /features.data?type=tree&id=8620099&filters=&_routes=routes%2Ffeatures (Caused by NameResolutionError("<urllib3.connection.HTTPSConnection object at 0x7a0619de70b0>: Failed to resolve 'bomen.amsterdam.nl' ([Errno -3] Temporary failure in name resolution)"))
Retrieving data for 8620100
Request error for 8620100: HTTPSConnectionPool(host='bomen.amsterdam.nl', port=443): Read timed out. (read timeout=10)
Retrieving data for 8620101
Request error for 8620101: HTTPSConnectionPool(host='bomen.amsterdam.nl', port=443): Read timed out. (read timeout=10)
Retrieving data for 8620102
Request error for 8620102: HTTPSConnectionPool(host='bomen.amsterdam.nl', port=443): Read timed out. (read timeout=10)
Retrieving data for 8620103
Request error for 8620103: 502 Server Error: Bad Gateway for url: https://bomen.amsterdam.nl/features.data?type=tree&id=8620103&filters=&_routes=routes%2Ffeatures
Retrieving data for 8620104
Request error for 8620104: 503 Server Error: Service Temporarily Unavailable for url: https://bomen.amsterdam.nl/features.data?type=tree&id=8620104&filters=&_routes=routes%2Ffeatures
Retrieving data for 8620105
Request error for 8620105: 503 Server Error: Service Temporarily Unavailable for url: https://bomen.amsterdam.nl/features.data?type=tree&id=8620105&filters=&_routes=routes%2Ffeatures
Retrieving data for 8620106
Request error for 8620106: HTTPSConnectionPool(host='bomen.amsterdam.nl', port=443): Read timed out. (read timeout=10)
Retrieving data for 8620107
Request error for 8620107: 503 Server Error: Service Temporarily Unavailable for url: https://bomen.amsterdam.nl/features.data?type=tree&id=8620107&filters=&_routes=routes%2Ffeatures
Retrieving data for 8620108
Request error for 8620108: HTTPSConnectionPool(host='bomen.amsterdam.nl', port=443): Max retries exceeded with url: /features.data?type=tree&id=8620108&filters=&_routes=routes%2Ffeatures (Caused by NameResolutionError("<urllib3.connection.HTTPSConnection object at 0x7a0619de7140>: Failed to resolve 'bomen.amsterdam.nl' ([Errno -3] Temporary failure in name resolution)"))
Retrieving data for 8620109
Request error for 8620109: 503 Server Error: Service Temporarily Unavailable for url: https://bomen.amsterdam.nl/features.data?type=tree&id=8620109&filters=&_routes=routes%2Ffeatures
Retrieving data for 8620110
Request error for 8620110: HTTPSConnectionPool(host='bomen.amsterdam.nl', port=443): Max retries exceeded with url: /features.data?type=tree&id=8620110&filters=&_routes=routes%2Ffeatures (Caused by NameResolutionError("<urllib3.connection.HTTPSConnection object at 0x7a0619dc74a0>: Failed to resolve 'bomen.amsterdam.nl' ([Errno -3] Temporary failure in name resolution)"))
Retrieving data for 8620111
Request error for 8620111: 502 Server Error: Bad Gateway for url: https://bomen.amsterdam.nl/features.data?type=tree&id=8620111&filters=&_routes=routes%2Ffeatures
Retrieving data for 8620112
Request error for 8620112: 502 Server Error: Bad Gateway for url: https://bomen.amsterdam.nl/features.data?type=tree&id=8620112&filters=&_routes=routes%2Ffeatures
Retrieving data for 8620113
Request error for 8620113: 502 Server Error: Bad Gateway for url: https://bomen.amsterdam.nl/features.data?type=tree&id=8620113&filters=&_routes=routes%2Ffeatures
Retrieving data for 8620114
Request error for 8620114: 502 Server Error: Bad Gateway for url: https://bomen.amsterdam.nl/features.data?type=tree&id=8620114&filters=&_routes=routes%2Ffeatures
Retrieving data for 8620115
Request error for 8620115: 502 Server Error: Bad Gateway for url: https://bomen.amsterdam.nl/features.data?type=tree&id=8620115&filters=&_routes=routes%2Ffeatures
Retrieving data for 8620116
Request error for 8620116: 502 Server Error: Bad Gateway for url: https://bomen.amsterdam.nl/features.data?type=tree&id=8620116&filters=&_routes=routes%2Ffeatures
Retrieving data for 8620117
Request error for 8620117: 502 Server Error: Bad Gateway for url: https://bomen.amsterdam.nl/features.data?type=tree&id=8620117&filters=&_routes=routes%2Ffeatures
Retrieving data for 8620118
Request error for 8620118: 502 Server Error: Bad Gateway for url: https://bomen.amsterdam.nl/features.data?type=tree&id=8620118&filters=&_routes=routes%2Ffeatures
Retrieving data for 8620119
Request error for 8620119: 502 Server Error: Bad Gateway for url: https://bomen.amsterdam.nl/features.data?type=tree&id=8620119&filters=&_routes=routes%2Ffeatures
Retrieving data for 8620120
Request error for 8620120: HTTPSConnectionPool(host='bomen.amsterdam.nl', port=443): Max retries exceeded with url: /features.data?type=tree&id=8620120&filters=&_routes=routes%2Ffeatures (Caused by ConnectTimeoutError(<urllib3.connection.HTTPSConnection object at 0x7a0619dc6bd0>, 'Connection to bomen.amsterdam.nl timed out. (connect timeout=10)'))
Retrieving data for 8620121
Request error for 8620121: HTTPSConnectionPool(host='bomen.amsterdam.nl', port=443): Max retries exceeded with url: /features.data?type=tree&id=8620121&filters=&_routes=routes%2Ffeatures (Caused by NameResolutionError("<urllib3.connection.HTTPSConnection object at 0x7a0619dc7470>: Failed to resolve 'bomen.amsterdam.nl' ([Errno -3] Temporary failure in name resolution)"))
Retrieving data for 8620122
Request error for 8620122: HTTPSConnectionPool(host='bomen.amsterdam.nl', port=443): Max retries exceeded with url: /features.data?type=tree&id=8620122&filters=&_routes=routes%2Ffeatures (Caused by NameResolutionError("<urllib3.connection.HTTPSConnection object at 0x7a0619de72f0>: Failed to resolve 'bomen.amsterdam.nl' ([Errno -3] Temporary failure in name resolution)"))
Retrieving data for 8620123
Request error for 8620123: 502 Server Error: Bad Gateway for url: https://bomen.amsterdam.nl/features.data?type=tree&id=8620123&filters=&_routes=routes%2Ffeatures
Retrieving data for 8620124
Request error for 8620124: HTTPSConnectionPool(host='bomen.amsterdam.nl', port=443): Max retries exceeded with url: /features.data?type=tree&id=8620124&filters=&_routes=routes%2Ffeatures (Caused by NameResolutionError("<urllib3.connection.HTTPSConnection object at 0x7a0619de7680>: Failed to resolve 'bomen.amsterdam.nl' ([Errno -3] Temporary failure in name resolution)"))
Retrieving data for 8620125
Request error for 8620125: 502 Server Error: Bad Gateway for url: https://bomen.amsterdam.nl/features.data?type=tree&id=8620125&filters=&_routes=routes%2Ffeatures
Retrieving data for 8620126
Request error for 8620126: 502 Server Error: Bad Gateway for url: https://bomen.amsterdam.nl/features.data?type=tree&id=8620126&filters=&_routes=routes%2Ffeatures
Retrieving data for 8620127
Request error for 8620127: HTTPSConnectionPool(host='bomen.amsterdam.nl', port=443): Max retries exceeded with url: /features.data?type=tree&id=8620127&filters=&_routes=routes%2Ffeatures (Caused by NameResolutionError("<urllib3.connection.HTTPSConnection object at 0x7a0619de4230>: Failed to resolve 'bomen.amsterdam.nl' ([Errno -3] Temporary failure in name resolution)"))
Retrieving data for 8620128
Request error for 8620128: HTTPSConnectionPool(host='bomen.amsterdam.nl', port=443): Max retries exceeded with url: /features.data?type=tree&id=8620128&filters=&_routes=routes%2Ffeatures (Caused by NameResolutionError("<urllib3.connection.HTTPSConnection object at 0x7a0619d62750>: Failed to resolve 'bomen.amsterdam.nl' ([Errno -3] Temporary failure in name resolution)"))
Retrieving data for 8620129
Request error for 8620129: HTTPSConnectionPool(host='bomen.amsterdam.nl', port=443): Max retries exceeded with url: /features.data?type=tree&id=8620129&filters=&_routes=routes%2Ffeatures (Caused by NameResolutionError("<urllib3.connection.HTTPSConnection object at 0x7a0619dc62a0>: Failed to resolve 'bomen.amsterdam.nl' ([Errno -3] Temporary failure in name resolution)"))
Retrieving data for 8620130
Request error for 8620130: 502 Server Error: Bad Gateway for url: https://bomen.amsterdam.nl/features.data?type=tree&id=8620130&filters=&_routes=routes%2Ffeatures
Retrieving data for 8620131
Request error for 8620131: HTTPSConnectionPool(host='bomen.amsterdam.nl', port=443): Max retries exceeded with url: /features.data?type=tree&id=8620131&filters=&_routes=routes%2Ffeatures (Caused by NameResolutionError("<urllib3.connection.HTTPSConnection object at 0x7a0619dc54c0>: Failed to resolve 'bomen.amsterdam.nl' ([Errno -3] Temporary failure in name resolution)"))
Retrieving data for 8620132
Request error for 8620132: HTTPSConnectionPool(host='bomen.amsterdam.nl', port=443): Read timed out. (read timeout=10)
Retrieving data for 8620133
Request error for 8620133: HTTPSConnectionPool(host='bomen.amsterdam.nl', port=443): Read timed out. (read timeout=10)
Retrieving data for 8620134
Request error for 8620134: HTTPSConnectionPool(host='bomen.amsterdam.nl', port=443): Read timed out. (read timeout=10)
Retrieving data for 8620135
Request error for 8620135: 502 Server Error: Bad Gateway for url: https://bomen.amsterdam.nl/features.data?type=tree&id=8620135&filters=&_routes=routes%2Ffeatures
Retrieving data for 8620136
Request error for 8620136: 503 Server Error: Service Temporarily Unavailable for url: https://bomen.amsterdam.nl/features.data?type=tree&id=8620136&filters=&_routes=routes%2Ffeatures
Retrieving data for 8620137
Request error for 8620137: 503 Server Error: Service Temporarily Unavailable for url: https://bomen.amsterdam.nl/features.data?type=tree&id=8620137&filters=&_routes=routes%2Ffeatures
Retrieving data for 8620138
Request error for 8620138: 503 Server Error: Service Temporarily Unavailable for url: https://bomen.amsterdam.nl/features.data?type=tree&id=8620138&filters=&_routes=routes%2Ffeatures
Retrieving data for 8620139
Request error for 8620139: 503 Server Error: Service Temporarily Unavailable for url: https://bomen.amsterdam.nl/features.data?type=tree&id=8620139&filters=&_routes=routes%2Ffeatures
Retrieving data for 8620140
Request error for 8620140: 503 Server Error: Service Temporarily Unavailable for url: https://bomen.amsterdam.nl/features.data?type=tree&id=8620140&filters=&_routes=routes%2Ffeatures
Retrieving data for 8620141
Request error for 8620141: 503 Server Error: Service Temporarily Unavailable for url: https://bomen.amsterdam.nl/features.data?type=tree&id=8620141&filters=&_routes=routes%2Ffeatures
Retrieving data for 8620142
Request error for 8620142: 503 Server Error: Service Temporarily Unavailable for url: https://bomen.amsterdam.nl/features.data?type=tree&id=8620142&filters=&_routes=routes%2Ffeatures
Retrieving data for 8620143
Request error for 8620143: HTTPSConnectionPool(host='bomen.amsterdam.nl', port=443): Max retries exceeded with url: /features.data?type=tree&id=8620143&filters=&_routes=routes%2Ffeatures (Caused by ConnectTimeoutError(<urllib3.connection.HTTPSConnection object at 0x7a0619dc5730>, 'Connection to bomen.amsterdam.nl timed out. (connect timeout=10)'))
Retrieving data for 8620144
Request error for 8620144: HTTPSConnectionPool(host='bomen.amsterdam.nl', port=443): Max retries exceeded with url: /features.data?type=tree&id=8620144&filters=&_routes=routes%2Ffeatures (Caused by NameResolutionError("<urllib3.connection.HTTPSConnection object at 0x7a0619dc42c0>: Failed to resolve 'bomen.amsterdam.nl' ([Errno -3] Temporary failure in name resolution)"))
Retrieving data for 8620145
Request error for 8620145: 503 Server Error: Service Temporarily Unavailable for url: https://bomen.amsterdam.nl/features.data?type=tree&id=8620145&filters=&_routes=routes%2Ffeatures
Retrieving data for 8620146
Request error for 8620146: 503 Server Error: Service Temporarily Unavailable for url: https://bomen.amsterdam.nl/features.data?type=tree&id=8620146&filters=&_routes=routes%2Ffeatures
Retrieving data for 8620147
Request error for 8620147: 502 Server Error: Bad Gateway for url: https://bomen.amsterdam.nl/features.data?type=tree&id=8620147&filters=&_routes=routes%2Ffeatures
Retrieving data for 8620148
Request error for 8620148: 502 Server Error: Bad Gateway for url: https://bomen.amsterdam.nl/features.data?type=tree&id=8620148&filters=&_routes=routes%2Ffeatures
Retrieving data for 8620149
Request error for 8620149: 502 Server Error: Bad Gateway for url: https://bomen.amsterdam.nl/features.data?type=tree&id=8620149&filters=&_routes=routes%2Ffeatures
Retrieving data for 8620150
Request error for 8620150: 502 Server Error: Bad Gateway for url: https://bomen.amsterdam.nl/features.data?type=tree&id=8620150&filters=&_routes=routes%2Ffeatures
Retrieving data for 8620151
Request error for 8620151: 502 Server Error: Bad Gateway for url: https://bomen.amsterdam.nl/features.data?type=tree&id=8620151&filters=&_routes=routes%2Ffeatures
Retrieving data for 8620152
Request error for 8620152: HTTPSConnectionPool(host='bomen.amsterdam.nl', port=443): Max retries exceeded with url: /features.data?type=tree&id=8620152&filters=&_routes=routes%2Ffeatures (Caused by NameResolutionError("<urllib3.connection.HTTPSConnection object at 0x7a0619dc5dc0>: Failed to resolve 'bomen.amsterdam.nl' ([Errno -3] Temporary failure in name resolution)"))
Retrieving data for 8620153
Request error for 8620153: HTTPSConnectionPool(host='bomen.amsterdam.nl', port=443): Max retries exceeded with url: /features.data?type=tree&id=8620153&filters=&_routes=routes%2Ffeatures (Caused by NameResolutionError("<urllib3.connection.HTTPSConnection object at 0x7a0619de4f80>: Failed to resolve 'bomen.amsterdam.nl' ([Errno -3] Temporary failure in name resolution)"))
Retrieving data for 8620154
Request error for 8620154: 502 Server Error: Bad Gateway for url: https://bomen.amsterdam.nl/features.data?type=tree&id=8620154&filters=&_routes=routes%2Ffeatures
Retrieving data for 8620155
Request error for 8620155: HTTPSConnectionPool(host='bomen.amsterdam.nl', port=443): Max retries exceeded with url: /features.data?type=tree&id=8620155&filters=&_routes=routes%2Ffeatures (Caused by NameResolutionError("<urllib3.connection.HTTPSConnection object at 0x7a0619de59a0>: Failed to resolve 'bomen.amsterdam.nl' ([Errno -3] Temporary failure in name resolution)"))
Retrieving data for 8620156
Request error for 8620156: 502 Server Error: Bad Gateway for url: https://bomen.amsterdam.nl/features.data?type=tree&id=8620156&filters=&_routes=routes%2Ffeatures
Retrieving data for 8620157
Request error for 8620157: 502 Server Error: Bad Gateway for url: https://bomen.amsterdam.nl/features.data?type=tree&id=8620157&filters=&_routes=routes%2Ffeatures
Retrieving data for 8620158
Request error for 8620158: 502 Server Error: Bad Gateway for url: https://bomen.amsterdam.nl/features.data?type=tree&id=8620158&filters=&_routes=routes%2Ffeatures
Retrieving data for 8620159
Request error for 8620159: 502 Server Error: Bad Gateway for url: https://bomen.amsterdam.nl/features.data?type=tree&id=8620159&filters=&_routes=routes%2Ffeatures
Retrieving data for 8620160
Request error for 8620160: 502 Server Error: Bad Gateway for url: https://bomen.amsterdam.nl/features.data?type=tree&id=8620160&filters=&_routes=routes%2Ffeatures
Retrieving data for 8620161
Request error for 8620161: 502 Server Error: Bad Gateway for url: https://bomen.amsterdam.nl/features.data?type=tree&id=8620161&filters=&_routes=routes%2Ffeatures
Retrieving data for 8620162
Request error for 8620162: 502 Server Error: Bad Gateway for url: https://bomen.amsterdam.nl/features.data?type=tree&id=8620162&filters=&_routes=routes%2Ffeatures
Retrieving data for 8620163
Request error for 8620163: 502 Server Error: Bad Gateway for url: https://bomen.amsterdam.nl/features.data?type=tree&id=8620163&filters=&_routes=routes%2Ffeatures
Retrieving data for 8620164
Request error for 8620164: HTTPSConnectionPool(host='bomen.amsterdam.nl', port=443): Max retries exceeded with url: /features.data?type=tree&id=8620164&filters=&_routes=routes%2Ffeatures (Caused by NameResolutionError("<urllib3.connection.HTTPSConnection object at 0x7a0619e0c170>: Failed to resolve 'bomen.amsterdam.nl' ([Errno -3] Temporary failure in name resolution)"))
Retrieving data for 8620165
Request error for 8620165: HTTPSConnectionPool(host='bomen.amsterdam.nl', port=443): Max retries exceeded with url: /features.data?type=tree&id=8620165&filters=&_routes=routes%2Ffeatures (Caused by NameResolutionError("<urllib3.connection.HTTPSConnection object at 0x7a0619dc64b0>: Failed to resolve 'bomen.amsterdam.nl' ([Errno -3] Temporary failure in name resolution)"))
Retrieving data for 8620166
Request error for 8620166: 502 Server Error: Bad Gateway for url: https://bomen.amsterdam.nl/features.data?type=tree&id=8620166&filters=&_routes=routes%2Ffeatures
Retrieving data for 8620167
Request error for 8620167: 502 Server Error: Bad Gateway for url: https://bomen.amsterdam.nl/features.data?type=tree&id=8620167&filters=&_routes=routes%2Ffeatures
Retrieving data for 8620168
Request error for 8620168: 502 Server Error: Bad Gateway for url: https://bomen.amsterdam.nl/features.data?type=tree&id=8620168&filters=&_routes=routes%2Ffeatures
Retrieving data for 8620169
Request error for 8620169: 502 Server Error: Bad Gateway for url: https://bomen.amsterdam.nl/features.data?type=tree&id=8620169&filters=&_routes=routes%2Ffeatures
Retrieving data for 8620170
Request error for 8620170: 502 Server Error: Bad Gateway for url: https://bomen.amsterdam.nl/features.data?type=tree&id=8620170&filters=&_routes=routes%2Ffeatures
Retrieving data for 8620171
Request error for 8620171: HTTPSConnectionPool(host='bomen.amsterdam.nl', port=443): Max retries exceeded with url: /features.data?type=tree&id=8620171&filters=&_routes=routes%2Ffeatures (Caused by ConnectTimeoutError(<urllib3.connection.HTTPSConnection object at 0x7a0619dc4560>, 'Connection to bomen.amsterdam.nl timed out. (connect timeout=10)'))
Retrieving data for 8620172
Request error for 8620172: HTTPSConnectionPool(host='bomen.amsterdam.nl', port=443): Max retries exceeded with url: /features.data?type=tree&id=8620172&filters=&_routes=routes%2Ffeatures (Caused by NameResolutionError("<urllib3.connection.HTTPSConnection object at 0x7a0619dc5700>: Failed to resolve 'bomen.amsterdam.nl' ([Errno -3] Temporary failure in name resolution)"))
Retrieving data for 8620173
Request error for 8620173: HTTPSConnectionPool(host='bomen.amsterdam.nl', port=443): Max retries exceeded with url: /features.data?type=tree&id=8620173&filters=&_routes=routes%2Ffeatures (Caused by ConnectTimeoutError(<urllib3.connection.HTTPSConnection object at 0x7a0619de4dd0>, 'Connection to bomen.amsterdam.nl timed out. (connect timeout=10)'))
Retrieving data for 8620174
Request error for 8620174: HTTPSConnectionPool(host='bomen.amsterdam.nl', port=443): Read timed out. (read timeout=10)
Retrieving data for 8620175
Request error for 8620175: HTTPSConnectionPool(host='bomen.amsterdam.nl', port=443): Read timed out. (read timeout=10)
Retrieving data for 8620176
Request error for 8620176: 503 Server Error: Service Temporarily Unavailable for url: https://bomen.amsterdam.nl/features.data?type=tree&id=8620176&filters=&_routes=routes%2Ffeatures
Retrieving data for 8620177
Request error for 8620177: 503 Server Error: Service Temporarily Unavailable for url: https://bomen.amsterdam.nl/features.data?type=tree&id=8620177&filters=&_routes=routes%2Ffeatures
Retrieving data for 8620178
Request error for 8620178: 503 Server Error: Service Temporarily Unavailable for url: https://bomen.amsterdam.nl/features.data?type=tree&id=8620178&filters=&_routes=routes%2Ffeatures
Retrieving data for 8620179
Request error for 8620179: 503 Server Error: Service Temporarily Unavailable for url: https://bomen.amsterdam.nl/features.data?type=tree&id=8620179&filters=&_routes=routes%2Ffeatures
Retrieving data for 8620180
Request error for 8620180: 503 Server Error: Service Temporarily Unavailable for url: https://bomen.amsterdam.nl/features.data?type=tree&id=8620180&filters=&_routes=routes%2Ffeatures
Retrieving data for 8620181
Request error for 8620181: 503 Server Error: Service Temporarily Unavailable for url: https://bomen.amsterdam.nl/features.data?type=tree&id=8620181&filters=&_routes=routes%2Ffeatures
Retrieving data for 8620182
Request error for 8620182: 503 Server Error: Service Temporarily Unavailable for url: https://bomen.amsterdam.nl/features.data?type=tree&id=8620182&filters=&_routes=routes%2Ffeatures
Retrieving data for 8620183
Request error for 8620183: 503 Server Error: Service Temporarily Unavailable for url: https://bomen.amsterdam.nl/features.data?type=tree&id=8620183&filters=&_routes=routes%2Ffeatures
Retrieving data for 8620184
Request error for 8620184: HTTPSConnectionPool(host='bomen.amsterdam.nl', port=443): Max retries exceeded with url: /features.data?type=tree&id=8620184&filters=&_routes=routes%2Ffeatures (Caused by NameResolutionError("<urllib3.connection.HTTPSConnection object at 0x7a0619de7bf0>: Failed to resolve 'bomen.amsterdam.nl' ([Errno -3] Temporary failure in name resolution)"))
Retrieving data for 8620185
Request error for 8620185: HTTPSConnectionPool(host='bomen.amsterdam.nl', port=443): Max retries exceeded with url: /features.data?type=tree&id=8620185&filters=&_routes=routes%2Ffeatures (Caused by NameResolutionError("<urllib3.connection.HTTPSConnection object at 0x7a0619dc7da0>: Failed to resolve 'bomen.amsterdam.nl' ([Errno -3] Temporary failure in name resolution)"))
Retrieving data for 8620186
Request error for 8620186: HTTPSConnectionPool(host='bomen.amsterdam.nl', port=443): Max retries exceeded with url: /features.data?type=tree&id=8620186&filters=&_routes=routes%2Ffeatures (Caused by NameResolutionError("<urllib3.connection.HTTPSConnection object at 0x7a0619dc5a60>: Failed to resolve 'bomen.amsterdam.nl' ([Errno -3] Temporary failure in name resolution)"))
Retrieving data for 8620187
Request error for 8620187: 502 Server Error: Bad Gateway for url: https://bomen.amsterdam.nl/features.data?type=tree&id=8620187&filters=&_routes=routes%2Ffeatures
Retrieving data for 8620188
Request error for 8620188: 502 Server Error: Bad Gateway for url: https://bomen.amsterdam.nl/features.data?type=tree&id=8620188&filters=&_routes=routes%2Ffeatures
Retrieving data for 8620189
Request error for 8620189: HTTPSConnectionPool(host='bomen.amsterdam.nl', port=443): Max retries exceeded with url: /features.data?type=tree&id=8620189&filters=&_routes=routes%2Ffeatures (Caused by NameResolutionError("<urllib3.connection.HTTPSConnection object at 0x7a0619dc5f70>: Failed to resolve 'bomen.amsterdam.nl' ([Errno -3] Temporary failure in name resolution)"))
Retrieving data for 8620190
Request error for 8620190: HTTPSConnectionPool(host='bomen.amsterdam.nl', port=443): Max retries exceeded with url: /features.data?type=tree&id=8620190&filters=&_routes=routes%2Ffeatures (Caused by ConnectTimeoutError(<urllib3.connection.HTTPSConnection object at 0x7a0619f6dc70>, 'Connection to bomen.amsterdam.nl timed out. (connect timeout=10)'))
Retrieving data for 8620191
Request error for 8620191: HTTPSConnectionPool(host='bomen.amsterdam.nl', port=443): Max retries exceeded with url: /features.data?type=tree&id=8620191&filters=&_routes=routes%2Ffeatures (Caused by NameResolutionError("<urllib3.connection.HTTPSConnection object at 0x7a0619e0dbe0>: Failed to resolve 'bomen.amsterdam.nl' ([Errno -3] Temporary failure in name resolution)"))
Retrieving data for 8620192
Request error for 8620192: HTTPSConnectionPool(host='bomen.amsterdam.nl', port=443): Max retries exceeded with url: /features.data?type=tree&id=8620192&filters=&_routes=routes%2Ffeatures (Caused by NameResolutionError("<urllib3.connection.HTTPSConnection object at 0x7a0619d95610>: Failed to resolve 'bomen.amsterdam.nl' ([Errno -3] Temporary failure in name resolution)"))
Retrieving data for 8620193
Request error for 8620193: HTTPSConnectionPool(host='bomen.amsterdam.nl', port=443): Max retries exceeded with url: /features.data?type=tree&id=8620193&filters=&_routes=routes%2Ffeatures (Caused by NameResolutionError("<urllib3.connection.HTTPSConnection object at 0x7a0619dc7b90>: Failed to resolve 'bomen.amsterdam.nl' ([Errno -3] Temporary failure in name resolution)"))
Retrieving data for 8620194
Request error for 8620194: HTTPSConnectionPool(host='bomen.amsterdam.nl', port=443): Max retries exceeded with url: /features.data?type=tree&id=8620194&filters=&_routes=routes%2Ffeatures (Caused by NameResolutionError("<urllib3.connection.HTTPSConnection object at 0x7a0619dc5670>: Failed to resolve 'bomen.amsterdam.nl' ([Errno -3] Temporary failure in name resolution)"))
Retrieving data for 8620195
Request error for 8620195: HTTPSConnectionPool(host='bomen.amsterdam.nl', port=443): Max retries exceeded with url: /features.data?type=tree&id=8620195&filters=&_routes=routes%2Ffeatures (Caused by NameResolutionError("<urllib3.connection.HTTPSConnection object at 0x7a0619dc6ed0>: Failed to resolve 'bomen.amsterdam.nl' ([Errno -3] Temporary failure in name resolution)"))
Retrieving data for 8620196
Request error for 8620196: HTTPSConnectionPool(host='bomen.amsterdam.nl', port=443): Max retries exceeded with url: /features.data?type=tree&id=8620196&filters=&_routes=routes%2Ffeatures (Caused by NameResolutionError("<urllib3.connection.HTTPSConnection object at 0x7a0619de5700>: Failed to resolve 'bomen.amsterdam.nl' ([Errno -3] Temporary failure in name resolution)"))
Retrieving data for 8620197
Request error for 8620197: HTTPSConnectionPool(host='bomen.amsterdam.nl', port=443): Max retries exceeded with url: /features.data?type=tree&id=8620197&filters=&_routes=routes%2Ffeatures (Caused by NameResolutionError("<urllib3.connection.HTTPSConnection object at 0x7a0619de7bc0>: Failed to resolve 'bomen.amsterdam.nl' ([Errno -3] Temporary failure in name resolution)"))
Retrieving data for 8620198
Request error for 8620198: HTTPSConnectionPool(host='bomen.amsterdam.nl', port=443): Max retries exceeded with url: /features.data?type=tree&id=8620198&filters=&_routes=routes%2Ffeatures (Caused by NameResolutionError("<urllib3.connection.HTTPSConnection object at 0x7a0619dc5ac0>: Failed to resolve 'bomen.amsterdam.nl' ([Errno -3] Temporary failure in name resolution)"))
Retrieving data for 8620199
Request error for 8620199: HTTPSConnectionPool(host='bomen.amsterdam.nl', port=443): Max retries exceeded with url: /features.data?type=tree&id=8620199&filters=&_routes=routes%2Ffeatures (Caused by NameResolutionError("<urllib3.connection.HTTPSConnection object at 0x7a0619dc5520>: Failed to resolve 'bomen.amsterdam.nl' ([Errno -3] Temporary failure in name resolution)"))
Retrieving data for 8620200
Request error for 8620200: HTTPSConnectionPool(host='bomen.amsterdam.nl', port=443): Max retries exceeded with url: /features.data?type=tree&id=8620200&filters=&_routes=routes%2Ffeatures (Caused by NameResolutionError("<urllib3.connection.HTTPSConnection object at 0x7a0619dc42c0>: Failed to resolve 'bomen.amsterdam.nl' ([Errno -3] Temporary failure in name resolution)"))
Retrieving data for 8620201
Request error for 8620201: HTTPSConnectionPool(host='bomen.amsterdam.nl', port=443): Max retries exceeded with url: /features.data?type=tree&id=8620201&filters=&_routes=routes%2Ffeatures (Caused by NameResolutionError("<urllib3.connection.HTTPSConnection object at 0x7a0619d63080>: Failed to resolve 'bomen.amsterdam.nl' ([Errno -3] Temporary failure in name resolution)"))
Retrieving data for 8620202
Request error for 8620202: HTTPSConnectionPool(host='bomen.amsterdam.nl', port=443): Read timed out. (read timeout=10)
Retrieving data for 8620203
Request error for 8620203: HTTPSConnectionPool(host='bomen.amsterdam.nl', port=443): Read timed out. (read timeout=10)
Retrieving data for 8620204
Request error for 8620204: HTTPSConnectionPool(host='bomen.amsterdam.nl', port=443): Read timed out. (read timeout=10)
Retrieving data for 8620205
Request error for 8620205: HTTPSConnectionPool(host='bomen.amsterdam.nl', port=443): Read timed out. (read timeout=10)
Retrieving data for 8620206
Request error for 8620206: 503 Server Error: Service Temporarily Unavailable for url: https://bomen.amsterdam.nl/features.data?type=tree&id=8620206&filters=&_routes=routes%2Ffeatures
Retrieving data for 8620207
Request error for 8620207: 503 Server Error: Service Temporarily Unavailable for url: https://bomen.amsterdam.nl/features.data?type=tree&id=8620207&filters=&_routes=routes%2Ffeatures
Retrieving data for 8620208
Request error for 8620208: 503 Server Error: Service Temporarily Unavailable for url: https://bomen.amsterdam.nl/features.data?type=tree&id=8620208&filters=&_routes=routes%2Ffeatures
Retrieving data for 8620209
Request error for 8620209: 503 Server Error: Service Temporarily Unavailable for url: https://bomen.amsterdam.nl/features.data?type=tree&id=8620209&filters=&_routes=routes%2Ffeatures
Retrieving data for 8620210
Request error for 8620210: HTTPSConnectionPool(host='bomen.amsterdam.nl', port=443): Max retries exceeded with url: /features.data?type=tree&id=8620210&filters=&_routes=routes%2Ffeatures (Caused by ConnectTimeoutError(<urllib3.connection.HTTPSConnection object at 0x7a0619dc42c0>, 'Connection to bomen.amsterdam.nl timed out. (connect timeout=10)'))
Retrieving data for 8620211
Request error for 8620211: HTTPSConnectionPool(host='bomen.amsterdam.nl', port=443): Max retries exceeded with url: /features.data?type=tree&id=8620211&filters=&_routes=routes%2Ffeatures (Caused by NameResolutionError("<urllib3.connection.HTTPSConnection object at 0x7a0619dc7bc0>: Failed to resolve 'bomen.amsterdam.nl' ([Errno -3] Temporary failure in name resolution)"))
Retrieving data for 8620212
Request error for 8620212: HTTPSConnectionPool(host='bomen.amsterdam.nl', port=443): Max retries exceeded with url: /features.data?type=tree&id=8620212&filters=&_routes=routes%2Ffeatures (Caused by NameResolutionError("<urllib3.connection.HTTPSConnection object at 0x7a0619dc50a0>: Failed to resolve 'bomen.amsterdam.nl' ([Errno -3] Temporary failure in name resolution)"))
Retrieving data for 8620213
Request error for 8620213: 503 Server Error: Service Temporarily Unavailable for url: https://bomen.amsterdam.nl/features.data?type=tree&id=8620213&filters=&_routes=routes%2Ffeatures
Retrieving data for 8620214
Request error for 8620214: 503 Server Error: Service Temporarily Unavailable for url: https://bomen.amsterdam.nl/features.data?type=tree&id=8620214&filters=&_routes=routes%2Ffeatures
Retrieving data for 8620215
Request error for 8620215: 503 Server Error: Service Temporarily Unavailable for url: https://bomen.amsterdam.nl/features.data?type=tree&id=8620215&filters=&_routes=routes%2Ffeatures
Retrieving data for 8620216
Request error for 8620216: 502 Server Error: Bad Gateway for url: https://bomen.amsterdam.nl/features.data?type=tree&id=8620216&filters=&_routes=routes%2Ffeatures
Retrieving data for 8620217
Request error for 8620217: HTTPSConnectionPool(host='bomen.amsterdam.nl', port=443): Max retries exceeded with url: /features.data?type=tree&id=8620217&filters=&_routes=routes%2Ffeatures (Caused by NameResolutionError("<urllib3.connection.HTTPSConnection object at 0x7a0619de4f80>: Failed to resolve 'bomen.amsterdam.nl' ([Errno -3] Temporary failure in name resolution)"))
Retrieving data for 8620218
Request error for 8620218: 502 Server Error: Bad Gateway for url: https://bomen.amsterdam.nl/features.data?type=tree&id=8620218&filters=&_routes=routes%2Ffeatures
Retrieving data for 8620219
Request error for 8620219: 502 Server Error: Bad Gateway for url: https://bomen.amsterdam.nl/features.data?type=tree&id=8620219&filters=&_routes=routes%2Ffeatures
Retrieving data for 8620220
Request error for 8620220: HTTPSConnectionPool(host='bomen.amsterdam.nl', port=443): Max retries exceeded with url: /features.data?type=tree&id=8620220&filters=&_routes=routes%2Ffeatures (Caused by NameResolutionError("<urllib3.connection.HTTPSConnection object at 0x7a0619dc7e90>: Failed to resolve 'bomen.amsterdam.nl' ([Errno -3] Temporary failure in name resolution)"))
Retrieving data for 8620221
Request error for 8620221: HTTPSConnectionPool(host='bomen.amsterdam.nl', port=443): Max retries exceeded with url: /features.data?type=tree&id=8620221&filters=&_routes=routes%2Ffeatures (Caused by NameResolutionError("<urllib3.connection.HTTPSConnection object at 0x7a0619dc7f80>: Failed to resolve 'bomen.amsterdam.nl' ([Errno -3] Temporary failure in name resolution)"))
Retrieving data for 8620222
Request error for 8620222: 502 Server Error: Bad Gateway for url: https://bomen.amsterdam.nl/features.data?type=tree&id=8620222&filters=&_routes=routes%2Ffeatures
Retrieving data for 8620223
Request error for 8620223: 502 Server Error: Bad Gateway for url: https://bomen.amsterdam.nl/features.data?type=tree&id=8620223&filters=&_routes=routes%2Ffeatures
Retrieving data for 8620224
Request error for 8620224: 502 Server Error: Bad Gateway for url: https://bomen.amsterdam.nl/features.data?type=tree&id=8620224&filters=&_routes=routes%2Ffeatures
Retrieving data for 8620225
Request error for 8620225: 502 Server Error: Bad Gateway for url: https://bomen.amsterdam.nl/features.data?type=tree&id=8620225&filters=&_routes=routes%2Ffeatures
Retrieving data for 8620226
Request error for 8620226: 502 Server Error: Bad Gateway for url: https://bomen.amsterdam.nl/features.data?type=tree&id=8620226&filters=&_routes=routes%2Ffeatures
Retrieving data for 8620227
Request error for 8620227: 502 Server Error: Bad Gateway for url: https://bomen.amsterdam.nl/features.data?type=tree&id=8620227&filters=&_routes=routes%2Ffeatures
Retrieving data for 8620228
Request error for 8620228: 502 Server Error: Bad Gateway for url: https://bomen.amsterdam.nl/features.data?type=tree&id=8620228&filters=&_routes=routes%2Ffeatures
Retrieving data for 8620229
Request error for 8620229: 502 Server Error: Bad Gateway for url: https://bomen.amsterdam.nl/features.data?type=tree&id=8620229&filters=&_routes=routes%2Ffeatures
Retrieving data for 8620230
Request error for 8620230: HTTPSConnectionPool(host='bomen.amsterdam.nl', port=443): Max retries exceeded with url: /features.data?type=tree&id=8620230&filters=&_routes=routes%2Ffeatures (Caused by ConnectTimeoutError(<urllib3.connection.HTTPSConnection object at 0x7a0619dc6f00>, 'Connection to bomen.amsterdam.nl timed out. (connect timeout=10)'))
Retrieving data for 8620231
Request error for 8620231: HTTPSConnectionPool(host='bomen.amsterdam.nl', port=443): Max retries exceeded with url: /features.data?type=tree&id=8620231&filters=&_routes=routes%2Ffeatures (Caused by NameResolutionError("<urllib3.connection.HTTPSConnection object at 0x7a061a07a540>: Failed to resolve 'bomen.amsterdam.nl' ([Errno -3] Temporary failure in name resolution)"))
Retrieving data for 8620232
Request error for 8620232: HTTPSConnectionPool(host='bomen.amsterdam.nl', port=443): Max retries exceeded with url: /features.data?type=tree&id=8620232&filters=&_routes=routes%2Ffeatures (Caused by NameResolutionError("<urllib3.connection.HTTPSConnection object at 0x7a0619de7650>: Failed to resolve 'bomen.amsterdam.nl' ([Errno -3] Temporary failure in name resolution)"))
Retrieving data for 8620233
Request error for 8620233: HTTPSConnectionPool(host='bomen.amsterdam.nl', port=443): Max retries exceeded with url: /features.data?type=tree&id=8620233&filters=&_routes=routes%2Ffeatures (Caused by ConnectTimeoutError(<urllib3.connection.HTTPSConnection object at 0x7a0619de79b0>, 'Connection to bomen.amsterdam.nl timed out. (connect timeout=10)'))
Retrieving data for 8620234
Request error for 8620234: HTTPSConnectionPool(host='bomen.amsterdam.nl', port=443): Max retries exceeded with url: /features.data?type=tree&id=8620234&filters=&_routes=routes%2Ffeatures (Caused by ConnectTimeoutError(<urllib3.connection.HTTPSConnection object at 0x7a0619f0e720>, 'Connection to bomen.amsterdam.nl timed out. (connect timeout=10)'))
Retrieving data for 8620235
Request error for 8620235: HTTPSConnectionPool(host='bomen.amsterdam.nl', port=443): Read timed out. (read timeout=10)
Retrieving data for 8620236
Request error for 8620236: HTTPSConnectionPool(host='bomen.amsterdam.nl', port=443): Read timed out. (read timeout=10)
Retrieving data for 8620237
Request error for 8620237: 502 Server Error: Bad Gateway for url: https://bomen.amsterdam.nl/features.data?type=tree&id=8620237&filters=&_routes=routes%2Ffeatures
Retrieving data for 8620238
Request error for 8620238: HTTPSConnectionPool(host='bomen.amsterdam.nl', port=443): Read timed out. (read timeout=10)
Retrieving data for 8620239
Request error for 8620239: HTTPSConnectionPool(host='bomen.amsterdam.nl', port=443): Read timed out. (read timeout=10)
Retrieving data for 8620240
Request error for 8620240: 502 Server Error: Bad Gateway for url: https://bomen.amsterdam.nl/features.data?type=tree&id=8620240&filters=&_routes=routes%2Ffeatures
Retrieving data for 8620241
Request error for 8620241: 502 Server Error: Bad Gateway for url: https://bomen.amsterdam.nl/features.data?type=tree&id=8620241&filters=&_routes=routes%2Ffeatures
Retrieving data for 8620242
Request error for 8620242: 503 Server Error: Service Temporarily Unavailable for url: https://bomen.amsterdam.nl/features.data?type=tree&id=8620242&filters=&_routes=routes%2Ffeatures
Retrieving data for 8620243
Request error for 8620243: 503 Server Error: Service Temporarily Unavailable for url: https://bomen.amsterdam.nl/features.data?type=tree&id=8620243&filters=&_routes=routes%2Ffeatures
Retrieving data for 8620244
Request error for 8620244: 503 Server Error: Service Temporarily Unavailable for url: https://bomen.amsterdam.nl/features.data?type=tree&id=8620244&filters=&_routes=routes%2Ffeatures
Retrieving data for 8620245
Request error for 8620245: HTTPSConnectionPool(host='bomen.amsterdam.nl', port=443): Read timed out. (read timeout=10)
Retrieving data for 8620246
Request error for 8620246: HTTPSConnectionPool(host='bomen.amsterdam.nl', port=443): Read timed out. (read timeout=10)
Retrieving data for 8620247
Request error for 8620247: HTTPSConnectionPool(host='bomen.amsterdam.nl', port=443): Read timed out. (read timeout=10)
Retrieving data for 8620248
Request error for 8620248: 502 Server Error: Bad Gateway for url: https://bomen.amsterdam.nl/features.data?type=tree&id=8620248&filters=&_routes=routes%2Ffeatures
Retrieving data for 8620249
Request error for 8620249: 503 Server Error: Service Temporarily Unavailable for url: https://bomen.amsterdam.nl/features.data?type=tree&id=8620249&filters=&_routes=routes%2Ffeatures
Retrieving data for 8620250
Request error for 8620250: 503 Server Error: Service Temporarily Unavailable for url: https://bomen.amsterdam.nl/features.data?type=tree&id=8620250&filters=&_routes=routes%2Ffeatures
Retrieving data for 8620251
Request error for 8620251: 503 Server Error: Service Temporarily Unavailable for url: https://bomen.amsterdam.nl/features.data?type=tree&id=8620251&filters=&_routes=routes%2Ffeatures
Retrieving data for 8620252
Request error for 8620252: 502 Server Error: Bad Gateway for url: https://bomen.amsterdam.nl/features.data?type=tree&id=8620252&filters=&_routes=routes%2Ffeatures
Retrieving data for 8620253
Request error for 8620253: 502 Server Error: Bad Gateway for url: https://bomen.amsterdam.nl/features.data?type=tree&id=8620253&filters=&_routes=routes%2Ffeatures
Retrieving data for 8620254
Request error for 8620254: HTTPSConnectionPool(host='bomen.amsterdam.nl', port=443): Max retries exceeded with url: /features.data?type=tree&id=8620254&filters=&_routes=routes%2Ffeatures (Caused by ConnectTimeoutError(<urllib3.connection.HTTPSConnection object at 0x7a0619dc6ae0>, 'Connection to bomen.amsterdam.nl timed out. (connect timeout=10)'))
Retrieving data for 8620255
Request error for 8620255: HTTPSConnectionPool(host='bomen.amsterdam.nl', port=443): Max retries exceeded with url: /features.data?type=tree&id=8620255&filters=&_routes=routes%2Ffeatures (Caused by NameResolutionError("<urllib3.connection.HTTPSConnection object at 0x7a0619de7fb0>: Failed to resolve 'bomen.amsterdam.nl' ([Errno -3] Temporary failure in name resolution)"))
Retrieving data for 8620256
Request error for 8620256: HTTPSConnectionPool(host='bomen.amsterdam.nl', port=443): Max retries exceeded with url: /features.data?type=tree&id=8620256&filters=&_routes=routes%2Ffeatures (Caused by NameResolutionError("<urllib3.connection.HTTPSConnection object at 0x7a0619de4ad0>: Failed to resolve 'bomen.amsterdam.nl' ([Errno -3] Temporary failure in name resolution)"))
Retrieving data for 8620257
Request error for 8620257: HTTPSConnectionPool(host='bomen.amsterdam.nl', port=443): Read timed out. (read timeout=10)
Retrieving data for 8620258
Request error for 8620258: HTTPSConnectionPool(host='bomen.amsterdam.nl', port=443): Read timed out. (read timeout=10)
Retrieving data for 8620259
Request error for 8620259: HTTPSConnectionPool(host='bomen.amsterdam.nl', port=443): Read timed out. (read timeout=10)
Retrieving data for 8620260
Request error for 8620260: HTTPSConnectionPool(host='bomen.amsterdam.nl', port=443): Max retries exceeded with url: /features.data?type=tree&id=8620260&filters=&_routes=routes%2Ffeatures (Caused by NameResolutionError("<urllib3.connection.HTTPSConnection object at 0x7a0619d94e90>: Failed to resolve 'bomen.amsterdam.nl' ([Errno -3] Temporary failure in name resolution)"))
Retrieving data for 8620261
Request error for 8620261: 503 Server Error: Service Temporarily Unavailable for url: https://bomen.amsterdam.nl/features.data?type=tree&id=8620261&filters=&_routes=routes%2Ffeatures
Retrieving data for 8620262
Request error for 8620262: 503 Server Error: Service Temporarily Unavailable for url: https://bomen.amsterdam.nl/features.data?type=tree&id=8620262&filters=&_routes=routes%2Ffeatures
Retrieving data for 8620263
Request error for 8620263: 503 Server Error: Service Temporarily Unavailable for url: https://bomen.amsterdam.nl/features.data?type=tree&id=8620263&filters=&_routes=routes%2Ffeatures
Retrieving data for 8620264
Request error for 8620264: 503 Server Error: Service Temporarily Unavailable for url: https://bomen.amsterdam.nl/features.data?type=tree&id=8620264&filters=&_routes=routes%2Ffeatures
Retrieving data for 8620265
Request error for 8620265: 503 Server Error: Service Temporarily Unavailable for url: https://bomen.amsterdam.nl/features.data?type=tree&id=8620265&filters=&_routes=routes%2Ffeatures
Retrieving data for 8620266
Request error for 8620266: 502 Server Error: Bad Gateway for url: https://bomen.amsterdam.nl/features.data?type=tree&id=8620266&filters=&_routes=routes%2Ffeatures
Retrieving data for 8620267
Request error for 8620267: HTTPSConnectionPool(host='bomen.amsterdam.nl', port=443): Max retries exceeded with url: /features.data?type=tree&id=8620267&filters=&_routes=routes%2Ffeatures (Caused by ConnectTimeoutError(<urllib3.connection.HTTPSConnection object at 0x7a0619de5970>, 'Connection to bomen.amsterdam.nl timed out. (connect timeout=10)'))
Retrieving data for 8620268
Request error for 8620268: HTTPSConnectionPool(host='bomen.amsterdam.nl', port=443): Read timed out. (read timeout=10)
Retrieving data for 8620269
Request error for 8620269: HTTPSConnectionPool(host='bomen.amsterdam.nl', port=443): Read timed out. (read timeout=10)
Retrieving data for 8620270
Request error for 8620270: HTTPSConnectionPool(host='bomen.amsterdam.nl', port=443): Read timed out. (read timeout=10)
Retrieving data for 8620271
Request error for 8620271: 502 Server Error: Bad Gateway for url: https://bomen.amsterdam.nl/features.data?type=tree&id=8620271&filters=&_routes=routes%2Ffeatures
Retrieving data for 8620272
Request error for 8620272: 502 Server Error: Bad Gateway for url: https://bomen.amsterdam.nl/features.data?type=tree&id=8620272&filters=&_routes=routes%2Ffeatures
Retrieving data for 8620273
Request error for 8620273: 502 Server Error: Bad Gateway for url: https://bomen.amsterdam.nl/features.data?type=tree&id=8620273&filters=&_routes=routes%2Ffeatures
Retrieving data for 8620274
Request error for 8620274: 502 Server Error: Bad Gateway for url: https://bomen.amsterdam.nl/features.data?type=tree&id=8620274&filters=&_routes=routes%2Ffeatures
Retrieving data for 8620275
Request error for 8620275: 502 Server Error: Bad Gateway for url: https://bomen.amsterdam.nl/features.data?type=tree&id=8620275&filters=&_routes=routes%2Ffeatures
Retrieving data for 8620276
Request error for 8620276: HTTPSConnectionPool(host='bomen.amsterdam.nl', port=443): Max retries exceeded with url: /features.data?type=tree&id=8620276&filters=&_routes=routes%2Ffeatures (Caused by ConnectTimeoutError(<urllib3.connection.HTTPSConnection object at 0x7a0619dc5910>, 'Connection to bomen.amsterdam.nl timed out. (connect timeout=10)'))
Retrieving data for 8620277
Request error for 8620277: HTTPSConnectionPool(host='bomen.amsterdam.nl', port=443): Max retries exceeded with url: /features.data?type=tree&id=8620277&filters=&_routes=routes%2Ffeatures (Caused by NameResolutionError("<urllib3.connection.HTTPSConnection object at 0x7a0619dc5880>: Failed to resolve 'bomen.amsterdam.nl' ([Errno -3] Temporary failure in name resolution)"))
Retrieving data for 8620278
Request error for 8620278: HTTPSConnectionPool(host='bomen.amsterdam.nl', port=443): Max retries exceeded with url: /features.data?type=tree&id=8620278&filters=&_routes=routes%2Ffeatures (Caused by NameResolutionError("<urllib3.connection.HTTPSConnection object at 0x7a0619de7530>: Failed to resolve 'bomen.amsterdam.nl' ([Errno -3] Temporary failure in name resolution)"))
Retrieving data for 8620279
Request error for 8620279: 502 Server Error: Bad Gateway for url: https://bomen.amsterdam.nl/features.data?type=tree&id=8620279&filters=&_routes=routes%2Ffeatures
Retrieving data for 8620280
Request error for 8620280: 502 Server Error: Bad Gateway for url: https://bomen.amsterdam.nl/features.data?type=tree&id=8620280&filters=&_routes=routes%2Ffeatures
Retrieving data for 8620281
Request error for 8620281: HTTPSConnectionPool(host='bomen.amsterdam.nl', port=443): Read timed out. (read timeout=10)
Retrieving data for 8620282
Request error for 8620282: HTTPSConnectionPool(host='bomen.amsterdam.nl', port=443): Read timed out. (read timeout=10)
Retrieving data for 8620283
Request error for 8620283: HTTPSConnectionPool(host='bomen.amsterdam.nl', port=443): Read timed out. (read timeout=10)
Retrieving data for 8620284
Request error for 8620284: 503 Server Error: Service Temporarily Unavailable for url: https://bomen.amsterdam.nl/features.data?type=tree&id=8620284&filters=&_routes=routes%2Ffeatures
Retrieving data for 8620285
Request error for 8620285: 503 Server Error: Service Temporarily Unavailable for url: https://bomen.amsterdam.nl/features.data?type=tree&id=8620285&filters=&_routes=routes%2Ffeatures
Retrieving data for 8620286
Request error for 8620286: 503 Server Error: Service Temporarily Unavailable for url: https://bomen.amsterdam.nl/features.data?type=tree&id=8620286&filters=&_routes=routes%2Ffeatures
Retrieving data for 8620287
Request error for 8620287: 503 Server Error: Service Temporarily Unavailable for url: https://bomen.amsterdam.nl/features.data?type=tree&id=8620287&filters=&_routes=routes%2Ffeatures
Retrieving data for 8620288
Request error for 8620288: 503 Server Error: Service Temporarily Unavailable for url: https://bomen.amsterdam.nl/features.data?type=tree&id=8620288&filters=&_routes=routes%2Ffeatures
Retrieving data for 8620289
Request error for 8620289: 503 Server Error: Service Temporarily Unavailable for url: https://bomen.amsterdam.nl/features.data?type=tree&id=8620289&filters=&_routes=routes%2Ffeatures
Retrieving data for 8620290
Request error for 8620290: 503 Server Error: Service Temporarily Unavailable for url: https://bomen.amsterdam.nl/features.data?type=tree&id=8620290&filters=&_routes=routes%2Ffeatures
Retrieving data for 8620291
Request error for 8620291: HTTPSConnectionPool(host='bomen.amsterdam.nl', port=443): Max retries exceeded with url: /features.data?type=tree&id=8620291&filters=&_routes=routes%2Ffeatures (Caused by NameResolutionError("<urllib3.connection.HTTPSConnection object at 0x7a0619dc7080>: Failed to resolve 'bomen.amsterdam.nl' ([Errno -3] Temporary failure in name resolution)"))
Retrieving data for 8620292
Request error for 8620292: HTTPSConnectionPool(host='bomen.amsterdam.nl', port=443): Max retries exceeded with url: /features.data?type=tree&id=8620292&filters=&_routes=routes%2Ffeatures (Caused by ConnectTimeoutError(<urllib3.connection.HTTPSConnection object at 0x7a0619dc61e0>, 'Connection to bomen.amsterdam.nl timed out. (connect timeout=10)'))
Retrieving data for 8620293
Request error for 8620293: 503 Server Error: Service Temporarily Unavailable for url: https://bomen.amsterdam.nl/features.data?type=tree&id=8620293&filters=&_routes=routes%2Ffeatures
Retrieving data for 8620294
Request error for 8620294: 502 Server Error: Bad Gateway for url: https://bomen.amsterdam.nl/features.data?type=tree&id=8620294&filters=&_routes=routes%2Ffeatures
Retrieving data for 8620295
Request error for 8620295: 502 Server Error: Bad Gateway for url: https://bomen.amsterdam.nl/features.data?type=tree&id=8620295&filters=&_routes=routes%2Ffeatures
Retrieving data for 8620296
Request error for 8620296: 502 Server Error: Bad Gateway for url: https://bomen.amsterdam.nl/features.data?type=tree&id=8620296&filters=&_routes=routes%2Ffeatures
Retrieving data for 8620297
Request error for 8620297: 502 Server Error: Bad Gateway for url: https://bomen.amsterdam.nl/features.data?type=tree&id=8620297&filters=&_routes=routes%2Ffeatures
Retrieving data for 8620298
Request error for 8620298: 502 Server Error: Bad Gateway for url: https://bomen.amsterdam.nl/features.data?type=tree&id=8620298&filters=&_routes=routes%2Ffeatures
Retrieving data for 8620299
Request error for 8620299: HTTPSConnectionPool(host='bomen.amsterdam.nl', port=443): Max retries exceeded with url: /features.data?type=tree&id=8620299&filters=&_routes=routes%2Ffeatures (Caused by NameResolutionError("<urllib3.connection.HTTPSConnection object at 0x7a0619de5970>: Failed to resolve 'bomen.amsterdam.nl' ([Errno -3] Temporary failure in name resolution)"))
Retrieving data for 8620300
Request error for 8620300: HTTPSConnectionPool(host='bomen.amsterdam.nl', port=443): Max retries exceeded with url: /features.data?type=tree&id=8620300&filters=&_routes=routes%2Ffeatures (Caused by NameResolutionError("<urllib3.connection.HTTPSConnection object at 0x7a0619de6180>: Failed to resolve 'bomen.amsterdam.nl' ([Errno -3] Temporary failure in name resolution)"))
Retrieving data for 8620301
Request error for 8620301: HTTPSConnectionPool(host='bomen.amsterdam.nl', port=443): Max retries exceeded with url: /features.data?type=tree&id=8620301&filters=&_routes=routes%2Ffeatures (Caused by NameResolutionError("<urllib3.connection.HTTPSConnection object at 0x7a061a0e4470>: Failed to resolve 'bomen.amsterdam.nl' ([Errno -3] Temporary failure in name resolution)"))
Retrieving data for 8620302
Request error for 8620302: HTTPSConnectionPool(host='bomen.amsterdam.nl', port=443): Max retries exceeded with url: /features.data?type=tree&id=8620302&filters=&_routes=routes%2Ffeatures (Caused by NameResolutionError("<urllib3.connection.HTTPSConnection object at 0x7a0619dc6960>: Failed to resolve 'bomen.amsterdam.nl' ([Errno -3] Temporary failure in name resolution)"))
Retrieving data for 8620303
Request error for 8620303: HTTPSConnectionPool(host='bomen.amsterdam.nl', port=443): Max retries exceeded with url: /features.data?type=tree&id=8620303&filters=&_routes=routes%2Ffeatures (Caused by NameResolutionError("<urllib3.connection.HTTPSConnection object at 0x7a0619dc6ae0>: Failed to resolve 'bomen.amsterdam.nl' ([Errno -3] Temporary failure in name resolution)"))
Retrieving data for 8620304
Request error for 8620304: HTTPSConnectionPool(host='bomen.amsterdam.nl', port=443): Max retries exceeded with url: /features.data?type=tree&id=8620304&filters=&_routes=routes%2Ffeatures (Caused by NameResolutionError("<urllib3.connection.HTTPSConnection object at 0x7a0619dc74d0>: Failed to resolve 'bomen.amsterdam.nl' ([Errno -3] Temporary failure in name resolution)"))
Retrieving data for 8620305
Request error for 8620305: HTTPSConnectionPool(host='bomen.amsterdam.nl', port=443): Max retries exceeded with url: /features.data?type=tree&id=8620305&filters=&_routes=routes%2Ffeatures (Caused by NameResolutionError("<urllib3.connection.HTTPSConnection object at 0x7a0619de62a0>: Failed to resolve 'bomen.amsterdam.nl' ([Errno -3] Temporary failure in name resolution)"))
Retrieving data for 8620306
Request error for 8620306: HTTPSConnectionPool(host='bomen.amsterdam.nl', port=443): Max retries exceeded with url: /features.data?type=tree&id=8620306&filters=&_routes=routes%2Ffeatures (Caused by NameResolutionError("<urllib3.connection.HTTPSConnection object at 0x7a0619de6570>: Failed to resolve 'bomen.amsterdam.nl' ([Errno -3] Temporary failure in name resolution)"))
Retrieving data for 8620307
Request error for 8620307: HTTPSConnectionPool(host='bomen.amsterdam.nl', port=443): Max retries exceeded with url: /features.data?type=tree&id=8620307&filters=&_routes=routes%2Ffeatures (Caused by NameResolutionError("<urllib3.connection.HTTPSConnection object at 0x7a0619de5ca0>: Failed to resolve 'bomen.amsterdam.nl' ([Errno -3] Temporary failure in name resolution)"))
Retrieving data for 8620308
Request error for 8620308: HTTPSConnectionPool(host='bomen.amsterdam.nl', port=443): Max retries exceeded with url: /features.data?type=tree&id=8620308&filters=&_routes=routes%2Ffeatures (Caused by NameResolutionError("<urllib3.connection.HTTPSConnection object at 0x7a0619dc7050>: Failed to resolve 'bomen.amsterdam.nl' ([Errno -3] Temporary failure in name resolution)"))
Retrieving data for 8620309
Request error for 8620309: HTTPSConnectionPool(host='bomen.amsterdam.nl', port=443): Read timed out. (read timeout=10)
Retrieving data for 8620310
Request error for 8620310: HTTPSConnectionPool(host='bomen.amsterdam.nl', port=443): Read timed out. (read timeout=10)
Retrieving data for 8620311
Request error for 8620311: HTTPSConnectionPool(host='bomen.amsterdam.nl', port=443): Read timed out. (read timeout=10)
Retrieving data for 8620312
Request error for 8620312: HTTPSConnectionPool(host='bomen.amsterdam.nl', port=443): Read timed out. (read timeout=10)
Retrieving data for 8620313
onnectionPool(host='bomen.amsterdam.nl', port=443): Max retries exceeded with url: /features.data?type=tree&id=8620303&filters=&_routes=routes%2Ffeatures (Caused by NameResolutionError("<urllib3.connection.HTTPSConnection object at 0x78e55d7cb590>: Failed to resolve 'bomen.amsterdam.nl' ([Errno -3] Temporary failure in name resolution)"))
Retrieving data for 8620304
Request error for 8620304: HTTPSConnectionPool(host='bomen.amsterdam.nl', port=443): Read timed out. (read timeout=10)
Retrieving data for 8620305
Request error for 8620305: HTTPSConnectionPool(host='bomen.amsterdam.nl', port=443): Read timed out. (read timeout=10)
Retrieving data for 8620306
Request error for 8620306: HTTPSConnectionPool(host='bomen.amsterdam.nl', port=443): Read timed out. (read timeout=10)
Retrieving data for 8620307
Request error for 8620307: HTTPSConnectionPool(host='bomen.amsterdam.nl', port=443): Max retries exceeded with url: /features.data?type=tree&id=8620307&filters=&_routes=routes%2Ffeatures (Caused by NameResolutionError("<urllib3.connection.HTTPSConnection object at 0x78e55d7a67b0>: Failed to resolve 'bomen.amsterdam.nl' ([Errno -3] Temporary failure in name resolution)"))
Retrieving data for 8620308
Request error for 8620308: HTTPSConnectionPool(host='bomen.amsterdam.nl', port=443): Max retries exceeded with url: /features.data?type=tree&id=8620308&filters=&_routes=routes%2Ffeatures (Caused by NameResolutionError("<urllib3.connection.HTTPSConnection object at 0x78e55d7a7f80>: Failed to resolve 'bomen.amsterdam.nl' ([Errno -3] Temporary failure in name resolution)"))
Retrieving data for 8620309
Request error for 8620309: 503 Server Error: Service Temporarily Unavailable for url: https://bomen.amsterdam.nl/features.data?type=tree&id=8620309&filters=&_routes=routes%2Ffeatures
Retrieving data for 8620310
Request error for 8620310: 503 Server Error: Service Temporarily Unavailable for url: https://bomen.amsterdam.nl/features.data?type=tree&id=8620310&filters=&_routes=routes%2Ffeatures
Retrieving data for 8620311
Request error for 8620311: 503 Server Error: Service Temporarily Unavailable for url: https://bomen.amsterdam.nl/features.data?type=tree&id=8620311&filters=&_routes=routes%2Ffeatures
Retrieving data for 8620312
Request error for 8620312: HTTPSConnectionPool(host='bomen.amsterdam.nl', port=443): Read timed out. (read timeout=10)
Retrieving data for 8620313
Request error for 8620313: HTTPSConnectionPool(host='bomen.amsterdam.nl', port=443): Read timed out. (read timeout=10)
Retrieving data for 8620314
Request error for 8620314: HTTPSConnectionPool(host='bomen.amsterdam.nl', port=443): Read timed out. (read timeout=10)
Retrieving data for 8620315
Request error for 8620315: HTTPSConnectionPool(host='bomen.amsterdam.nl', port=443): Read timed out. (read timeout=10)
Retrieving data for 8620316
Request error for 8620316: 502 Server Error: Bad Gateway for url: https://bomen.amsterdam.nl/features.data?type=tree&id=8620316&filters=&_routes=routes%2Ffeatures
Retrieving data for 8620317
Request error for 8620317: 503 Server Error: Service Temporarily Unavailable for url: https://bomen.amsterdam.nl/features.data?type=tree&id=8620317&filters=&_routes=routes%2Ffeatures
Retrieving data for 8620318
Request error for 8620318: 502 Server Error: Bad Gateway for url: https://bomen.amsterdam.nl/features.data?type=tree&id=8620318&filters=&_routes=routes%2Ffeatures
Retrieving data for 8620319
Request error for 8620319: HTTPSConnectionPool(host='bomen.amsterdam.nl', port=443): Max retries exceeded with url: /features.data?type=tree&id=8620319&filters=&_routes=routes%2Ffeatures (Caused by NameResolutionError("<urllib3.connection.HTTPSConnection object at 0x78e55d7cb440>: Failed to resolve 'bomen.amsterdam.nl' ([Errno -3] Temporary failure in name resolution)"))
Retrieving data for 8620320
Request error for 8620320: 502 Server Error: Bad Gateway for url: https://bomen.amsterdam.nl/features.data?type=tree&id=8620320&filters=&_routes=routes%2Ffeatures
Retrieving data for 8620321
Request error for 8620321: 502 Server Error: Bad Gateway for url: https://bomen.amsterdam.nl/features.data?type=tree&id=8620321&filters=&_routes=routes%2Ffeatures
Retrieving data for 8620322
Request error for 8620322: 502 Server Error: Bad Gateway for url: https://bomen.amsterdam.nl/features.data?type=tree&id=8620322&filters=&_routes=routes%2Ffeatures
Retrieving data for 8620323
Request error for 8620323: 502 Server Error: Bad Gateway for url: https://bomen.amsterdam.nl/features.data?type=tree&id=8620323&filters=&_routes=routes%2Ffeatures
Retrieving data for 8620324
Request error for 8620324: 502 Server Error: Bad Gateway for url: https://bomen.amsterdam.nl/features.data?type=tree&id=8620324&filters=&_routes=routes%2Ffeatures
Retrieving data for 8620325
Request error for 8620325: 502 Server Error: Bad Gateway for url: https://bomen.amsterdam.nl/features.data?type=tree&id=8620325&filters=&_routes=routes%2Ffeatures
Retrieving data for 8620326
Request error for 8620326: 502 Server Error: Bad Gateway for url: https://bomen.amsterdam.nl/features.data?type=tree&id=8620326&filters=&_routes=routes%2Ffeatures
Retrieving data for 8620327
Request error for 8620327: HTTPSConnectionPool(host='bomen.amsterdam.nl', port=443): Max retries exceeded with url: /features.data?type=tree&id=8620327&filters=&_routes=routes%2Ffeatures (Caused by NameResolutionError("<urllib3.connection.HTTPSConnection object at 0x78e55d7cb6e0>: Failed to resolve 'bomen.amsterdam.nl' ([Errno -3] Temporary failure in name resolution)"))
Retrieving data for 8620328
Request error for 8620328: HTTPSConnectionPool(host='bomen.amsterdam.nl', port=443): Max retries exceeded with url: /features.data?type=tree&id=8620328&filters=&_routes=routes%2Ffeatures (Caused by NameResolutionError("<urllib3.connection.HTTPSConnection object at 0x78e55d7e46b0>: Failed to resolve 'bomen.amsterdam.nl' ([Errno -3] Temporary failure in name resolution)"))
Retrieving data for 8620329
Request error for 8620329: 502 Server Error: Bad Gateway for url: https://bomen.amsterdam.nl/features.data?type=tree&id=8620329&filters=&_routes=routes%2Ffeatures
Retrieving data for 8620330
Request error for 8620330: HTTPSConnectionPool(host='bomen.amsterdam.nl', port=443): Read timed out. (read timeout=10)
Retrieving data for 8620331
Request error for 8620331: HTTPSConnectionPool(host='bomen.amsterdam.nl', port=443): Read timed out. (read timeout=10)
Retrieving data for 8620332
Request error for 8620332: HTTPSConnectionPool(host='bomen.amsterdam.nl', port=443): Read timed out. (read timeout=10)
Retrieving data for 8620333
Request error for 8620333: HTTPSConnectionPool(host='bomen.amsterdam.nl', port=443): Max retries exceeded with url: /features.data?type=tree&id=8620333&filters=&_routes=routes%2Ffeatures (Caused by NameResolutionError("<urllib3.connection.HTTPSConnection object at 0x78e55d7a66c0>: Failed to resolve 'bomen.amsterdam.nl' ([Errno -3] Temporary failure in name resolution)"))
Retrieving data for 8620334
Request error for 8620334: HTTPSConnectionPool(host='bomen.amsterdam.nl', port=443): Max retries exceeded with url: /features.data?type=tree&id=8620334&filters=&_routes=routes%2Ffeatures (Caused by NameResolutionError("<urllib3.connection.HTTPSConnection object at 0x78e55d7c9c10>: Failed to resolve 'bomen.amsterdam.nl' ([Errno -3] Temporary failure in name resolution)"))
Retrieving data for 8620335
Request error for 8620335: HTTPSConnectionPool(host='bomen.amsterdam.nl', port=443): Max retries exceeded with url: /features.data?type=tree&id=8620335&filters=&_routes=routes%2Ffeatures (Caused by NameResolutionError("<urllib3.connection.HTTPSConnection object at 0x78e55d7cbdd0>: Failed to resolve 'bomen.amsterdam.nl' ([Errno -3] Temporary failure in name resolution)"))
Retrieving data for 8620336
Request error for 8620336: 503 Server Error: Service Temporarily Unavailable for url: https://bomen.amsterdam.nl/features.data?type=tree&id=8620336&filters=&_routes=routes%2Ffeatures
Retrieving data for 8620337
Request error for 8620337: 503 Server Error: Service Temporarily Unavailable for url: https://bomen.amsterdam.nl/features.data?type=tree&id=8620337&filters=&_routes=routes%2Ffeatures
Retrieving data for 8620338
Request error for 8620338: HTTPSConnectionPool(host='bomen.amsterdam.nl', port=443): Max retries exceeded with url: /features.data?type=tree&id=8620338&filters=&_routes=routes%2Ffeatures (Caused by ConnectTimeoutError(<urllib3.connection.HTTPSConnection object at 0x78e55d7a4350>, 'Connection to bomen.amsterdam.nl timed out. (connect timeout=10)'))
Retrieving data for 8620339
Request error for 8620339: 503 Server Error: Service Temporarily Unavailable for url: https://bomen.amsterdam.nl/features.data?type=tree&id=8620339&filters=&_routes=routes%2Ffeatures
Retrieving data for 8620340
Request error for 8620340: 503 Server Error: Service Temporarily Unavailable for url: https://bomen.amsterdam.nl/features.data?type=tree&id=8620340&filters=&_routes=routes%2Ffeatures
Retrieving data for 8620341
Request error for 8620341: HTTPSConnectionPool(host='bomen.amsterdam.nl', port=443): Max retries exceeded with url: /features.data?type=tree&id=8620341&filters=&_routes=routes%2Ffeatures (Caused by NameResolutionError("<urllib3.connection.HTTPSConnection object at 0x78e55d7a5e50>: Failed to resolve 'bomen.amsterdam.nl' ([Errno -3] Temporary failure in name resolution)"))
Retrieving data for 8620342
Request error for 8620342: 503 Server Error: Service Temporarily Unavailable for url: https://bomen.amsterdam.nl/features.data?type=tree&id=8620342&filters=&_routes=routes%2Ffeatures
Retrieving data for 8620343
Request error for 8620343: HTTPSConnectionPool(host='bomen.amsterdam.nl', port=443): Max retries exceeded with url: /features.data?type=tree&id=8620343&filters=&_routes=routes%2Ffeatures (Caused by NameResolutionError("<urllib3.connection.HTTPSConnection object at 0x78e55d7a5eb0>: Failed to resolve 'bomen.amsterdam.nl' ([Errno -3] Temporary failure in name resolution)"))
Retrieving data for 8620344
Request error for 8620344: 502 Server Error: Bad Gateway for url: https://bomen.amsterdam.nl/features.data?type=tree&id=8620344&filters=&_routes=routes%2Ffeatures
Retrieving data for 8620345
Request error for 8620345: 502 Server Error: Bad Gateway for url: https://bomen.amsterdam.nl/features.data?type=tree&id=8620345&filters=&_routes=routes%2Ffeatures
Retrieving data for 8620346
Request error for 8620346: 502 Server Error: Bad Gateway for url: https://bomen.amsterdam.nl/features.data?type=tree&id=8620346&filters=&_routes=routes%2Ffeatures
Retrieving data for 8620347
Request error for 8620347: 502 Server Error: Bad Gateway for url: https://bomen.amsterdam.nl/features.data?type=tree&id=8620347&filters=&_routes=routes%2Ffeatures
Retrieving data for 8620348
Request error for 8620348: 502 Server Error: Bad Gateway for url: https://bomen.amsterdam.nl/features.data?type=tree&id=8620348&filters=&_routes=routes%2Ffeatures
Retrieving data for 8620349
Request error for 8620349: HTTPSConnectionPool(host='bomen.amsterdam.nl', port=443): Max retries exceeded with url: /features.data?type=tree&id=8620349&filters=&_routes=routes%2Ffeatures (Caused by NameResolutionError("<urllib3.connection.HTTPSConnection object at 0x78e55d7c89e0>: Failed to resolve 'bomen.amsterdam.nl' ([Errno -3] Temporary failure in name resolution)"))
Retrieving data for 8620350
Request error for 8620350: HTTPSConnectionPool(host='bomen.amsterdam.nl', port=443): Max retries exceeded with url: /features.data?type=tree&id=8620350&filters=&_routes=routes%2Ffeatures (Caused by NameResolutionError("<urllib3.connection.HTTPSConnection object at 0x78e55d7cb230>: Failed to resolve 'bomen.amsterdam.nl' ([Errno -3] Temporary failure in name resolution)"))
Retrieving data for 8620351
Request error for 8620351: HTTPSConnectionPool(host='bomen.amsterdam.nl', port=443): Max retries exceeded with url: /features.data?type=tree&id=8620351&filters=&_routes=routes%2Ffeatures (Caused by NameResolutionError("<urllib3.connection.HTTPSConnection object at 0x78e55d7c91f0>: Failed to resolve 'bomen.amsterdam.nl' ([Errno -3] Temporary failure in name resolution)"))
Retrieving data for 8620352
Request error for 8620352: HTTPSConnectionPool(host='bomen.amsterdam.nl', port=443): Max retries exceeded with url: /features.data?type=tree&id=8620352&filters=&_routes=routes%2Ffeatures (Caused by NameResolutionError("<urllib3.connection.HTTPSConnection object at 0x78e55d7c8f20>: Failed to resolve 'bomen.amsterdam.nl' ([Errno -3] Temporary failure in name resolution)"))
Retrieving data for 8620353
Request error for 8620353: HTTPSConnectionPool(host='bomen.amsterdam.nl', port=443): Max retries exceeded with url: /features.data?type=tree&id=8620353&filters=&_routes=routes%2Ffeatures (Caused by NameResolutionError("<urllib3.connection.HTTPSConnection object at 0x78e55d7cb2f0>: Failed to resolve 'bomen.amsterdam.nl' ([Errno -3] Temporary failure in name resolution)"))
Retrieving data for 8620354
Request error for 8620354: HTTPSConnectionPool(host='bomen.amsterdam.nl', port=443): Max retries exceeded with url: /features.data?type=tree&id=8620354&filters=&_routes=routes%2Ffeatures (Caused by NameResolutionError("<urllib3.connection.HTTPSConnection object at 0x78e55da81010>: Failed to resolve 'bomen.amsterdam.nl' ([Errno -3] Temporary failure in name resolution)"))
Retrieving data for 8620355
Request error for 8620355: HTTPSConnectionPool(host='bomen.amsterdam.nl', port=443): Max retries exceeded with url: /features.data?type=tree&id=8620355&filters=&_routes=routes%2Ffeatures (Caused by NameResolutionError("<urllib3.connection.HTTPSConnection object at 0x78e55d7a5760>: Failed to resolve 'bomen.amsterdam.nl' ([Errno -3] Temporary failure in name resolution)"))
Retrieving data for 8620356
Request error for 8620356: HTTPSConnectionPool(host='bomen.amsterdam.nl', port=443): Max retries exceeded with url: /features.data?type=tree&id=8620356&filters=&_routes=routes%2Ffeatures (Caused by NameResolutionError("<urllib3.connection.HTTPSConnection object at 0x78e55d7a7a70>: Failed to resolve 'bomen.amsterdam.nl' ([Errno -3] Temporary failure in name resolution)"))
Retrieving data for 8620357
Request error for 8620357: HTTPSConnectionPool(host='bomen.amsterdam.nl', port=443): Max retries exceeded with url: /features.data?type=tree&id=8620357&filters=&_routes=routes%2Ffeatures (Caused by NameResolutionError("<urllib3.connection.HTTPSConnection object at 0x78e55d7a6de0>: Failed to resolve 'bomen.amsterdam.nl' ([Errno -3] Temporary failure in name resolution)"))
Retrieving data for 8620358
Request error for 8620358: HTTPSConnectionPool(host='bomen.amsterdam.nl', port=443): Max retries exceeded with url: /features.data?type=tree&id=8620358&filters=&_routes=routes%2Ffeatures (Caused by NameResolutionError("<urllib3.connection.HTTPSConnection object at 0x78e55d7a5190>: Failed to resolve 'bomen.amsterdam.nl' ([Errno -3] Temporary failure in name resolution)"))
Retrieving data for 8620359
Request error for 8620359: HTTPSConnectionPool(host='bomen.amsterdam.nl', port=443): Max retries exceeded with url: /features.data?type=tree&id=8620359&filters=&_routes=routes%2Ffeatures (Caused by NameResolutionError("<urllib3.connection.HTTPSConnection object at 0x78e55d7a5df0>: Failed to resolve 'bomen.amsterdam.nl' ([Errno -3] Temporary failure in name resolution)"))
Retrieving data for 8620360
Request error for 8620360: HTTPSConnectionPool(host='bomen.amsterdam.nl', port=443): Read timed out. (read timeout=10)
Retrieving data for 8620361
