Loaded 7 existing IDs from amsterdam_trees.csv
Retrieving data for 7636000
Request error for 7636000: HTTPSConnectionPool(host='bomen.amsterdam.nl', port=443): Max retries exceeded with url: /features.data?type=tree&id=7636000&filters=&_routes=routes%2Ffeatures (Caused by ConnectTimeoutError(<urllib3.connection.HTTPSConnection object at 0x7b578f605190>, 'Connection to bomen.amsterdam.nl timed out. (connect timeout=10)'))
Retrieving data for 7636001
Request error for 7636001: HTTPSConnectionPool(host='bomen.amsterdam.nl', port=443): Max retries exceeded with url: /features.data?type=tree&id=7636001&filters=&_routes=routes%2Ffeatures (Caused by ConnectTimeoutError(<urllib3.connection.HTTPSConnection object at 0x7b578f690d10>, 'Connection to bomen.amsterdam.nl timed out. (connect timeout=10)'))
Retrieving data for 7636002
Request error for 7636002: HTTPSConnectionPool(host='bomen.amsterdam.nl', port=443): Max retries exceeded with url: /features.data?type=tree&id=7636002&filters=&_routes=routes%2Ffeatures (Caused by ConnectTimeoutError(<urllib3.connection.HTTPSConnection object at 0x7b578f691490>, 'Connection to bomen.amsterdam.nl timed out. (connect timeout=10)'))
Retrieving data for 7636003
Request error for 7636003: HTTPSConnectionPool(host='bomen.amsterdam.nl', port=443): Max retries exceeded with url: /features.data?type=tree&id=7636003&filters=&_routes=routes%2Ffeatures (Caused by ConnectTimeoutError(<urllib3.connection.HTTPSConnection object at 0x7b578f691c70>, 'Connection to bomen.amsterdam.nl timed out. (connect timeout=10)'))
Retrieving data for 7636004
Request error for 7636004: HTTPSConnectionPool(host='bomen.amsterdam.nl', port=443): Max retries exceeded with url: /features.data?type=tree&id=7636004&filters=&_routes=routes%2Ffeatures (Caused by ConnectTimeoutError(<urllib3.connection.HTTPSConnection object at 0x7b578f692450>, 'Connection to bomen.amsterdam.nl timed out. (connect timeout=10)'))
Retrieving data for 7636005
Request error for 7636005: 502 Server Error: Bad Gateway for url: https://bomen.amsterdam.nl/features.data?type=tree&id=7636005&filters=&_routes=routes%2Ffeatures
Retrieving data for 7636006
Request error for 7636006: HTTPSConnectionPool(host='bomen.amsterdam.nl', port=443): Max retries exceeded with url: /features.data?type=tree&id=7636006&filters=&_routes=routes%2Ffeatures (Caused by ConnectTimeoutError(<urllib3.connection.HTTPSConnection object at 0x7b578f692690>, 'Connection to bomen.amsterdam.nl timed out. (connect timeout=10)'))
Retrieving data for 7636007
Request error for 7636007: 502 Server Error: Bad Gateway for url: https://bomen.amsterdam.nl/features.data?type=tree&id=7636007&filters=&_routes=routes%2Ffeatures
Retrieving data for 7636008
Request error for 7636008: HTTPSConnectionPool(host='bomen.amsterdam.nl', port=443): Max retries exceeded with url: /features.data?type=tree&id=7636008&filters=&_routes=routes%2Ffeatures (Caused by ConnectTimeoutError(<urllib3.connection.HTTPSConnection object at 0x7b578f692ed0>, 'Connection to bomen.amsterdam.nl timed out. (connect timeout=10)'))
Retrieving data for 7636009
Request error for 7636009: HTTPSConnectionPool(host='bomen.amsterdam.nl', port=443): Max retries exceeded with url: /features.data?type=tree&id=7636009&filters=&_routes=routes%2Ffeatures (Caused by ConnectTimeoutError(<urllib3.connection.HTTPSConnection object at 0x7b578f6921b0>, 'Connection to bomen.amsterdam.nl timed out. (connect timeout=10)'))
Retrieving data for 7636010
Request error for 7636010: HTTPSConnectionPool(host='bomen.amsterdam.nl', port=443): Max retries exceeded with url: /features.data?type=tree&id=7636010&filters=&_routes=routes%2Ffeatures (Caused by ConnectTimeoutError(<urllib3.connection.HTTPSConnection object at 0x7b578f691b20>, 'Connection to bomen.amsterdam.nl timed out. (connect timeout=10)'))
Retrieving data for 7636011
Request error for 7636011: HTTPSConnectionPool(host='bomen.amsterdam.nl', port=443): Max retries exceeded with url: /features.data?type=tree&id=7636011&filters=&_routes=routes%2Ffeatures (Caused by ConnectTimeoutError(<urllib3.connection.HTTPSConnection object at 0x7b578f690c80>, 'Connection to bomen.amsterdam.nl timed out. (connect timeout=10)'))
Retrieving data for 7636012
Request error for 7636012: HTTPSConnectionPool(host='bomen.amsterdam.nl', port=443): Max retries exceeded with url: /features.data?type=tree&id=7636012&filters=&_routes=routes%2Ffeatures (Caused by ConnectTimeoutError(<urllib3.connection.HTTPSConnection object at 0x7b578f693650>, 'Connection to bomen.amsterdam.nl timed out. (connect timeout=10)'))
Retrieving data for 7636013
Request error for 7636013: HTTPSConnectionPool(host='bomen.amsterdam.nl', port=443): Max retries exceeded with url: /features.data?type=tree&id=7636013&filters=&_routes=routes%2Ffeatures (Caused by ConnectTimeoutError(<urllib3.connection.HTTPSConnection object at 0x7b578f693fe0>, 'Connection to bomen.amsterdam.nl timed out. (connect timeout=10)'))
Retrieving data for 7636014
Request error for 7636014: HTTPSConnectionPool(host='bomen.amsterdam.nl', port=443): Max retries exceeded with url: /features.data?type=tree&id=7636014&filters=&_routes=routes%2Ffeatures (Caused by ConnectTimeoutError(<urllib3.connection.HTTPSConnection object at 0x7b578f693860>, 'Connection to bomen.amsterdam.nl timed out. (connect timeout=10)'))
Retrieving data for 7636015
Request error for 7636015: HTTPSConnectionPool(host='bomen.amsterdam.nl', port=443): Read timed out. (read timeout=10)
Retrieving data for 7636016
Request error for 7636016: HTTPSConnectionPool(host='bomen.amsterdam.nl', port=443): Max retries exceeded with url: /features.data?type=tree&id=7636016&filters=&_routes=routes%2Ffeatures (Caused by ConnectTimeoutError(<urllib3.connection.HTTPSConnection object at 0x7b578f6916a0>, 'Connection to bomen.amsterdam.nl timed out. (connect timeout=10)'))
Retrieving data for 7636017
Request error for 7636017: HTTPSConnectionPool(host='bomen.amsterdam.nl', port=443): Read timed out. (read timeout=10)
Retrieving data for 7636018
Request error for 7636018: 502 Server Error: Bad Gateway for url: https://bomen.amsterdam.nl/features.data?type=tree&id=7636018&filters=&_routes=routes%2Ffeatures
Retrieving data for 7636019
Request error for 7636019: 503 Server Error: Service Temporarily Unavailable for url: https://bomen.amsterdam.nl/features.data?type=tree&id=7636019&filters=&_routes=routes%2Ffeatures
Retrieving data for 7636020
Request error for 7636020: 503 Server Error: Service Temporarily Unavailable for url: https://bomen.amsterdam.nl/features.data?type=tree&id=7636020&filters=&_routes=routes%2Ffeatures
Retrieving data for 7636021
Request error for 7636021: HTTPSConnectionPool(host='bomen.amsterdam.nl', port=443): Max retries exceeded with url: /features.data?type=tree&id=7636021&filters=&_routes=routes%2Ffeatures (Caused by NameResolutionError("<urllib3.connection.HTTPSConnection object at 0x7b578f6928d0>: Failed to resolve 'bomen.amsterdam.nl' ([Errno -3] Temporary failure in name resolution)"))
Retrieving data for 7636022
Request error for 7636022: 503 Server Error: Service Temporarily Unavailable for url: https://bomen.amsterdam.nl/features.data?type=tree&id=7636022&filters=&_routes=routes%2Ffeatures
Retrieving data for 7636023
Request error for 7636023: 503 Server Error: Service Temporarily Unavailable for url: https://bomen.amsterdam.nl/features.data?type=tree&id=7636023&filters=&_routes=routes%2Ffeatures
Retrieving data for 7636024
Request error for 7636024: HTTPSConnectionPool(host='bomen.amsterdam.nl', port=443): Max retries exceeded with url: /features.data?type=tree&id=7636024&filters=&_routes=routes%2Ffeatures (Caused by NameResolutionError("<urllib3.connection.HTTPSConnection object at 0x7b578f6930b0>: Failed to resolve 'bomen.amsterdam.nl' ([Errno -3] Temporary failure in name resolution)"))
Retrieving data for 7636025
Request error for 7636025: HTTPSConnectionPool(host='bomen.amsterdam.nl', port=443): Max retries exceeded with url: /features.data?type=tree&id=7636025&filters=&_routes=routes%2Ffeatures (Caused by NameResolutionError("<urllib3.connection.HTTPSConnection object at 0x7b578f691f70>: Failed to resolve 'bomen.Request error for 7636031: HTTPSConnectionPool(host='bomen.amsterdam.nl', port=443): Max retries exceeded with url: /features.data?type=tree&id=7636031&filters=&_routes=routes%2Ffeatures (Caused by ConnectTimeoutError(<urllib3.connection.HTTPSConnection object at 0x77bacc8706e0>, 'Connection to bomen.amsterdam.nl timed out. (connect timeout=10)'))
Retrieving data for 7636032
Request error for 7636032: 502 Server Error: Bad Gateway for url: https://bomen.amsterdam.nl/features.data?type=tree&id=7636032&filters=&_routes=routes%2Ffeatures
Retrieving data for 7636033
Request error for 7636033: HTTPSConnectionPool(host='bomen.amsterdam.nl', port=443): Max retries exceeded with url: /features.data?type=tree&id=7636033&filters=&_routes=routes%2Ffeatures (Caused by ConnectTimeoutError(<urllib3.connection.HTTPSConnection object at 0x77bacc870230>, 'Connection to bomen.amsterdam.nl timed out. (connect timeout=10)'))
Retrieving data for 7636034
Request error for 7636034: HTTPSConnectionPool(host='bomen.amsterdam.nl', port=443): Max retries exceeded with url: /features.data?type=tree&id=7636034&filters=&_routes=routes%2Ffeatures (Caused by ConnectTimeoutError(<urllib3.connection.HTTPSConnection object at 0x77baccb3e390>, 'Connection to bomen.amsterdam.nl timed out. (connect timeout=10)'))
Retrieving data for 7636035
Request error for 7636035: HTTPSConnectionPool(host='bomen.amsterdam.nl', port=443): Max retries exceeded with url: /features.data?type=tree&id=7636035&filters=&_routes=routes%2Ffeatures (Caused by ConnectTimeoutError(<urllib3.connection.HTTPSConnection object at 0x77bacc842ba0>, 'Connection to bomen.amsterdam.nl timed out. (connect timeout=10)'))
Retrieving data for 7636036
Request error for 7636036: HTTPSConnectionPool(host='bomen.amsterdam.nl', port=443): Read timed out. (read timeout=10)
Retrieving data for 7636037
Request error for 7636037: HTTPSConnectionPool(host='bomen.amsterdam.nl', port=443): Read timed out. (read timeout=10)
Retrieving data for 7636038
Request error for 7636038: HTTPSConnectionPool(host='bomen.amsterdam.nl', port=443): Max retries exceeded with url: /features.data?type=tree&id=7636038&filters=&_routes=routes%2Ffeatures (Caused by ConnectTimeoutError(<urllib3.connection.HTTPSConnection object at 0x77bacc8717c0>, 'Connection to bomen.amsterdam.nl timed out. (connect timeout=10)'))
Retrieving data for 7636039
Request error for 7636039: HTTPSConnectionPool(host='bomen.amsterdam.nl', port=443): Read timed out. (read timeout=10)
Retrieving data for 7636040
Request error for 7636040: 502 Server Error: Bad Gateway for url: https://bomen.amsterdam.nl/features.data?type=tree&id=7636040&filters=&_routes=routes%2Ffeatures
Retrieving data for 7636041
Request error for 7636041: 503 Server Error: Service Temporarily Unavailable for url: https://bomen.amsterdam.nl/features.data?type=tree&id=7636041&filters=&_routes=routes%2Ffeatures
Retrieving data for 7636042
Request error for 7636042: 503 Server Error: Service Temporarily Unavailable for url: https://bomen.amsterdam.nl/features.data?type=tree&id=7636042&filters=&_routes=routes%2Ffeatures
Retrieving data for 7636043
Request error for 7636043: 503 Server Error: Service Temporarily Unavailable for url: https://bomen.amsterdam.nl/features.data?type=tree&id=7636043&filters=&_routes=routes%2Ffeatures
Retrieving data for 7636044
Request error for 7636044: 503 Server Error: Service Temporarily Unavailable for url: https://bomen.amsterdam.nl/features.data?type=tree&id=7636044&filters=&_routes=routes%2Ffeatures
Retrieving data for 7636045
Request error for 7636045: HTTPSConnectionPool(host='bomen.amsterdam.nl', port=443): Max retries exceeded with url: /features.data?type=tree&id=7636045&filters=&_routes=routes%2Ffeatures (Caused by ConnectTimeoutError(<urllib3.connection.HTTPSConnection object at 0x77bacc843380>, 'Connection to bomen.amsterdam.nl timed out. (connect timeout=10)'))
Retrieving data for 7636046
Request error for 7636046: HTTPSConnectionPool(host='bomen.amsterdam.nl', port=443): Max retries exceeded with url: /features.data?type=tree&id=7636046&filters=&_routes=routes%2Ffeatures (Caused by NameResolutionError("<urllib3.connection.HTTPSConnection object at 0x77bacc842000>: Failed to resolve 'bomen.amsterdam.nl' ([Errno -3] Temporary failure in name resolution)"))
Retrieving data for 7636047
Request error for 7636047: HTTPSConnectionPool(host='bomen.amsterdam.nl', port=443): Max retries exceeded with url: /features.data?type=tree&id=7636047&filters=&_routes=routes%2Ffeatures (Caused by NameResolutionError("<urllib3.connection.HTTPSConnection object at 0x77bacc842f90>: Failed to resolve 'bomen.amsterdam.nl' ([Errno -3] Temporary failure in name resolution)"))
Retrieving data for 7636048
Request error for 7636048: HTTPSConnectionPool(host='bomen.amsterdam.nl', port=443): Max retries exceeded with url: /features.data?type=tree&id=7636048&filters=&_routes=routes%2Ffeatures (Caused by NameResolutionError("<urllib3.connection.HTTPSConnection object at 0x77bacc843770>: Failed to resolve 'bomen.amsterdam.nl' ([Errno -3] Temporary failure in name resolution)"))
Retrieving data for 7636049
Request error for 7636049: HTTPSConnectionPool(host='bomen.amsterdam.nl', port=443): Max retries exceeded with url: /features.data?type=tree&id=7636049&filters=&_routes=routes%2Ffeatures (Caused by NameResolutionError("<urllib3.connection.HTTPSConnection object at 0x77bacc8712e0>: Failed to resolve 'bomen.amsterdam.nl' ([Errno -3] Temporary failure in name resolution)"))
Retrieving data for 7636050
Request error for 7636050: HTTPSConnectionPool(host='bomen.amsterdam.nl', port=443): Max retries exceeded with url: /features.data?type=tree&id=7636050&filters=&_routes=routes%2Ffeatures (Caused by NameResolutionError("<urllib3.connection.HTTPSConnection object at 0x77bacc871700>: Failed to resolve 'bomen.amsterdam.nl' ([Errno -3] Temporary failure in name resolution)"))
Retrieving data for 7636051
Request error for 7636051: HTTPSConnectionPool(host='bomen.amsterdam.nl', port=443): Max retries exceeded with url: /features.data?type=tree&id=7636051&filters=&_routes=routes%2Ffeatures (Caused by NameResolutionError("<urllib3.connection.HTTPSConnection object at 0x77bacc843860>: Failed to resolve 'bomen.amsterdam.nl' ([Errno -3] Temporary failure in name resolution)"))
Retrieving data for 7636052
Request error for 7636052: HTTPSConnectionPool(host='bomen.amsterdam.nl', port=443): Max retries exceeded with url: /features.data?type=tree&id=7636052&filters=&_routes=routes%2Ffeatures (Caused by NameResolutionError("<urllib3.connection.HTTPSConnection object at 0x77bacc842fc0>: Failed to resolve 'bomen.amsterdam.nl' ([Errno -3] Temporary failure in name resolution)"))
Retrieving data for 7636053
Request error for 7636053: 502 Server Error: Bad Gateway for url: https://bomen.amsterdam.nl/features.data?type=tree&id=7636053&filters=&_routes=routes%2Ffeatures
Retrieving data for 7636054
Request error for 7636054: 502 Server Error: Bad Gateway for url: https://bomen.amsterdam.nl/features.data?type=tree&id=7636054&filters=&_routes=routes%2Ffeatures
Retrieving data for 7636055
Request error for 7636055: 502 Server Error: Bad Gateway for url: https://bomen.amsterdam.nl/features.data?type=tree&id=7636055&filters=&_routes=routes%2Ffeatures
Retrieving data for 7636056
Request error for 7636056: 502 Server Error: Bad Gateway for url: https://bomen.amsterdam.nl/features.data?type=tree&id=7636056&filters=&_routes=routes%2Ffeatures
Retrieving data for 7636057
Request error for 7636057: 502 Server Error: Bad Gateway for url: https://bomen.amsterdam.nl/features.data?type=tree&id=7636057&filters=&_routes=routes%2Ffeatures
Retrieving data for 7636058
Request error for 7636058: HRequest error for 7636045: HTTPSConnectionPool(host='bomen.amsterdam.nl', port=443): Max retries exceeded with url: /features.data?type=tree&id=7636045&filters=&_routes=routes%2Ffeatures (Caused by NameResolutionError("<urllib3.connection.HTTPSConnection object at 0x7b578f692720>: Failed to resolve 'bomen.amsterdam.nl' ([Errno -3] Temporary failure in name resolution)"))
Request error for 7636059: HTTPSConnectionPool(host='bomen.amsterdam.nl', port=443): Max retries exceeded with url: /features.data?type=tree&id=7636059&filters=&_routes=routes%2Ffeatures (Caused by NameResolutionError("<urllib3.connection.HTTPSConnection object at 0x77bacc870aa0>: Failed to resolve 'bomen.amsterdam.nl' ([Errno -3] Temporary failure in name resolution)"))
Retrieving data for 7636060
Request error for 7636060: HTTPSConnectionPool(host='bomen.amsterdam.nl', port=443): Max retries exceeded with url: /features.data?type=tree&id=7636060&filters=&_routes=routes%2Ffeatures (Caused by NameResolutionError("<urllib3.connection.HTTPSConnection object at 0x77bacc871790>: Failed to resolve 'bomen.amsterdam.nl' ([Errno -3] Temporary failure in name resolution)"))
Retrieving data for 7636061
Request error for 7636061: HTTPSConnectionPool(host='bomen.amsterdam.nl', port=443): Read timed out. (read timeout=10)
Retrieving data for 7636062
Request error for 7636062: HTTPSConnectionPool(host='bomen.amsterdam.nl', port=443): Read timed out. (read timeout=10)
Retrieving data for 7636063
Request error for 7636063: HTTPSConnectionPool(host='bomen.amsterdam.nl', port=443): Read timed out. (read timeout=10)
Retrieving data for 7636064
Request error for 7636064: 502 Server Error: Bad Gateway for url: https://bomen.amsterdam.nl/features.data?type=tree&id=7636064&filters=&_routes=routes%2Ffeatures
Retrieving data for 7636065
Request error for 7636065: 502 Server Error: Bad Gateway for url: https://bomen.amsterdam.nl/features.data?type=tree&id=7636065&filters=&_routes=routes%2Ffeatures
Retrieving data for 7636066
Request error for 7636066: HTTPSConnectionPool(host='bomen.amsterdam.nl', port=443): Read timed out. (read timeout=10)
Retrieving data for 7636067
Request error for 7636067: HTTPSConnectionPool(host='bomen.amsterdam.nl', port=443): Read timed out. (read timeout=10)
Retrieving data for 7636068
Request error for 7636068: HTTPSConnectionPool(host='bomen.amsterdam.nl', port=443): Read timed out. (read timeout=10)
Retrieving data for 7636069
Request error for 7636069: 502 Server Error: Bad Gateway for url: https://bomen.amsterdam.nl/features.data?type=tree&id=7636069&filters=&_routes=routes%2Ffeatures
Retrieving data for 7636070
Request error for 7636070: 503 Server Error: Service Temporarily Unavailable for url: https://bomen.amsterdam.nl/features.data?type=tree&id=7636070&filters=&_routes=routes%2Ffeatures
Retrieving data for 7636071
Request error for 7636071: 502 Server Error: Bad Gateway for url: https://bomen.amsterdam.nl/features.data?type=tree&id=7636071&filters=&_routes=routes%2Ffeatures
Retrieving data for 7636072
Request error for 7636072: HTTPSConnectionPool(host='bomen.amsterdam.nl', port=443): Read timed out. (read timeout=10)
Retrieving data for 7636073
Request error for 7636073: HTTPSConnectionPool(host='bomen.amsterdam.nl', port=443): Read timed out. (read timeout=10)
Retrieving data for 7636074
Request error for 7636074: HTTPSConnectionPool(host='bomen.amsterdam.nl', port=443): Read timed out. (read timeout=10)
Retrieving data for 7636075
Request error for 7636075: 502 Server Error: Bad Gateway for url: https://bomen.amsterdam.nl/features.data?type=tree&id=7636075&filters=&_routes=routes%2Ffeatures
Retrieving data for 7636076
Request error for 7636076: 502 Server Error: Bad Gateway for url: https://bomen.amsterdam.nl/features.data?type=tree&id=7636076&filters=&_routes=routes%2Ffeatures
Retrieving data for 7636077
Request error for 7636077: 502 Server Error: Bad Gateway for url: https://bomen.amsterdam.nl/features.data?type=tree&id=7636077&filters=&_routes=routes%2Ffeatures
Retrieving data for 7636078
Request error for 7636078: 502 Server Error: Bad Gateway for url: https://bomen.amsterdam.nl/features.data?type=tree&id=7636078&filters=&_routes=routes%2Ffeatures
Retrieving data for 7636079
Request error for 7636079: 502 Server Error: Bad Gateway for url: https://bomen.amsterdam.nl/features.data?type=tree&id=7636079&filters=&_routes=routes%2Ffeatures
Retrieving data for 7636080
Request error for 7636080: 502 Server Error: Bad Gateway for url: https://bomen.amsterdam.nl/features.data?type=tree&id=7636080&filters=&_routes=routes%2Ffeatures
Retrieving data for 7636081
Request error for 7636081: 502 Server Error: Bad Gateway for url: https://bomen.amsterdam.nl/features.data?type=tree&id=7636081&filters=&_routes=routes%2Ffeatures
Retrieving data for 7636082
Request error for 7636082: HTTPSConnectionPool(host='bomen.amsterdam.nl', port=443): Max retries exceeded with url: /features.data?type=tree&id=7636082&filters=&_routes=routes%2Ffeatures (Caused by NameResolutionError("<urllib3.connection.HTTPSConnection object at 0x77bacc871d90>: Failed to resolve 'bomen.amsterdam.nl' ([Errno -3] Temporary failure in name resolution)"))
Retrieving data for 7636083
Request error for 7636083: HTTPSConnectionPool(host='bomen.amsterdam.nl', port=443): Max retries exceeded with url: /features.data?type=tree&id=7636083&filters=&_routes=routes%2Ffeatures (Caused by NameResolutionError("<urllib3.connection.HTTPSConnection object at 0x77bacc871130>: Failed to resolve 'bomen.amsterdam.nl' ([Errno -3] Temporary failure in name resolution)"))
Retrieving data for 7636084
Request error for 7636084: HTTPSConnectionPool(host='bomen.amsterdam.nl', port=443): Read timed out. (read timeout=10)
Retrieving data for 7636085
Request error for 7636085: HTTPSConnectionPool(host='bomen.amsterdam.nl', port=443): Read timed out. (read timeout=10)
Retrieving data for 7636086
Request error for 7636086: HTTPSConnectionPool(host='bomen.amsterdam.nl', port=443): Max retries exceeded with url: /features.data?type=tree&id=7636086&filters=&_routes=routes%2Ffeatures (Caused by NameResolutionError("<urllib3.connection.HTTPSConnection object at 0x77bacc842e10>: Failed to resolve 'bomen.amsterdam.nl' ([Errno -3] Temporary failure in name resolution)"))
Retrieving data for 7636087
Request error for 7636087: HTTPSConnectionPool(host='bomen.amsterdam.nl', port=443): Read timed out. (read timeout=10)
Retrieving data for 7636088
Request error for 7636088: 503 Server Error: Service Temporarily Unavailable for url: https://bomen.amsterdam.nl/features.data?type=tree&id=7636088&filters=&_routes=routes%2Ffeatures
Retrieving data for 7636089
Request error for 7636089: 503 Server Error: Service Temporarily Unavailable for url: https://bomen.amsterdam.nl/features.data?type=tree&id=7636089&filters=&_routes=routes%2Ffeatures
Retrieving data for 7636090
Request error for 7636090: HTTPSConnectionPool(host='bomen.amsterdam.nl', port=443): Max retries exceeded with url: /features.data?type=tree&id=7636090&filters=&_routes=routes%2Ffeatures (Caused by NameResolutionError("<urllib3.connection.HTTPSConnection object at 0x77bacc870a10>: Failed to resolve 'bomen.amsterdam.nl' ([Errno -3] Temporary failure in name resolution)"))
Retrieving data for 7636091
Request error for 7636091: 503 Server Error: Service Temporarily Unavailable for url: https://bomen.amsterdam.nl/features.data?type=tree&id=7636091&filters=&_routes=routes%2Ffeatures
Retrieving data for 7636092
Request error for 7636092: 503 Server Error: Service Temporarily Unavailable for url: https://bomen.amsterdam.nl/features.data?type=tree&id=7636092&filters=&_routes=routes%2Ffeatures
Retrieving data for 7636093
Request error for 7636093: HTTPSConnectionPool(host='bomen.amsterdam.nl', port=443): Max retries exceeded with url: /features.data?type=tree&id=7636093&filters=&_routes=routes%2Ffeatures (Caused by NameResolutionError("<urllib3.connection.HTTPSConnection object at 0x77bacc872ff0>: Failed to resolve 'bomenRequest error for 7636082: 503 Server Error: Service Temporarily Unavailable for url: https://bomen.amsterdam.nl/features.data?type=tree&id=7636082&filters=&_routes=routes%2Ffeatures
Retrieving data for 7636083
Request error for 7636083: 503 Server Error: Service Temporarily Unavailable for url: https://bomen.amsterdam.nl/features.data?type=tree&id=7636083&filters=&_routes=routes%2Ffeatures
Retrieving data for 7636084
Request error for 7636084: 503 Server Error: Service Temporarily UnavailableRequest error for 7636095: HTTPSConnectionPool(host='bomen.amsterdam.nl', port=443): Read timed out. (read timeout=10)
Retrieving data for 7636096
Request error for 7636096: HTTPSConnectionPool(host='bomen.amsterdam.nl', port=443): Read timed out. (read timeout=10)
Retrieving data for 7636097
Request error for 7636097: 502 Server Error: Bad Gateway for url: https://bomen.amsterdam.nl/features.data?type=tree&id=7636097&filters=&_routes=routes%2Ffeatures
Retrieving data for 7636098
Request error for 7636098: 502 Server Error: Bad Gateway for url: https://bomen.amsterdam.nl/features.data?type=tree&id=7636098&filters=&_routes=routes%2Ffeatures
Retrieving data for 7636099
Request error for 7636099: 502 Server Error: Bad Gateway for url: https://bomen.amsterdam.nl/features.data?type=tree&id=7636099&filters=&_routes=routes%2Ffeatures
Retrieving data for 7636100
Request error for 7636100: 502 Server Error: Bad Gateway for url: https://bomen.amsterdam.nl/features.data?type=tree&id=7636100&filters=&_routes=routes%2Ffeatures
Retrieving data for 7636101
Request error for 7636101: 502 Server Error: Bad Gateway for url: https://bomen.amsterdam.nl/features.data?type=tree&id=7636101&filters=&_routes=routes%2Ffeatures
Retrieving data for 7636102
Request error for 7636102: 502 Server Error: Bad Gateway for url: https://bomen.amsterdam.nl/features.data?type=tree&id=7636102&filters=&_routes=routes%2Ffeatures
Retrieving data for 7636103
Request error for 7636103: 502 Server Error: Bad Gateway for url: https://bomen.amsterdam.nl/features.data?type=tree&id=7636103&filters=&_routes=routes%2Ffeatures
Retrieving data for 7636104
Request error for 7636104: HTTPSConnectionPool(host='bomen.amsterdam.nl', port=443): Max retries exceeded with url: /features.data?type=tree&id=7636104&filters=&_routes=routes%2Ffeatures (Caused by NameResolutionError("<urllib3.connection.HTTPSConnection object at 0x77bacc842690>: Failed to resolve 'bomen.amsterdam.nl' ([Errno -3] Temporary failure in name resolution)"))
Retrieving data for 7636105
Request error for 7636105: HTTPSConnectionPool(host='bomen.amsterdam.nl', port=443): Max retries exceeded with url: /features.data?type=tree&id=7636105&filters=&_routes=routes%2Ffeatures (Caused by NameResolutionError("<urllib3.connection.HTTPSConnection object at 0x77bacc870530>: Failed to resolve 'bomen.amsterdam.nl' ([Errno -3] Temporary failure in name resolution)"))
Retrieving data for 7636106
Request error for 7636106: HTTPSConnectionPool(host='bomen.amsterdam.nl', port=443): Max retries exceeded with url: /features.data?type=tree&id=7636106&filters=&_routes=routes%2Ffeatures (Caused by NameResolutionError("<urllib3.connection.HTTPSConnection object at 0x77bacc871790>: Failed to resolve 'bomen.amsterdam.nl' ([Errno -3] Temporary failure in name resolution)"))
Retrieving data for 7636107
Request error for 7636107: 502 Server Error: Bad Gateway for url: https://bomen.amsterdam.nl/features.data?type=tree&id=7636107&filters=&_routes=routes%2Ffeatures
Retrieving data for 7636108
Request error for 7636108: HTTPSConnectionPool(host='bomen.amsterdam.nl', port=443): Max retries exceeded with url: /features.data?type=tree&id=7636108&filters=&_routes=routes%2Ffeatures (Caused by NameResolutionError("<urllib3.connection.HTTPSConnection object at 0x77bacc842ff0>: Failed to resolve 'bomen.amsterdam.nl' ([Errno -3] Temporary failure in name resolution)"))
Retrieving data for 7636109
Request error for 7636109: HTTPSConnectionPool(host='bomen.amsterdam.nl', port=443): Read timed out. (read timeout=10)
Retrieving data for 7636110
Request error for 7636110: HTTPSConnectionPool(host='bomen.amsterdam.nl', port=443): Max retries exceeded with url: /features.data?type=tree&id=7636110&filters=&_routes=routes%2Ffeatures (Caused by NameResolutionError("<urllib3.connection.HTTPSConnection object at 0x77bacc843c50>: Failed to resolve 'bomen.amsterdam.nl' ([Errno -3] Temporary failure in name resolution)"))
Retrieving data for 7636111
Request error for 7636111: HTTPSConnectionPool(host='bomen.amsterdam.nl', port=443): Read timed out. (read timeout=10)
Retrieving data for 7636112
Request error for 7636112: HTTPSConnectionPool(host='bomen.amsterdam.nl', port=443): Read timed out. (read timeout=10)
Retrieving data for 7636113
Request error for 7636113: 502 Server Error: Bad Gateway for url: https://bomen.amsterdam.nl/features.data?type=tree&id=7636113&filters=&_routes=routes%2Ffeatures
Retrieving data for 7636114
Request error for 7636114: 503 Server Error: Service Temporarily Unavailable for url: https://bomen.amsterdam.nl/features.data?type=tree&id=7636114&filters=&_routes=routes%2Ffeatures
Retrieving data for 7636115
Request error for 7636115: 503 Server Error: Service Temporarily Unavailable for url: https://bomen.amsterdam.nl/features.data?type=tree&id=7636115&filters=&_routes=routes%2Ffeatures
Retrieving data for 7636116
Request error for 7636116: HTTPSConnectionPool(host='bomen.amsterdam.nl', port=443): Max retries exceeded with url: /features.data?type=tree&id=7636116&filters=&_routes=routes%2Ffeatures (Caused by NameResolutionError("<urllib3.connection.HTTPSConnection object at 0x77bacc8420f0>: Failed to resolve 'bomen.amsterdam.nl' ([Errno -3] Temporary failure in name resolution)"))
Retrieving data for 7636117
Request error for 7636117: 503 Server Error: Service Temporarily Unavailable for url: https://bomen.amsterdam.nl/features.data?type=tree&id=7636117&filters=&_routes=routes%2Ffeatures
Retrieving data for 7636118
Request error for 7636118: 503 Server Error: Service Temporarily Unavailable for url: https://bomen.amsterdam.nl/features.data?type=tree&id=7636118&filters=&_routes=routes%2Ffeatures
Retrieving data for 7636119
Request error for 7636119: 503 Server Error: Service Temporarily Unavailable for url: https://bomen.amsterdam.nl/features.data?type=tree&id=7636119&filters=&_routes=routes%2Ffeatures
Retrieving data for 7636120
Request error for 7636120: HTTPSConnectionPool(host='bomen.amsterdam.nl', port=443): Max retries exceeded with url: /features.data?type=tree&id=7636120&filters=&_routes=routes%2Ffeatures (Caused by ConnectTimeoutError(<urllib3.connection.HTTPSConnection object at 0x77bacc843d40>, 'Connection to bomen.amsterdam.nl timed out. (connect timeout=10)'))
Retrieving data for 7636121
Request error for 7636121: HTTPSConnectionPool(host='bomen.amsterdam.nl', port=443): Max retries exceeded with url: /features.data?type=tree&id=7636121&filters=&_routes=routes%2Ffeatures (Caused by NameResolutionError("<urllib3.connection.HTTPSConnection object at 0x77bacc841af0>: Failed to resolve 'bomen.amsterdam.nl' ([Errno -3] Temporary failure in name resolution)"))
Retrieving data for 7636122
Request error for 7636122: HTTPSConnectionPool(host='bomen.amsterdam.nl', port=443): Max retries exceeded with url: /features.data?type=tree&id=7636122&filters=&_routes=routes%2Ffeatures (Caused by NameResolutionError("<urllib3.connection.HTTPSConnection object at 0x77bacc870590>: Failed to resolve 'bomen.amsterdam.nl' ([Errno -3] Temporary failure in name resolution)"))
Retrieving data for 7636123
Request error for 7636123: 502 Server Error: Bad Gateway for url: https://bomen.amsterdam.nl/features.data?type=tree&id=7636123&filters=&_routes=routes%2Ffeatures
Retrieving data for 7636124
Request error for 7636124: 503 Server Error: Service Temporarily Unavailable for url: https://bomen.amsterdam.nl/features.data?type=treRequest error for 7636115: HTTPSConnectionPool(host='bomen.amsterdam.nl', port=443): Max retries exceeded with url: /features.data?type=tree&id=7636115&filters=&_routes=routes%2Ffeatures (Caused by ConnectTimeoutError(<urllib3.connection.HTTPSConnection object at 0x7b578f691a00>, 'Connection to bomen.amsterdam.nl timed out. (connect timeout=10)'))
Retrieving data for 7636116
Request error for 7636116: HTTPSConnectionPool(host='bomen.amsterdam.nl', port=443): Max retries exceeded with url: /features.data?type=tree&id=7636116&filters=&_routes=routes%2Ffeatures (Caused by NameResolutionError("<urllib3.connection.HTTPSConnection object at 0x7b578f6ad1c0>: Failed to resolve 'bomen.amsterdam.nl' ([Errno -3] Temporary failure in name resolution)"))
Retrieving data for 7636117
Request error for 7636117: HTTPSConnectionPool(host='bomen.amsterdam.nl', port=443): Max retries exceeded with url: /features.data?type=tree&id=7636117&filters=&_routes=routes%2Ffeatures (Caused by NameResolutionError("<urllib3.connection.HTTPSConnection object at 0x7b578f6add30>: Failed to resolve 'bomen.amsterdam.nl' ([Errno -3] Temporary failure in name resolution)"))
Retrieving data for 7636118
Request error for 7636118: HTTPSConnectionPool(host='bomen.amsterdam.nl', port=443): Read timed out. (read timeout=10)
Retrieving data for 7636119
Request error for 7636119: HTTPSConnectionPool(host='bomen.amsterdam.nl', port=443): Read timed out. (read timeout=10)
Retrieving data for 7636120
Request error for 7636120: HTTPSConnectionPool(host='bomen.amsterdam.nl', port=443): Read timed out. (read timeout=10)
Retrieving data for 7636121
Request error for 7636121: 502 Server Error: Bad Gateway for url: https://bomen.amsterdam.nl/features.data?type=tree&id=7636121&filters=&_routes=routes%2Ffeatures
Retrieving data for 7636122
Request error for 7636122: 503 Server Error: Service Temporarily Unavailable for url: https://bomen.amsterdam.nl/features.data?type=tree&id=7636122&filters=&_routes=routes%2Ffeatures
Retrieving data for 7636123
Request error for 7636123: 503 Server Error: Service Temporarily Unavailable for url: https://bomen.amsterdam.nl/features.data?type=tree&id=7636123&filters=&_routes=routes%2Ffeatures
Retrieving data for 7636124
Request error for 7636124: 503 Server Error: Service Temporarily Unavailable for url: https://bomen.amsterdam.nl/features.data?type=tree&id=7636124&filters=&_routes=routes%2Ffeatures
Retrieving data for 7636125
Request error for 7636125: HTTPSConnectionPool(host='bomen.amsterdam.nl', port=443): Max retries exceeded with url: /features.data?type=tree&id=7636125&filters=&_routes=routes%2Ffeatures (Caused by ConnectTimeoutError(<urllib3.connection.HTTPSConnection object at 0x7b578f693ef0>, 'Connection to bomen.amsterdam.nl timed out. (connect timeout=10)'))
Retrieving data for 7636126
Request error for 7636126: 503 Server Error: Service Temporarily Unavailable for url: https://bomen.amsterdam.nl/features.data?type=tree&id=7636126&filters=&_routes=routes%2Ffeatures
Retrieving data for 7636127
Request error for 7636127: HTTPSConnectionPool(host='bomen.amsterdam.nl', port=443): Max retries exceeded with url: /features.data?type=tree&id=7636127&filters=&_routes=routes%2Ffeatures (Caused by NameResolutionError("<urllib3.connection.HTTPSConnection object at 0x7b578f693da0>: Failed to resolve 'bomen.amsterdam.nl' ([Errno -3] Temporary failure in name resolution)"))
Retrieving data for 7636128
Request error for 7636128: 503 Server Error: Service Temporarily Unavailable for url: https://bomen.amsterdam.nl/features.data?type=tree&id=7636128&filters=&_routes=routes%2Ffeatures
Retrieving data for 7636129
Request error for 7636129: HTTPSConnectionPool(host='bomen.amsterdam.nl', port=443): Max retries exceeded with url: /features.data?type=tree&id=7636129&filters=&_routes=routes%2Ffeatures (Caused by NameResolutionError("<urllib3.connection.HTTPSConnection object at 0x7b578f692000>: Failed to resolve 'bomen.amsterdam.nl' ([Errno -3] Temporary failure in name resolution)"))
Retrieving data for 7636130
Request error for 7636130: 502 Server Error: Bad Gateway for url: https://bomen.amsterdam.nl/features.data?type=tree&id=7636130&filters=&_routes=routes%2Ffeatures
Retrieving data for 7636131
Request error for 7636131: 502 Server Error: Bad Gateway for url: https://bomen.amsterdam.nl/features.data?type=tree&id=7636131&filters=&_routes=routes%2Ffeatures
Retrieving data for 7636132
Request error for 7636132: 502 Server Error: Bad Gateway for url: https://bomen.amsterdam.nl/features.data?type=tree&id=7636132&filters=&_routes=routes%2Ffeatures
Retrieving data for 7636133
Request error for 7636133: 502 Server Error: Bad Gateway for url: https://bomen.amsterdam.nl/features.data?type=tree&id=7636133&filters=&_routes=routes%2Ffeatures
Retrieving data for 7636134
Request error for 7636134: 502 Server Error: Bad Gateway for url: https://bomen.amsterdam.nl/features.data?type=tree&id=7636134&filters=&_routes=routes%2Ffeatures
Retrieving data for 7636135
Request error for 7636135: 502 Server Error: Bad Gateway for url: https://bomen.amsterdam.nl/features.data?type=tree&id=7636135&filters=&_routes=routes%2Ffeatures
Retrieving data for 7636136
Request error for 7636136: HTTPSConnectionPool(host='bomen.amsterdam.nl', port=443): Max retries exceeded with url: /features.data?type=tree&id=7636136&filters=&_routes=routes%2Ffeatures (Caused by ConnectTimeoutError(<urllib3.connection.HTTPSConnection object at 0x7b578f6e0680>, 'Connection to bomen.amsterdam.nl timed out. (connect timeout=10)'))
Retrieving data for 7636137
Request error for 7636137: HTTPSConnectionPool(host='bomen.amsterdam.nl', port=443): Max retries exceeded with url: /features.data?type=tree&id=7636137&filters=&_routes=routes%2Ffeatures (Caused by NameResolutionError("<urllib3.connection.HTTPSConnection object at 0x7b578f691100>: Failed to resolve 'bomen.amsterdam.nl' ([Errno -3] Temporary failure in name resolution)"))
Retrieving data for 7636138
Request error for 7636138: HTTPSConnectionPool(host='bomen.amsterdam.nl', port=443): Max retries exceeded with url: /features.data?type=tree&id=7636138&filters=&_routes=routes%2Ffeatures (Caused by NameResolutionError("<urllib3.connection.HTTPSConnection object at 0x7b578f6916a0>: Failed to resolve 'bomen.amsterdam.nl' ([Errno -3] Temporary failure in name resolution)"))
Retrieving data for 7636139
Request error for 7636139: 502 Server Error: Bad Gateway for url: https://bomen.amsterdam.nl/features.data?type=tree&id=7636139&filters=&_routes=routes%2Ffeatures
Retrieving data for 7636140
Request error for 7636140: 502 Server Error: Bad Gateway for url: https://bomen.amsterdam.nl/features.data?type=tree&id=7636140&filters=&_routes=routes%2Ffeatures
Retrieving data for 7636141
Request error for 7636141: 502 Server Error: Bad Gateway for url: https://bomen.amsterdam.nl/features.data?type=tree&id=7636141&filters=&_routes=routes%2Ffeatures
Retrieving data for 7636142
Request error for 7636142: 502 Server Error: Bad Gateway for url: https://bomen.amsterdam.nl/features.data?type=tree&id=7636142&filters=&_routes=routes%2Ffeatures
Retrieving data for 7636143
Request error for 7636143: 502 Server Error: Bad Gateway for url: https://bomen.amsterdam.nl/features.data?type=tree&id=7636143&filters=&_routes=routes%2Ffeatures
Retrieving data for 7636144
Request error for 7636144: HTTPSConnectionPool(host='bomen.amsterdam.nl', port=443): Max retries exceeded with url: /features.data?type=tree&id=7636144&filters=&_routes=routes%2Ffeatures (Caused by NameResolutionError("<urllib3.connection.HTTPSConnection object at 0x7b578f6935c0>: Failed to resolve 'bomen.amsterdam.nl' ([Errno -3] Temporary failure in name resolution)"))
Retrieving data for 7636145
Request error for 7636145: 502 Server Error: Bad Gateway for url: https://bomen.amsterdam.nl/features.data?type=tree&id=7636145&filters=&_routes=routes%2Ffeatures
Retrieving data for 7636146
Request error for 7636146: HTTPSConnectionPool(host='bomen.amsterdam.nl', port=443): Max retries exceeded with url: /features.data?type=tree&id=7636146&filters=&_routes=routes%2Ffeatures (Caused by NameResolutionError("<urllib3.connection.HTTPSConnection object at 0x7b578f6af5f0>: Failed to resolve 'bomen.amsterdam.nl' ([Errno -3] Temporary failure in name resolution)"))
Retrieving data for 7636147
Request error for 7636147: 502 Server Error: Bad Gateway for url: https://bomen.amsterdam.nl/features.data?type=tree&id=7636147&filters=&_routes=routes%2Ffeatures
Retrieving data for 7636148
Request error for 7636148: 502 Server Error: Bad Gateway for url: https://bomen.amsterdam.nl/features.data?type=tree&id=7636148&filters=&_routes=routes%2Ffeatures
Retrieving data for 7636149
Request error for 7636149: 502 Server Error: Bad Gateway for url: https://bomen.amsterdam.nl/features.data?type=tree&id=7636149&filters=&_routes=routes%2Ffeatures
Retrieving data for 7636150
Request error for 7636150: HTTPSConnectionPool(host='bomen.amsterdam.nl', port=443): Read timed out. (read timeout=10)
Retrieving data for 7636151
Request error for 7636151: HTTPSConnectionPool(host='bomen.amsterdam.nl', port=443): Read timed out. (read timeout=10)
Retrieving data for 7636152
Request error for 7636152: HTTPSConnectionPool(host='bomen.amsterdam.nl', port=443): Read timed out. (read timeout=10)
Retrieving data for 7636153
Request error for 7636153: HTTPSConnectionPool(host='bomen.amsterdam.nl', port=443): Read timed out. (read timeout=10)
Retrieving data for 7636154
Request error for 7636154: 502 Server Error: Bad Gateway for url: https://bomen.amsterdam.nl/features.data?type=tree&id=7636154&filters=&_routes=routes%2Ffeatures
Retrieving data for 7636155
Request error for 7636155: 503 Server Error: Service Temporarily Unavailable for url: https://bomen.amsterdam.nl/features.data?type=tree&id=7636155&filters=&_routes=routes%2Ffeatures
Retrieving data for 7636156
Request error for 7636156: 503 Server Error: Service Temporarily Unavailable for url: https://bomen.amsterdam.nl/features.data?type=tree&id=7636156&filters=&_routes=routes%2Ffeatures
Retrieving data for 7636157
Request error for 7636157: 503 Server Error: Service Temporarily Unavailable for url: https://bomen.amsterdam.nl/features.data?type=tree&id=7636157&filters=&_routes=routes%2Ffeatures
Retrieving data for 7636158
Request error for 7636158: 503 Server Error: Service Temporarily Unavailable for url: https://bomen.amsterdam.nl/features.data?type=tree&id=7636158&filters=&_routes=routes%2Ffeatures
Retrieving data for 7636159
Request error for 7636159: HTTPSConnectionPool(host='bomen.amsterdam.nl', port=443): Read timed out. (read timeout=10)
Retrieving data for 7636160
Request error for 7636160: HTTPSConnectionPool(host='bomen.amsterdam.nl', port=443): Max retries exceeded with url: /features.data?type=tree&id=7636160&filters=&_routes=routes%2Ffeatures (Caused by ConnectTimeoutError(<urllib3.connection.HTTPSConnection object at 0x7b578f6926c0>, 'Connection to bomen.amsterdam.nl timed out. (connect timeout=10)'))
Retrieving data for 7636161
Request error for 7636161: HTTPSConnectionPool(host='bomen.amsterdam.nl', port=443): Max retries exceeded with url: /features.data?type=tree&id=7636161&filters=&_routes=routes%2Ffeatures (Caused by NameResolutionError("<urllib3.connection.HTTPSConnection object at 0x7b578f6e1b50>: Failed to resolve 'bomen.amsterdam.nl' ([Errno -3] Temporary failure in name resolution)"))
Retrieving data for 7636162
Request error for 7636162: 503 Server Error: Service Temporarily Unavailable for url: https://bomen.amsterdam.nl/features.data?type=tree&id=7636162&filters=&_routes=routes%2Ffeatures
Retrieving data for 7636163
Request error for 7636163: 503 Server Error: Service Temporarily Unavailable for url: https://bomen.amsterdam.nl/features.data?type=tree&id=7636163&filters=&_routes=routes%2Ffeatures
Retrieving data for 7636164
Request error for 7636164: 502 Server Error: Bad Gateway for url: https://bomen.amsterdam.nl/features.data?type=tree&id=7636164&filters=&_routes=routes%2Ffeatures
Retrieving data for 7636165
Request error for 7636165: 502 Server Error: Bad Gateway for url: https://bomen.amsterdam.nl/features.data?type=tree&id=7636165&filters=&_routes=routes%2Ffeatures
Retrieving data for 7636166
Request error for 7636166: 502 Server Error: Bad Gateway for url: https://bomen.amsterdam.nl/features.data?type=tree&id=7636166&filters=&_routes=routes%2Ffeatures
Retrieving data for 7636167
Request error for 7636167: 502 Server Error: Bad Gateway for url: https://bomen.amsterdam.nl/features.data?type=tree&id=7636167&filters=&_routes=routes%2Ffeatures
Retrieving data for 7636168
Request error for 7636168: HTTPSConnectionPool(host='bomen.amsterdam.nl', port=443): Max retries exceeded with url: /features.data?type=tree&id=7636168&filters=&_routes=routes%2Ffeatures (Caused by NameResolutionError("<urllib3.connection.HTTPSConnection object at 0x7b578f693230>: Failed to resolve 'bomen.amsterdam.nl' ([Errno -3] Temporary failure in name resolution)"))
Retrieving data for 7636169
Request error for 7636169: HTTPSConnectionPool(host='bomen.amsterdam.nl', port=443): Max retries exceeded with url: /features.data?type=tree&id=7636169&filters=&_routes=routes%2Ffeatures (Caused by NameResolutionError("<urllib3.connection.HTTPSConnection object at 0x7b578f690d70>: Failed to resolve 'bomen.amsterdam.nl' ([Errno -3] Temporary failure in name resolution)"))
Retrieving data for 7636170
Request error for 7636170: 502 Server Error: Bad Gateway for url: https://bomen.amsterdam.nl/features.data?type=tree&id=7636170&filters=&_routes=routes%2Ffeatures
Retrieving data for 7636171
Request error for 7636171: HTTPSConnectionPool(host='bomen.amsterdam.nl', port=443): Max retries exceeded with url: /features.data?type=tree&id=7636171&filters=&_routes=routes%2Ffeatures (Caused by NameResolutionError("<urllib3.connection.HTTPSConnection object at 0x7b578f693140>: Failed to resolve 'bomen.amsterdam.nl' ([Errno -3] Temporary failure in name resolution)"))
Retrieving data for 7636172
Request error for 7636172: 502 Server Error: Bad Gateway for url: https://bomen.amsterdam.nl/features.data?type=tree&id=7636172&filters=&_routes=routes%2Ffeatures
Retrieving data for 7636173
Request error for 7636173: 502 Server Error: Bad Gateway for url: https://bomen.amsterdam.nl/features.data?type=tree&id=7636173&filters=&_routes=routes%2Ffeatures
Retrieving data for 7636174
Request error for 7636174: 502 Server Error: Bad Gateway for url: https://bomen.amsterdam.nl/features.data?type=tree&id=7636174&filters=&_routes=routes%2Ffeatures
Retrieving data for 7636175
Request error for 7636175: 502 Server Error: Bad Gateway for url: https://bomen.amsterdam.nl/features.data?type=tree&id=7636175&filters=&_routes=routes%2Ffeatures
Retrieving data for 7636176
Request error for 7636176: 502 Server Error: Bad Gateway for url: https://bomen.amsterdam.nl/features.data?type=tree&id=7636176&filters=&_routes=routes%2Ffeatures
Retrieving data for 7636177
Request error for 7636177: 502 Server Error: Bad Gateway for url: https://bomen.amsterdam.nl/features.data?type=tree&id=7636177&filters=&_routes=routes%2Ffeatures
Retrieving data for 7636178
Request error for 7636178: 502 Server Error: Bad Gateway for url: https://bomen.amsterdam.nl/features.data?type=tree&id=7636178&filters=&_routes=routes%2Ffeatures
Retrieving data for 7636179
Request error for 7636179: HTTPSConnectionPool(host='bomen.amsterdam.nl', port=443): Max retries exceeded with url: /features.data?type=tree&id=7636179&filters=&_routes=routes%2Ffeatures (Caused by NameResolutionError("<urllib3.connection.HTTPSConnection object at 0x7b578f6aed20>: Failed to resolve 'bomen.amsterdam.nl' ([Errno -3] Temporary failure in name resolution)"))
Retrieving data for 7636180
Request error for 7636180: 502 Server Error: Bad Gateway for url: https://bomen.amsterdam.nl/features.data?type=tree&id=7636180&filters=&_routes=routes%2Ffeatures
Retrieving data for 7636181
Request error for 7636181: HTTPSConnectionPool(host='bomen.amsterdam.nl', port=443): Max retries exceeded with url: /features.data?type=tree&id=7636181&filters=&_routes=routes%2Ffeatures (Caused by NameResolutionError("<urllib3.connection.HTTPSConnection object at 0x7b578f6af290>: Failed to resolve 'bomen.amsterdam.nl' ([Errno -3] Temporary failure in name resolution)"))
Retrieving data for 7636182
Request error for 7636182: 502 Server Error: Bad Gateway for url: https://bomen.amsterdam.nl/features.data?type=tree&id=7636182&filters=&_routes=routes%2Ffeatures
Retrieving data for 7636183
Request error for 7636183: 502 Server Error: Bad Gateway for url: https://bomen.amsterdam.nl/features.data?type=tree&id=7636183&filters=&_routes=routes%2Ffeatures
Retrieving data for 7636184
Request error for 7636184: 502 Server Error: Bad Gateway for url: https://bomen.amsterdam.nl/features.data?type=tree&id=7636184&filters=&_routes=routes%2Ffeatures
Retrieving data for 7636185
Request error for 7636185: 502 Server Error: Bad Gateway for url: https://bomen.amsterdam.nl/features.data?type=tree&id=7636185&filters=&_routes=routes%2Ffeatures
Retrieving data for 7636186
Request error for 7636186: HTTPSConnectionPool(host='bomen.amsterdam.nl', port=443): Max retries exceeded with url: /features.data?type=tree&id=7636186&filters=&_routes=routes%2Ffeatures (Caused by ConnectTimeoutError(<urllib3.connection.HTTPSConnection object at 0x7b578f6afec0>, 'Connection to bomen.amsterdam.nl timed out. (connect timeout=10)'))
Retrieving data for 7636187
Request error for 7636187: HTTPSConnectionPool(host='bomen.amsterdam.nl', port=443): Max retries exceeded with url: /features.data?type=tree&id=7636187&filters=&_routes=routes%2Ffeatures (Caused by NameResolutionError("<urllib3.connection.HTTPSConnection object at 0x7b578f690da0>: Failed to resolve 'bomen.amsterdam.nl' ([Errno -3] Temporary failure in name resolution)"))
Retrieving data for 7636188
Request error for 7636188: 502 Server Error: Bad Gateway for url: https://bomen.amsterdam.nl/features.data?type=tree&id=7636188&filters=&_routes=routes%2Ffeatures
Retrieving data for 7636189
Request error for 7636189: 502 Server Error: Bad Gateway for url: https://bomen.amsterdam.nl/features.data?type=tree&id=7636189&filters=&_routes=routes%2Ffeatures
Retrieving data for 7636190
Request error for 7636190: 502 Server Error: Bad Gateway for url: https://bomen.amsterdam.nl/features.data?type=tree&id=7636190&filters=&_routes=routes%2Ffeatures
Retrieving data for 7636191
Request error for 7636191: HTTPSConnectionPool(host='bomen.amsterdam.nl', port=443): Max retries exceeded with url: /features.data?type=tree&id=7636191&filters=&_routes=routes%2Ffeatures (Caused by NameResolutionError("<urllib3.connection.HTTPSConnection object at 0x7b578f6917c0>: Failed to resolve 'bomen.amsterdam.nl' ([Errno -3] Temporary failure in name resolution)"))
Retrieving data for 7636192
Request error for 7636192: HTTPSConnectionPool(host='bomen.amsterdam.nl', port=443): Read timed out. (read timeout=10)
Retrieving data for 7636193
Request error for 7636193: HTTPSConnectionPool(host='bomen.amsterdam.nl', port=443): Read timed out. (read timeout=10)
Retrieving data for 7636194
Request error for 7636194: HTTPSConnectionPool(host='bomen.amsterdam.nl', port=443): Read timed out. (read timeout=10)
Retrieving data for 7636195
Request error for 7636195: 503 Server Error: Service Temporarily Unavailable for url: https://bomen.amsterdam.nl/features.data?type=tree&id=7636195&filters=&_routes=routes%2Ffeatures
Retrieving data for 7636196
Request error for 7636196: 503 Server Error: Service Temporarily Unavailable for url: https://bomen.amsterdam.nl/features.data?type=tree&id=7636196&filters=&_routes=routes%2Ffeatures
Retrieving data for 7636197
Request error for 7636197: 503 Server Error: Service Temporarily Unavailable for url: https://bomen.amsterdam.nl/features.data?type=tree&id=7636197&filters=&_routes=routes%2Ffeatures
Retrieving data for 7636198
Request error for 7636198: 503 Server Error: Service Temporarily Unavailable for url: https://bomen.amsterdam.nl/features.data?type=tree&id=7636198&filters=&_routes=routes%2Ffeatures
Retrieving data for 7636199
Request error for 7636199: 503 Server Error: Service Temporarily Unavailable for url: https://bomen.amsterdam.nl/features.data?type=tree&id=7636199&filters=&_routes=routes%2Ffeatures
Retrieving data for 7636200
Request error for 7636200: 503 Server Error: Service Temporarily Unavailable for url: https://bomen.amsterdam.nl/features.data?type=tree&id=7636200&filters=&_routes=routes%2Ffeatures
Retrieving data for 7636201
Request error for 7636201: 503 Server Error: Service Temporarily Unavailable for url: https://bomen.amsterdam.nl/features.data?type=tree&id=7636201&filters=&_routes=routes%2Ffeatures
Retrieving data for 7636202
Request error for 7636202: 503 Server Error: Service Temporarily Unavailable for url: https://bomen.amsterdam.nl/features.data?type=tree&id=7636202&filters=&_routes=routes%2Ffeatures
Retrieving data for 7636203
Request error for 7636203: HTTPSConnectionPool(host='bomen.amsterdam.nl', port=443): Max retries exceeded with url: /features.data?type=tree&id=7636203&filters=&_routes=routes%2Ffeatures (Caused by ConnectTimeoutError(<urllib3.connection.HTTPSConnection object at 0x7b578f6add90>, 'Connection to bomen.amsterdam.nl timed out. (connect timeout=10)'))
Retrieving data for 7636204
Request error for 7636204: HTTPSConnectionPool(host='bomen.amsterdam.nl', port=443): Max retries exceeded with url: /features.data?type=tree&id=7636204&filters=&_routes=routes%2Ffeatures (Caused by NameResolutionError("<urllib3.connection.HTTPSConnection object at 0x7b578f691b50>: Failed to resolve 'bomen.amsterdam.nl' ([Errno -3] Temporary failure in name resolution)"))
Retrieving data for 7636205
Request error for 7636205: HTTPSConnectionPool(host='bomen.amsterdam.nl', port=443): Max retries exceeded with url: /features.data?type=tree&id=7636205&filters=&_routes=routes%2Ffeatures (Caused by NameResolutionError("<urllib3.connection.HTTPSConnection object at 0x7b578f691f40>: Failed to resolve 'bomen.amsterdam.nl' ([Errno -3] Temporary failure in name resolution)"))
Retrieving data for 7636206
Request error for 7636206: 502 Server Error: Bad Gateway for url: https://bomen.amsterdam.nl/features.data?type=tree&id=7636206&filters=&_routes=routes%2Ffeatures
Retrieving data for 7636207
Request error for 7636207: 502 Server Error: Bad Gateway for url: https://bomen.amsterdam.nl/features.data?type=tree&id=7636207&filters=&_routes=routes%2Ffeatures
Retrieving data for 7636208
Request error for 7636208: 502 Server Error: Bad Gateway for url: https://bomen.amsterdam.nl/features.data?type=tree&id=7636208&filters=&_routes=routes%2Ffeatures
Retrieving data for 7636209
Request error for 7636209: 502 Server Error: Bad Gateway for url: https://bomen.amsterdam.nl/features.data?type=tree&id=7636209&filters=&_routes=routes%2Ffeatures
Retrieving data for 7636210
Request error for 7636210: 502 Server Error: Bad Gateway for url: https://bomen.amsterdam.nl/features.data?type=tree&id=7636210&filters=&_routes=routes%2Ffeatures
Retrieving data for 7636211
Request error for 7636211: 502 Server Error: Bad Gateway for url: https://bomen.amsterdam.nl/features.data?type=tree&id=7636211&filters=&_routes=routes%2Ffeatures
Retrieving data for 7636212
Request error for 7636212: 502 Server Error: Bad Gateway for url: https://bomen.amsterdam.nl/features.data?type=tree&id=7636212&filters=&_routes=routes%2Ffeatures
Retrieving data for 7636213
Request error for 7636213: 502 Server Error: Bad Gateway for url: https://bomen.amsterdam.nl/features.data?type=tree&id=7636213&filters=&_routes=routes%2Ffeatures
Retrieving data for 7636214
Request error for 7636214: 502 Server Error: Bad Gateway for url: https://bomen.amsterdam.nl/features.data?type=tree&id=7636214&filters=&_routes=routes%2Ffeatures
Retrieving data for 7636215
Request error for 7636215: 502 Server Error: Bad Gateway for url: https://bomen.amsterdam.nl/features.data?type=tree&id=7636215&filters=&_routes=routes%2Ffeatures
Retrieving data for 7636216
Request error for 7636216: 502 Server Error: Bad Gateway for url: https://bomen.amsterdam.nl/features.data?type=tree&id=7636216&filters=&_routes=routes%2Ffeatures
Retrieving data for 7636217
Request error for 7636217: 502 Server Error: Bad Gateway for url: https://bomen.amsterdam.nl/features.data?type=tree&id=7636217&filters=&_routes=routes%2Ffeatures
Retrieving data for 7636218
Request error for 7636218: 502 Server Error: Bad Gateway for url: https://bomen.amsterdam.nl/features.data?type=tree&id=7636218&filters=&_routes=routes%2Ffeatures
Retrieving data for 7636219
Request error for 7636219: 502 Server Error: Bad Gateway for url: https://bomen.amsterdam.nl/features.data?type=tree&id=7636219&filters=&_routes=routes%2Ffeatures
Retrieving data for 7636220
Request error for 7636220: HTTPSConnectionPool(host='bomen.amsterdam.nl', port=443): Max retries exceeded with url: /features.data?type=tree&id=7636220&filters=&_routes=routes%2Ffeatures (Caused by NameResolutionError("<urllib3.connection.HTTPSConnection object at 0x7b578f692d50>: Failed to resolve 'bomen.amsterdam.nl' ([Errno -3] Temporary failure in name resolution)"))
Retrieving data for 7636221
Request error for 7636221: HTTPSConnectionPool(host='bomen.amsterdam.nl', port=443): Max retries exceeded with url: /features.data?type=tree&id=7636221&filters=&_routes=routes%2Ffeatures (Caused by NameResolutionError("<urllib3.connection.HTTPSConnection object at 0x7b578f9bec00>: Failed to resolve 'bomen.amsterdam.nl' ([Errno -3] Temporary failure in name resolution)"))
Retrieving data for 7636222
Request error for 7636222: HTTPSConnectionPool(host='bomen.amsterdam.nl', port=443): Max retries exceeded with url: /features.data?type=tree&id=7636222&filters=&_routes=routes%2Ffeatures (Caused by NameResolutionError("<urllib3.connection.HTTPSConnection object at 0x7b578f6af560>: Failed to resolve 'bomen.amsterdam.nl' ([Errno -3] Temporary failure in name resolution)"))
Retrieving data for 7636223
Request error for 7636223: HTTPSConnectionPool(host='bomen.amsterdam.nl', port=443): Max retries exceeded with url: /features.data?type=tree&id=7636223&filters=&_routes=routes%2Ffeatures (Caused by NameResolutionError("<urllib3.connection.HTTPSConnection object at 0x7b578f6ae6c0>: Failed to resolve 'bomen.amsterdam.nl' ([Errno -3] Temporary failure in name resolution)"))
Retrieving data for 7636224
Request error for 7636224: HTTPSConnectionPool(host='bomen.amsterdam.nl', port=443): Max retries exceeded with url: /features.data?type=tree&id=7636224&filters=&_routes=routes%2Ffeatures (Caused by NameResolutionError("<urllib3.connection.HTTPSConnection object at 0x7b578f997590>: Failed to resolve 'bomen.amsterdam.nl' ([Errno -3] Temporary failure in name resolution)"))
Retrieving data for 7636225
Request error for 7636225: HTTPSConnectionPool(host='bomen.amsterdam.nl', port=443): Max retries exceeded with url: /features.data?type=tree&id=7636225&filters=&_routes=routes%2Ffeatures (Caused by NameResolutionError("<urllib3.connection.HTTPSConnection object at 0x7b578f693ce0>: Failed to resolve 'bomen.amsterdam.nl' ([Errno -3] Temporary failure in name resolution)"))
Retrieving data for 7636226
Request error for 7636226: HTTPSConnectionPool(host='bomen.amsterdam.nl', port=443): Max retries exceeded with url: /features.data?type=tree&id=7636226&filters=&_routes=routes%2Ffeatures (Caused by NameResolutionError("<urllib3.connection.HTTPSConnection object at 0x7b578f693e30>: Failed to resolve 'bomen.amsterdam.nl' ([Errno -3] Temporary failure in name resolution)"))
Retrieving data for 7636227
Request error for 7636227: HTTPSConnectionPool(host='bomen.amsterdam.nl', port=443): Max retries exceeded with url: /features.data?type=tree&id=7636227&filters=&_routes=routes%2Ffeatures (Caused by NameResolutionError("<urllib3.connection.HTTPSConnection object at 0x7b578f692270>: Failed to resolve 'bomen.amsterdam.nl' ([Errno -3] Temporary failure in name resolution)"))
Retrieving data for 7636228
Request error for 7636228: HTTPSConnectionPool(host='bomen.amsterdam.nl', port=443): Max retries exceeded with url: /features.data?type=tree&id=7636228&filters=&_routes=routes%2Ffeatures (Caused by NameResolutionError("<urllib3.connection.HTTPSConnection object at 0x7b578f6ae0c0>: Failed to resolve 'bomen.amsterdam.nl' ([Errno -3] Temporary failure in name resolution)"))
Retrieving data for 7636229
Request error for 7636229: HTTPSConnectionPool(host='bomen.amsterdam.nl', port=443): Max retries exceeded with url: /features.data?type=tree&id=7636229&filters=&_routes=routes%2Ffeatures (Caused by NameResolutionError("<urllib3.connection.HTTPSConnection object at 0x7b578f6aec90>: Failed to resolve 'bomen.amsterdam.nl' ([Errno -3] Temporary failure in name resolution)"))
Retrieving data for 7636230
Request error for 7636230: HTTPSConnectionPool(host='bomen.amsterdam.nl', port=443): Max retries exceeded with url: /features.data?type=tree&id=7636230&filters=&_routes=routes%2Ffeatures (Caused by NameResolutionError("<urllib3.connection.HTTPSConnection object at 0x7b578f6ad8e0>: Failed to resolve 'bomen.amsterdam.nl' ([Errno -3] Temporary failure in name resolution)"))
Retrieving data for 7636231
Request error for 7636231: HTTPSConnectionPool(host='bomen.amsterdam.nl', port=443): Read timed out. (read timeout=10)
Retrieving data for 7636232
Request error for 7636232: HTTPSConnectionPool(host='bomen.amsterdam.nl', port=443): Read timed out. (read timeout=10)
Retrieving data for 7636233
Request error for 7636233: HTTPSConnectionPool(host='bomen.amsterdam.nl', port=443): Read timed out. (read timeout=10)
Retrieving data for 7636234
Request error for 7636234: 502 Server Error: Bad Gateway for url: https://bomen.amsterdam.nl/features.data?type=tree&id=7636234&filters=&_routes=routes%2Ffeatures
Retrieving data for 7636235
Request error for 7636235: 503 Server Error: Service Temporarily Unavailable for url: https://bomen.amsterdam.nl/features.data?type=tree&id=7636235&filters=&_routes=routes%2Ffeatures
Retrieving data for 7636236
Request error for 7636236: 503 Server Error: Service Temporarily Unavailable for url: https://bomen.amsterdam.nl/features.data?type=tree&id=7636236&filters=&_routes=routes%2Ffeatures
Retrieving data for 7636237
Request error for 7636237: 503 Server Error: Service Temporarily Unavailable for url: https://bomen.amsterdam.nl/features.data?type=tree&id=7636237&filters=&_routes=routes%2Ffeatures
Retrieving data for 7636238
Request error for 7636238: 503 Server Error: Service Temporarily Unavailable for url: https://bomen.amsterdam.nl/features.data?type=tree&id=7636238&filters=&_routes=routes%2Ffeatures
Retrieving data for 7636239
Request error for 7636239: 503 Server Error: Service Temporarily Unavailable for url: https://bomen.amsterdam.nl/features.data?type=tree&id=7636239&filters=&_routes=routes%2Ffeatures
Retrieving data for 7636240
Request error for 7636240: 503 Server Error: Service Temporarily Unavailable for url: https://bomen.amsterdam.nl/features.data?type=tree&id=7636240&filters=&_routes=routes%2Ffeatures
Retrieving data for 7636241
Request error for 7636241: HTTPSConnectionPool(host='bomen.amsterdam.nl', port=443): Max retries exceeded with url: /features.data?type=tree&id=7636241&filters=&_routes=routes%2Ffeatures (Caused by ConnectTimeoutError(<urllib3.connection.HTTPSConnection object at 0x7b578f6ac9e0>, 'Connection to bomen.amsterdam.nl timed out. (connect timeout=10)'))
Retrieving data for 7636242
Request error for 7636242: HTTPSConnectionPool(host='bomen.amsterdam.nl', port=443): Max retries exceeded with url: /features.data?type=tree&id=7636242&filters=&_routes=routes%2Ffeatures (Caused by NameResolutionError("<urllib3.connection.HTTPSConnection object at 0x7b578f6ae8a0>: Failed to resolve 'bomen.amsterdam.nl' ([Errno -3] Temporary failure in name resolution)"))
Retrieving data for 7636243
Request error for 7636243: HTTPSConnectionPool(host='bomen.amsterdam.nl', port=443): Max retries exceeded with url: /features.data?type=tree&id=7636243&filters=&_routes=routes%2Ffeatures (Caused by NameResolutionError("<urllib3.connection.HTTPSConnection object at 0x7b578f6ad6d0>: Failed to resolve 'bomen.amsterdam.nl' ([Errno -3] Temporary failure in name resolution)"))
Retrieving data for 7636244
Request error for 7636244: 503 Server Error: Service Temporarily Unavailable for url: https://bomen.amsterdam.nl/features.data?type=tree&id=7636244&filters=&_routes=routes%2Ffeatures
Retrieving data for 7636245
Request error for 7636245: 503 Server Error: Service Temporarily Unavailable for url: https://bomen.amsterdam.nl/features.data?type=tree&id=7636245&filters=&_routes=routes%2Ffeatures
Retrieving data for 7636246
Request error for 7636246: 503 Server Error: Service Temporarily Unavailable for url: https://bomen.amsterdam.nl/features.data?type=tree&id=7636246&filters=&_routes=routes%2Ffeatures
Retrieving data for 7636247
Request error for 7636247: 502 Server Error: Bad Gateway for url: https://bomen.amsterdam.nl/features.data?type=tree&id=7636247&filters=&_routes=routes%2Ffeatures
Retrieving data for 7636248
Request error for 7636248: HTTPSConnectionPool(host='bomen.amsterdam.nl', port=443): Max retries exceeded with url: /features.data?type=tree&id=7636248&filters=&_routes=routes%2Ffeatures (Caused by NameResolutionError("<urllib3.connection.HTTPSConnection object at 0x7b578f693110>: Failed to resolve 'bomen.amsterdam.nl' ([Errno -3] Temporary failure in name resolution)"))
Retrieving data for 7636249
Request error for 7636249: 502 Server Error: Bad Gateway for url: https://bomen.amsterdam.nl/features.data?type=tree&id=7636249&filters=&_routes=routes%2Ffeatures
Retrieving data for 7636250
Request error for 7636250: 502 Server Error: Bad Gateway for url: https://bomen.amsterdam.nl/features.data?type=tree&id=7636250&filters=&_routes=routes%2Ffeatures
Retrieving data for 7636251
Request error for 7636251: 502 Server Error: Bad Gateway for url: https://bomen.amsterdam.nl/features.data?type=tree&id=7636251&filters=&_routes=routes%2Ffeatures
Retrieving data for 7636252
Request error for 7636252: HTTPSConnectionPool(host='bomen.amsterdam.nl', port=443): Max retries exceeded with url: /features.data?type=tree&id=7636252&filters=&_routes=routes%2Ffeatures (Caused by NameResolutionError("<urllib3.connection.HTTPSConnection object at 0x7b578f6935c0>: Failed to resolve 'bomen.amsterdam.nl' ([Errno -3] Temporary failure in name resolution)"))
Retrieving data for 7636253
Request error for 7636253: HTTPSConnectionPool(host='bomen.amsterdam.nl', port=443): Max retries exceeded with url: /features.data?type=tree&id=7636253&filters=&_routes=routes%2Ffeatures (Caused by NameResolutionError("<urllib3.connection.HTTPSConnection object at 0x7b578f692b10>: Failed to resolve 'bomen.amsterdam.nl' ([Errno -3] Temporary failure in name resolution)"))
Retrieving data for 7636254
Request error for 7636254: HTTPSConnectionPool(host='bomen.amsterdam.nl', port=443): Max retries exceeded with url: /features.data?type=tree&id=7636254&filters=&_routes=routes%2Ffeatures (Caused by ConnectTimeoutError(<urllib3.connection.HTTPSConnection object at 0x7b578f6adb50>, 'Connection to bomen.amsterdam.nl timed out. (connect timeout=10)'))
Retrieving data for 7636255
Request error for 7636255: 502 Server Error: Bad Gateway for url: https://bomen.amsterdam.nl/features.data?type=tree&id=7636255&filters=&_routes=routes%2Ffeatures
Retrieving data for 7636256
Request error for 7636256: 502 Server Error: Bad Gateway for url: https://bomen.amsterdam.nl/features.data?type=tree&id=7636256&filters=&_routes=routes%2Ffeatures
Retrieving data for 7636257
Request error for 7636257: 502 Server Error: Bad Gateway for url: https://bomen.amsterdam.nl/features.data?type=tree&id=7636257&filters=&_routes=routes%2Ffeatures
Retrieving data for 7636258
Request error for 7636258: 502 Server Error: Bad Gateway for url: https://bomen.amsterdam.nl/features.data?type=tree&id=7636258&filters=&_routes=routes%2Ffeatures
Retrieving data for 7636259
Request error for 7636259: 502 Server Error: Bad Gateway for url: https://bomen.amsterdam.nl/features.data?type=tree&id=7636259&filters=&_routes=routes%2Ffeatures
Retrieving data for 7636260
Request error for 7636260: 502 Server Error: Bad Gateway for url: https://bomen.amsterdam.nl/features.data?type=tree&id=7636260&filters=&_routes=routes%2Ffeatures
Retrieving data for 7636261
Request error for 7636261: 502 Server Error: Bad Gateway for url: https://bomen.amsterdam.nl/features.data?type=tree&id=7636261&filters=&_routes=routes%2Ffeatures
Retrieving data for 7636262
Request error for 7636262: 502 Server Error: Bad Gateway for url: https://bomen.amsterdam.nl/features.data?type=tree&id=7636262&filters=&_routes=routes%2Ffeatures
Retrieving data for 7636263
Request error for 7636263: 502 Server Error: Bad Gateway for url: https://bomen.amsterdam.nl/features.data?type=tree&id=7636263&filters=&_routes=routes%2Ffeatures
Retrieving data for 7636264
Request error for 7636264: 502 Server Error: Bad Gateway for url: https://bomen.amsterdam.nl/features.data?type=tree&id=7636264&filters=&_routes=routes%2Ffeatures
Retrieving data for 7636265
Request error for 7636265: 502 Server Error: Bad Gateway for url: https://bomen.amsterdam.nl/features.data?type=tree&id=7636265&filters=&_routes=routes%2Ffeatures
Retrieving data for 7636266
Request error for 7636266: HTTPSConnectionPool(host='bomen.amsterdam.nl', port=443): Max retries exceeded with url: /features.data?type=tree&id=7636266&filters=&_routes=routes%2Ffeatures (Caused by ConnectTimeoutError(<urllib3.connection.HTTPSConnection object at 0x7b578f6ae3c0>, 'Connection to bomen.amsterdam.nl timed out. (connect timeout=10)'))
Retrieving data for 7636267
Request error for 7636267: HTTPSConnectionPool(host='bomen.amsterdam.nl', port=443): Max retries exceeded with url: /features.data?type=tree&id=7636267&filters=&_routes=routes%2Ffeatures (Caused by NameResolutionError("<urllib3.connection.HTTPSConnection object at 0x7b578f6acb60>: Failed to resolve 'bomen.amsterdam.nl' ([Errno -3] Temporary failure in name resolution)"))
Retrieving data for 7636268
Request error for 7636268: 502 Server Error: Bad Gateway for url: https://bomen.amsterdam.nl/features.data?type=tree&id=7636268&filters=&_routes=routes%2Ffeatures
Retrieving data for 7636269
Request error for 7636269: 502 Server Error: Bad Gateway for url: https://bomen.amsterdam.nl/features.data?type=tree&id=7636269&filters=&_routes=routes%2Ffeatures
Retrieving data for 7636270
Request error for 7636270: 502 Server Error: Bad Gateway for url: https://bomen.amsterdam.nl/features.data?type=tree&id=7636270&filters=&_routes=routes%2Ffeatures
Retrieving data for 7636271
Request error for 7636271: HTTPSConnectionPool(host='bomen.amsterdam.nl', port=443): Max retries exceeded with url: /features.data?type=tree&id=7636271&filters=&_routes=routes%2Ffeatures (Caused by NameResolutionError("<urllib3.connection.HTTPSConnection object at 0x7b578f693ef0>: Failed to resolve 'bomen.amsterdam.nl' ([Errno -3] Temporary failure in name resolution)"))
Retrieving data for 7636272
Request error for 7636272: HTTPSConnectionPool(host='bomen.amsterdam.nl', port=443): Max retries exceeded with url: /features.data?type=tree&id=7636272&filters=&_routes=routes%2Ffeatures (Caused by NameResolutionError("<urllib3.connection.HTTPSConnection object at 0x7b578f691970>: Failed to resolve 'bomen.amsterdam.nl' ([Errno -3] Temporary failure in name resolution)"))
Retrieving data for 7636273
Request error for 7636273: HTTPSConnectionPool(host='bomen.amsterdam.nl', port=443): Read timed out. (read timeout=10)
Retrieving data for 7636274
Request error for 7636274: HTTPSConnectionPool(host='bomen.amsterdam.nl', port=443): Read timed out. (read timeout=10)
Retrieving data for 7636275
Request error for 7636275: HTTPSConnectionPool(host='bomen.amsterdam.nl', port=443): Read timed out. (read timeout=10)
Retrieving data for 7636276
Request error for 7636276: HTTPSConnectionPool(host='bomen.amsterdam.nl', port=443): Read timed out. (read timeout=10)
Retrieving data for 7636277
Request error for 7636277: 502 Server Error: Bad Gateway for url: https://bomen.amsterdam.nl/features.data?type=tree&id=7636277&filters=&_routes=routes%2Ffeatures
Retrieving data for 7636278
Request error for 7636278: 502 Server Error: Bad Gateway for url: https://bomen.amsterdam.nl/features.data?type=tree&id=7636278&filters=&_routes=routes%2Ffeatures
Retrieving data for 7636279
Request error for 7636279: 503 Server Error: Service Temporarily Unavailable for url: https://bomen.amsterdam.nl/features.data?type=tree&id=7636279&filters=&_routes=routes%2Ffeatures
Retrieving data for 7636280
Request error for 7636280: 503 Server Error: Service Temporarily Unavailable for url: https://bomen.amsterdam.nl/features.data?type=tree&id=7636280&filters=&_routes=routes%2Ffeatures
Retrieving data for 7636281
Request error for 7636281: 503 Server Error: Service Temporarily Unavailable for url: https://bomen.amsterdam.nl/features.data?type=tree&id=7636281&filters=&_routes=routes%2Ffeatures
Retrieving data for 7636282
Request error for 7636282: 502 Server Error: Bad Gateway for url: https://bomen.amsterdam.nl/features.data?type=tree&id=7636282&filters=&_routes=routes%2Ffeatures
Retrieving data for 7636283
Request error for 7636283: HTTPSConnectionPool(host='bomen.amsterdam.nl', port=443): Read timed out. (read timeout=10)
Retrieving data for 7636284
Request error for 7636284: HTTPSConnectionPool(host='bomen.amsterdam.nl', port=443): Read timed out. (read timeout=10)
Retrieving data for 7636285
Request error for 7636285: HTTPSConnectionPool(host='bomen.amsterdam.nl', port=443): Read timed out. (read timeout=10)
Retrieving data for 7636286
Request error for 7636286: 502 Server Error: Bad Gateway for url: https://bomen.amsterdam.nl/features.data?type=tree&id=7636286&filters=&_routes=routes%2Ffeatures
Retrieving data for 7636287
Request error for 7636287: 503 Server Error: Service Temporarily Unavailable for url: https://bomen.amsterdam.nl/features.data?type=tree&id=7636287&filters=&_routes=routes%2Ffeatures
Retrieving data for 7636288
Request error for 7636288: 503 Server Error: Service Temporarily Unavailable for url: https://bomen.amsterdam.nl/features.data?type=tree&id=7636288&filters=&_routes=routes%2Ffeatures
Retrieving data for 7636289
Request error for 7636289: 502 Server Error: Bad Gateway for url: https://bomen.amsterdam.nl/features.data?type=tree&id=7636289&filters=&_routes=routes%2Ffeatures
Retrieving data for 7636290
Request error for 7636290: 502 Server Error: Bad Gateway for url: https://bomen.amsterdam.nl/features.data?type=tree&id=7636290&filters=&_routes=routes%2Ffeatures
Retrieving data for 7636291
Request error for 7636291: HTTPSConnectionPool(host='bomen.amsterdam.nl', port=443): Max retries exceeded with url: /features.data?type=tree&id=7636291&filters=&_routes=routes%2Ffeatures (Caused by ConnectTimeoutError(<urllib3.connection.HTTPSConnection object at 0x7b578f6933b0>, 'Connection to bomen.amsterdam.nl timed out. (connect timeout=10)'))
Retrieving data for 7636292
Request error for 7636292: HTTPSConnectionPool(host='bomen.amsterdam.nl', port=443): Max retries exceeded with url: /features.data?type=tree&id=7636292&filters=&_routes=routes%2Ffeatures (Caused by NameResolutionError("<urllib3.connection.HTTPSConnection object at 0x7b578f6e0fe0>: Failed to resolve 'bomen.amsterdam.nl' ([Errno -3] Temporary failure in name resolution)"))
Retrieving data for 7636293
Request error for 7636293: HTTPSConnectionPool(host='bomen.amsterdam.nl', port=443): Max retries exceeded with url: /features.data?type=tree&id=7636293&filters=&_routes=routes%2Ffeatures (Caused by NameResolutionError("<urllib3.connection.HTTPSConnection object at 0x7b5790ed7350>: Failed to resolve 'bomen.amsterdam.nl' ([Errno -3] Temporary failure in name resolution)"))
Retrieving data for 7636294
Request error for 7636294: HTTPSConnectionPool(host='bomen.amsterdam.nl', port=443): Read timed out. (read timeout=10)
Retrieving data for 7636295
Request error for 7636295: HTTPSConnectionPool(host='bomen.amsterdam.nl', port=443): Read timed out. (read timeout=10)
Retrieving data for 7636296
Request error for 7636296: HTTPSConnectionPool(host='bomen.amsterdam.nl', port=443): Read timed out. (read timeout=10)
Retrieving data for 7636297
Request error for 7636297: HTTPSConnectionPool(host='bomen.amsterdam.nl', port=443): Max retries exceeded with url: /features.data?type=tree&id=7636297&filters=&_routes=routes%2Ffeatures (Caused by NameResolutionError("<urllib3.connection.HTTPSConnection object at 0x7b578f693ce0>: Failed to resolve 'bomen.amsterdam.nl' ([Errno -3] Temporary failure in name resolution)"))
Retrieving data for 7636298
Request error for 7636298: 503 Server Error: Service Temporarily Unavailable for url: https://bomen.amsterdam.nl/features.data?type=tree&id=7636298&filters=&_routes=routes%2Ffeatures
Retrieving data for 7636299
Request error for 7636299: 503 Server Error: Service Temporarily Unavailable for url: https://bomen.amsterdam.nl/features.data?type=tree&id=7636299&filters=&_routes=routes%2Ffeatures
Retrieving data for 7636300
Request error for 7636300: 503 Server Error: Service Temporarily Unavailable for url: https://bomen.amsterdam.nl/features.data?type=tree&id=7636300&filters=&_routes=routes%2Ffeatures
Retrieving data for 7636301
Request error for 7636301: 503 Server Error: Service Temporarily Unavailable for url: https://bomen.amsterdam.nl/features.data?type=tree&id=7636301&filters=&_routes=routes%2Ffeatures
Retrieving data for 7636302
Request error for 7636302: 503 Server Error: Service Temporarily Unavailable for url: https://bomen.amsterdam.nl/features.data?type=tree&id=7636302&filters=&_routes=routes%2Ffeatures
Retrieving data for 7636303
Request error for 7636303: 503 Server Error: Service Temporarily Unavailable for url: https://bomen.amsterdam.nl/features.data?type=tree&id=7636303&filters=&_routes=routes%2Ffeatures
Retrieving data for 7636304
Request error for 7636304: HTTPSConnectionPool(host='bomen.amsterdam.nl', port=443): Read timed out. (read timeout=10)
Retrieving data for 7636305
Request error for 7636305: HTTPSConnectionPool(host='bomen.amsterdam.nl', port=443): Read timed out. (read timeout=10)
Retrieving data for 7636306
Request error for 7636306: HTTPSConnectionPool(host='bomen.amsterdam.nl', port=443): Read timed out. (read timeout=10)
Retrieving data for 7636307
Request error for 7636307: HTTPSConnectionPool(host='bomen.amsterdam.nl', port=443): Read timed out. (read timeout=10)
Retrieving data for 7636308
Request error for 7636308: 502 Server Error: Bad Gateway for url: https://bomen.amsterdam.nl/features.data?type=tree&id=7636308&filters=&_routes=routes%2Ffeatures
Retrieving data for 7636309
Request error for 7636309: 503 Server Error: Service Temporarily Unavailable for url: https://bomen.amsterdam.nl/features.data?type=tree&id=7636309&filters=&_routes=routes%2Ffeatures
Retrieving data for 7636310
Request error for 7636310: 502 Server Error: Bad Gateway for url: https://bomen.amsterdam.nl/features.data?type=tree&id=7636310&filters=&_routes=routes%2Ffeatures
Retrieving data for 7636311
Request error for 7636311: 502 Server Error: Bad Gateway for url: https://bomen.amsterdam.nl/features.data?type=tree&id=7636311&filters=&_routes=routes%2Ffeatures
Retrieving data for 7636312
Request error for 7636312: 502 Server Error: Bad Gateway for url: https://bomen.amsterdam.nl/features.data?type=tree&id=7636312&filters=&_routes=routes%2Ffeatures
Retrieving data for 7636313
Request error for 7636313: 502 Server Error: Bad Gateway for url: https://bomen.amsterdam.nl/features.data?type=tree&id=7636313&filters=&_routes=routes%2Ffeatures
Retrieving data for 7636314
Request error for 7636314: HTTPSConnectionPool(host='bomen.amsterdam.nl', port=443): Max retries exceeded with url: /features.data?type=tree&id=7636314&filters=&_routes=routes%2Ffeatures (Caused by NameResolutionError("<urllib3.connection.HTTPSConnection object at 0x7b578f693500>: Failed to resolve 'bomen.amsterdam.nl' ([Errno -3] Temporary failure in name resolution)"))
Retrieving data for 7636315
Request error for 7636315: HTTPSConnectionPool(host='bomen.amsterdam.nl', port=443): Max retries exceeded with url: /features.data?type=tree&id=7636315&filters=&_routes=routes%2Ffeatures (Caused by NameResolutionError("<urllib3.connection.HTTPSConnection object at 0x7b578f91fd70>: Failed to resolve 'bomen.amsterdam.nl' ([Errno -3] Temporary failure in name resolution)"))
Retrieving data for 7636316
Request error for 7636316: 502 Server Error: Bad Gateway for url: https://bomen.amsterdam.nl/features.data?type=tree&id=7636316&filters=&_routes=routes%2Ffeatures
Retrieving data for 7636317
Request error for 7636317: 502 Server Error: Bad Gateway for url: https://bomen.amsterdam.nl/features.data?type=tree&id=7636317&filters=&_routes=routes%2Ffeatures
Retrieving data for 7636318
Request error for 7636318: 502 Server Error: Bad Gateway for url: https://bomen.amsterdam.nl/features.data?type=tree&id=7636318&filters=&_routes=routes%2Ffeatures
Retrieving data for 7636319
Request error for 7636319: HTTPSConnectionPool(host='bomen.amsterdam.nl', port=443): Read timed out. (read timeout=10)
Retrieving data for 7636320
Request error for 7636320: HTTPSConnectionPool(host='bomen.amsterdam.nl', port=443): Read timed out. (read timeout=10)
Retrieving data for 7636321
Request error for 7636321: HTTPSConnectionPool(host='bomen.amsterdam.nl', port=443): Read timed out. (read timeout=10)
Retrieving data for 7636322
Request error for 7636322: HTTPSConnectionPool(host='bomen.amsterdam.nl', port=443): Max retries exceeded with url: /features.data?type=tree&id=7636322&filters=&_routes=routes%2Ffeatures (Caused by NameResolutionError("<urllib3.connection.HTTPSConnection object at 0x7b578f6af9e0>: Failed to resolve 'bomen.amsterdam.nl' ([Errno -3] Temporary failure in name resolution)"))
Retrieving data for 7636323
Request error for 7636323: HTTPSConnectionPool(host='bomen.amsterdam.nl', port=443): Max retries exceeded with url: /features.data?type=tree&id=7636323&filters=&_routes=routes%2Ffeatures (Caused by NameResolutionError("<urllib3.connection.HTTPSConnection object at 0x7b578f6afa10>: Failed to resolve 'bomen.amsterdam.nl' ([Errno -3] Temporary failure in name resolution)"))
Retrieving data for 7636324
Request error for 7636324: 503 Server Error: Service Temporarily Unavailable for url: https://bomen.amsterdam.nl/features.data?type=tree&id=7636324&filters=&_routes=routes%2Ffeatures
Retrieving data for 7636325
Request error for 7636325: 503 Server Error: Service Temporarily Unavailable for url: https://bomen.amsterdam.nl/features.data?type=tree&id=7636325&filters=&_routes=routes%2Ffeatures
Retrieving data for 7636326
Request error for 7636326: 503 Server Error: Service Temporarily Unavailable for url: https://bomen.amsterdam.nl/features.data?type=tree&id=7636326&filters=&_routes=routes%2Ffeatures
Retrieving data for 7636327
Request error for 7636327: 503 Server Error: Service Temporarily Unavailable for url: https://bomen.amsterdam.nl/features.data?type=tree&id=7636327&filters=&_routes=routes%2Ffeatures
Retrieving data for 7636328
Request error for 7636328: HTTPSConnectionPool(host='bomen.amsterdam.nl', port=443): Max retries exceeded with url: /features.data?type=tree&id=7636328&filters=&_routes=routes%2Ffeatures (Caused by ConnectTimeoutError(<urllib3.connection.HTTPSConnection object at 0x7b578f6acb90>, 'Connection to bomen.amsterdam.nl timed out. (connect timeout=10)'))
Retrieving data for 7636329
Request error for 7636329: 503 Server Error: Service Temporarily Unavailable for url: https://bomen.amsterdam.nl/features.data?type=tree&id=7636329&filters=&_routes=routes%2Ffeatures
Retrieving data for 7636330
Request error for 7636330: HTTPSConnectionPool(host='bomen.amsterdam.nl', port=443): Max retries exceeded with url: /features.data?type=tree&id=7636330&filters=&_routes=routes%2Ffeatures (Caused by NameResolutionError("<urllib3.connection.HTTPSConnection object at 0x7b578f6ad310>: Failed to resolve 'bomen.amsterdam.nl' ([Errno -3] Temporary failure in name resolution)"))
Retrieving data for 7636331
Request error for 7636331: 502 Server Error: Bad Gateway for url: https://bomen.amsterdam.nl/features.data?type=tree&id=7636331&filters=&_routes=routes%2Ffeatures
Retrieving data for 7636332
Request error for 7636332: 502 Server Error: Bad Gateway for url: https://bomen.amsterdam.nl/features.data?type=tree&id=7636332&filters=&_routes=routes%2Ffeatures
Retrieving data for 7636333
Request error for 7636333: 502 Server Error: Bad Gateway for url: https://bomen.amsterdam.nl/features.data?type=tree&id=7636333&filters=&_routes=routes%2Ffeatures
Retrieving data for 7636334
Request error for 7636334: 502 Server Error: Bad Gateway for url: https://bomen.amsterdam.nl/features.data?type=tree&id=7636334&filters=&_routes=routes%2Ffeatures
Retrieving data for 7636335
Request error for 7636335: 502 Server Error: Bad Gateway for url: https://bomen.amsterdam.nl/features.data?type=tree&id=7636335&filters=&_routes=routes%2Ffeatures
Retrieving data for 7636336
Request error for 7636336: 502 Server Error: Bad Gateway for url: https://bomen.amsterdam.nl/features.data?type=tree&id=7636336&filters=&_routes=routes%2Ffeatures
Retrieving data for 7636337
Request error for 7636337: 502 Server Error: Bad Gateway for url: https://bomen.amsterdam.nl/features.data?type=tree&id=7636337&filters=&_routes=routes%2Ffeatures
Retrieving data for 7636338
Request error for 7636338: HTTPSConnectionPool(host='bomen.amsterdam.nl', port=443): Max retries exceeded with url: /features.data?type=tree&id=7636338&filters=&_routes=routes%2Ffeatures (Caused by ConnectTimeoutError(<urllib3.connection.HTTPSConnection object at 0x7b578f693c20>, 'Connection to bomen.amsterdam.nl timed out. (connect timeout=10)'))
Retrieving data for 7636339
Request error for 7636339: HTTPSConnectionPool(host='bomen.amsterdam.nl', port=443): Max retries exceeded with url: /features.data?type=tree&id=7636339&filters=&_routes=routes%2Ffeatures (Caused by NameResolutionError("<urllib3.connection.HTTPSConnection object at 0x7b578f691040>: Failed to resolve 'bomen.amsterdam.nl' ([Errno -3] Temporary failure in name resolution)"))
Retrieving data for 7636340
Request error for 7636340: HTTPSConnectionPool(host='bomen.amsterdam.nl', port=443): Max retries exceeded with url: /features.data?type=tree&id=7636340&filters=&_routes=routes%2Ffeatures (Caused by NameResolutionError("<urllib3.connection.HTTPSConnection object at 0x7b578f94f9b0>: Failed to resolve 'bomen.amsterdam.nl' ([Errno -3] Temporary failure in name resolution)"))
Retrieving data for 7636341
Request error for 7636341: HTTPSConnectionPool(host='bomen.amsterdam.nl', port=443): Max retries exceeded with url: /features.data?type=tree&id=7636341&filters=&_routes=routes%2Ffeatures (Caused by NameResolutionError("<urllib3.connection.HTTPSConnection object at 0x7b578f6e2060>: Failed to resolve 'bomen.amsterdam.nl' ([Errno -3] Temporary failure in name resolution)"))
Retrieving data for 7636342
Request error for 7636342: HTTPSConnectionPool(host='bomen.amsterdam.nl', port=443): Max retries exceeded with url: /features.data?type=tree&id=7636342&filters=&_routes=routes%2Ffeatures (Caused by NameResolutionError("<urllib3.connection.HTTPSConnection object at 0x7b57904c1a30>: Failed to resolve 'bomen.amsterdam.nl' ([Errno -3] Temporary failure in name resolution)"))
Retrieving data for 7636343
Request error for 7636343: HTTPSConnectionPool(host='bomen.amsterdam.nl', port=443): Max retries exceeded with url: /features.data?type=tree&id=7636343&filters=&_routes=routes%2Ffeatures (Caused by NameResolutionError("<urllib3.connection.HTTPSConnection object at 0x7b578f692030>: Failed to resolve 'bomen.amsterdam.nl' ([Errno -3] Temporary failure in name resolution)"))
Retrieving data for 7636344
Request error for 7636344: HTTPSConnectionPool(host='bomen.amsterdam.nl', port=443): Max retries exceeded with url: /features.data?type=tree&id=7636344&filters=&_routes=routes%2Ffeatures (Caused by NameResolutionError("<urllib3.connection.HTTPSConnection object at 0x7b578f692660>: Failed to resolve 'bomen.amsterdam.nl' ([Errno -3] Temporary failure in name resolution)"))
Retrieving data for 7636345
Request error for 7636345: HTTPSConnectionPool(host='bomen.amsterdam.nl', port=443): Max retries exceeded with url: /features.data?type=tree&id=7636345&filters=&_routes=routes%2Ffeatures (Caused by NameResolutionError("<urllib3.connection.HTTPSConnection object at 0x7b578f6af590>: Failed to resolve 'bomen.amsterdam.nl' ([Errno -3] Temporary failure in name resolution)"))
Retrieving data for 7636346
Request error for 7636346: HTTPSConnectionPool(host='bomen.amsterdam.nl', port=443): Max retries exceeded with url: /features.data?type=tree&id=7636346&filters=&_routes=routes%2Ffeatures (Caused by NameResolutionError("<urllib3.connection.HTTPSConnection object at 0x7b578f6ae9f0>: Failed to resolve 'bomen.amsterdam.nl' ([Errno -3] Temporary failure in name resolution)"))
Retrieving data for 7636347
Request error for 7636347: HTTPSConnectionPool(host='bomen.amsterdam.nl', port=443): Max retries exceeded with url: /features.data?type=tree&id=7636347&filters=&_routes=routes%2Ffeatures (Caused by NameResolutionError("<urllib3.connection.HTTPSConnection object at 0x7b578f6afce0>: Failed to resolve 'bomen.amsterdam.nl' ([Errno -3] Temporary failure in name resolution)"))
Retrieving data for 7636348
Request error for 7636348: HTTPSConnectionPool(host='bomen.amsterdam.nl', port=443): Read timed out. (read timeout=10)
Retrieving data for 7636349
Request error for 7636349: HTTPSConnectionPool(host='bomen.amsterdam.nl', port=443): Read timed out. (read timeout=10)
Retrieving data for 7636350
Request error for 7636350: HTTPSConnectionPool(host='bomen.amsterdam.nl', port=443): Read timed out. (read timeout=10)
Retrieving data for 7636351
Request error for 7636351: HTTPSConnectionPool(host='bomen.amsterdam.nl', port=443): Read timed out. (read timeout=10)
Retrieving data for 7636352
Request error for 7636352: HTTPSConnectionPool(host='bomen.amsterdam.nl', port=443): Read timed out. (read timeout=10)
Retrieving data for 7636353
Request error for 7636353: 502 Server Error: Bad Gateway for url: https://bomen.amsterdam.nl/features.data?type=tree&id=7636353&filters=&_routes=routes%2Ffeatures
Retrieving data for 7636354
Request error for 7636354: 503 Server Error: Service Temporarily Unavailable for url: https://bomen.amsterdam.nl/features.data?type=tree&id=7636354&filters=&_routes=routes%2Ffeatures
Retrieving data for 7636355
Request error for 7636355: 503 Server Error: Service Temporarily Unavailable for url: https://bomen.amsterdam.nl/features.data?type=tree&id=7636355&filters=&_routes=routes%2Ffeatures
Retrieving data for 7636356
Request error for 7636356: 503 Server Error: Service Temporarily Unavailable for url: https://bomen.amsterdam.nl/features.data?type=tree&id=7636356&filters=&_routes=routes%2Ffeatures
Retrieving data for 7636357
Request error for 7636357: 503 Server Error: Service Temporarily Unavailable for url: https://bomen.amsterdam.nl/features.data?type=tree&id=7636357&filters=&_routes=routes%2Ffeatures
Retrieving data for 7636358
Request error for 7636358: 503 Server Error: Service Temporarily Unavailable for url: https://bomen.amsterdam.nl/features.data?type=tree&id=7636358&filters=&_routes=routes%2Ffeatures
Retrieving data for 7636359
Request error for 7636359: 503 Server Error: Service Temporarily Unavailable for url: https://bomen.amsterdam.nl/features.data?type=tree&id=7636359&filters=&_routes=routes%2Ffeatures
Retrieving data for 7636360
Request error for 7636360: 503 Server Error: Service Temporarily Unavailable for url: https://bomen.amsterdam.nl/features.data?type=tree&id=7636360&filters=&_routes=routes%2Ffeatures
Retrieving data for 7636361
Request error for 7636361: 503 Server Error: Service Temporarily Unavailable for url: https://bomen.amsterdam.nl/features.data?type=tree&id=7636361&filters=&_routes=routes%2Ffeatures
Retrieving data for 7636362
Request error for 7636362: 503 Server Error: Service Temporarily Unavailable for url: https://bomen.amsterdam.nl/features.data?type=tree&id=7636362&filters=&_routes=routes%2Ffeatures
Retrieving data for 7636363
Request error for 7636363: 503 Server Error: Service Temporarily Unavailable for url: https://bomen.amsterdam.nl/features.data?type=tree&id=7636363&filters=&_routes=routes%2Ffeatures
Retrieving data for 7636364
Request error for 7636364: HTTPSConnectionPool(host='bomen.amsterdam.nl', port=443): Max retries exceeded with url: /features.data?type=tree&id=7636364&filters=&_routes=routes%2Ffeatures (Caused by NameResolutionError("<urllib3.connection.HTTPSConnection object at 0x7b578f6acd40>: Failed to resolve 'bomen.amsterdam.nl' ([Errno -3] Temporary failure in name resolution)"))
Retrieving data for 7636365
Request error for 7636365: HTTPSConnectionPool(host='bomen.amsterdam.nl', port=443): Max retries exceeded with url: /features.data?type=tree&id=7636365&filters=&_routes=routes%2Ffeatures (Caused by NameResolutionError("<urllib3.connection.HTTPSConnection object at 0x7b578f91d2e0>: Failed to resolve 'bomen.amsterdam.nl' ([Errno -3] Temporary failure in name resolution)"))
Retrieving data for 7636366
Request error for 7636366: HTTPSConnectionPool(host='bomen.amsterdam.nl', port=443): Max retries exceeded with url: /features.data?type=tree&id=7636366&filters=&_routes=routes%2Ffeatures (Caused by ConnectTimeoutError(<urllib3.connection.HTTPSConnection object at 0x7b578f6910a0>, 'Connection to bomen.amsterdam.nl timed out. (connect timeout=10)'))
Retrieving data for 7636367
Request error for 7636367: HTTPSConnectionPool(host='bomen.amsterdam.nl', port=443): Max retries exceeded with url: /features.data?type=tree&id=7636367&filters=&_routes=routes%2Ffeatures (Caused by NameResolutionError("<urllib3.connection.HTTPSConnection object at 0x7b578f6939e0>: Failed to resolve 'bomen.amsterdam.nl' ([Errno -3] Temporary failure in name resolution)"))
Retrieving data for 7636368
Request error for 7636368: 502 Server Error: Bad Gateway for url: https://bomen.amsterdam.nl/features.data?type=tree&id=7636368&filters=&_routes=routes%2Ffeatures
Retrieving data for 7636369
Request error for 7636369: 502 Server Error: Bad Gateway for url: https://bomen.amsterdam.nl/features.data?type=tree&id=7636369&filters=&_routes=routes%2Ffeatures
Retrieving data for 7636370
Request error for 7636370: HTTPSConnectionPool(host='bomen.amsterdam.nl', port=443): Max retries exceeded with url: /features.data?type=tree&id=7636370&filters=&_routes=routes%2Ffeatures (Caused by NameResolutionError("<urllib3.connection.HTTPSConnection object at 0x7b578f6ae840>: Failed to resolve 'bomen.amsterdam.nl' ([Errno -3] Temporary failure in name resolution)"))
Retrieving data for 7636371
Request error for 7636371: 502 Server Error: Bad Gateway for url: https://bomen.amsterdam.nl/features.data?type=tree&id=7636371&filters=&_routes=routes%2Ffeatures
Retrieving data for 7636372
Request error for 7636372: HTTPSConnectionPool(host='bomen.amsterdam.nl', port=443): Max retries exceeded with url: /features.data?type=tree&id=7636372&filters=&_routes=routes%2Ffeatures (Caused by ConnectTimeoutError(<urllib3.connection.HTTPSConnection object at 0x7b578f6ae720>, 'Connection to bomen.amsterdam.nl timed out. (connect timeout=10)'))
Retrieving data for 7636373
Request error for 7636373: HTTPSConnectionPool(host='bomen.amsterdam.nl', port=443): Max retries exceeded with url: /features.data?type=tree&id=7636373&filters=&_routes=routes%2Ffeatures (Caused by ConnectTimeoutError(<urllib3.connection.HTTPSConnection object at 0x7b578f6adfa0>, 'Connection to bomen.amsterdam.nl timed out. (connect timeout=10)'))
Retrieving data for 7636374
quest error for 7636360: HTTPSConnectionPool(host='bomen.amsterdam.nl', port=443): Max retries exceeded with url: /features.data?type=tree&id=7636360&filters=&_routes=routes%2Ffeatures (Caused by NameResolutionError("<urllib3.connection.HTTPSConnection object at 0x77bacc840680>: Failed to resolve 'bomen.amsterdam.nl' ([Errno -3] Temporary failure in name resolution)"))
Retrieving data for 7636361
Request error for 7636361: 502 Server Error: Bad Gateway for url: https://bomen.amsterdam.nl/features.data?type=tree&id=7636361&filters=&_routes=routes%2Ffeatures
Retrieving data for 7636362
Request error for 7636362: 502 Server Error: Bad Gateway for url: https://bomen.amsterdam.nl/features.data?type=tree&id=7636362&filters=&_routes=routes%2Ffeatures
Retrieving data for 7636363
