Loaded 7 existing IDs from amsterdam_trees.csv
Retrieving data for 8890000
Request error for 8890000: HTTPSConnectionPool(host='bomen.amsterdam.nl', port=443): Max retries exceeded with url: /features.data?type=tree&id=8890000&filters=&_routes=routes%2Ffeatures (Caused by ConnectTimeoutError(<urllib3.connection.HTTPSConnection object at 0x7d659ea4cda0>, 'Connection to bomen.amsterdam.nl timed out. (connect timeout=10)'))
Retrieving data for 8890001
Request error for 8890001: HTTPSConnectionPool(host='bomen.amsterdam.nl', port=443): Max retries exceeded with url: /features.data?type=tree&id=8890001&filters=&_routes=routes%2Ffeatures (Caused by ConnectTimeoutError(<urllib3.connection.HTTPSConnection object at 0x7d659ea4d190>, 'Connection to bomen.amsterdam.nl timed out. (connect timeout=10)'))
Retrieving data for 8890002
Request error for 8890002: HTTPSConnectionPool(host='bomen.amsterdam.nl', port=443): Max retries exceeded with url: /features.data?type=tree&id=8890002&filters=&_routes=routes%2Ffeatures (Caused by ConnectTimeoutError(<urllib3.connection.HTTPSConnection object at 0x7d659ea4d490>, 'Connection to bomen.amsterdam.nl timed out. (connect timeout=10)'))
Retrieving data for 8890003
Request error for 8890003: HTTPSConnectionPool(host='bomen.amsterdam.nl', port=443): Max retries exceeded with url: /features.data?type=tree&id=8890003&filters=&_routes=routes%2Ffeatures (Caused by ConnectTimeoutError(<urllib3.connection.HTTPSConnection object at 0x7d659ea4dc70>, 'Connection to bomen.amsterdam.nl timed out. (connect timeout=10)'))
Retrieving data for 8890004
Request error for 8890004: HTTPSConnectionPool(host='bomen.amsterdam.nl', port=443): Max retries exceeded with url: /features.data?type=tree&id=8890004&filters=&_routes=routes%2Ffeatures (Caused by ConnectTimeoutError(<urllib3.connection.HTTPSConnection object at 0x7d659ea4e450>, 'Connection to bomen.amsterdam.nl timed out. (connect timeout=10)'))
Retrieving data for 8890005
Request error for 8890005: HTTPSConnectionPool(host='bomen.amsterdam.nl', port=443): Max retries exceeded with url: /features.data?type=tree&id=8890005&filters=&_routes=routes%2Ffeatures (Caused by ConnectTimeoutError(<urllib3.connection.HTTPSConnection object at 0x7d659ea4ec30>, 'Connection to bomen.amsterdam.nl timed out. (connect timeout=10)'))
Retrieving data for 8890006
Request error for 8890006: HTTPSConnectionPool(host='bomen.amsterdam.nl', port=443): Max retries exceeded with url: /features.data?type=tree&id=8890006&filters=&_routes=routes%2Ffeatures (Caused by ConnectTimeoutError(<urllib3.connection.HTTPSConnection object at 0x7d659f5eeb40>, 'Connection to bomen.amsterdam.nl timed out. (connect timeout=10)'))
Retrieving data for 8890007
Request error for 8890007: HTTPSConnectionPool(host='bomen.amsterdam.nl', port=443): Max retries exceeded with url: /features.data?type=tree&id=8890007&filters=&_routes=routes%2Ffeatures (Caused by ConnectTimeoutError(<urllib3.connection.HTTPSConnection object at 0x7d659ea4e570>, 'Connection to bomen.amsterdam.nl timed out. (connect timeout=10)'))
Retrieving data for 8890008
Request error for 8890008: HTTPSConnectionPool(host='bomen.amsterdam.nl', port=443): Max retries exceeded with url: /features.data?type=tree&id=8890008&filters=&_routes=routes%2Ffeatures (Caused by ConnectTimeoutError(<urllib3.connection.HTTPSConnection object at 0x7d659ea4dc70>, 'Connection to bomen.amsterdam.nl timed out. (connect timeout=10)'))
Retrieving data for 8890009
Request error for 8890009: HTTPSConnectionPool(host='bomen.amsterdam.nl', port=443): Max retries exceeded with url: /features.data?type=tree&id=8890009&filters=&_routes=routes%2Ffeatures (Caused by ConnectTimeoutError(<urllib3.connection.HTTPSConnection object at 0x7d659ea4c170>, 'Connection to bomen.amsterdam.nl timed out. (connect timeout=10)'))
Retrieving data for 8890010
Request error for 8890010: HTTPSConnectionPool(host='bomen.amsterdam.nl', port=443): Max retries exceeded with url: /features.data?type=tree&id=8890010&filters=&_routes=routes%2Ffeatures (Caused by ConnectTimeoutError(<urllib3.connection.HTTPSConnection object at 0x7d659ea4f500>, 'Connection to bomen.amsterdam.nl timed out. (connect timeout=10)'))
Retrieving data for 8890011
Request error for 8890011: HTTPSConnectionPool(host='bomen.amsterdam.nl', port=443): Max retries exceeded with url: /features.data?type=tree&id=8890011&filters=&_routes=routes%2Ffeatures (Caused by ConnectTimeoutError(<urllib3.connection.HTTPSConnection object at 0x7d659ea4fe60>, 'Connection to bomen.amsterdam.nl timed out. (connect timeout=10)'))
Retrieving data for 8890012
Request error for 8890012: HTTPSConnectionPool(host='bomen.amsterdam.nl', port=443): Max retries exceeded with url: /features.data?type=tree&id=8890012&filters=&_routes=routes%2Ffeatures (Caused by ConnectTimeoutError(<urllib3.connection.HTTPSConnection object at 0x7d659f9fc230>, 'Connection to bomen.amsterdam.nl timed out. (connect timeout=10)'))
Retrieving data for 8890013
Request error for 8890013: HTTPSConnectionPool(host='bomen.amsterdam.nl', port=443): Max retries exceeded with url: /features.data?type=tree&id=8890013&filters=&_routes=routes%2Ffeatures (Caused by ConnectTimeoutError(<urllib3.connection.HTTPSConnection object at 0x7d659ea4d3d0>, 'Connection to bomen.amsterdam.nl timed out. (connect timeout=10)'))
Retrieving data for 8890014
Request error for 8890014: HTTPSConnectionPool(host='bomen.amsterdam.nl', port=443): Max retries exceeded with url: /features.data?type=tree&id=8890014&filters=&_routes=routes%2Ffeatures (Caused by ConnectTimeoutError(<urllib3.connection.HTTPSConnection object at 0x7d659ea4d430>, 'Connection to bomen.amsterdam.nl timed out. (connect timeout=10)'))
Retrieving data for 8890015
Request error for 8890015: HTTPSConnectionPool(host='bomen.amsterdam.nl', port=443): Max retries exceeded with url: /features.data?type=tree&id=8890015&filters=&_routes=routes%2Ffeatures (Caused by ConnectTimeoutError(<urllib3.connection.HTTPSConnection object at 0x7d659ea4d850>, 'Connection to bomen.amsterdam.nl timed out. (connect timeout=10)'))
Retrieving data for 8890016
Request error for 8890016: HTTPSConnectionPool(host='bomen.amsterdam.nl', port=443): Max retries exceeded with url: /features.data?type=tree&id=8890016&filters=&_routes=routes%2Ffeatures (Caused by ConnectTimeoutError(<urllib3.connection.HTTPSConnection object at 0x7d659ea4e7b0>, 'Connection to bomen.amsterdam.nl timed out. (connect timeout=10)'))
Retrieving data for 8890017
Request error for 8890017: HTTPSConnectionPool(host='bomen.amsterdam.nl', port=443): Read timed out. (read timeout=10)
Retrieving data for 8890018
Request error for 8890018: 502 Server Error: Bad Gateway for url: https://bomen.amsterdam.nl/features.data?type=tree&id=8890018&filters=&_routes=routes%2Ffeatures
Retrieving data for 8890019
Request error for 8890019: 503 Server Error: Service Temporarily Unavailable for url: https://bomen.amsterdam.nl/features.data?type=tree&id=8890019&filters=&_routes=routes%2Ffeatures
Retrieving data for 8890020
Request error for 8890020: 503 Server Error: Service Temporarily Unavailable for url: https://bomen.amsterdam.nl/features.data?type=tree&id=8890020&filters=&_routes=routes%2Ffeatures
Retrieving data for 8890021
Request error for 8890021: 503 Server Error: Service Temporarily Unavailable for url: https://bomen.amsterdam.nl/features.data?type=tree&id=8890021&filters=&_routes=routes%2Ffeatures
Retrieving data for 8890022
Request error for 8890022: 503 Server Error: Service Temporarily Unavailable for url: https://bomen.amsterdam.nl/features.data?type=tree&id=8890022&filters=&_routes=routes%2Ffeatures
Retrieving data for 8890023
Request error for 8890023: 503 Server Error: Service Temporarily Unavailable for url: https://bomen.amsterdam.nl/features.data?type=tree&id=8890023&filters=&_routes=routes%2Ffeatures
Retrieving data for 8890024
Request error for 8890024: HTTPSConnectionPool(host='bomen.amsterdam.nl', port=443): Max retries exceeded with url: /features.data?type=tree&id=8890024&filters=&_routes=routes%2Ffeatures (Caused by NameResolutionError("<urllib3.connection.HTTPSConnection object at 0x7d659ea4e3f0>: Failed to resolve 'bomen.amsterdam.nl' ([Errno -3] Temporary failure in name resolution)"))
Retrieving data for 8890025
Request error for 8890025: HTTPSConnectionPool(host='bomen.amsterdam.nl', port=443): Max retries exceeded with url: /features.data?type=tree&id=8890025&filters=&_routes=routes%2Ffeatures (Caused by NameResolutionError("<urllib3.connection.HTTPSConnection object at 0x7d659ea4df40>: Failed to resolve 'bomen.amsterdam.nl' ([Errno -3] Temporary failure in name resolution)"))
Retrieving data for 8890026
Request error for 8890026: HTTPSConnectionPool(host='bomen.amsterdam.nl', port=443): Max retries exceeded with url: /features.data?type=tree&id=8890026&filters=&_routes=routes%2Ffeatures (Caused by NameResolutionError("<urllib3.connection.HTTPSConnection object at 0x7d659ea4d220>: Failed to resolve 'bomen.amsterdam.nl' ([Errno -3] Temporary failure in name resolution)"))
Retrieving data for 8890027
Request error for 8890027: HTTPSConnectionPool(host='bomen.amsterdam.nl', port=443): Max retries exceeded with url: /features.data?type=tree&id=8890027&filters=&_routes=routes%2Ffeatures (Caused by NameResolutionError("<urllib3.connection.HTTPSConnection object at 0x7d659ea4f500>: Failed to resolve 'bomen.amsterdam.nl' ([Errno -3] Temporary failure in name resolution)"))
Retrieving data for 8890028
Request error for 8890028: HTTPSConnectionPool(host='bomen.amsterdam.nl', port=443): Max retries exceeded with url: /features.data?type=tree&id=8890028&filters=&_routes=routes%2Ffeatures (Caused by NameResolutionError("<urllib3.connection.HTTPSConnection object at 0x7d659ea4f5c0>: Failed to resolve 'bomen.amsterdam.nl' ([Errno -3] Temporary failure in name resolution)"))
Retrieving data for 8890029
Request error for 8890029: HTTPSConnectionPool(host='bomen.amsterdam.nl', port=443): Max retries exceeded with url: /features.data?type=tree&id=8890029&filters=&_routes=routes%2Ffeatures (Caused by NameResolutionError("<urllib3.connection.HTTPSConnection object at 0x7d659ea70290>: Failed to resolve 'bomen.amsterdam.nl' ([Errno -3] Temporary failure in name resolution)"))
Retrieving data for 8890030
Request error for 8890030: 502 Server Error: Bad Gateway for url: https://bomen.amsterdam.nl/features.data?type=tree&id=8890030&filters=&_routes=routes%2Ffeatures
Retrieving data for 8890031
Request error for 8890031: 502 Server Error: Bad Gateway for url: https://bomen.amsterdam.nl/features.data?type=tree&id=8890031&filters=&_routes=routes%2Ffeatures
Retrieving data for 8890032
Request error for 8890032: 502 Server Error: Bad Gateway for url: https://bomen.amsterdam.nl/features.data?type=tree&id=8890032&filters=&_routes=routes%2Ffeatures
Retrieving data for 8890033
Request error for 8890033: 502 Server Error: Bad Gateway for url: https://bomen.amsterdam.nl/features.data?type=tree&id=8890033&filters=&_routes=routes%2Ffeatures
Retrieving data for 8890034
Request error for 8890034: HTTPSConnectionPool(host='bomen.amsterdam.nl', port=443): Max retries exceeded with url: /features.data?type=tree&id=8890034&filters=&_routes=routes%2Ffeatures (Caused by NameResolutionError("<urllib3.connection.HTTPSConnection object at 0x7d659ea4f920>: Failed to resolve 'bomen.amsterdam.nl' ([Errno -3] Temporary failure in name resolution)"))
Retrieving data for 8890035
Request error for 8890035: HTTPSConnectionPool(host='bomen.amsterdam.nl', port=443): Max retries exceeded with url: /features.data?type=tree&id=8890035&filters=&_routes=routes%2Ffeatures (Caused by NameResolutionError("<urllib3.connection.HTTPSConnection object at 0x7d659ea4dbe0>: Failed to resolve 'bomen.amsterdam.nl' ([Errno -3] Temporary failure in name resolution)"))
Retrieving data for 8890036
Request error for 8890036: HTTPSConnectionPool(host='bomen.amsterdam.nl', port=443): Read timed out. (read timeout=10)
Retrieving data for 8890037
Request error for 8890037: HTTPSConnectionPool(host='bomen.amsterdam.nl', port=443): Read timed out. (read timeout=10)
Retrieving data for 8890038
Request error for 8890038: HTTPSConnectionPool(host='bomen.amsterdam.nl', port=443): Read timed out. (read timeout=10)
Retrieving data for 8890039
Request error for 8890039: 502 Server Error: Bad Gateway for url: https://bomen.amsterdam.nl/features.data?type=tree&id=8890039&filters=&_routes=routes%2Ffeatures
Retrieving data for 8890040
Request error for 8890040: 502 Server Error: Bad Gateway for url: https://bomen.amsterdam.nl/features.data?type=tree&id=8890040&filters=&_routes=routes%2Ffeatures
Retrieving data for 8890041
Request error for 8890041: HTTPSConnectionPool(host='bomen.amsterdam.nl', port=443): Read timed out. (read timeout=10)
Retrieving data for 8890042
Request error for 8890042: HTTPSConnectionPool(host='bomen.amsterdam.nl', port=443): Read timed out. (read timeout=10)
Retrieving data for 8890043
Request error for 8890043: HTTPSConnectionPool(host='bomen.amsterdam.nl', port=443): Read timed out. (read timeout=10)
Retrieving data for 8890044
Request error for 8890044: 502 Server Error: Bad Gateway for url: https://bomen.amsterdam.nl/features.data?type=tree&id=8890044&filters=&_routes=routes%2Ffeatures
Retrieving data for 8890045
Request error for 8890045: 502 Server Error: Bad Gateway for url: https://bomen.amsterdam.nl/features.data?type=tree&id=8890045&filters=&_routes=routes%2Ffeatures
Retrieving data for 8890046
Request error for 8890046: 503 Server Error: Service Temporarily Unavailable for url: https://bomen.amsterdam.nl/features.data?type=tree&id=8890046&filters=&_routes=routes%2Ffeatures
Retrieving data for 8890047
Request error for 8890047: 503 Server Error: Service Temporarily Unavailable for url: https://bomen.amsterdam.nl/features.data?type=tree&id=8890047&filters=&_routes=routes%2Ffeatures
Retrieving data for 8890048
Request error for 8890048: 502 Server Error: Bad Gateway for url: https://bomen.amsterdam.nl/features.data?type=tree&id=8890048&filters=&_routes=routes%2Ffeatures
Retrieving data for 8890049
Request error for 8890049: HTTPSConnectionPool(host='bomen.amsterdam.nl', port=443): Read timed out. (read timeout=10)
Retrieving data for 8890050
Request error for 8890050: HTTPSConnectionPool(host='bomen.amsterdam.nl', port=443): Read timed out. (read timeout=10)
Retrieving data for 8890051
Request error for 8890051: HTTPSConnectionPool(host='bomen.amsterdam.nl', port=443): Read timed out. (read timeout=10)
Retrieving data for 8890052
Request error for 8890052: 502 Server Error: Bad Gateway for url: https://bomen.amsterdam.nl/features.data?type=tree&id=8890052&filters=&_routes=routes%2Ffeatures
Retrieving data for 8890053
Request error for 8890053: 502 Server Error: Bad Gateway for url: https://bomen.amsterdam.nl/features.data?type=tree&id=8890053&filters=&_routes=routes%2Ffeatures
Retrieving data for 8890054
Request error for 8890054: 502 Server Error: Bad Gateway for url: https://bomen.amsterdam.nl/features.data?type=tree&id=8890054&filters=&_routes=routes%2Ffeatures
Retrieving data for 8890055
Request error for 8890055: 502 Server Error: Bad Gateway for url: https://bomen.amsterdam.nl/features.data?type=tree&id=8890055&filters=&_routes=routes%2Ffeatures
Retrieving data for 8890056
Request error for 8890056: HTTPSConnectionPool(host='bomen.amsterdam.nl', port=443): Max retries exceeded with url: /features.data?type=tree&id=8890056&filters=&_routes=routes%2Ffeatures (Caused by ConnectTimeoutError(<urllib3.connection.HTTPSConnection object at 0x7d659ea4cec0>, 'Connection to bomen.amsterdam.nl timed out. (connect timeout=10)'))
Retrieving data for 8890057
Request error for 8890057: HTTPSConnectionPool(host='bomen.amsterdam.nl', port=443): Max retries exceeded with url: /features.data?type=tree&id=8890057&filters=&_routes=routes%2Ffeatures (Caused by NameResolutionError("<urllib3.connection.HTTPSConnection object at 0x7d659ea4e300>: Failed to resolve 'bomen.amsterdam.nl' ([Errno -3] Temporary failure in name resolution)"))
Retrieving data for 8890058
Request error for 8890058: HTTPSConnectionPool(host='bomen.amsterdam.nl', port=443): Max retries exceeded with url: /features.data?type=tree&id=8890058&filters=&_routes=routes%2Ffeatures (Caused by NameResolutionError("<urllib3.connection.HTTPSConnection object at 0x7d659ea71370>: Failed to resolve 'bomen.amsterdam.nl' ([Errno -3] Temporary failure in name resolution)"))
Retrieving data for 8890059
Request error for 8890059: HTTPSConnectionPool(host='bomen.amsterdam.nl', port=443): Max retries exceeded with url: /features.data?type=tree&id=8890059&filters=&_routes=routes%2Ffeatures (Caused by NameResolutionError("<urllib3.connection.HTTPSConnection object at 0x7d659ea71190>: Failed to resolve 'bomen.amsterdam.nl' ([Errno -3] Temporary failure in name resolution)"))
Retrieving data for 8890060
Request error for 8890060: HTTPSConnectionPool(host='bomen.amsterdam.nl', port=443): Read timed out. (read timeout=10)
Retrieving data for 8890061
Request error for 8890061: HTTPSConnectionPool(host='bomen.amsterdam.nl', port=443): Read timed out. (read timeout=10)
Retrieving data for 8890062
Request error for 8890062: 503 Server Error: Service Temporarily Unavailable for url: https://bomen.amsterdam.nl/features.data?type=tree&id=8890062&filters=&_routes=routes%2Ffeatures
Retrieving data for 8890063
Request error for 8890063: 503 Server Error: Service Temporarily Unavailable for url: https://bomen.amsterdam.nl/features.data?type=tree&id=8890063&filters=&_routes=routes%2Ffeatures
Retrieving data for 8890064
Request error for 8890064: 503 Server Error: Service Temporarily Unavailable for url: https://bomen.amsterdam.nl/features.data?type=tree&id=8890064&filters=&_routes=routes%2Ffeatures
Retrieving data for 8890065
Request error for 8890065: 503 Server Error: Service Temporarily Unavailable for url: https://bomen.amsterdam.nl/features.data?type=tree&id=8890065&filters=&_routes=routes%2Ffeatures
Retrieving data for 8890066
Request error for 8890066: 503 Server Error: Service Temporarily Unavailable for url: https://bomen.amsterdam.nl/features.data?type=tree&id=8890066&filters=&_routes=routes%2Ffeatures
Retrieving data for 8890067
Request error for 8890067: HTTPSConnectionPool(host='bomen.amsterdam.nl', port=443): Max retries exceeded with url: /features.data?type=tree&id=8890067&filters=&_routes=routes%2Ffeatures (Caused by NameResolutionError("<urllib3.connection.HTTPSConnection object at 0x7d659ea4e000>: Failed to resolve 'bomen.amsterdam.nl' ([Errno -3] Temporary failure in name resolution)"))
Retrieving data for 8890068
Request error for 8890068: HTTPSConnectionPool(host='bomen.amsterdam.nl', port=443): Read timed out. (read timeout=10)
Retrieving data for 8890069
Request error for 8890069: HTTPSConnectionPool(host='bomen.amsterdam.nl', port=443): Read timed out. (read timeout=10)
Retrieving data for 8890070
Request error for 8890070: HTTPSConnectionPool(host='bomen.amsterdam.nl', port=443): Read timed out. (read timeout=10)
Retrieving data for 8890071
Request error for 8890071: 502 Server Error: Bad Gateway for url: https://bomen.amsterdam.nl/features.data?type=tree&id=8890071&filters=&_routes=routes%2Ffeatures
Retrieving data for 8890072
Request error for 8890072: 502 Server Error: Bad Gateway for url: https://bomen.amsterdam.nl/features.data?type=tree&id=8890072&filters=&_routes=routes%2Ffeatures
Retrieving data for 8890073
Request error for 8890073: 502 Server Error: Bad Gateway for url: https://bomen.amsterdam.nl/features.data?type=tree&id=8890073&filters=&_routes=routes%2Ffeatures
Retrieving data for 8890074
Request error for 8890074: 502 Server Error: Bad Gateway for url: https://bomen.amsterdam.nl/features.data?type=tree&id=8890074&filters=&_routes=routes%2Ffeatures
Retrieving data for 8890075
Request error for 8890075: 502 Server Error: Bad Gateway for url: https://bomen.amsterdam.nl/features.data?type=tree&id=8890075&filters=&_routes=routes%2Ffeatures
Retrieving data for 8890076
Request error for 8890076: 502 Server Error: Bad Gateway for url: https://bomen.amsterdam.nl/features.data?type=tree&id=8890076&filters=&_routes=routes%2Ffeatures
Retrieving data for 8890077
Request error for 8890077: HTTPSConnectionPool(host='bomen.amsterdam.nl', port=443): Max retries exceeded with url: /features.data?type=tree&id=8890077&filters=&_routes=routes%2Ffeatures (Caused by ConnectTimeoutError(<urllib3.connection.HTTPSConnection object at 0x7d659ea4e210>, 'Connection to bomen.amsterdam.nl timed out. (connect timeout=10)'))
Retrieving data for 8890078
Request error for 8890078: HTTPSConnectionPool(host='bomen.amsterdam.nl', port=443): Max retries exceeded with url: /features.data?type=tree&id=8890078&filters=&_routes=routes%2Ffeatures (Caused by NameResolutionError("<urllib3.connection.HTTPSConnection object at 0x7d659ea4cd70>: Failed to resolve 'bomen.amsterdam.nl' ([Errno -3] Temporary failure in name resolution)"))
Retrieving data for 8890079
Request error for 8890079: HTTPSConnectionPool(host='bomen.amsterdam.nl', port=443): Max retries exceeded with url: /features.data?type=tree&id=8890079&filters=&_routes=routes%2Ffeatures (Caused by NameResolutionError("<urllib3.connection.HTTPSConnection object at 0x7d659f5eec00>: Failed to resolve 'bomen.amsterdam.nl' ([Errno -3] Temporary failure in name resolution)"))
Retrieving data for 8890080
Request error for 8890080: 502 Server Error: Bad Gateway for url: https://bomen.amsterdam.nl/features.data?type=tree&id=8890080&filters=&_routes=routes%2Ffeatures
Retrieving data for 8890081
Request error for 8890081: 502 Server Error: Bad Gateway for url: https://bomen.amsterdam.nl/features.data?type=tree&id=8890081&filters=&_routes=routes%2Ffeatures
Retrieving data for 8890082
Request error for 8890082: HTTPSConnectionPool(host='bomen.amsterdam.nl', port=443): Max retries exceeded with url: /features.data?type=tree&id=8890082&filters=&_routes=routes%2Ffeatures (Caused by NameResolutionError("<urllib3.connection.HTTPSConnection object at 0x7d659ea70770>: Failed to resolve 'bomen.amsterdam.nl' ([Errno -3] Temporary failure in name resolution)"))
Retrieving data for 8890083
Request error for 8890083: HTTPSConnectionPool(host='bomen.amsterdam.nl', port=443): Max retries exceeded with url: /features.data?type=tree&id=8890083&filters=&_routes=routes%2Ffeatures (Caused by NameResolutionError("<urllib3.connection.HTTPSConnection object at 0x7d659ea70aa0>: Failed to resolve 'bomen.amsterdam.nl' ([Errno -3] Temporary failure in name resolution)"))
Retrieving data for 8890084
Request error for 8890084: HTTPSConnectionPool(host='bomen.amsterdam.nl', port=443): Read timed out. (read timeout=10)
Retrieving data for 8890085
Request error for 8890085: HTTPSConnectionPool(host='bomen.amsterdam.nl', port=443): Read timed out. (read timeout=10)
Retrieving data for 8890086
Request error for 8890086: 502 Server Error: Bad Gateway for url: https://bomen.amsterdam.nl/features.data?type=tree&id=8890086&filters=&_routes=routes%2Ffeatures
Retrieving data for 8890087
Request error for 8890087: 503 Server Error: Service Temporarily Unavailable for url: https://bomen.amsterdam.nl/features.data?type=tree&id=8890087&filters=&_routes=routes%2Ffeatures
Retrieving data for 8890088
Request error for 8890088: 503 Server Error: Service Temporarily Unavailable for url: https://bomen.amsterdam.nl/features.data?type=tree&id=8890088&filters=&_routes=routes%2Ffeatures
Retrieving data for 8890089
Request error for 8890089: 503 Server Error: Service Temporarily Unavailable for url: https://bomen.amsterdam.nl/features.data?type=tree&id=8890089&filters=&_routes=routes%2Ffeatures
Retrieving data for 8890090
Request error for 8890090: 503 Server Error: Service Temporarily Unavailable for url: https://bomen.amsterdam.nl/features.data?type=tree&id=8890090&filters=&_routes=routes%2Ffeatures
Retrieving data for 8890091
Request error for 8890091: 503 Server Error: Service Temporarily Unavailable for url: https://bomen.amsterdam.nl/features.data?type=tree&id=8890091&filters=&_routes=routes%2Ffeatures
Retrieving data for 8890092
Request error for 8890092: HTTPSConnectionPool(host='bomen.amsterdam.nl', port=443): Max retries exceeded with url: /features.data?type=tree&id=8890092&filters=&_routes=routes%2Ffeatures (Caused by NameResolutionError("<urllib3.connection.HTTPSConnection object at 0x7d659ea4f800>: Failed to resolve 'bomen.amsterdam.nl' ([Errno -3] Temporary failure in name resolution)"))
Retrieving data for 8890093
Request error for 8890093: HTTPSConnectionPool(host='bomen.amsterdam.nl', port=443): Max retries exceeded with url: /features.data?type=tree&id=8890093&filters=&_routes=routes%2Ffeatures (Caused by NameResolutionError("<urllib3.connection.HTTPSConnection object at 0x7d659ea4fda0>: Failed to resolve 'bomen.amsterdam.nl' ([Errno -3] Temporary failure in name resolution)"))
Retrieving data for 8890094
Request error for 8890094: 503 Server Error: Service Temporarily Unavailable for url: https://bomen.amsterdam.nl/features.data?type=tree&id=8890094&filters=&_routes=routes%2Ffeatures
Retrieving data for 8890095
Request error for 8890095: 503 Server Error: Service Temporarily Unavailable for url: https://bomen.amsterdam.nl/features.data?type=tree&id=8890095&filters=&_routes=routes%2Ffeatures
Retrieving data for 8890096
Request error for 8890096: 503 Server Error: Service Temporarily Unavailable for url: https://bomen.amsterdam.nl/features.data?type=tree&id=8890096&filters=&_routes=routes%2Ffeatures
Retrieving data for 8890097
Request error for 8890097: 503 Server Error: Service Temporarily Unavailable for url: https://bomen.amsterdam.nl/features.data?type=tree&id=8890097&filters=&_routes=routes%2Ffeatures
Retrieving data for 8890098
Request error for 8890098: 502 Server Error: Bad Gateway for url: https://bomen.amsterdam.nl/features.data?type=tree&id=8890098&filters=&_routes=routes%2Ffeatures
Retrieving data for 8890099
Request error for 8890099: 503 Server Error: Service Temporarily Unavailable for url: https://bomen.amsterdam.nl/features.data?type=tree&id=8890099&filters=&_routes=routes%2Ffeatures
Retrieving data for 8890100
Request error for 8890100: HTTPSConnectionPool(host='bomen.amsterdam.nl', port=443): Max retries exceeded with url: /features.data?type=tree&id=8890100&filters=&_routes=routes%2Ffeatures (Caused by NameResolutionError("<urllib3.connection.HTTPSConnection object at 0x7d659ea71070>: Failed to resolve 'bomen.amsterdam.nl' ([Errno -3] Temporary failure in name resolution)"))
Retrieving data for 8890101
Request error for 8890101: HTTPSConnectionPool(host='bomen.amsterdam.nl', port=443): Max retries exceeded with url: /features.data?type=tree&id=8890101&filters=&_routes=routes%2Ffeatures (Caused by NameResolutionError("<urllib3.connection.HTTPSConnection object at 0x7d659ea70080>: Failed to resolve 'bomen.amsterdam.nl' ([Errno -3] Temporary failure in name resolution)"))
Retrieving data for 8890102
Request error for 8890102: HTTPSConnectionPool(host='bomen.amsterdam.nl', port=443): Max retries exceeded with url: /features.data?type=tree&id=8890102&filters=&_routes=routes%2Ffeatures (Caused by NameResolutionError("<urllib3.connection.HTTPSConnection object at 0x7d659ea72690>: Failed to resolve 'bomen.amsterdam.nl' ([Errno -3] Temporary failure in name resolution)"))
Retrieving data for 8890103
Request error for 8890103: HTTPSConnectionPool(host='bomen.amsterdam.nl', port=443): Read timed out. (read timeout=10)
Retrieving data for 8890104
Request error for 8890104: HTTPSConnectionPool(host='bomen.amsterdam.nl', port=443): Read timed out. (read timeout=10)
Retrieving data for 8890105
Request error for 8890105: HTTPSConnectionPool(host='bomen.amsterdam.nl', port=443): Read timed out. (read timeout=10)
Retrieving data for 8890106
Request error for 8890106: 502 Server Error: Bad Gateway for url: https://bomen.amsterdam.nl/features.data?type=tree&id=8890106&filters=&_routes=routes%2Ffeatures
Retrieving data for 8890107
Request error for 8890107: 503 Server Error: Service Temporarily Unavailable for url: https://bomen.amsterdam.nl/features.data?type=tree&id=8890107&filters=&_routes=routes%2Ffeatures
Retrieving data for 8890108
Request error for 8890108: 503 Server Error: Service Temporarily Unavailable for url: https://bomen.amsterdam.nl/features.data?type=tree&id=8890108&filters=&_routes=routes%2Ffeatures
Retrieving data for 8890109
Request error for 8890109: 503 Server Error: Service Temporarily Unavailable for url: https://bomen.amsterdam.nl/features.data?type=tree&id=8890109&filters=&_routes=routes%2Ffeatures
Retrieving data for 8890110
Request error for 8890110: 503 Server Error: Service Temporarily Unavailable for url: https://bomen.amsterdam.nl/features.data?type=tree&id=8890110&filters=&_routes=routes%2Ffeatures
Retrieving data for 8890111
Request error for 8890111: HTTPSConnectionPool(host='bomen.amsterdam.nl', port=443): Max retries exceeded with url: /features.data?type=tree&id=8890111&filters=&_routes=routes%2Ffeatures (Caused by NameResolutionError("<urllib3.connection.HTTPSConnection object at 0x7d659ea4f5c0>: Failed to resolve 'bomen.amsterdam.nl' ([Errno -3] Temporary failure in name resolution)"))
Retrieving data for 8890112
Request error for 8890112: HTTPSConnectionPool(host='bomen.amsterdam.nl', port=443): Max retries exceeded with url: /features.data?type=tree&id=8890112&filters=&_routes=routes%2Ffeatures (Caused by ConnectTimeoutError(<urllib3.connection.HTTPSConnection object at 0x7d659ea71550>, 'Connection to bomen.amsterdam.nl timed out. (connect timeout=10)'))
Retrieving data for 8890113
Request error for 8890113: HTTPSConnectionPool(host='bomen.amsterdam.nl', port=443): Max retries exceeded with url: /features.data?type=tree&id=8890113&filters=&_routes=routes%2Ffeatures (Caused by NameResolutionError("<urllib3.connection.HTTPSConnection object at 0x7d659ea703b0>: Failed to resolve 'bomen.amsterdam.nl' ([Errno -3] Temporary failure in name resolution)"))
Retrieving data for 8890114
Request error for 8890114: 503 Server Error: Service Temporarily Unavailable for url: https://bomen.amsterdam.nl/features.data?type=tree&id=8890114&filters=&_routes=routes%2Ffeatures
Retrieving data for 8890115
Request error for 8890115: HTTPSConnectionPool(host='bomen.amsterdam.nl', port=443): Max retries exceeded with url: /features.data?type=tree&id=8890115&filters=&_routes=routes%2Ffeatures (Caused by NameResolutionError("<urllib3.connection.HTTPSConnection object at 0x7d659ea4f260>: Failed to resolve 'bomen.amsterdam.nl' ([Errno -3] Temporary failure in name resolution)"))
Retrieving data for 8890116
Request error for 8890116: 502 Server Error: Bad Gateway for url: https://bomen.amsterdam.nl/features.data?type=tree&id=8890116&filters=&_routes=routes%2Ffeatures
Retrieving data for 8890117
Request error for 8890117: 502 Server Error: Bad Gateway for url: https://bomen.amsterdam.nl/features.data?type=tree&id=8890117&filters=&_routes=routes%2Ffeatures
Retrieving data for 8890118
Request error for 8890118: 502 Server Error: Bad Gateway for url: https://bomen.amsterdam.nl/features.data?type=tree&id=8890118&filters=&_routes=routes%2Ffeatures
Retrieving data for 8890119
Request error for 8890119: 502 Server Error: Bad Gateway for url: https://bomen.amsterdam.nl/features.data?type=tree&id=8890119&filters=&_routes=routes%2Ffeatures
Retrieving data for 8890120
Request error for 8890120: 502 Server Error: Bad Gateway for url: https://bomen.amsterdam.nl/features.data?type=tree&id=8890120&filters=&_routes=routes%2Ffeatures
Retrieving data for 8890121
Request error for 8890121: HTTPSConnectionPool(host='bomen.amsterdam.nl', port=443): Max retries exceeded with url: /features.data?type=tree&id=8890121&filters=&_routes=routes%2Ffeatures (Caused by ConnectTimeoutError(<urllib3.connection.HTTPSConnection object at 0x7d659ea4d7c0>, 'Connection to bomen.amsterdam.nl timed out. (connect timeout=10)'))
Retrieving data for 8890122
Request error for 8890122: HTTPSConnectionPool(host='bomen.amsterdam.nl', port=443): Max retries exceeded with url: /features.data?type=tree&id=8890122&filters=&_routes=routes%2Ffeatures (Caused by NameResolutionError("<urllib3.connection.HTTPSConnection object at 0x7d659ea4df40>: Failed to resolve 'bomen.amsterdam.nl' ([Errno -3] Temporary failure in name resolution)"))
Retrieving data for 8890123
Request error for 8890123: HTTPSConnectionPool(host='bomen.amsterdam.nl', port=443): Max retries exceeded with url: /features.data?type=tree&id=8890123&filters=&_routes=routes%2Ffeatures (Caused by NameResolutionError("<urllib3.connection.HTTPSConnection object at 0x7d659ea714f0>: Failed to resolve 'bomen.amsterdam.nl' ([Errno -3] Temporary failure in name resolution)"))
Retrieving data for 8890124
Request error for 8890124: 502 Server Error: Bad Gateway for url: https://bomen.amsterdam.nl/features.data?type=tree&id=8890124&filters=&_routes=routes%2Ffeatures
Retrieving data for 8890125
Request error for 8890125: 502 Server Error: Bad Gateway for url: https://bomen.amsterdam.nl/features.data?type=tree&id=8890125&filters=&_routes=routes%2Ffeatures
Retrieving data for 8890126
Request error for 8890126: 502 Server Error: Bad Gateway for url: https://bomen.amsterdam.nl/features.data?type=tree&id=8890126&filters=&_routes=routes%2Ffeatures
Retrieving data for 8890127
Request error for 8890127: 502 Server Error: Bad Gateway for url: https://bomen.amsterdam.nl/features.data?type=tree&id=8890127&filters=&_routes=routes%2Ffeatures
Retrieving data for 8890128
Request error for 8890128: 502 Server Error: Bad Gateway for url: https://bomen.amsterdam.nl/features.data?type=tree&id=8890128&filters=&_routes=routes%2Ffeatures
Retrieving data for 8890129
Request error for 8890129: HTTPSConnectionPool(host='bomen.amsterdam.nl', port=443): Max retries exceeded with url: /features.data?type=tree&id=8890129&filters=&_routes=routes%2Ffeatures (Caused by NameResolutionError("<urllib3.connection.HTTPSConnection object at 0x7d659ea725a0>: Failed to resolve 'bomen.amsterdam.nl' ([Errno -3] Temporary failure in name resolution)"))
Retrieving data for 8890130
Request error for 8890130: 502 Server Error: Bad Gateway for url: https://bomen.amsterdam.nl/features.data?type=tree&id=8890130&filters=&_routes=routes%2Ffeatures
Retrieving data for 8890131
Request error for 8890131: HTTPSConnectionPool(host='bomen.amsterdam.nl', port=443): Max retries exceeded with url: /features.data?type=tree&id=8890131&filters=&_routes=routes%2Ffeatures (Caused by NameResolutionError("<urllib3.connection.HTTPSConnection object at 0x7d659ea71730>: Failed to resolve 'bomen.amsterdam.nl' ([Errno -3] Temporary failure in name resolution)"))
Retrieving data for 8890132
Request error for 8890132: 502 Server Error: Bad Gateway for url: https://bomen.amsterdam.nl/features.data?type=tree&id=8890132&filters=&_routes=routes%2Ffeatures
Retrieving data for 8890133
Request error for 8890133: 502 Server Error: Bad Gateway for url: https://bomen.amsterdam.nl/features.data?type=tree&id=8890133&filters=&_routes=routes%2Ffeatures
Retrieving data for 8890134
Request error for 8890134: 502 Server Error: Bad Gateway for url: https://bomen.amsterdam.nl/features.data?type=tree&id=8890134&filters=&_routes=routes%2Ffeatures
Retrieving data for 8890135
Request error for 8890135: 502 Server Error: Bad Gateway for url: https://bomen.amsterdam.nl/features.data?type=tree&id=8890135&filters=&_routes=routes%2Ffeatures
Retrieving data for 8890136
Request error for 8890136: HTTPSConnectionPool(host='bomen.amsterdam.nl', port=443): Max retries exceeded with url: /features.data?type=tree&id=8890136&filters=&_routes=routes%2Ffeatures (Caused by NameResolutionError("<urllib3.connection.HTTPSConnection object at 0x7d659ea4f2c0>: Failed to resolve 'bomen.amsterdam.nl' ([Errno -3] Temporary failure in name resolution)"))
Retrieving data for 8890137
Request error for 8890137: HTTPSConnectionPool(host='bomen.amsterdam.nl', port=443): Read timed out. (read timeout=10)
Retrieving data for 8890138
Request error for 8890138: HTTPSConnectionPool(host='bomen.amsterdam.nl', port=443): Read timed out. (read timeout=10)
Retrieving data for 8890139
Request error for 8890139: HTTPSConnectionPool(host='bomen.amsterdam.nl', port=443): Read timed out. (read timeout=10)
Retrieving data for 8890140
Request error for 8890140: 502 Server Error: Bad Gateway for url: https://bomen.amsterdam.nl/features.data?type=tree&id=8890140&filters=&_routes=routes%2Ffeatures
Retrieving data for 8890141
Request error for 8890141: 503 Server Error: Service Temporarily Unavailable for url: https://bomen.amsterdam.nl/features.data?type=tree&id=8890141&filters=&_routes=routes%2Ffeatures
Retrieving data for 8890142
Request error for 8890142: 503 Server Error: Service Temporarily Unavailable for url: https://bomen.amsterdam.nl/features.data?type=tree&id=8890142&filters=&_routes=routes%2Ffeatures
Retrieving data for 8890143
Request error for 8890143: 503 Server Error: Service Temporarily Unavailable for url: https://bomen.amsterdam.nl/features.data?type=tree&id=8890143&filters=&_routes=routes%2Ffeatures
Retrieving data for 8890144
Request error for 8890144: 503 Server Error: Service Temporarily Unavailable for url: https://bomen.amsterdam.nl/features.data?type=tree&id=8890144&filters=&_routes=routes%2Ffeatures
Retrieving data for 8890145
Request error for 8890145: 503 Server Error: Service Temporarily Unavailable for url: https://bomen.amsterdam.nl/features.data?type=tree&id=8890145&filters=&_routes=routes%2Ffeatures
Retrieving data for 8890146
Request error for 8890146: 503 Server Error: Service Temporarily Unavailable for url: https://bomen.amsterdam.nl/features.data?type=tree&id=8890146&filters=&_routes=routes%2Ffeatures
Retrieving data for 8890147
Request error for 8890147: HTTPSConnectionPool(host='bomen.amsterdam.nl', port=443): Max retries exceeded with url: /features.data?type=tree&id=8890147&filters=&_routes=routes%2Ffeatures (Caused by ConnectTimeoutError(<urllib3.connection.HTTPSConnection object at 0x7d659ea72030>, 'Connection to bomen.amsterdam.nl timed out. (connect timeout=10)'))
Retrieving data for 8890148
Request error for 8890148: HTTPSConnectionPool(host='bomen.amsterdam.nl', port=443): Max retries exceeded with url: /features.data?type=tree&id=8890148&filters=&_routes=routes%2Ffeatures (Caused by NameResolutionError("<urllib3.connection.HTTPSConnection object at 0x7d659ea71ca0>: Failed to resolve 'bomen.amsterdam.nl' ([Errno -3] Temporary failure in name resolution)"))
Retrieving data for 8890149
Request error for 8890149: 503 Server Error: Service Temporarily Unavailable for url: https://bomen.amsterdam.nl/features.data?type=tree&id=8890149&filters=&_routes=routes%2Ffeatures
Retrieving data for 8890150
Request error for 8890150: 503 Server Error: Service Temporarily Unavailable for url: https://bomen.amsterdam.nl/features.data?type=tree&id=8890150&filters=&_routes=routes%2Ffeatures
Retrieving data for 8890151
Request error for 8890151: 503 Server Error: Service Temporarily Unavailable for url: https://bomen.amsterdam.nl/features.data?type=tree&id=8890151&filters=&_routes=routes%2Ffeatures
Retrieving data for 8890152
Request error for 8890152: 502 Server Error: Bad Gateway for url: https://bomen.amsterdam.nl/features.data?type=tree&id=8890152&filters=&_routes=routes%2Ffeatures
Retrieving data for 8890153
Request error for 8890153: 502 Server Error: Bad Gateway for url: https://bomen.amsterdam.nl/features.data?type=tree&id=8890153&filters=&_routes=routes%2Ffeatures
Retrieving data for 8890154
Request error for 8890154: 502 Server Error: Bad Gateway for url: https://bomen.amsterdam.nl/features.data?type=tree&id=8890154&filters=&_routes=routes%2Ffeatures
Retrieving data for 8890155
Request error for 8890155: HTTPSConnectionPool(host='bomen.amsterdam.nl', port=443): Max retries exceeded with url: /features.data?type=tree&id=8890155&filters=&_routes=routes%2Ffeatures (Caused by NameResolutionError("<urllib3.connection.HTTPSConnection object at 0x7d659ea4e4b0>: Failed to resolve 'bomen.amsterdam.nl' ([Errno -3] Temporary failure in name resolution)"))
Retrieving data for 8890156
Request error for 8890156: HTTPSConnectionPool(host='bomen.amsterdam.nl', port=443): Max retries exceeded with url: /features.data?type=tree&id=8890156&filters=&_routes=routes%2Ffeatures (Caused by NameResolutionError("<urllib3.connection.HTTPSConnection object at 0x7d659ea4e7e0>: Failed to resolve 'bomen.amsterdam.nl' ([Errno -3] Temporary failure in name resolution)"))
Retrieving data for 8890157
Request error for 8890157: HTTPSConnectionPool(host='bomen.amsterdam.nl', port=443): Max retries exceeded with url: /features.data?type=tree&id=8890157&filters=&_routes=routes%2Ffeatures (Caused by NameResolutionError("<urllib3.connection.HTTPSConnection object at 0x7d659ea4e2a0>: Failed to resolve 'bomen.amsterdam.nl' ([Errno -3] Temporary failure in name resolution)"))
Retrieving data for 8890158
Request error for 8890158: HTTPSConnectionPool(host='bomen.amsterdam.nl', port=443): Max retries exceeded with url: /features.data?type=tree&id=8890158&filters=&_routes=routes%2Ffeatures (Caused by NameResolutionError("<urllib3.connection.HTTPSConnection object at 0x7d659eb9e000>: Failed to resolve 'bomen.amsterdam.nl' ([Errno -3] Temporary failure in name resolution)"))
Retrieving data for 8890159
Request error for 8890159: 502 Server Error: Bad Gateway for url: https://bomen.amsterdam.nl/features.data?type=tree&id=8890159&filters=&_routes=routes%2Ffeatures
Retrieving data for 8890160
Request error for 8890160: 502 Server Error: Bad Gateway for url: https://bomen.amsterdam.nl/features.data?type=tree&id=8890160&filters=&_routes=routes%2Ffeatures
Retrieving data for 8890161
Request error for 8890161: 502 Server Error: Bad Gateway for url: https://bomen.amsterdam.nl/features.data?type=tree&id=8890161&filters=&_routes=routes%2Ffeatures
Retrieving data for 8890162
Request error for 8890162: 502 Server Error: Bad Gateway for url: https://bomen.amsterdam.nl/features.data?type=tree&id=8890162&filters=&_routes=routes%2Ffeatures
Retrieving data for 8890163
Request error for 8890163: HTTPSConnectionPool(host='bomen.amsterdam.nl', port=443): Max retries exceeded with url: /features.data?type=tree&id=8890163&filters=&_routes=routes%2Ffeatures (Caused by NameResolutionError("<urllib3.connection.HTTPSConnection object at 0x7d659ea71ac0>: Failed to resolve 'bomen.amsterdam.nl' ([Errno -3] Temporary failure in name resolution)"))
Retrieving data for 8890164
Request error for 8890164: 502 Server Error: Bad Gateway for url: https://bomen.amsterdam.nl/features.data?type=tree&id=8890164&filters=&_routes=routes%2Ffeatures
Retrieving data for 8890165
Request error for 8890165: HTTPSConnectionPool(host='bomen.amsterdam.nl', port=443): Max retries exceeded with url: /features.data?type=tree&id=8890165&filters=&_routes=routes%2Ffeatures (Caused by NameResolutionError("<urllib3.connection.HTTPSConnection object at 0x7d659ea70770>: Failed to resolve 'bomen.amsterdam.nl' ([Errno -3] Temporary failure in name resolution)"))
Retrieving data for 8890166
Request error for 8890166: 502 Server Error: Bad Gateway for url: https://bomen.amsterdam.nl/features.data?type=tree&id=8890166&filters=&_routes=routes%2Ffeatures
Retrieving data for 8890167
Request error for 8890167: 502 Server Error: Bad Gateway for url: https://bomen.amsterdam.nl/features.data?type=tree&id=8890167&filters=&_routes=routes%2Ffeatures
Retrieving data for 8890168
Request error for 8890168: 502 Server Error: Bad Gateway for url: https://bomen.amsterdam.nl/features.data?type=tree&id=8890168&filters=&_routes=routes%2Ffeatures
Retrieving data for 8890169
Request error for 8890169: 502 Server Error: Bad Gateway for url: https://bomen.amsterdam.nl/features.data?type=tree&id=8890169&filters=&_routes=routes%2Ffeatures
Retrieving data for 8890170
Request error for 8890170: 502 Server Error: Bad Gateway for url: https://bomen.amsterdam.nl/features.data?type=tree&id=8890170&filters=&_routes=routes%2Ffeatures
Retrieving data for 8890171
Request error for 8890171: 502 Server Error: Bad Gateway for url: https://bomen.amsterdam.nl/features.data?type=tree&id=8890171&filters=&_routes=routes%2Ffeatures
Retrieving data for 8890172
Request error for 8890172: 502 Server Error: Bad Gateway for url: https://bomen.amsterdam.nl/features.data?type=tree&id=8890172&filters=&_routes=routes%2Ffeatures
Retrieving data for 8890173
Request error for 8890173: 502 Server Error: Bad Gateway for url: https://bomen.amsterdam.nl/features.data?type=tree&id=8890173&filters=&_routes=routes%2Ffeatures
Retrieving data for 8890174
Request error for 8890174: HTTPSConnectionPool(host='bomen.amsterdam.nl', port=443): Max retries exceeded with url: /features.data?type=tree&id=8890174&filters=&_routes=routes%2Ffeatures (Caused by ConnectTimeoutError(<urllib3.connection.HTTPSConnection object at 0x7d659ea4df40>, 'Connection to bomen.amsterdam.nl timed out. (connect timeout=10)'))
Retrieving data for 8890175
Request error for 8890175: 502 Server Error: Bad Gateway for url: https://bomen.amsterdam.nl/features.data?type=tree&id=8890175&filters=&_routes=routes%2Ffeatures
Retrieving data for 8890176
Request error for 8890176: HTTPSConnectionPool(host='bomen.amsterdam.nl', port=443): Max retries exceeded with url: /features.data?type=tree&id=8890176&filters=&_routes=routes%2Ffeatures (Caused by NameResolutionError("<urllib3.connection.HTTPSConnection object at 0x7d659ea4f050>: Failed to resolve 'bomen.amsterdam.nl' ([Errno -3] Temporary failure in name resolution)"))
Retrieving data for 8890177
Request error for 8890177: HTTPSConnectionPool(host='bomen.amsterdam.nl', port=443): Read timed out. (read timeout=10)
Retrieving data for 8890178
Request error for 8890178: HTTPSConnectionPool(host='bomen.amsterdam.nl', port=443): Read timed out. (read timeout=10)
Retrieving data for 8890179
Request error for 8890179: HTTPSConnectionPool(host='bomen.amsterdam.nl', port=443): Max retries exceeded with url: /features.data?type=tree&id=8890179&filters=&_routes=routes%2Ffeatures (Caused by NameResolutionError("<urllib3.connection.HTTPSConnection object at 0x7d659ea72ba0>: Failed to resolve 'bomen.amsterdam.nl' ([Errno -3] Temporary failure in name resolution)"))
Retrieving data for 8890180
Request error for 8890180: 503 Server Error: Service Temporarily Unavailable for url: https://bomen.amsterdam.nl/features.data?type=tree&id=8890180&filters=&_routes=routes%2Ffeatures
Retrieving data for 8890181
Request error for 8890181: 503 Server Error: Service Temporarily Unavailable for url: https://bomen.amsterdam.nl/features.data?type=tree&id=8890181&filters=&_routes=routes%2Ffeatures
Retrieving data for 8890182
Request error for 8890182: 503 Server Error: Service Temporarily Unavailable for url: https://bomen.amsterdam.nl/features.data?type=tree&id=8890182&filters=&_routes=routes%2Ffeatures
Retrieving data for 8890183
Request error for 8890183: 503 Server Error: Service Temporarily Unavailable for url: https://bomen.amsterdam.nl/features.data?type=tree&id=8890183&filters=&_routes=routes%2Ffeatures
Retrieving data for 8890184
Request error for 8890184: 503 Server Error: Service Temporarily Unavailable for url: https://bomen.amsterdam.nl/features.data?type=tree&id=8890184&filters=&_routes=routes%2Ffeatures
Retrieving data for 8890185
Request error for 8890185: 503 Server Error: Service Temporarily Unavailable for url: https://bomen.amsterdam.nl/features.data?type=tree&id=8890185&filters=&_routes=routes%2Ffeatures
Retrieving data for 8890186
Request error for 8890186: 503 Server Error: Service Temporarily Unavailable for url: https://bomen.amsterdam.nl/features.data?type=tree&id=8890186&filters=&_routes=routes%2Ffeatures
Retrieving data for 8890187
Request error for 8890187: 503 Server Error: Service Temporarily Unavailable for url: https://bomen.amsterdam.nl/features.data?type=tree&id=8890187&filters=&_routes=routes%2Ffeatures
Retrieving data for 8890188
Request error for 8890188: 503 Server Error: Service Temporarily Unavailable for url: https://bomen.amsterdam.nl/features.data?type=tree&id=8890188&filters=&_routes=routes%2Ffeatures
Retrieving data for 8890189
Request error for 8890189: 503 Server Error: Service Temporarily Unavailable for url: https://bomen.amsterdam.nl/features.data?type=tree&id=8890189&filters=&_routes=routes%2Ffeatures
Retrieving data for 8890190
Request error for 8890190: 503 Server Error: Service Temporarily Unavailable for url: https://bomen.amsterdam.nl/features.data?type=tree&id=8890190&filters=&_routes=routes%2Ffeatures
Retrieving data for 8890191
Request error for 8890191: HTTPSConnectionPool(host='bomen.amsterdam.nl', port=443): Max retries exceeded with url: /features.data?type=tree&id=8890191&filters=&_routes=routes%2Ffeatures (Caused by ConnectTimeoutError(<urllib3.connection.HTTPSConnection object at 0x7d659ea4d040>, 'Connection to bomen.amsterdam.nl timed out. (connect timeout=10)'))
Retrieving data for 8890192
Request error for 8890192: HTTPSConnectionPool(host='bomen.amsterdam.nl', port=443): Max retries exceeded with url: /features.data?type=tree&id=8890192&filters=&_routes=routes%2Ffeatures (Caused by NameResolutionError("<urllib3.connection.HTTPSConnection object at 0x7d659ea4f050>: Failed to resolve 'bomen.amsterdam.nl' ([Errno -3] Temporary failure in name resolution)"))
Retrieving data for 8890193
Request error for 8890193: HTTPSConnectionPool(host='bomen.amsterdam.nl', port=443): Max retries exceeded with url: /features.data?type=tree&id=8890193&filters=&_routes=routes%2Ffeatures (Caused by NameResolutionError("<urllib3.connection.HTTPSConnection object at 0x7d659ea4fd70>: Failed to resolve 'bomen.amsterdam.nl' ([Errno -3] Temporary failure in name resolution)"))
Retrieving data for 8890194
Request error for 8890194: 502 Server Error: Bad Gateway for url: https://bomen.amsterdam.nl/features.data?type=tree&id=8890194&filters=&_routes=routes%2Ffeatures
Retrieving data for 8890195
Request error for 8890195: 502 Server Error: Bad Gateway for url: https://bomen.amsterdam.nl/features.data?type=tree&id=8890195&filters=&_routes=routes%2Ffeatures
Retrieving data for 8890196
Request error for 8890196: 502 Server Error: Bad Gateway for url: https://bomen.amsterdam.nl/features.data?type=tree&id=8890196&filters=&_routes=routes%2Ffeatures
Retrieving data for 8890197
Request error for 8890197: HTTPSConnectionPool(host='bomen.amsterdam.nl', port=443): Read timed out. (read timeout=10)
Retrieving data for 8890198
Request error for 8890198: 502 Server Error: Bad Gateway for url: https://bomen.amsterdam.nl/features.data?type=tree&id=8890198&filters=&_routes=routes%2Ffeatures
Retrieving data for 8890199
Request error for 8890199: 502 Server Error: Bad Gateway for url: https://bomen.amsterdam.nl/features.data?type=tree&id=8890199&filters=&_routes=routes%2Ffeatures
Retrieving data for 8890200
Request error for 8890200: 502 Server Error: Bad Gateway for url: https://bomen.amsterdam.nl/features.data?type=tree&id=8890200&filters=&_routes=routes%2Ffeatures
Retrieving data for 8890201
Request error for 8890201: 502 Server Error: Bad Gateway for url: https://bomen.amsterdam.nl/features.data?type=tree&id=8890201&filters=&_routes=routes%2Ffeatures
Retrieving data for 8890202
Request error for 8890202: HTTPSConnectionPool(host='bomen.amsterdam.nl', port=443): Max retries exceeded with url: /features.data?type=tree&id=8890202&filters=&_routes=routes%2Ffeatures (Caused by NameResolutionError("<urllib3.connection.HTTPSConnection object at 0x7d659ea73da0>: Failed to resolve 'bomen.amsterdam.nl' ([Errno -3] Temporary failure in name resolution)"))
Retrieving data for 8890203
Request error for 8890203: HTTPSConnectionPool(host='bomen.amsterdam.nl', port=443): Max retries exceeded with url: /features.data?type=tree&id=8890203&filters=&_routes=routes%2Ffeatures (Caused by NameResolutionError("<urllib3.connection.HTTPSConnection object at 0x7d659ea70e90>: Failed to resolve 'bomen.amsterdam.nl' ([Errno -3] Temporary failure in name resolution)"))
Retrieving data for 8890204
Request error for 8890204: HTTPSConnectionPool(host='bomen.amsterdam.nl', port=443): Max retries exceeded with url: /features.data?type=tree&id=8890204&filters=&_routes=routes%2Ffeatures (Caused by NameResolutionError("<urllib3.connection.HTTPSConnection object at 0x7d659f6131d0>: Failed to resolve 'bomen.amsterdam.nl' ([Errno -3] Temporary failure in name resolution)"))
Retrieving data for 8890205
Request error for 8890205: HTTPSConnectionPool(host='bomen.amsterdam.nl', port=443): Max retries exceeded with url: /features.data?type=tree&id=8890205&filters=&_routes=routes%2Ffeatures (Caused by NameResolutionError("<urllib3.connection.HTTPSConnection object at 0x7d659ea4e330>: Failed to resolve 'bomen.amsterdam.nl' ([Errno -3] Temporary failure in name resolution)"))
Retrieving data for 8890206
Request error for 8890206: HTTPSConnectionPool(host='bomen.amsterdam.nl', port=443): Max retries exceeded with url: /features.data?type=tree&id=8890206&filters=&_routes=routes%2Ffeatures (Caused by NameResolutionError("<urllib3.connection.HTTPSConnection object at 0x7d659ea4e480>: Failed to resolve 'bomen.amsterdam.nl' ([Errno -3] Temporary failure in name resolution)"))
Retrieving data for 8890207
Request error for 8890207: HTTPSConnectionPool(host='bomen.amsterdam.nl', port=443): Max retries exceeded with url: /features.data?type=tree&id=8890207&filters=&_routes=routes%2Ffeatures (Caused by NameResolutionError("<urllib3.connection.HTTPSConnection object at 0x7d659ea4f860>: Failed to resolve 'bomen.amsterdam.nl' ([Errno -3] Temporary failure in name resolution)"))
Retrieving data for 8890208
Request error for 8890208: HTTPSConnectionPool(host='bomen.amsterdam.nl', port=443): Max retries exceeded with url: /features.data?type=tree&id=8890208&filters=&_routes=routes%2Ffeatures (Caused by NameResolutionError("<urllib3.connection.HTTPSConnection object at 0x7d659ea71b20>: Failed to resolve 'bomen.amsterdam.nl' ([Errno -3] Temporary failure in name resolution)"))
Retrieving data for 8890209
Request error for 8890209: HTTPSConnectionPool(host='bomen.amsterdam.nl', port=443): Max retries exceeded with url: /features.data?type=tree&id=8890209&filters=&_routes=routes%2Ffeatures (Caused by NameResolutionError("<urllib3.connection.HTTPSConnection object at 0x7d659ea73dd0>: Failed to resolve 'bomen.amsterdam.nl' ([Errno -3] Temporary failure in name resolution)"))
Retrieving data for 8890210
Request error for 8890210: HTTPSConnectionPool(host='bomen.amsterdam.nl', port=443): Max retries exceeded with url: /features.data?type=tree&id=8890210&filters=&_routes=routes%2Ffeatures (Caused by NameResolutionError("<urllib3.connection.HTTPSConnection object at 0x7d659ed6ea80>: Failed to resolve 'bomen.amsterdam.nl' ([Errno -3] Temporary failure in name resolution)"))
Retrieving data for 8890211
Request error for 8890211: HTTPSConnectionPool(host='bomen.amsterdam.nl', port=443): Max retries exceeded with url: /features.data?type=tree&id=8890211&filters=&_routes=routes%2Ffeatures (Caused by NameResolutionError("<urllib3.connection.HTTPSConnection object at 0x7d659ea4e4b0>: Failed to resolve 'bomen.amsterdam.nl' ([Errno -3] Temporary failure in name resolution)"))
Retrieving data for 8890212
Request error for 8890212: HTTPSConnectionPool(host='bomen.amsterdam.nl', port=443): Max retries exceeded with url: /features.data?type=tree&id=8890212&filters=&_routes=routes%2Ffeatures (Caused by NameResolutionError("<urllib3.connection.HTTPSConnection object at 0x7d659ea4d070>: Failed to resolve 'bomen.amsterdam.nl' ([Errno -3] Temporary failure in name resolution)"))
Retrieving data for 8890213
Request error for 8890213: HTTPSConnectionPool(host='bomen.amsterdam.nl', port=443): Read timed out. (read timeout=10)
Retrieving data for 8890214
Request error for 8890214: HTTPSConnectionPool(host='bomen.amsterdam.nl', port=443): Read timed out. (read timeout=10)
Retrieving data for 8890215
Request error for 8890215: HTTPSConnectionPool(host='bomen.amsterdam.nl', port=443): Read timed out. (read timeout=10)
Retrieving data for 8890216
Request error for 8890216: 502 Server Error: Bad Gateway for url: https://bomen.amsterdam.nl/features.data?type=tree&id=8890216&filters=&_routes=routes%2Ffeatures
Retrieving data for 8890217
Request error for 8890217: 503 Server Error: Service Temporarily Unavailable for url: https://bomen.amsterdam.nl/features.data?type=tree&id=8890217&filters=&_routes=routes%2Ffeatures
Retrieving data for 8890218
Request error for 8890218: 503 Server Error: Service Temporarily Unavailable for url: https://bomen.amsterdam.nl/features.data?type=tree&id=8890218&filters=&_routes=routes%2Ffeatures
Retrieving data for 8890219
Request error for 8890219: 503 Server Error: Service Temporarily Unavailable for url: https://bomen.amsterdam.nl/features.data?type=tree&id=8890219&filters=&_routes=routes%2Ffeatures
Retrieving data for 8890220
Request error for 8890220: 503 Server Error: Service Temporarily Unavailable for url: https://bomen.amsterdam.nl/features.data?type=tree&id=8890220&filters=&_routes=routes%2Ffeatures
Retrieving data for 8890221
Request error for 8890221: 503 Server Error: Service Temporarily Unavailable for url: https://bomen.amsterdam.nl/features.data?type=tree&id=8890221&filters=&_routes=routes%2Ffeatures
Retrieving data for 8890222
Request error for 8890222: 503 Server Error: Service Temporarily Unavailable for url: https://bomen.amsterdam.nl/features.data?type=tree&id=8890222&filters=&_routes=routes%2Ffeatures
Retrieving data for 8890223
Request error for 8890223: HTTPSConnectionPool(host='bomen.amsterdam.nl', port=443): Max retries exceeded with url: /features.data?type=tree&id=8890223&filters=&_routes=routes%2Ffeatures (Caused by ConnectTimeoutError(<urllib3.connection.HTTPSConnection object at 0x7d659ea4f7d0>, 'Connection to bomen.amsterdam.nl timed out. (connect timeout=10)'))
Retrieving data for 8890224
Request error for 8890224: HTTPSConnectionPool(host='bomen.amsterdam.nl', port=443): Max retries exceeded with url: /features.data?type=tree&id=8890224&filters=&_routes=routes%2Ffeatures (Caused by NameResolutionError("<urllib3.connection.HTTPSConnection object at 0x7d659ea4d970>: Failed to resolve 'bomen.amsterdam.nl' ([Errno -3] Temporary failure in name resolution)"))
Retrieving data for 8890225
Request error for 8890225: HTTPSConnectionPool(host='bomen.amsterdam.nl', port=443): Max retries exceeded with url: /features.data?type=tree&id=8890225&filters=&_routes=routes%2Ffeatures (Caused by NameResolutionError("<urllib3.connection.HTTPSConnection object at 0x7d659e9ef2f0>: Failed to resolve 'bomen.amsterdam.nl' ([Errno -3] Temporary failure in name resolution)"))
Retrieving data for 8890226
Request error for 8890226: 503 Server Error: Service Temporarily Unavailable for url: https://bomen.amsterdam.nl/features.data?type=tree&id=8890226&filters=&_routes=routes%2Ffeatures
Retrieving data for 8890227
Request error for 8890227: 503 Server Error: Service Temporarily Unavailable for url: https://bomen.amsterdam.nl/features.data?type=tree&id=8890227&filters=&_routes=routes%2Ffeatures
Retrieving data for 8890228
Request error for 8890228: 503 Server Error: Service Temporarily Unavailable for url: https://bomen.amsterdam.nl/features.data?type=tree&id=8890228&filters=&_routes=routes%2Ffeatures
Retrieving data for 8890229
Request error for 8890229: 502 Server Error: Bad Gateway for url: https://bomen.amsterdam.nl/features.data?type=tree&id=8890229&filters=&_routes=routes%2Ffeatures
Retrieving data for 8890230
Request error for 8890230: HTTPSConnectionPool(host='bomen.amsterdam.nl', port=443): Max retries exceeded with url: /features.data?type=tree&id=8890230&filters=&_routes=routes%2Ffeatures (Caused by NameResolutionError("<urllib3.connection.HTTPSConnection object at 0x7d659ea72420>: Failed to resolve 'bomen.amsterdam.nl' ([Errno -3] Temporary failure in name resolution)"))
Retrieving data for 8890231
Request error for 8890231: 502 Server Error: Bad Gateway for url: https://bomen.amsterdam.nl/features.data?type=tree&id=8890231&filters=&_routes=routes%2Ffeatures
Retrieving data for 8890232
Request error for 8890232: 502 Server Error: Bad Gateway for url: https://bomen.amsterdam.nl/features.data?type=tree&id=8890232&filters=&_routes=routes%2Ffeatures
Retrieving data for 8890233
Request error for 8890233: 502 Server Error: Bad Gateway for url: https://bomen.amsterdam.nl/features.data?type=tree&id=8890233&filters=&_routes=routes%2Ffeatures
Retrieving data for 8890234
Request error for 8890234: HTTPSConnectionPool(host='bomen.amsterdam.nl', port=443): Max retries exceeded with url: /features.data?type=tree&id=8890234&filters=&_routes=routes%2Ffeatures (Caused by NameResolutionError("<urllib3.connection.HTTPSConnection object at 0x7d659ea73b30>: Failed to resolve 'bomen.amsterdam.nl' ([Errno -3] Temporary failure in name resolution)"))
Retrieving data for 8890235
Request error for 8890235: HTTPSConnectionPool(host='bomen.amsterdam.nl', port=443): Max retries exceeded with url: /features.data?type=tree&id=8890235&filters=&_routes=routes%2Ffeatures (Caused by NameResolutionError("<urllib3.connection.HTTPSConnection object at 0x7d659ea731d0>: Failed to resolve 'bomen.amsterdam.nl' ([Errno -3] Temporary failure in name resolution)"))
Retrieving data for 8890236
Request error for 8890236: 502 Server Error: Bad Gateway for url: https://bomen.amsterdam.nl/features.data?type=tree&id=8890236&filters=&_routes=routes%2Ffeatures
Retrieving data for 8890237
Request error for 8890237: 502 Server Error: Bad Gateway for url: https://bomen.amsterdam.nl/features.data?type=tree&id=8890237&filters=&_routes=routes%2Ffeatures
Retrieving data for 8890238
Request error for 8890238: 502 Server Error: Bad Gateway for url: https://bomen.amsterdam.nl/features.data?type=tree&id=8890238&filters=&_routes=routes%2Ffeatures
Retrieving data for 8890239
Request error for 8890239: 502 Server Error: Bad Gateway for url: https://bomen.amsterdam.nl/features.data?type=tree&id=8890239&filters=&_routes=routes%2Ffeatures
Retrieving data for 8890240
Request error for 8890240: 502 Server Error: Bad Gateway for url: https://bomen.amsterdam.nl/features.data?type=tree&id=8890240&filters=&_routes=routes%2Ffeatures
Retrieving data for 8890241
Request error for 8890241: 502 Server Error: Bad Gateway for url: https://bomen.amsterdam.nl/features.data?type=tree&id=8890241&filters=&_routes=routes%2Ffeatures
Retrieving data for 8890242
Request error for 8890242: 502 Server Error: Bad Gateway for url: https://bomen.amsterdam.nl/features.data?type=tree&id=8890242&filters=&_routes=routes%2Ffeatures
Retrieving data for 8890243
Request error for 8890243: 502 Server Error: Bad Gateway for url: https://bomen.amsterdam.nl/features.data?type=tree&id=8890243&filters=&_routes=routes%2Ffeatures
Retrieving data for 8890244
Request error for 8890244: 502 Server Error: Bad Gateway for url: https://bomen.amsterdam.nl/features.data?type=tree&id=8890244&filters=&_routes=routes%2Ffeatures
Retrieving data for 8890245
Request error for 8890245: HTTPSConnectionPool(host='bomen.amsterdam.nl', port=443): Max retries exceeded with url: /features.data?type=tree&id=8890245&filters=&_routes=routes%2Ffeatures (Caused by ConnectTimeoutError(<urllib3.connection.HTTPSConnection object at 0x7d659ea4f560>, 'Connection to bomen.amsterdam.nl timed out. (connect timeout=10)'))
Retrieving data for 8890246
Request error for 8890246: HTTPSConnectionPool(host='bomen.amsterdam.nl', port=443): Max retries exceeded with url: /features.data?type=tree&id=8890246&filters=&_routes=routes%2Ffeatures (Caused by NameResolutionError("<urllib3.connection.HTTPSConnection object at 0x7d659ea4fc20>: Failed to resolve 'bomen.amsterdam.nl' ([Errno -3] Temporary failure in name resolution)"))
Retrieving data for 8890247
Request error for 8890247: 502 Server Error: Bad Gateway for url: https://bomen.amsterdam.nl/features.data?type=tree&id=8890247&filters=&_routes=routes%2Ffeatures
Retrieving data for 8890248
Request error for 8890248: 502 Server Error: Bad Gateway for url: https://bomen.amsterdam.nl/features.data?type=tree&id=8890248&filters=&_routes=routes%2Ffeatures
Retrieving data for 8890249
Request error for 8890249: 502 Server Error: Bad Gateway for url: https://bomen.amsterdam.nl/features.data?type=tree&id=8890249&filters=&_routes=routes%2Ffeatures
Retrieving data for 8890250
Request error for 8890250: HTTPSConnectionPool(host='bomen.amsterdam.nl', port=443): Read timed out. (read timeout=10)
Retrieving data for 8890251
Request error for 8890251: HTTPSConnectionPool(host='bomen.amsterdam.nl', port=443): Read timed out. (read timeout=10)
Retrieving data for 8890252
Request error for 8890252: HTTPSConnectionPool(host='bomen.amsterdam.nl', port=443): Read timed out. (read timeout=10)
Retrieving data for 8890253
Request error for 8890253: HTTPSConnectionPool(host='bomen.amsterdam.nl', port=443): Read timed out. (read timeout=10)
Retrieving data for 8890254
Request error for 8890254: 503 Server Error: Service Temporarily Unavailable for url: https://bomen.amsterdam.nl/features.data?type=tree&id=8890254&filters=&_routes=routes%2Ffeatures
Retrieving data for 8890255
Request error for 8890255: HTTPSConnectionPool(host='bomen.amsterdam.nl', port=443): Read timed out. (read timeout=10)
Retrieving data for 8890256
Request error for 8890256: HTTPSConnectionPool(host='bomen.amsterdam.nl', port=443): Read timed out. (read timeout=10)
Retrieving data for 8890257
Request error for 8890257: HTTPSConnectionPool(host='bomen.amsterdam.nl', port=443): Read timed out. (read timeout=10)
Retrieving data for 8890258
Request error for 8890258: 502 Server Error: Bad Gateway for url: https://bomen.amsterdam.nl/features.data?type=tree&id=8890258&filters=&_routes=routes%2Ffeatures
Retrieving data for 8890259
Request error for 8890259: 503 Server Error: Service Temporarily Unavailable for url: https://bomen.amsterdam.nl/features.data?type=tree&id=8890259&filters=&_routes=routes%2Ffeatures
Retrieving data for 8890260
Request error for 8890260: 503 Server Error: Service Temporarily Unavailable for url: https://bomen.amsterdam.nl/features.data?type=tree&id=8890260&filters=&_routes=routes%2Ffeatures
Retrieving data for 8890261
Request error for 8890261: 502 Server Error: Bad Gateway for url: https://bomen.amsterdam.nl/features.data?type=tree&id=8890261&filters=&_routes=routes%2Ffeatures
Retrieving data for 8890262
Request error for 8890262: HTTPSConnectionPool(host='bomen.amsterdam.nl', port=443): Read timed out. (read timeout=10)
Retrieving data for 8890263
Request error for 8890263: HTTPSConnectionPool(host='bomen.amsterdam.nl', port=443): Read timed out. (read timeout=10)
Retrieving data for 8890264
Request error for 8890264: HTTPSConnectionPool(host='bomen.amsterdam.nl', port=443): Read timed out. (read timeout=10)
Retrieving data for 8890265
Request error for 8890265: 502 Server Error: Bad Gateway for url: https://bomen.amsterdam.nl/features.data?type=tree&id=8890265&filters=&_routes=routes%2Ffeatures
Retrieving data for 8890266
Request error for 8890266: 503 Server Error: Service Temporarily Unavailable for url: https://bomen.amsterdam.nl/features.data?type=tree&id=8890266&filters=&_routes=routes%2Ffeatures
Retrieving data for 8890267
Request error for 8890267: 503 Server Error: Service Temporarily Unavailable for url: https://bomen.amsterdam.nl/features.data?type=tree&id=8890267&filters=&_routes=routes%2Ffeatures
Retrieving data for 8890268
Request error for 8890268: 502 Server Error: Bad Gateway for url: https://bomen.amsterdam.nl/features.data?type=tree&id=8890268&filters=&_routes=routes%2Ffeatures
Retrieving data for 8890269
Request error for 8890269: HTTPSConnectionPool(host='bomen.amsterdam.nl', port=443): Max retries exceeded with url: /features.data?type=tree&id=8890269&filters=&_routes=routes%2Ffeatures (Caused by ConnectTimeoutError(<urllib3.connection.HTTPSConnection object at 0x7d659ea4f620>, 'Connection to bomen.amsterdam.nl timed out. (connect timeout=10)'))
Retrieving data for 8890270
Request error for 8890270: HTTPSConnectionPool(host='bomen.amsterdam.nl', port=443): Max retries exceeded with url: /features.data?type=tree&id=8890270&filters=&_routes=routes%2Ffeatures (Caused by ConnectTimeoutError(<urllib3.connection.HTTPSConnection object at 0x7d659ea4fc80>, 'Connection to bomen.amsterdam.nl timed out. (connect timeout=10)'))
Retrieving data for 8890271
Request error for 8890271: HTTPSConnectionPool(host='bomen.amsterdam.nl', port=443): Max retries exceeded with url: /features.data?type=tree&id=8890271&filters=&_routes=routes%2Ffeatures (Caused by NameResolutionError("<urllib3.connection.HTTPSConnection object at 0x7d659ea72ba0>: Failed to resolve 'bomen.amsterdam.nl' ([Errno -3] Temporary failure in name resolution)"))
Retrieving data for 8890272
Request error for 8890272: HTTPSConnectionPool(host='bomen.amsterdam.nl', port=443): Read timed out. (read timeout=10)
Retrieving data for 8890273
Request error for 8890273: HTTPSConnectionPool(host='bomen.amsterdam.nl', port=443): Read timed out. (read timeout=10)
Retrieving data for 8890274
Request error for 8890274: HTTPSConnectionPool(host='bomen.amsterdam.nl', port=443): Read timed out. (read timeout=10)
Retrieving data for 8890275
Request error for 8890275: HTTPSConnectionPool(host='bomen.amsterdam.nl', port=443): Max retries exceeded with url: /features.data?type=tree&id=8890275&filters=&_routes=routes%2Ffeatures (Caused by NameResolutionError("<urllib3.connection.HTTPSConnection object at 0x7d659ea4d250>: Failed to resolve 'bomen.amsterdam.nl' ([Errno -3] Temporary failure in name resolution)"))
Retrieving data for 8890276
Request error for 8890276: 503 Server Error: Service Temporarily Unavailable for url: https://bomen.amsterdam.nl/features.data?type=tree&id=8890276&filters=&_routes=routes%2Ffeatures
Retrieving data for 8890277
Request error for 8890277: 503 Server Error: Service Temporarily Unavailable for url: https://bomen.amsterdam.nl/features.data?type=tree&id=8890277&filters=&_routes=routes%2Ffeatures
Retrieving data for 8890278
Request error for 8890278: 503 Server Error: Service Temporarily Unavailable for url: https://bomen.amsterdam.nl/features.data?type=tree&id=8890278&filters=&_routes=routes%2Ffeatures
Retrieving data for 8890279
Request error for 8890279: 503 Server Error: Service Temporarily Unavailable for url: https://bomen.amsterdam.nl/features.data?type=tree&id=8890279&filters=&_routes=routes%2Ffeatures
Retrieving data for 8890280
Request error for 8890280: HTTPSConnectionPool(host='bomen.amsterdam.nl', port=443): Read timed out. (read timeout=10)
Retrieving data for 8890281
Request error for 8890281: HTTPSConnectionPool(host='bomen.amsterdam.nl', port=443): Read timed out. (read timeout=10)
Retrieving data for 8890282
Request error for 8890282: HTTPSConnectionPool(host='bomen.amsterdam.nl', port=443): Read timed out. (read timeout=10)
Retrieving data for 8890283
Request error for 8890283: HTTPSConnectionPool(host='bomen.amsterdam.nl', port=443): Read timed out. (read timeout=10)
Retrieving data for 8890284
Request error for 8890284: 502 Server Error: Bad Gateway for url: https://bomen.amsterdam.nl/features.data?type=tree&id=8890284&filters=&_routes=routes%2Ffeatures
Retrieving data for 8890285
Request error for 8890285: 503 Server Error: Service Temporarily Unavailable for url: https://bomen.amsterdam.nl/features.data?type=tree&id=8890285&filters=&_routes=routes%2Ffeatures
Retrieving data for 8890286
Request error for 8890286: HTTPSConnectionPool(host='bomen.amsterdam.nl', port=443): Max retries exceeded with url: /features.data?type=tree&id=8890286&filters=&_routes=routes%2Ffeatures (Caused by NameResolutionError("<urllib3.connection.HTTPSConnection object at 0x7d659ea4e9f0>: Failed to resolve 'bomen.amsterdam.nl' ([Errno -3] Temporary failure in name resolution)"))
Retrieving data for 8890287
Request error for 8890287: 502 Server Error: Bad Gateway for url: https://bomen.amsterdam.nl/features.data?type=tree&id=8890287&filters=&_routes=routes%2Ffeatures
Retrieving data for 8890288
Request error for 8890288: 502 Server Error: Bad Gateway for url: https://bomen.amsterdam.nl/features.data?type=tree&id=8890288&filters=&_routes=routes%2Ffeatures
Retrieving data for 8890289
Request error for 8890289: 502 Server Error: Bad Gateway for url: https://bomen.amsterdam.nl/features.data?type=tree&id=8890289&filters=&_routes=routes%2Ffeatures
Retrieving data for 8890290
Request error for 8890290: 502 Server Error: Bad Gateway for url: https://bomen.amsterdam.nl/features.data?type=tree&id=8890290&filters=&_routes=routes%2Ffeatures
Retrieving data for 8890291
Request error for 8890291: HTTPSConnectionPool(host='bomen.amsterdam.nl', port=443): Max retries exceeded with url: /features.data?type=tree&id=8890291&filters=&_routes=routes%2Ffeatures (Caused by NameResolutionError("<urllib3.connection.HTTPSConnection object at 0x7d659ea4f3e0>: Failed to resolve 'bomen.amsterdam.nl' ([Errno -3] Temporary failure in name resolution)"))
Retrieving data for 8890292
Request error for 8890292: HTTPSConnectionPool(host='bomen.amsterdam.nl', port=443): Max retries exceeded with url: /features.data?type=tree&id=8890292&filters=&_routes=routes%2Ffeatures (Caused by NameResolutionError("<urllib3.connection.HTTPSConnection object at 0x7d659ea4d0a0>: Failed to resolve 'bomen.amsterdam.nl' ([Errno -3] Temporary failure in name resolution)"))
Retrieving data for 8890293
Request error for 8890293: 502 Server Error: Bad Gateway for url: https://bomen.amsterdam.nl/features.data?type=tree&id=8890293&filters=&_routes=routes%2Ffeatures
Retrieving data for 8890294
Request error for 8890294: 502 Server Error: Bad Gateway for url: https://bomen.amsterdam.nl/features.data?type=tree&id=8890294&filters=&_routes=routes%2Ffeatures
Retrieving data for 8890295
Request error for 8890295: 502 Server Error: Bad Gateway for url: https://bomen.amsterdam.nl/features.data?type=tree&id=8890295&filters=&_routes=routes%2Ffeatures
Retrieving data for 8890296
Request error for 8890296: 502 Server Error: Bad Gateway for url: https://bomen.amsterdam.nl/features.data?type=tree&id=8890296&filters=&_routes=routes%2Ffeatures
Retrieving data for 8890297
Request error for 8890297: HTTPSConnectionPool(host='bomen.amsterdam.nl', port=443): Read timed out. (read timeout=10)
Retrieving data for 8890298
Request error for 8890298: HTTPSConnectionPool(host='bomen.amsterdam.nl', port=443): Read timed out. (read timeout=10)
Retrieving data for 8890299
Request error for 8890299: HTTPSConnectionPool(host='bomen.amsterdam.nl', port=443): Read timed out. (read timeout=10)
Retrieving data for 8890300
Request error for 8890300: HTTPSConnectionPool(host='bomen.amsterdam.nl', port=443): Max retries exceeded with url: /features.data?type=tree&id=8890300&filters=&_routes=routes%2Ffeatures (Caused by NameResolutionError("<urllib3.connection.HTTPSConnection object at 0x7d659ea4eb40>: Failed to resolve 'bomen.amsterdam.nl' ([Errno -3] Temporary failure in name resolution)"))
Retrieving data for 8890301
Request error for 8890301: HTTPSConnectionPool(host='bomen.amsterdam.nl', port=443): Max retries exceeded with url: /features.data?type=tree&id=8890301&filters=&_routes=routes%2Ffeatures (Caused by NameResolutionError("<urllib3.connection.HTTPSConnection object at 0x7d659ea4e300>: Failed to resolve 'bomen.amsterdam.nl' ([Errno -3] Temporary failure in name resolution)"))
Retrieving data for 8890302
Request error for 8890302: 503 Server Error: Service Temporarily Unavailable for url: https://bomen.amsterdam.nl/features.data?type=tree&id=8890302&filters=&_routes=routes%2Ffeatures
Retrieving data for 8890303
Request error for 8890303: 503 Server Error: Service Temporarily Unavailable for url: https://bomen.amsterdam.nl/features.data?type=tree&id=8890303&filters=&_routes=routes%2Ffeatures
Retrieving data for 8890304
Request error for 8890304: 503 Server Error: Service Temporarily Unavailable for url: https://bomen.amsterdam.nl/features.data?type=tree&id=8890304&filters=&_routes=routes%2Ffeatures
Retrieving data for 8890305
Request error for 8890305: 503 Server Error: Service Temporarily Unavailable for url: https://bomen.amsterdam.nl/features.data?type=tree&id=8890305&filters=&_routes=routes%2Ffeatures
Retrieving data for 8890306
Request error for 8890306: HTTPSConnectionPool(host='bomen.amsterdam.nl', port=443): Max retries exceeded with url: /features.data?type=tree&id=8890306&filters=&_routes=routes%2Ffeatures (Caused by ConnectTimeoutError(<urllib3.connection.HTTPSConnection object at 0x7d659ea4de20>, 'Connection to bomen.amsterdam.nl timed out. (connect timeout=10)'))
Retrieving data for 8890307
Request error for 8890307: HTTPSConnectionPool(host='bomen.amsterdam.nl', port=443): Max retries exceeded with url: /features.data?type=tree&id=8890307&filters=&_routes=routes%2Ffeatures (Caused by ConnectTimeoutError(<urllib3.connection.HTTPSConnection object at 0x7d659ea731a0>, 'Connection to bomen.amsterdam.nl timed out. (connect timeout=10)'))
Retrieving data for 8890308
Request error for 8890308: 503 Server Error: Service Temporarily Unavailable for url: https://bomen.amsterdam.nl/features.data?type=tree&id=8890308&filters=&_routes=routes%2Ffeatures
Retrieving data for 8890309
Request error for 8890309: HTTPSConnectionPool(host='bomen.amsterdam.nl', port=443): Max retries exceeded with url: /features.data?type=tree&id=8890309&filters=&_routes=routes%2Ffeatures (Caused by ConnectTimeoutError(<urllib3.connection.HTTPSConnection object at 0x7d659ea71430>, 'Connection to bomen.amsterdam.nl timed out. (connect timeout=10)'))
Retrieving data for 8890310
Request error for 8890310: 502 Server Error: Bad Gateway for url: https://bomen.amsterdam.nl/features.data?type=tree&id=8890310&filters=&_routes=routes%2Ffeatures
Retrieving data for 8890311
Request error for 8890311: 502 Server Error: Bad Gateway for url: https://bomen.amsterdam.nl/features.data?type=tree&id=8890311&filters=&_routes=routes%2Ffeatures
Retrieving data for 8890312
Request error for 8890312: 502 Server Error: Bad Gateway for url: https://bomen.amsterdam.nl/features.data?type=tree&id=8890312&filters=&_routes=routes%2Ffeatures
Retrieving data for 8890313
Request error for 8890313: 502 Server Error: Bad Gateway for url: https://bomen.amsterdam.nl/features.data?type=tree&id=8890313&filters=&_routes=routes%2Ffeatures
Retrieving data for 8890314
Request error for 8890314: HTTPSConnectionPool(host='bomen.amsterdam.nl', port=443): Max retries exceeded with url: /features.data?type=tree&id=8890314&filters=&_routes=routes%2Ffeatures (Caused by ConnectTimeoutError(<urllib3.connection.HTTPSConnection object at 0x7d659ea4d070>, 'Connection to bomen.amsterdam.nl timed out. (connect timeout=10)'))
Retrieving data for 8890315
Request error for 8890315: HTTPSConnectionPool(host='bomen.amsterdam.nl', port=443): Max retries exceeded with url: /features.data?type=tree&id=8890315&filters=&_routes=routes%2Ffeatures (Caused by NameResolutionError("<urllib3.connection.HTTPSConnection object at 0x7d659ea4dbb0>: Failed to resolve 'bomen.amsterdam.nl' ([Errno -3] Temporary failure in name resolution)"))
Retrieving data for 8890316
Request error for 8890316: HTTPSConnectionPool(host='bomen.amsterdam.nl', port=443): Max retries exceeded with url: /features.data?type=tree&id=8890316&filters=&_routes=routes%2Ffeatures (Caused by NameResolutionError("<urllib3.connection.HTTPSConnection object at 0x7d659f5eeb40>: Failed to resolve 'bomen.amsterdam.nl' ([Errno -3] Temporary failure in name resolution)"))
Retrieving data for 8890317
Request error for 8890317: HTTPSConnectionPool(host='bomen.amsterdam.nl', port=443): Max retries exceeded with url: /features.data?type=tree&id=8890317&filters=&_routes=routes%2Ffeatures (Caused by NameResolutionError("<urllib3.connection.HTTPSConnection object at 0x7d659ea733e0>: Failed to resolve 'bomen.amsterdam.nl' ([Errno -3] Temporary failure in name resolution)"))
Retrieving data for 8890318
Request error for 8890318: HTTPSConnectionPool(host='bomen.amsterdam.nl', port=443): Max retries exceeded with url: /features.data?type=tree&id=8890318&filters=&_routes=routes%2Ffeatures (Caused by NameResolutionError("<urllib3.connection.HTTPSConnection object at 0x7d659ea73dd0>: Failed to resolve 'bomen.amsterdam.nl' ([Errno -3] Temporary failure in name resolution)"))
Retrieving data for 8890319
Request error for 8890319: HTTPSConnectionPool(host='bomen.amsterdam.nl', port=443): Max retries exceeded with url: /features.data?type=tree&id=8890319&filters=&_routes=routes%2Ffeatures (Caused by NameResolutionError("<urllib3.connection.HTTPSConnection object at 0x7d659ea72a50>: Failed to resolve 'bomen.amsterdam.nl' ([Errno -3] Temporary failure in name resolution)"))
Retrieving data for 8890320
Request error for 8890320: HTTPSConnectionPool(host='bomen.amsterdam.nl', port=443): Max retries exceeded with url: /features.data?type=tree&id=8890320&filters=&_routes=routes%2Ffeatures (Caused by NameResolutionError("<urllib3.connection.HTTPSConnection object at 0x7d659f8cfe00>: Failed to resolve 'bomen.amsterdam.nl' ([Errno -3] Temporary failure in name resolution)"))
Retrieving data for 8890321
Request error for 8890321: HTTPSConnectionPool(host='bomen.amsterdam.nl', port=443): Max retries exceeded with url: /features.data?type=tree&id=8890321&filters=&_routes=routes%2Ffeatures (Caused by NameResolutionError("<urllib3.connection.HTTPSConnection object at 0x7d659ea4ef30>: Failed to resolve 'bomen.amsterdam.nl' ([Errno -3] Temporary failure in name resolution)"))
Retrieving data for 8890322
Request error for 8890322: HTTPSConnectionPool(host='bomen.amsterdam.nl', port=443): Max retries exceeded with url: /features.data?type=tree&id=8890322&filters=&_routes=routes%2Ffeatures (Caused by NameResolutionError("<urllib3.connection.HTTPSConnection object at 0x7d659ea4fc20>: Failed to resolve 'bomen.amsterdam.nl' ([Errno -3] Temporary failure in name resolution)"))
Retrieving data for 8890323
Request error for 8890323: HTTPSConnectionPool(host='bomen.amsterdam.nl', port=443): Max retries exceeded with url: /features.data?type=tree&id=8890323&filters=&_routes=routes%2Ffeatures (Caused by NameResolutionError("<urllib3.connection.HTTPSConnection object at 0x7d659ea4d280>: Failed to resolve 'bomen.amsterdam.nl' ([Errno -3] Temporary failure in name resolution)"))
Retrieving data for 8890324
Request error for 8890324: HTTPSConnectionPool(host='bomen.amsterdam.nl', port=443): Read timed out. (read timeout=10)
Retrieving data for 8890325
Request error for 8890325: HTTPSConnectionPool(host='bomen.amsterdam.nl', port=443): Read timed out. (read timeout=10)
Retrieving data for 8890326
Request error for 8890326: HTTPSConnectionPool(host='bomen.amsterdam.nl', port=443): Read timed out. (read timeout=10)
Retrieving data for 8890327
Request error for 8890327: HTTPSConnectionPool(host='bomen.amsterdam.nl', port=443): Read timed out. (read timeout=10)
Retrieving data for 8890328
Request error for 8890328: 502 Server Error: Bad Gateway for url: https://bomen.amsterdam.nl/features.data?type=tree&id=8890328&filters=&_routes=routes%2Ffeatures
Retrieving data for 8890329
Request error for 8890329: 502 Server Error: Bad Gateway for url: https://bomen.amsterdam.nl/features.data?type=tree&id=8890329&filters=&_routes=routes%2Ffeatures
Retrieving data for 8890330
Request error for 8890330: 503 Server Error: Service Temporarily Unavailable for url: https://bomen.amsterdam.nl/features.data?type=tree&id=8890330&filters=&_routes=routes%2Ffeatures
Retrieving data for 8890331
Request error for 8890331: 503 Server Error: Service Temporarily Unavailable for url: https://bomen.amsterdam.nl/features.data?type=tree&id=8890331&filters=&_routes=routes%2Ffeatures
Retrieving data for 8890332
Request error for 8890332: 503 Server Error: Service Temporarily Unavailable for url: https://bomen.amsterdam.nl/features.data?type=tree&id=8890332&filters=&_routes=routes%2Ffeatures
Retrieving data for 8890333
Request error for 8890333: 503 Server Error: Service Temporarily Unavailable for url: https://bomen.amsterdam.nl/features.data?type=tree&id=8890333&filters=&_routes=routes%2Ffeatures
Retrieving data for 8890334
Request error for 8890334: 503 Server Error: Service Temporarily Unavailable for url: https://bomen.amsterdam.nl/features.data?type=tree&id=8890334&filters=&_routes=routes%2Ffeatures
Retrieving data for 8890335
Request error for 8890335: 503 Server Error: Service Temporarily Unavailable for url: https://bomen.amsterdam.nl/features.data?type=tree&id=8890335&filters=&_routes=routes%2Ffeatures
Retrieving data for 8890336
Request error for 8890336: 503 Server Error: Service Temporarily Unavailable for url: https://bomen.amsterdam.nl/features.data?type=tree&id=8890336&filters=&_routes=routes%2Ffeatures
Retrieving data for 8890337
Request error for 8890337: 503 Server Error: Service Temporarily Unavailable for url: https://bomen.amsterdam.nl/features.data?type=tree&id=8890337&filters=&_routes=routes%2Ffeatures
Retrieving data for 8890338
Request error for 8890338: 503 Server Error: Service Temporarily Unavailable for url: https://bomen.amsterdam.nl/features.data?type=tree&id=8890338&filters=&_routes=routes%2Ffeatures
Retrieving data for 8890339
Request error for 8890339: 503 Server Error: Service Temporarily Unavailable for url: https://bomen.amsterdam.nl/features.data?type=tree&id=8890339&filters=&_routes=routes%2Ffeatures
Retrieving data for 8890340
Request error for 8890340: HTTPSConnectionPool(host='bomen.amsterdam.nl', port=443): Max retries exceeded with url: /features.data?type=tree&id=8890340&filters=&_routes=routes%2Ffeatures (Caused by ConnectTimeoutError(<urllib3.connection.HTTPSConnection object at 0x7d659ea4ef00>, 'Connection to bomen.amsterdam.nl timed out. (connect timeout=10)'))
Retrieving data for 8890341
Request error for 8890341: HTTPSConnectionPool(host='bomen.amsterdam.nl', port=443): Max retries exceeded with url: /features.data?type=tree&id=8890341&filters=&_routes=routes%2Ffeatures (Caused by NameResolutionError("<urllib3.connection.HTTPSConnection object at 0x7d659ea72990>: Failed to resolve 'bomen.amsterdam.nl' ([Errno -3] Temporary failure in name resolution)"))
Retrieving data for 8890342
Request error for 8890342: 502 Server Error: Bad Gateway for url: https://bomen.amsterdam.nl/features.data?type=tree&id=8890342&filters=&_routes=routes%2Ffeatures
Retrieving data for 8890343
Request error for 8890343: 502 Server Error: Bad Gateway for url: https://bomen.amsterdam.nl/features.data?type=tree&id=8890343&filters=&_routes=routes%2Ffeatures
Retrieving data for 8890344
Request error for 8890344: HTTPSConnectionPool(host='bomen.amsterdam.nl', port=443): Max retries exceeded with url: /features.data?type=tree&id=8890344&filters=&_routes=routes%2Ffeatures (Caused by NameResolutionError("<urllib3.connection.HTTPSConnection object at 0x7d659ea72ab0>: Failed to resolve 'bomen.amsterdam.nl' ([Errno -3] Temporary failure in name resolution)"))
Retrieving data for 8890345
Request error for 8890345: 502 Server Error: Bad Gateway for url: https://bomen.amsterdam.nl/features.data?type=tree&id=8890345&filters=&_routes=routes%2Ffeatures
Retrieving data for 8890346
Request error for 8890346: HTTPSConnectionPool(host='bomen.amsterdam.nl', port=443): Max retries exceeded with url: /features.data?type=tree&id=8890346&filters=&_routes=routes%2Ffeatures (Caused by ConnectTimeoutError(<urllib3.connection.HTTPSConnection object at 0x7d659ea737a0>, 'Connection to bomen.amsterdam.nl timed out. (connect timeout=10)'))
Retrieving data for 8890347
Request error for 8890347: 502 Server Error: Bad Gateway for url: https://bomen.amsterdam.nl/features.data?type=tree&id=8890347&filters=&_routes=routes%2Ffeatures
Retrieving data for 8890348
Request error for 8890348: HTTPSConnectionPool(host='bomen.amsterdam.nl', port=443): Max retries exceeded with url: /features.data?type=tree&id=8890348&filters=&_routes=routes%2Ffeatures (Caused by ConnectTimeoutError(<urllib3.connection.HTTPSConnection object at 0x7d659edafad0>, 'Connection to bomen.amsterdam.nl timed out. (connect timeout=10)'))
17f0>: Failed to resolve 'bomen.amsterdam.nl' ([Errno -3] Temporary failure in name resolution)"))
Retrieving data for 8890333
Request error for 8890333: HTTPSConnectionPool(host='bomen.amsterdam.nl', port=443): Max retries exceeded with url: /features.data?type=tree&id=8890333&filters=&_routes=routes%2Ffeatures (Caused by NameResolutionError("<urllib3.connection.HTTPSConnection object at 0x7db152d23260>: Failed to resolve 'bomen.amsterdam.nl' ([Errno -3] Temporary failure in name resolution)"))
Retrieving data for 8890334
Request error for 8890334: 502 Server Error: Bad Gateway for url: https://bomen.amsterdam.nl/features.data?type=tree&id=8890334&filters=&_routes=routes%2Ffeatures
Retrieving data for 8890335
Request error for 8890335: HTTPSConnectionPool(host='bomen.amsterdam.nl', port=443): Max retries exceeded with url: /features.data?type=tree&id=8890335&filters=&_routes=routes%2Ffeatures (Caused by NameResolutionError("<urllib3.connection.HTTPSConnection object at 0x7db152d23350>: Failed to resolve 'bomen.amsterdam.nl' ([Errno -3] Temporary failure in name resolution)"))
Retrieving data for 8890336
Request error for 8890336: HTTPSConnectionPool(host='bomen.amsterdam.nl', port=443): Max retries exceeded with url: /features.data?type=tree&id=8890336&filters=&_routes=routes%2Ffeatures (Caused by NameResolutionError("<urllib3.connection.HTTPSConnection object at 0x7db152d23020>: Failed to resolve 'bomen.amsterdam.nl' ([Errno -3] Temporary failure in name resolution)"))
Retrieving data for 8890337
Request error for 8890337: HTTPSConnectionPool(host='bomen.amsterdam.nl', port=443): Max retries exceeded with url: /features.data?type=tree&id=8890337&filters=&_routes=routes%2Ffeatures (Caused by NameResolutionError("<urllib3.connection.HTTPSConnection object at 0x7db15397fc50>: Failed to resolve 'bomen.amsterdam.nl' ([Errno -3] Temporary failure in name resolution)"))
Retrieving data for 8890338
Request error for 8890338: HTTPSConnectionPool(host='bomen.amsterdam.nl', port=443): Max retries exceeded with url: /features.data?type=tree&id=8890338&filters=&_routes=routes%2Ffeatures (Caused by NameResolutionError("<urllib3.connection.HTTPSConnection object at 0x7db152d43a70>: Failed to resolve 'bomen.amsterdam.nl' ([Errno -3] Temporary failure in name resolution)"))
Retrieving data for 8890339
Request error for 8890339: HTTPSConnectionPool(host='bomen.amsterdam.nl', port=443): Max retries exceeded with url: /features.data?type=tree&id=8890339&filters=&_routes=routes%2Ffeatures (Caused by NameResolutionError("<urllib3.connection.HTTPSConnection object at 0x7db152d42ed0>: Failed to resolve 'bomen.amsterdam.nl' ([Errno -3] Temporary failure in name resolution)"))
Retrieving data for 8890340
Request error for 8890340: HTTPSConnectionPool(host='bomen.amsterdam.nl', port=443): Max retries exceeded with url: /features.data?type=tree&id=8890340&filters=&_routes=routes%2Ffeatures (Caused by NameResolutionError("<urllib3.connection.HTTPSConnection object at 0x7db152cbe780>: Failed to resolve 'bomen.amsterdam.nl' ([Errno -3] Temporary failure in name resolution)"))
Retrieving data for 8890341
Request error for 8890341: HTTPSConnectionPool(host='bomen.amsterdam.nl', port=443): Max retries exceeded with url: /features.data?type=tree&id=8890341&filters=&_routes=routes%2Ffeatures (Caused by NameResolutionError("<urllib3.connection.HTTPSConnection object at 0x7db152d210a0>: Failed to resolve 'bomen.amsterdam.nl' ([Errno -3] Temporary failure in name resolution)"))
Retrieving data for 8890342
Request error for 8890342: HTTPSConnectionPool(host='bomen.amsterdam.nl', port=443): Max retries exceeded with url: /features.data?type=tree&id=8890342&filters=&_routes=routes%2Ffeatures (Caused by NameResolutionError("<urllib3.connection.HTTPSConnection object at 0x7db152d21880>: Failed to resolve 'bomen.amsterdam.nl' ([Errno -3] Temporary failure in name resolution)"))
Retrieving data for 8890343
Request error for 8890343: HTTPSConnectionPool(host='bomen.amsterdam.nl', port=443): Max retries exceeded with url: /features.data?type=tree&id=8890343&filters=&_routes=routes%2Ffeatures (Caused by NameResolutionError("<urllib3.connection.HTTPSConnection object at 0x7db152f8b0b0>: Failed to resolve 'bomen.amsterdam.nl' ([Errno -3] Temporary failure in name resolution)"))
Retrieving data for 8890344
Request error for 8890344: HTTPSConnectionPool(host='bomen.amsterdam.nl', port=443): Max retries exceeded with url: /features.data?type=tree&id=8890344&filters=&_routes=routes%2Ffeatures (Caused by NameResolutionError("<urllib3.connection.HTTPSConnection object at 0x7db152d413d0>: Failed to resolve 'bomen.amsterdam.nl' ([Errno -3] Temporary failure in name resolution)"))
Retrieving data for 8890345
Request error for 8890345: HTTPSConnectionPool(host='bomen.amsterdam.nl', port=443): Max retries exceeded with url: /features.data?type=tree&id=8890345&filters=&_routes=routes%2Ffeatures (Caused by NameResolutionError("<urllib3.connection.HTTPSConnection object at 0x7db152d403b0>: Failed to resolve 'bomen.amsterdam.nl' ([Errno -3] Temporary failure in name resolution)"))
Retrieving data for 8890346
Request error for 8890346: HTTPSConnectionPool(host='bomen.amsterdam.nl', port=443): Read timed out. (read timeout=10)
Retrieving data for 8890347
Request error for 8890347: HTTPSConnectionPool(host='bomen.amsterdam.nl', port=443): Read timed out. (read timeout=10)
Retrieving data for 8890348
Request error for 8890348: HTTPSConnectionPool(host='bomen.amsterdam.nl', port=443): Read timed out. (read timeout=10)
Retrieving data for 8890349
Request error for 8890349: HTTPSConnectionPool(host='bomen.amsterdam.nl', port=443): Read timed out. (read timeout=10)
Retrieving data for 8890350
Request error for 8890350: 502 Server Error: Bad Gateway for url: https://bomen.amsterdam.nl/features.data?type=tree&id=8890350&filters=&_routes=routes%2Ffeatures
Retrieving data for 8890351
Request error for 8890351: 503 Server Error: Service Temporarily Unavailable for url: https://bomen.amsterdam.nl/features.data?type=tree&id=8890351&filters=&_routes=routes%2Ffeatures
Retrieving data for 8890352
Request error for 8890352: 503 Server Error: Service Temporarily Unavailable for url: https://bomen.amsterdam.nl/features.data?type=tree&id=8890352&filters=&_routes=routes%2Ffeatures
Retrieving data for 8890353
Request error for 8890353: HTTPSConnectionPool(host='bomen.amsterdam.nl', port=443): Read timed out. (read timeout=10)
Retrieving data for 8890354
Request error for 8890354: 503 Server Error: Service Temporarily Unavailable for url: https://bomen.amsterdam.nl/features.data?type=tree&id=8890354&filters=&_routes=routes%2Ffeatures
Retrieving data for 8890355
Request error for 8890355: 503 Server Error: Service Temporarily Unavailable for url: https://bomen.amsterdam.nl/features.data?type=tree&id=8890355&filters=&_routes=routes%2Ffeatures
Retrieving data for 8890356
Request error for 8890356: 503 Server Error: Service Temporarily Unavailable for url: https://bomen.amsterdam.nl/features.data?type=tree&id=8890356&filters=&_routes=routes%2Ffeatures
Retrieving data for 8890357
Request error for 8890357: 503 Server Error: Service Temporarily Unavailable for url: https://bomen.amsterdam.nl/features.data?type=tree&id=8890357&filters=&_routes=routes%2Ffeatures
Retrieving data for 8890358
Request error for 8890358: 503 Server Error: Service Temporarily Unavailable for url: https://bomen.amsterdam.nl/features.data?type=tree&id=8890358&filters=&_routes=routes%2Ffeatures
Retrieving data for 8890359
Request error for 8890359: 503 Server Error: Service Temporarily Unavailable for url: https://bomen.amsterdam.nl/features.data?type=tree&id=8890359&filters=&_routes=routes%2Ffeatures
Retrieving data for 8890360
Request error for 8890360: 503 Server Error: Service Temporarily Unavailable for url: https://bomen.amsterdam.nl/features.data?type=tree&id=8890360&filters=&_routes=routes%2Ffeatures
Retrieving data for 8890361
Request error for 8890361: 503 Server Error: Service Temporarily Unavailable for url: https://bomen.amsterdam.nl/features.data?type=tree&id=8890361&filters=&_routes=routes%2Ffeatures
Retrieving data for 8890362
Request error for 8890362: 503 Server Error: Service Temporarily Unavailable for url: https://bomen.amsterdam.nl/features.data?type=tree&id=8890362&filters=&_routes=routes%2Ffeatures
Retrieving data for 8890363
