Loaded 7 existing IDs from amsterdam_trees.csv
Retrieving data for 5332000
Request error for 5332000: HTTPSConnectionPool(host='bomen.amsterdam.nl', port=443): Max retries exceeded with url: /features.data?type=tree&id=5332000&filters=&_routes=routes%2Ffeatures (Caused by ConnectTimeoutError(<urllib3.connection.HTTPSConnection object at 0x7428cb04cda0>, 'Connection to bomen.amsterdam.nl timed out. (connect timeout=10)'))
Retrieving data for 5332001
Request error for 5332001: HTTPSConnectionPool(host='bomen.amsterdam.nl', port=443): Max retries exceeded with url: /features.data?type=tree&id=5332001&filters=&_routes=routes%2Ffeatures (Caused by ConnectTimeoutError(<urllib3.connection.HTTPSConnection object at 0x7428cb04d190>, 'Connection to bomen.amsterdam.nl timed out. (connect timeout=10)'))
Retrieving data for 5332002
Request error for 5332002: HTTPSConnectionPool(host='bomen.amsterdam.nl', port=443): Max retries exceeded with url: /features.data?type=tree&id=5332002&filters=&_routes=routes%2Ffeatures (Caused by ConnectTimeoutError(<urllib3.connection.HTTPSConnection object at 0x7428cb04d490>, 'Connection to bomen.amsterdam.nl timed out. (connect timeout=10)'))
Retrieving data for 5332003
Request error for 5332003: HTTPSConnectionPool(host='bomen.amsterdam.nl', port=443): Max retries exceeded with url: /features.data?type=tree&id=5332003&filters=&_routes=routes%2Ffeatures (Caused by ConnectTimeoutError(<urllib3.connection.HTTPSConnection object at 0x7428cb04dc70>, 'Connection to bomen.amsterdam.nl timed out. (connect timeout=10)'))
Retrieving data for 5332004
Request error for 5332004: HTTPSConnectionPool(host='bomen.amsterdam.nl', port=443): Max retries exceeded with url: /features.data?type=tree&id=5332004&filters=&_routes=routes%2Ffeatures (Caused by ConnectTimeoutError(<urllib3.connection.HTTPSConnection object at 0x7428cb04e450>, 'Connection to bomen.amsterdam.nl timed out. (connect timeout=10)'))
Retrieving data for 5332005
Request error for 5332005: HTTPSConnectionPool(host='bomen.amsterdam.nl', port=443): Max retries exceeded with url: /features.data?type=tree&id=5332005&filters=&_routes=routes%2Ffeatures (Caused by ConnectTimeoutError(<urllib3.connection.HTTPSConnection object at 0x7428cb04ec30>, 'Connection to bomen.amsterdam.nl timed out. (connect timeout=10)'))
Retrieving data for 5332006
Request error for 5332006: HTTPSConnectionPool(host='bomen.amsterdam.nl', port=443): Max retries exceeded with url: /features.data?type=tree&id=5332006&filters=&_routes=routes%2Ffeatures (Caused by ConnectTimeoutError(<urllib3.connection.HTTPSConnection object at 0x7428cbbeeb40>, 'Connection to bomen.amsterdam.nl timed out. (connect timeout=10)'))
Retrieving data for 5332007
Request error for 5332007: HTTPSConnectionPool(host='bomen.amsterdam.nl', port=443): Max retries exceeded with url: /features.data?type=tree&id=5332007&filters=&_routes=routes%2Ffeatures (Caused by ConnectTimeoutError(<urllib3.connection.HTTPSConnection object at 0x7428cb04e570>, 'Connection to bomen.amsterdam.nl timed out. (connect timeout=10)'))
Retrieving data for 5332008
Request error for 5332008: 502 Server Error: Bad Gateway for url: https://bomen.amsterdam.nl/features.data?type=tree&id=5332008&filters=&_routes=routes%2Ffeatures
Retrieving data for 5332009
Request error for 5332009: HTTPSConnectionPool(host='bomen.amsterdam.nl', port=443): Max retries exceeded with url: /features.data?type=tree&id=5332009&filters=&_routes=routes%2Ffeatures (Caused by ConnectTimeoutError(<urllib3.connection.HTTPSConnection object at 0x7428cb04e480>, 'Connection to bomen.amsterdam.nl timed out. (connect timeout=10)'))
Retrieving data for 5332010
Request error for 5332010: HTTPSConnectionPool(host='bomen.amsterdam.nl', port=443): Max retries exceeded with url: /features.data?type=tree&id=5332010&filters=&_routes=routes%2Ffeatures (Caused by ConnectTimeoutError(<urllib3.connection.HTTPSConnection object at 0x7428cb04c500>, 'Connection to bomen.amsterdam.nl timed out. (connect timeout=10)'))
Retrieving data for 5332011
Request error for 5332011: 502 Server Error: Bad Gateway for url: https://bomen.amsterdam.nl/features.data?type=tree&id=5332011&filters=&_routes=routes%2Ffeatures
Retrieving data for 5332012
Request error for 5332012: HTTPSConnectionPool(host='bomen.amsterdam.nl', port=443): Max retries exceeded with url: /features.data?type=tree&id=5332012&filters=&_routes=routes%2Ffeatures (Caused by ConnectTimeoutError(<urllib3.connection.HTTPSConnection object at 0x7428cb04d430>, 'Connection to bomen.amsterdam.nl timed out. (connect timeout=10)'))
Retrieving data for 5332013
Request error for 5332013: HTTPSConnectionPool(host='bomen.amsterdam.nl', port=443): Max retries exceeded with url: /features.data?type=tree&id=5332013&filters=&_routes=routes%2Ffeatures (Caused by ConnectTimeoutError(<urllib3.connection.HTTPSConnection object at 0x7428cb04fdd0>, 'Connection to bomen.amsterdam.nl timed out. (connect timeout=10)'))
Retrieving data for 5332014
Request error for 5332014: HTTPSConnectionPool(host='bomen.amsterdam.nl', port=443): Max retries exceeded with url: /features.data?type=tree&id=5332014&filters=&_routes=routes%2Ffeatures (Caused by ConnectTimeoutError(<urllib3.connection.HTTPSConnection object at 0x7428cb04f9b0>, 'Connection to bomen.amsterdam.nl timed out. (connect timeout=10)'))
Retrieving data for 5332015
Request error for 5332015: HTTPSConnectionPool(host='bomen.amsterdam.nl', port=443): Max retries exceeded with url: /features.data?type=tree&id=5332015&filters=&_routes=routes%2Ffeatures (Caused by ConnectTimeoutError(<urllib3.connection.HTTPSConnection object at 0x7428cb04c320>, 'Connection to bomen.amsterdam.nl timed out. (connect timeout=10)'))
Retrieving data for 5332016
Request error for 5332016: HTTPSConnectionPool(host='bomen.amsterdam.nl', port=443): Max retries exceeded with url: /features.data?type=tree&id=5332016&filters=&_routes=routes%2Ffeatures (Caused by ConnectTimeoutError(<urllib3.connection.HTTPSConnection object at 0x7428cb04d700>, 'Connection to bomen.amsterdam.nl timed out. (connect timeout=10)'))
Retrieving data for 5332017
Request error for 5332017: HTTPSConnectionPool(host='bomen.amsterdam.nl', port=443): Max retries exceeded with url: /features.data?type=tree&id=5332017&filters=&_routes=routes%2Ffeatures (Caused by ConnectTimeoutError(<urllib3.connection.HTTPSConnection object at 0x7428cb04c680>, 'Connection to bomen.amsterdam.nl timed out. (connect timeout=10)'))
Retrieving data for 5332018
Request error for 5332018: HTTPSConnectionPool(host='bomen.amsterdam.nl', port=443): Read timed out. (read timeout=10)
Retrieving data for 5332019
Request error for 5332019: 502 Server Error: Bad Gateway for url: https://bomen.amsterdam.nl/features.data?type=tree&id=5332019&filters=&_routes=routes%2Ffeatures
Retrieving data for 5332020
Request error for 5332020: 503 Server Error: Service Temporarily Unavailable for url: https://bomen.amsterdam.nl/features.data?type=tree&id=5332020&filters=&_routes=routes%2Ffeatures
Retrieving data for 5332021
Request error for 5332021: 503 Server Error: Service Temporarily Unavailable for url: https://bomen.amsterdam.nl/features.data?type=tree&id=5332021&filters=&_routes=routes%2Ffeatures
Retrieving data for 5332022
Request error for 5332022: 503 Server Error: Service Temporarily Unavailable for url: https://bomen.amsterdam.nl/features.data?type=tree&id=5332022&filters=&_routes=routes%2Ffeatures
Retrieving data for 5332023
Request error for 5332023: 503 Server Error: Service Temporarily Unavailable for url: https://bomen.amsterdam.nl/features.data?type=tree&id=5332023&filters=&_routes=routes%2Ffeatures
Retrieving data for 5332024
Request error for 5332024: HTTPSConnectionPool(host='bomen.amsterdam.nl', port=443): Max retries exceeded with url: /features.data?type=tree&id=5332024&filters=&_routes=routes%2Ffeatures (Caused by ConnectTimeoutError(<urllib3.connRequest error for 5332031: HTTPSConnectionPool(host='bomen.amsterdam.nl', port=443): Max retries exceeded with url: /features.data?type=tree&id=533Request error for 5332025: 503 Server Error: Service Temporarily Unavailable for url: https://bomen.amsterdam.nl/features.data?type=tree&id=5332025&filters=&_routes=routes%2Ffeatures
Retrieving data for 5332026
Request error for 5332026: HTTPSConnectionPool(host='bomen.amsterdam.nl', port=443): Max retries exceeded with url: /features.data?type=tree&id=5332026&filters=&_routes=routes%2Ffeatures (Caused by NameResolutionError("<urllib3.connection.HTTPSConnection object at 0x7428cb04dca0>: Failed to resolve 'bomen.amsterdam.nl' ([Errno -3] Temporary failure in name resolution)"))
Retrieving data for 5332027
Request error for 5332027: 503 Server Error: Service Temporarily Unavailable for url: https://bomen.amsterdam.nl/features.data?type=tree&id=5332027&filters=&_routes=routes%2Ffeatures
Retrieving data for 5332028
Request error for 5332028: 503 Server Error: Service Temporarily Unavailable for url: https://bomen.amsterdam.nl/features.data?type=tree&id=5332028&filters=&_routes=routes%2Ffeatures
Retrieving data for 5332029
Request error for 5332029: HTTPSConnectionPool(host='bomen.amsterdam.nl', port=443): Max retries exceeded with url: /features.data?type=tree&id=5332029&filters=&_routes=routes%2Ffeatures (Caused by NameResolutionError("<urllib3.connection.HTTPSConnection object at 0x7428cb04f200>: Failed to resolve 'bomen.amsterdam.nl' ([Errno -3] Temporary failure in name resolution)"))
Retrieving data for 5332030
Request error for 5332030: HTTPSConnectionPool(host='bomen.amsterdam.nl', port=443): Max retries exceeded with url: /features.data?type=tree&id=5332030&filters=&_routes=routes%2Ffeatures (Caused by NameResolutionError("<urllib3.connection.HTTPSConnection object at 0x7428cb04da90>: Failed to resolve 'bomen.amsterdam.nl' ([Errno -3] Temporary failure in name resolution)"))
Retrieving data for 5332031
Request error for 5332031: HTTPSConnectionPool(host='bomen.amsterdam.nl', port=443): Max retries exceeded with url: /features.data?type=tree&id=5332031&filters=&_routes=routes%2Ffeatures (Caused by NameResolutionError("<urllib3.connection.HTTPSConnection object at 0x7428cb04f380>: Failed to resolve 'bomen.amsterdam.nl' ([Errno -3] Temporary failure in name resolution)"))
Retrieving data for 5332032
Request error for 5332032: HTTPSConnectionPool(host='bomen.amsterdam.nl', port=443): Max retries exceeded with url: /features.data?type=tree&id=5332032&filters=&_routes=routes%2Ffeatures (Caused by NameResolutionError("<urllib3.connection.HTTPSConnection object at 0x7428cb04f860>: Failed to resolve 'bomen.amsterdam.nl' ([Errno -3] Temporary failure in name resolution)"))
Retrieving data for 5332033
Request error for 5332033: HTTPSConnectionPool(host='bomen.amsterdam.nl', port=443): Max retries exceeded with url: /features.data?type=tree&id=5332033&filters=&_routes=routes%2Ffeatures (Caused by NameResolutionError("<urllib3.connection.HTTPSConnection object at 0x7428cb0701a0>: Failed to resolve 'bomen.amsterdam.nl' ([Errno -3] Temporary failure in name resolution)"))
Retrieving data for 5332034
Request error for 5332034: HTTPSConnectionPool(host='bomen.amsterdam.nl', port=443): Max retries exceeded with url: /features.data?type=tree&id=5332034&filters=&_routes=routes%2Ffeatures (Caused by NameResolutionError("<urllib3.connection.HTTPSConnection object at 0x7428cb04fdd0>: Failed to resolve 'bomen.amsterdam.nl' ([Errno -3] Temporary failure in name resolution)"))
Retrieving data for 5332035
Request error for 5332035: HTTPSConnectionPool(host='bomen.amsterdam.nl', port=443): Max retries exceeded with url: /features.data?type=tree&id=5332035&filters=&_routes=routes%2Ffeatures (Caused by NameResolutionError("<urllib3.connection.HTTPSConnection object at 0x7428cb04cfe0>: Failed to resolve 'bomen.amsterdam.nl' ([Errno -3] Temporary failure in name resolution)"))
Retrieving data for 5332036
Request error for 5332036: HTTPSConnectionPool(host='bomen.amsterdam.nl', port=443): Read timed out. (read timeout=10)
Retrieving data for 5332037
Request error for 5332037: HTTPSConnectionPool(host='bomen.amsterdam.nl', port=443): Read timed out. (read timeout=10)
Retrieving data for 5332038
Request error for 5332038: HTTPSConnectionPool(host='bomen.amsterdam.nl', port=443): Read timed out. (read timeout=10)
Retrieving data for 5332039
Request error for 5332039: 502 Server Error: Bad Gateway for url: https://bomen.amsterdam.nl/features.data?type=tree&id=5332039&filters=&_routes=routes%2Ffeatures
Retrieving data for 5332040
Request error for 5332040: 503 Server Error: Service Temporarily Unavailable for url: https://bomen.amsterdam.nl/features.data?type=tree&id=5332040&filters=&_routes=routes%2Ffeatures
Retrieving data for 5332041
Request error for 5332041: 502 Server Error: Bad Gateway for url: https://bomen.amsterdam.nl/features.data?type=tree&id=5332041&filters=&_routes=routes%2Ffeatures
Retrieving data for 5332042
Request error for 5332042: HTTPSConnectionPool(host='bomen.amsterdam.nl', port=443): Read timed out. (read timeout=10)
Retrieving data for 5332043
Request error for 5332043: HTTPSConnectionPool(host='bomen.amsterdam.nl', port=443): Read timed out. (read timeout=10)
Retrieving data for 5332044
Request error for 5332044: HTTPSConnectionPool(host='bomen.amsterdam.nl', port=443): Read timed out. (read timeout=10)
Retrieving data for 5332045
Request error for 5332045: 502 Server Error: Bad Gateway for url: https://bomen.amsterdam.nl/features.data?type=tree&id=5332045&filters=&_routes=routes%2Ffeatures
Retrieving data for 5332046
Request error for 5332046: 502 Server Error: Bad Gateway for url: https://bomen.amsterdam.nl/features.data?type=tree&id=5332046&filters=&_routes=routes%2Ffeatures
Retrieving data for 5332047
Request error for 5332047: 503 Server Error: Service Temporarily Unavailable for url: https://bomen.amsterdam.nl/features.data?type=tree&id=5332047&filters=&_routes=routes%2Ffeatures
Retrieving data for 5332048
Request error for 5332048: 502 Server Error: Bad Gateway for url: https://bomen.amsterdam.nl/features.data?type=tree&id=5332048&filters=&_routes=routes%2Ffeatures
Retrieving data for 5332049
Request error for 5332049: HTTPSConnectionPool(host='bomen.amsterdam.nl', port=443): Read timed out. (read timeout=10)
Retrieving data for 5332050
Request error for 5332050: HTTPSConnectionPool(host='bomen.amsterdam.nl', port=443): Read timed out. (read timeout=10)
Retrieving data for 5332051
Request error for 5332051: HTTPSConnectionPool(host='bomen.amsterdam.nl', port=443): Read timed out. (read timeout=10)
Retrieving data for 5332052
Request error for 5332052: 502 Server Error: Bad Gateway for url: https://bomen.amsterdam.nl/features.data?type=tree&id=5332052&filters=&_routes=routes%2Ffeatures
Retrieving data for 5332053
Request error for 5332053: 502 Server Error: Bad Gateway for url: https://bomen.amsterdam.nl/features.data?type=tree&id=5332053&filters=&_routes=routes%2Ffeatures
Retrieving data for 5332054
Request error for 5332054: 502 Server Error: Bad Gateway for url: https://bomen.amsterdam.nl/features.data?type=tree&id=5332054&filters=&_routes=routes%2Ffeatures
Retrieving data for 5332055
Request error for 5332055: 502 Server Error: Bad Gateway for url: https://bomen.amsterdam.nl/features.data?type=tree&id=5332055&filters=&_routes=routes%2Ffeatures
Retrieving data for 5332056
Request error for 5332056: 502 Server Error: Bad Gateway for url: https://bomen.amsterdam.nl/features.data?type=tree&id=5332056&filters=&_routes=routes%2Ffeatures
Retrieving data for 5332057
Request error for 5332057: 502 Server Error: Bad Gateway for url: https://bomen.amsterdam.nl/features.data?type=tree&id=5332057&filters=&_routes=routes%2Ffeatures
Retrieving data for 5332058
Request error for 5332058: HTTPSConnectionPool(host='bomen.amsterdam.nl', port=443): Read timed oRequest error for 5332058: HTTPSConnectionPool(host='bomen.amsterdam.nl', port=443): Max retries exceeded with url: /features.data?type=tree&id=5332058&filters=&_routes=routes%2Ffeatures (Caused by NameResolutionError("<urllib3.connection.HTTPSConnection object at 0x786216491760>: Failed to resolve 'bomen.amsterdam.nl' ([Errno -3] Temporary fRequest error for 5332061: HTTPSConnectionPool(host='bomen.amsterdam.nl', port=443): Read timed out. (read timeout=10)
Retrieving data for 5332062
Request error for 5332062: HTTPSConnectionPool(host='bomen.amsterdam.nl', port=443): Read timed out. (read timeout=10)
Retrieving data for 5332063
Request error for 5332063: 503 Server Error: Service Temporarily Unavailable for url: https://bomen.amsterdam.nl/features.data?type=tree&id=5332063&filters=&_routes=routes%2Ffeatures
Retrieving data for 5332064
Request error for 5332064: 503 Server Error: Service Temporarily Unavailable for url: https://bomen.amsterdam.nl/features.data?type=tree&id=5332064&filters=&_routes=routes%2Ffeatures
Retrieving data for 5332065
Request error for 5332065: 503 Server Error: Service Temporarily Unavailable for url: https://bomen.amsterdam.nl/features.data?type=tree&id=5332065&filters=&_routes=routes%2Ffeatures
Retrieving data for 5332066
Request error for 5332066: 503 Server Error: Service Temporarily Unavailable for url: https://bomen.amsterdam.nl/features.data?type=tree&id=5332066&filters=&_routes=routes%2Ffeatures
Retrieving data for 5332067
Request error for 5332067: HTTPSConnectionPool(host='bomen.amsterdam.nl', port=443): Max retries exceeded with url: /features.data?type=tree&id=5332067&filters=&_routes=routes%2Ffeatures (Caused by ConnectTimeoutError(<urllib3.connection.HTTPSConnection object at 0x7428cb04ee40>, 'Connection to bomen.amsterdam.nl timed out. (connect timeout=10)'))
Retrieving data for 5332068
Request error for 5332068: HTTPSConnectionPool(host='bomen.amsterdam.nl', port=443): Max retries exceeded with url: /features.data?type=tree&id=5332068&filters=&_routes=routes%2Ffeatures (Caused by NameResolutionError("<urllib3.connection.HTTPSConnection object at 0x7428cb04e480>: Failed to resolve 'bomen.amsterdam.nl' ([Errno -3] Temporary failure in name resolution)"))
Retrieving data for 5332069
Request error for 5332069: HTTPSConnectionPool(host='bomen.amsterdam.nl', port=443): Read timed out. (read timeout=10)
Retrieving data for 5332070
Request error for 5332070: HTTPSConnectionPool(host='bomen.amsterdam.nl', port=443): Read timed out. (read timeout=10)
Retrieving data for 5332071
Request error for 5332071: 502 Server Error: Bad Gateway for url: https://bomen.amsterdam.nl/features.data?type=tree&id=5332071&filters=&_routes=routes%2Ffeatures
Retrieving data for 5332072
Request error for 5332072: 502 Server Error: Bad Gateway for url: https://bomen.amsterdam.nl/features.data?type=tree&id=5332072&filters=&_routes=routes%2Ffeatures
Retrieving data for 5332073
Request error for 5332073: 502 Server Error: Bad Gateway for url: https://bomen.amsterdam.nl/features.data?type=tree&id=5332073&filters=&_routes=routes%2Ffeatures
Retrieving data for 5332074
Request error for 5332074: 502 Server Error: Bad Gateway for url: https://bomen.amsterdam.nl/features.data?type=tree&id=5332074&filters=&_routes=routes%2Ffeatures
Retrieving data for 5332075
Request error for 5332075: 502 Server Error: Bad Gateway for url: https://bomen.amsterdam.nl/features.data?type=tree&id=5332075&filters=&_routes=routes%2Ffeatures
Retrieving data for 5332076
Request error for 5332076: 502 Server Error: Bad Gateway for url: https://bomen.amsterdam.nl/features.data?type=tree&id=5332076&filters=&_routes=routes%2Ffeatures
Retrieving data for 5332077
Request error for 5332077: 502 Server Error: Bad Gateway for url: https://bomen.amsterdam.nl/features.data?type=tree&id=5332077&filters=&_routes=routes%2Ffeatures
Retrieving data for 5332078
Request error for 5332078: HTTPSConnectionPool(host='bomen.amsterdam.nl', port=443): Max retries exceeded with url: /features.data?type=tree&id=5332078&filters=&_routes=routes%2Ffeatures (Caused by ConnectTimeoutError(<urllib3.connection.HTTPSConnection object at 0x7428cb04f8f0>, 'Connection to bomen.amsterdam.nl timed out. (connect timeout=10)'))
Retrieving data for 5332079
Request error for 5332079: HTTPSConnectionPool(host='bomen.amsterdam.nl', port=443): Max retries exceeded with url: /features.data?type=tree&id=5332079&filters=&_routes=routes%2Ffeatures (Caused by NameResolutionError("<urllib3.connection.HTTPSConnection object at 0x7428cb04cd40>: Failed to resolve 'bomen.amsterdam.nl' ([Errno -3] Temporary failure in name resolution)"))
Retrieving data for 5332080
Request error for 5332080: HTTPSConnectionPool(host='bomen.amsterdam.nl', port=443): Max retries exceeded with url: /features.data?type=tree&id=5332080&filters=&_routes=routes%2Ffeatures (Caused by NameResolutionError("<urllib3.connection.HTTPSConnection object at 0x7428cb04d2e0>: Failed to resolve 'bomen.amsterdam.nl' ([Errno -3] Temporary failure in name resolution)"))
Retrieving data for 5332081
Request error for 5332081: 502 Server Error: Bad Gateway for url: https://bomen.amsterdam.nl/features.data?type=tree&id=5332081&filters=&_routes=routes%2Ffeatures
Retrieving data for 5332082
Request error for 5332082: HTTPSConnectionPool(host='bomen.amsterdam.nl', port=443): Max retries exceeded with url: /features.data?type=tree&id=5332082&filters=&_routes=routes%2Ffeatures (Caused by ConnectTimeoutError(<urllib3.connection.HTTPSConnection object at 0x7428cb070920>, 'Connection to bomen.amsterdam.nl timed out. (connect timeout=10)'))
Retrieving data for 5332083
Request error for 5332083: HTTPSConnectionPool(host='bomen.amsterdam.nl', port=443): Read timed out. (read timeout=10)
Retrieving data for 5332084
Request error for 5332084: HTTPSConnectionPool(host='bomen.amsterdam.nl', port=443): Read timed out. (read timeout=10)
Retrieving data for 5332085
Request error for 5332085: HTTPSConnectionPool(host='bomen.amsterdam.nl', port=443): Read timed out. (read timeout=10)
Retrieving data for 5332086
Request error for 5332086: 502 Server Error: Bad Gateway for url: https://bomen.amsterdam.nl/features.data?type=tree&id=5332086&filters=&_routes=routes%2Ffeatures
Retrieving data for 5332087
Request error for 5332087: 503 Server Error: Service Temporarily Unavailable for url: https://bomen.amsterdam.nl/features.data?type=tree&id=5332087&filters=&_routes=routes%2Ffeatures
Retrieving data for 5332088
Request error for 5332088: 503 Server Error: Service Temporarily Unavailable for url: https://bomen.amsterdam.nl/features.data?type=tree&id=5332088&filters=&_routes=routes%2Ffeatures
Retrieving data for 5332089
Request error for 5332089: 503 Server Error: Service Temporarily Unavailable for url: https://bomen.amsterdam.nl/features.data?type=tree&id=5332089&filters=&_routes=routes%2Ffeatures
Retrieving data for 5332090
Request error for 5332090: HTTPSConnectionPool(host='bomen.amsterdam.nl', port=443): Max retries exceeded with url: /features.data?type=tree&id=5332090&filters=&_routes=routes%2Ffeatures (Caused by NameResolutionError("<urllib3.connection.HTTPSConnection object at 0x7428cb04f590>: Failed to resolve 'bomen.amsterdam.nl' ([Errno -3] Temporary failure in name resolution)"))
Retrieving data for 5332091
Request error for 5332091: HTTPSConnectionPool(host='bomen.amsterdam.nl', port=443): Max retries exceeded with url: /features.data?type=tree&id=5332091&filters=&_routes=routes%2Ffeatures (Caused by NameResolutionError("<urllib3.connection.HTTPSConnection object at 0x7428cb04f8f0>: Failed to resolve 'bomen.amsterdam.nl' ([Errno -3] Temporary failure in name resolution)"))
Retrieving data for 5332092
Request error for 5332092: 502 Server Error: Bad Gateway for url: https://bomen.amsterdam.nl/features.data?type=tree&id=5332092&filters=&_routes=routes%2Ffeatures
Retrieving data for 5332093
Request error for 5332093: 503 Server Error: Service Temporarily Unavailable for url: https://bomen.amsterdam.nl/features.data?type=tree&id=5332093&filters=&_routes=routes%2Ffeatures
Retrieving data for 5332094
Request error for 5332094: 502 Server Error: Bad Gateway for url: https://bomen.amsterdam.nl/features.data?type=tree&id=5332094&filters=&_routes=routes%2Ffeatures
Retrieving data for 5332095
Request error for 5332095: 503 Server Error: Service Temporarily Unavailable for url: https://bomen.amsterdam.nl/features.data?type=tree&id=5332095&filters=&_routes=routes%2Ffeatures
Retrieving data for 5332096
Request error for 5332096: HTTPSConnectionPool(host='bomen.amsterdam.nl', port=443): Max retries exceeded with url: /features.data?type=tree&id=5332096&filters=&_routes=routes%2Ffeatures (Caused by ConnectTimeoutError(<urllib3.connection.HTTPSConnection object at 0x7428cb070440>, 'Connection to bomen.amsterdam.nl timed out. (connect timeout=10)'))
Retrieving data for 5332097
Request error for 5332097: HTTPSConnectionPool(host='bomen.amsterdam.nl', port=443): Max retries exceeded with url: /features.data?type=tree&id=5332097&filters=&_routes=routes%2Ffeatures (Caused by NameResolutionError("<urllib3.connection.HTTPSConnection object at 0x7428cb071220>: Failed to resolve 'bomen.amsterdam.nl' ([Errno -3] Temporary failure in name resolution)"))
Retrieving data for 5332098
Request error for 5332098: HTTPSConnectionPool(host='bomen.amsterdam.nl', port=443): Max retries exceeded with url: /features.data?type=tree&id=5332098&filters=&_routes=routes%2Ffeatures (Caused by NameResolutionError("<urllib3.connection.HTTPSConnection object at 0x7428cb0725a0>: Failed to resolve 'bomen.amsterdam.nl' ([Errno -3] Temporary failure in name resolution)"))
Retrieving data for 5332099
Request error for 5332099: HTTPSConnectionPool(host='bomen.amsterdam.nl', port=443): Read timed out. (read timeout=10)
Retrieving data for 5332100
Request error for 5332100: HTTPSConnectionPool(host='bomen.amsterdam.nl', port=443): Read timed out. (read timeout=10)
Retrieving data for 5332101
Request error for 5332101: HTTPSConnectionPool(host='bomen.amsterdam.nl', port=443): Read timed out. (read timeout=10)
Retrieving data for 5332102
Request error for 5332102: 502 Server Error: Bad Gateway for url: https://bomen.amsterdam.nl/features.data?type=tree&id=5332102&filters=&_routes=routes%2Ffeatures
Retrieving data for 5332103
Request error for 5332103: 503 Server Error: Service Temporarily Unavailable for url: https://bomen.amsterdam.nl/features.data?type=tree&id=5332103&filters=&_routes=routes%2Ffeatures
Retrieving data for 5332104
Request error for 5332104: 503 Server Error: Service Temporarily Unavailable for url: https://bomen.amsterdam.nl/features.data?type=tree&id=5332104&filters=&_routes=routes%2Ffeatures
Retrieving data for 5332105
Request error for 5332105: 503 Server Error: Service Temporarily Unavailable for url: https://bomen.amsterdam.nl/features.data?type=tree&id=5332105&filters=&_routes=routes%2Ffeatures
Retrieving data for 5332106
Request error for 5332106: 503 Server Error: Service Temporarily Unavailable for url: https://bomen.amsterdam.nl/features.data?type=tree&id=5332106&filters=&_routes=routes%2Ffeatures
Retrieving data for 5332107
Request error for 5332107: 503 Server Error: Service Temporarily Unavailable for url: https://bomen.amsterdam.nl/features.data?type=tree&id=5332107&filters=&_routes=routes%2Ffeatures
Retrieving data for 5332108
Request error for 5332108: HTTPSConnectionPool(host='bomen.amsterdam.nl', port=443): Max retries exceeded with url: /features.data?type=tree&id=5332108&filters=&_routes=routes%2Ffeatures (Caused by NameResolutionError("<urllib3.connection.HTTPSConnection object at 0x7428cb070050>: Failed to resolve 'bomen.amsterdam.nl' ([Errno -3] Temporary failure in name resolution)"))
Retrieving data for 5332109
Request error for 5332109: 503 Server Error: Service Temporarily Unavailable for url: https://bomen.amsterdam.nl/features.data?type=tree&id=5332109&filters=&_routes=routes%2Ffeatures
Retrieving data for 5332110
Request error for 5332110: HTTPSConnectionPool(host='bomen.amsterdam.nl', port=443): Max retries exceeded with url: /features.data?type=tree&id=5332110&filters=&_routes=routes%2Ffeatures (Caused by NameResolutionError("<urllib3.connection.HTTPSConnection object at 0x7428cb070aa0>: Failed to resolve 'bomen.amsterdam.nl' ([Errno -3] Temporary failure in name resolution)"))
Retrieving data for 5332111
Request error for 5332111: 503 Server Error: Service Temporarily Unavailable for url: https://bomen.amsterdam.nl/features.data?type=tree&id=5332111&filters=&_routes=routes%2Ffeatures
Retrieving data for 5332112
Request error for 5332112: HTTPSConnectionPool(host='bomen.amsterdam.nl', port=443): Max retries exceeded with url: /features.data?type=tree&id=5332112&filters=&_routes=routes%2Ffeatures (Caused by NameResolutionError("<urllib3.connection.HTTPSConnection object at 0x7428cb04efc0>: Failed to resolve 'bomen.amsterdam.nl' ([Errno -3] Temporary failure in name resolution)"))
Retrieving data for 5332113
Request error for 5332113: 502 Server Error: Bad Gateway for url: https://bomen.amsterdam.nl/features.data?type=tree&id=5332113&filters=&_routes=routes%2Ffeatures
Retrieving data for 5332114
Request error for 5332114: 502 Server Error: Bad Gateway for url: https://bomen.amsterdam.nl/features.data?type=tree&id=5332114&filters=&_routes=routes%2Ffeatures
Retrieving data for 5332115
Request error for 5332115: 502 Server Error: Bad Gateway for url: https://bomen.amsterdam.nl/features.data?type=tree&id=5332115&filters=&_routes=routes%2Ffeatures
Retrieving data for 5332116
Request error for 5332116: 502 Server Error: Bad Gateway for url: https://bomen.amsterdam.nl/features.data?type=tree&id=5332116&filters=&_routes=routes%2Ffeatures
Retrieving data for 5332117
Request error for 5332117: 502 Server Error: Bad Gateway for url: https://bomen.amsterdam.nl/features.data?type=tree&id=5332117&filters=&_routes=routes%2Ffeatures
Retrieving data for 5332118
Request error for 5332118: HTTPSConnectionPool(host='bomen.amsterdam.nl', port=443): Max retries exceeded with url: /features.data?type=tree&id=5332118&filters=&_routes=routes%2Ffeatures (Caused by ConnectTimeoutError(<urllib3.connection.HTTPSConnection object at 0x7428cb04ce90>, 'Connection to bomen.amsterdam.nl timed out. (connect timeout=10)'))
Retrieving data for 5332119
Request error for 5332119: HTTPSConnectionPool(host='bomen.amsterdam.nl', port=443): Max retries exceeded with url: /features.data?type=tree&id=5332119&filters=&_routes=routes%2Ffeatures (Caused by NameResolutionError("<urllib3.connection.HTTPSConnection object at 0x7428cb04ddc0>: Failed to resolve 'bomen.amsterdam.nl' ([Errno -3] Temporary failure in name resolution)"))
Retrieving data for 5332120
Request error for 5332120: HTTPSConnectionPool(host='bomen.amsterdam.nl', port=443): Max retries exceeded with url: /features.data?type=tree&id=5332120&filters=&_routes=routes%2Ffeatures (Caused by NameResolutionError("<urllib3.connection.HTTPSConnection object at 0x7428cb36fe90>: Failed to resolve 'bomen.amsterdam.nl' ([Errno -3] Temporary failure in name resolution)"))
Retrieving data for 5332121
Request error for 5332121: 502 Server Error: Bad Gateway for url: https://bomen.amsterdam.nl/features.data?type=tree&id=5332121&filters=&_routes=routes%2Ffeatures
Retrieving data for 5332122
Request error for 5332122: 502 Server Error: Bad Gateway for url: https://bomen.amsterdam.nl/features.data?type=tree&id=5332122&filters=&_routes=routes%2Ffeatures
Retrieving data for 5332123
Request error for 5332123: 502 Server Error: Bad Gateway for url: https://bomen.amsterdam.nl/features.data?type=tree&id=5332123&filters=&_routes=routes%2Ffeatures
Retrieving data for 5332124
Request error for 5332124: 502 Server Error: Bad Gateway for url: https://bomen.amsterdam.nl/features.data?type=tree&id=5332124&filters=&_routes=routes%2Ffeatures
Retrieving data for 5332125
Request error for 5332125: HTTPSConnectionPool(host='bomen.amsterdam.nl', port=443): Max retries exceeded with url: /features.data?type=tree&id=5332125&filters=&_routes=routes%2Ffeatures (Caused by NameResolutionError("<urllib3.connection.HTTPSConnection object at 0x7428cb0710d0>: Failed to resolve 'bomen.amsterdam.nl' ([Errno -3] Temporary failure in name resolution)"))
Retrieving data for 5332126
Request error for 5332126: 502 Server Error: Bad Gateway for url: https://bomen.amsterdam.nl/features.data?type=tree&id=5332126&filters=&_routes=routes%2Ffeatures
Retrieving data for 5332127
Request error for 5332127: HTTPSConnectionPool(host='bomen.amsterdam.nl', port=443): Max retries exceeded with url: /features.data?type=tree&id=5332127&filters=&_routes=routes%2Ffeatures (Caused by NameResolutionError("<urllib3.connection.HTTPSConnection object at 0x7428cb0702f0>: Failed to resolve 'bomen.amsterdam.nl' ([Errno -3] Temporary failure in name resolution)"))
Retrieving data for 5332128
Request error for 5332128: 502 Server Error: Bad Gateway for url: https://bomen.amsterdam.nl/features.data?type=tree&id=5332128&filters=&_routes=routes%2Ffeatures
Retrieving data for 5332129
Request error for 5332129: 502 Server Error: Bad Gateway for url: https://bomen.amsterdam.nl/features.data?type=tree&id=5332129&filters=&_routes=routes%2Ffeatures
Retrieving data for 5332130
Request error for 5332130: 502 Server Error: Bad Gateway for url: https://bomen.amsterdam.nl/features.data?type=tree&id=5332130&filters=&_routes=routes%2Ffeatures
Retrieving data for 5332131
Request error for 5332131: 502 Server Error: Bad Gateway for url: https://bomen.amsterdam.nl/features.data?type=tree&id=5332131&filters=&_routes=routes%2Ffeatures
Retrieving data for 5332132
Request error for 5332132: HTTPSConnectionPool(host='bomen.amsterdam.nl', port=443): Max retries exceeded with url: /features.data?type=tree&id=5332132&filters=&_routes=routes%2Ffeatures (Caused by NameResolutionError("<urllib3.connection.HTTPSConnection object at 0x7428cb04d6d0>: Failed to resolve 'bomen.amsterdam.nl' ([Errno -3] Temporary failure in name resolution)"))
Retrieving data for 5332133
Request error for 5332133: HTTPSConnectionPool(host='bomen.amsterdam.nl', port=443): Read timed out. (read timeout=10)
Retrieving data for 5332134
Request error for 5332134: HTTPSConnectionPool(host='bomen.amsterdam.nl', port=443): Read timed out. (read timeout=10)
Retrieving data for 5332135
Request error for 5332135: HTTPSConnectionPool(host='bomen.amsterdam.nl', port=443): Read timed out. (read timeout=10)
Retrieving data for 5332136
Request error for 5332136: 502 Server Error: Bad Gateway for url: https://bomen.amsterdam.nl/features.data?type=tree&id=5332136&filters=&_routes=routes%2Ffeatures
Retrieving data for 5332137
Request error for 5332137: 503 Server Error: Service Temporarily Unavailable for url: https://bomen.amsterdam.nl/features.data?type=tree&id=5332137&filters=&_routes=routes%2Ffeatures
Retrieving data for 5332138
Request error for 5332138: 503 Server Error: Service Temporarily Unavailable for url: https://bomen.amsterdam.nl/features.data?type=tree&id=5332138&filters=&_routes=routes%2Ffeatures
Retrieving data for 5332139
Request error for 5332139: 503 Server Error: Service Temporarily Unavailable for url: https://bomen.amsterdam.nl/features.data?type=tree&id=5332139&filters=&_routes=routes%2Ffeatures
Retrieving data for 5332140
Request error for 5332140: 503 Server Error: Service Temporarily Unavailable for url: https://bomen.amsterdam.nl/features.data?type=tree&id=5332140&filters=&_routes=routes%2Ffeatures
Retrieving data for 5332141
Request error for 5332141: HTTPSConnectionPool(host='bomen.amsterdam.nl', port=443): Max retries exceeded with url: /features.data?type=tree&id=5332141&filters=&_routes=routes%2Ffeatures (Caused by ConnectTimeoutError(<urllib3.connection.HTTPSConnection object at 0x7428cb072f90>, 'Connection to bomen.amsterdam.nl timed out. (connect timeout=10)'))
Retrieving data for 5332142
Request error for 5332142: HTTPSConnectionPool(host='bomen.amsterdam.nl', port=443): Max retries exceeded with url: /features.data?type=tree&id=5332142&filters=&_routes=routes%2Ffeatures (Caused by NameResolutionError("<urllib3.connection.HTTPSConnection object at 0x7428cb071730>: Failed to resolve 'bomen.amsterdam.nl' ([Errno -3] Temporary failure in name resolution)"))
Retrieving data for 5332143
Request error for 5332143: 503 Server Error: Service Temporarily Unavailable for url: https://bomen.amsterdam.nl/features.data?type=tree&id=5332143&filters=&_routes=routes%2Ffeatures
Retrieving data for 5332144
Request error for 5332144: 503 Server Error: Service Temporarily Unavailable for url: https://bomen.amsterdam.nl/features.data?type=tree&id=5332144&filters=&_routes=routes%2Ffeatures
Retrieving data for 5332145
Request error for 5332145: 503 Server Error: Service Temporarily Unavailable for url: https://bomen.amsterdam.nl/features.data?type=tree&id=5332145&filters=&_routes=routes%2Ffeatures
Retrieving data for 5332146
Request error for 5332146: 502 Server Error: Bad Gateway for url: https://bomen.amsterdam.nl/features.data?type=tree&id=5332146&filters=&_routes=routes%2Ffeatures
Retrieving data for 5332147
Request error for 5332147: 502 Server Error: Bad Gateway for url: https://bomen.amsterdam.nl/features.data?type=tree&id=5332147&filters=&_routes=routes%2Ffeatures
Retrieving data for 5332148
Request error for 5332148: 502 Server Error: Bad Gateway for url: https://bomen.amsterdam.nl/features.data?type=tree&id=5332148&filters=&_routes=routes%2Ffeatures
Retrieving data for 5332149
Request error for 5332149: 502 Server Error: Bad Gateway for url: https://bomen.amsterdam.nl/features.data?type=tree&id=5332149&filters=&_routes=routes%2Ffeatures
Retrieving data for 5332150
Request error for 5332150: HTTPSConnectionPool(host='bomen.amsterdam.nl', port=443): Max retries exceeded with url: /features.data?type=tree&id=5332150&filters=&_routes=routes%2Ffeatures (Caused by NameResolutionError("<urllib3.connection.HTTPSConnection object at 0x7428cb04ee70>: Failed to resolve 'bomen.amsterdam.nl' ([Errno -3] Temporary failure in name resolution)"))
Retrieving data for 5332151
Request error for 5332151: HTTPSConnectionPool(host='bomen.amsterdam.nl', port=443): Max retries exceeded with url: /features.data?type=tree&id=5332151&filters=&_routes=routes%2Ffeatures (Caused by NameResolutionError("<urllib3.connection.HTTPSConnection object at 0x7428cb04cfe0>: Failed to resolve 'bomen.amsterdam.nl' ([Errno -3] Temporary failure in name resolution)"))
Retrieving data for 5332152
Request error for 5332152: 502 Server Error: Bad Gateway for url: https://bomen.amsterdam.nl/features.data?type=tree&id=5332152&filters=&_routes=routes%2Ffeatures
Retrieving data for 5332153
Request error for 5332153: HTTPSConnectionPool(host='bomen.amsterdam.nl', port=443): Max retries exceeded with url: /features.data?type=tree&id=5332153&filters=&_routes=routes%2Ffeatures (Caused by NameResolutionError("<urllib3.connection.HTTPSConnection object at 0x7428cb04f890>: Failed to resolve 'bomen.amsterdam.nl' ([Errno -3] Temporary failure in name resolution)"))
Retrieving data for 5332154
Request error for 5332154: 502 Server Error: Bad Gateway for url: https://bomen.amsterdam.nl/features.data?type=tree&id=5332154&filters=&_routes=routes%2Ffeatures
Retrieving data for 5332155
Request error for 5332155: 502 Server Error: Bad Gateway for url: https://bomen.amsterdam.nl/features.data?type=tree&id=5332155&filters=&_routes=routes%2Ffeatures
Retrieving data for 5332156
Request error for 5332156: 502 Server Error: Bad Gateway for url: https://bomen.amsterdam.nl/features.data?type=tree&id=5332156&filters=&_routes=routes%2Ffeatures
Retrieving data for 5332157
Request error for 5332157: HTTPSConnectionPool(host='bomen.amsterdam.nl', port=443): Max retries exceeded with url: /features.data?type=tree&id=5332157&filters=&_routes=routes%2Ffeatures (Caused by NameResolutionError("<urllib3.connection.HTTPSConnection object at 0x7428cafef200>: Failed to resolve 'bomen.amsterdam.nl' ([Errno -3] Temporary failure in name resolution)"))
Retrieving data for 5332158
Request error for 5332158: HTTPSConnectionPool(host='bomen.amsterdam.nl', port=443): Max retries exceeded with url: /features.data?type=tree&id=5332158&filters=&_routes=routes%2Ffeatures (Caused by NameResolutionError("<urllib3.connection.HTTPSConnection object at 0x7428cb0703e0>: Failed to resolve 'bomen.amsterdam.nl' ([Errno -3] Temporary failure in name resolution)"))
Retrieving data for 5332159
Request error for 5332159: 502 Server Error: Bad Gateway for url: https://bomen.amsterdam.nl/features.data?type=tree&id=5332159&filters=&_routes=routes%2Ffeatures
Retrieving data for 5332160
Request error for 5332160: 502 Server Error: Bad Gateway for url: https://bomen.amsterdam.nl/features.data?type=tree&id=5332160&filters=&_routes=routes%2Ffeatures
Retrieving data for 5332161
Request error for 5332161: 502 Server Error: Bad Gateway for url: https://bomen.amsterdam.nl/features.data?type=tree&id=5332161&filters=&_routes=routes%2Ffeatures
Retrieving data for 5332162
Request error for 5332162: 502 Server Error: Bad Gateway for url: https://bomen.amsterdam.nl/features.data?type=tree&id=5332162&filters=&_routes=routes%2Ffeatures
Retrieving data for 5332163
Request error for 5332163: 502 Server Error: Bad Gateway for url: https://bomen.amsterdam.nl/features.data?type=tree&id=5332163&filters=&_routes=routes%2Ffeatures
Retrieving data for 5332164
Request error for 5332164: 502 Server Error: Bad Gateway for url: https://bomen.amsterdam.nl/features.data?type=tree&id=5332164&filters=&_routes=routes%2Ffeatures
Retrieving data for 5332165
Request error for 5332165: 502 Server Error: Bad Gateway for url: https://bomen.amsterdam.nl/features.data?type=tree&id=5332165&filters=&_routes=routes%2Ffeatures
Retrieving data for 5332166
Request error for 5332166: HTTPSConnectionPool(host='bomen.amsterdam.nl', port=443): Max retries exceeded with url: /features.data?type=tree&id=5332166&filters=&_routes=routes%2Ffeatures (Caused by ConnectTimeoutError(<urllib3.connection.HTTPSConnection object at 0x7428cb073bc0>, 'Connection to bomen.amsterdam.nl timed out. (connect timeout=10)'))
Retrieving data for 5332167
Request error for 5332167: 502 Server Error: Bad Gateway for url: https://bomen.amsterdam.nl/features.data?type=tree&id=5332167&filters=&_routes=routes%2Ffeatures
Retrieving data for 5332168
Request error for 5332168: 502 Server Error: Bad Gateway for url: https://bomen.amsterdam.nl/features.data?type=tree&id=5332168&filters=&_routes=routes%2Ffeatures
Retrieving data for 5332169
Request error for 5332169: 502 Server Error: Bad Gateway for url: https://bomen.amsterdam.nl/features.data?type=tree&id=5332169&filters=&_routes=routes%2Ffeatures
Retrieving data for 5332170
Request error for 5332170: HTTPSConnectionPool(host='bomen.amsterdam.nl', port=443): Max retries exceeded with url: /features.data?type=tree&id=5332170&filters=&_routes=routes%2Ffeatures (Caused by NameResolutionError("<urllib3.connection.HTTPSConnection object at 0x7428cb04fa40>: Failed to resolve 'bomen.amsterdam.nl' ([Errno -3] Temporary failure in name resolution)"))
Retrieving data for 5332171
Request error for 5332171: HTTPSConnectionPool(host='bomen.amsterdam.nl', port=443): Read timed out. (read timeout=10)
Retrieving data for 5332172
Request error for 5332172: HTTPSConnectionPool(host='bomen.amsterdam.nl', port=443): Read timed out. (read timeout=10)
Retrieving data for 5332173
Request error for 5332173: HTTPSConnectionPool(host='bomen.amsterdam.nl', port=443): Read timed out. (read timeout=10)
Retrieving data for 5332174
Request error for 5332174: HTTPSConnectionPool(host='bomen.amsterdam.nl', port=443): Max retries exceeded with url: /features.data?type=tree&id=5332174&filters=&_routes=routes%2Ffeatures (Caused by NameResolutionError("<urllib3.connection.HTTPSConnection object at 0x7428cb071af0>: Failed to resolve 'bomen.amsterdam.nl' ([Errno -3] Temporary failure in name resolution)"))
Retrieving data for 5332175
Request error for 5332175: 503 Server Error: Service Temporarily Unavailable for url: https://bomen.amsterdam.nl/features.data?type=tree&id=5332175&filters=&_routes=routes%2Ffeatures
Retrieving data for 5332176
Request error for 5332176: 503 Server Error: Service Temporarily Unavailable for url: https://bomen.amsterdam.nl/features.data?type=tree&id=5332176&filters=&_routes=routes%2Ffeatures
Retrieving data for 5332177
Request error for 5332177: 503 Server Error: Service Temporarily Unavailable for url: https://bomen.amsterdam.nl/features.data?type=tree&id=5332177&filters=&_routes=routes%2Ffeatures
Retrieving data for 5332178
Request error for 5332178: 503 Server Error: Service Temporarily Unavailable for url: https://bomen.amsterdam.nl/features.data?type=tree&id=5332178&filters=&_routes=routes%2Ffeatures
Retrieving data for 5332179
Request error for 5332179: 503 Server Error: Service Temporarily Unavailable for url: https://bomen.amsterdam.nl/features.data?type=tree&id=5332179&filters=&_routes=routes%2Ffeatures
Retrieving data for 5332180
Request error for 5332180: HTTPSConnectionPool(host='bomen.amsterdam.nl', port=443): Max retries exceeded with url: /features.data?type=tree&id=5332180&filters=&_routes=routes%2Ffeatures (Caused by ConnectTimeoutError(<urllib3.connection.HTTPSConnection object at 0x7428cb071e20>, 'Connection to bomen.amsterdam.nl timed out. (connect timeout=10)'))
Retrieving data for 5332181
Request error for 5332181: HTTPSConnectionPool(host='bomen.amsterdam.nl', port=443): Max retries exceeded with url: /features.data?type=tree&id=5332181&filters=&_routes=routes%2Ffeatures (Caused by NameResolutionError("<urllib3.connection.HTTPSConnection object at 0x7428cb04fdd0>: Failed to resolve 'bomen.amsterdam.nl' ([Errno -3] Temporary failure in name resolution)"))
Retrieving data for 5332182
Request error for 5332182: HTTPSConnectionPool(host='bomen.amsterdam.nl', port=443): Max retries exceeded with url: /features.data?type=tree&id=5332182&filters=&_routes=routes%2Ffeatures (Caused by NameResolutionError("<urllib3.connection.HTTPSConnection object at 0x7428cb04ef60>: Failed to resolve 'bomen.amsterdam.nl' ([Errno -3] Temporary failure in name resolution)"))
Retrieving data for 5332183
Request error for 5332183: HTTPSConnectionPool(host='bomen.amsterdam.nl', port=443): Max retries exceeded with url: /features.data?type=tree&id=5332183&filters=&_routes=routes%2Ffeatures (Caused by NameResolutionError("<urllib3.connection.HTTPSConnection object at 0x7428cb04c2f0>: Failed to resolve 'bomen.amsterdam.nl' ([Errno -3] Temporary failure in name resolution)"))
Retrieving data for 5332184
Request error for 5332184: 502 Server Error: Bad Gateway for url: https://bomen.amsterdam.nl/features.data?type=tree&id=5332184&filters=&_routes=routes%2Ffeatures
Retrieving data for 5332185
Request error for 5332185: 502 Server Error: Bad Gateway for url: https://bomen.amsterdam.nl/features.data?type=tree&id=5332185&filters=&_routes=routes%2Ffeatures
Retrieving data for 5332186
Request error for 5332186: HTTPSConnectionPool(host='bomen.amsterdam.nl', port=443): Max retries exceeded with url: /features.data?type=tree&id=5332186&filters=&_routes=routes%2Ffeatures (Caused by ConnectTimeoutError(<urllib3.connection.HTTPSConnection object at 0x7428cb04e1e0>, 'Connection to bomen.amsterdam.nl timed out. (connect timeout=10)'))
Retrieving data for 5332187
Request error for 5332187: 502 Server Error: Bad Gateway for url: https://bomen.amsterdam.nl/features.data?type=tree&id=5332187&filters=&_routes=routes%2Ffeatures
Retrieving data for 5332188
Request error for 5332188: 502 Server Error: Bad Gateway for url: https://bomen.amsterdam.nl/features.data?type=tree&id=5332188&filters=&_routes=routes%2Ffeatures
Retrieving data for 5332189
Request error for 5332189: 502 Server Error: Bad Gateway for url: https://bomen.amsterdam.nl/features.data?type=tree&id=5332189&filters=&_routes=routes%2Ffeatures
Retrieving data for 5332190
Request error for 5332190: 502 Server Error: Bad Gateway for url: https://bomen.amsterdam.nl/features.data?type=tree&id=5332190&filters=&_routes=routes%2Ffeatures
Retrieving data for 5332191
Request error for 5332191: HTTPSConnectionPool(host='bomen.amsterdam.nl', port=443): Max retries exceeded with url: /features.data?type=tree&id=5332191&filters=&_routes=routes%2Ffeatures (Caused by NameResolutionError("<urllib3.connection.HTTPSConnection object at 0x7428cb098590>: Failed to resolve 'bomen.amsterdam.nl' ([Errno -3] Temporary failure in name resolution)"))
Retrieving data for 5332192
Request error for 5332192: HTTPSConnectionPool(host='bomen.amsterdam.nl', port=443): Max retries exceeded with url: /features.data?type=tree&id=5332192&filters=&_routes=routes%2Ffeatures (Caused by NameResolutionError("<urllib3.connection.HTTPSConnection object at 0x7428cb3afd70>: Failed to resolve 'bomen.amsterdam.nl' ([Errno -3] Temporary failure in name resolution)"))
Retrieving data for 5332193
Request error for 5332193: HTTPSConnectionPool(host='bomen.amsterdam.nl', port=443): Max retries exceeded with url: /features.data?type=tree&id=5332193&filters=&_routes=routes%2Ffeatures (Caused by NameResolutionError("<urllib3.connection.HTTPSConnection object at 0x7428cb04c0e0>: Failed to resolve 'bomen.amsterdam.nl' ([Errno -3] Temporary failure in name resolution)"))
Retrieving data for 5332194
Request error for 5332194: HTTPSConnectionPool(host='bomen.amsterdam.nl', port=443): Max retries exceeded with url: /features.data?type=tree&id=5332194&filters=&_routes=routes%2Ffeatures (Caused by NameResolutionError("<urllib3.connection.HTTPSConnection object at 0x7428cb04efc0>: Failed to resolve 'bomen.amsterdam.nl' ([Errno -3] Temporary failure in name resolution)"))
Retrieving data for 5332195
Request error for 5332195: HTTPSConnectionPool(host='bomen.amsterdam.nl', port=443): Max retries exceeded with url: /features.data?type=tree&id=5332195&filters=&_routes=routes%2Ffeatures (Caused by NameResolutionError("<urllib3.connection.HTTPSConnection object at 0x7428cb04e240>: Failed to resolve 'bomen.amsterdam.nl' ([Errno -3] Temporary failure in name resolution)"))
Retrieving data for 5332196
Request error for 5332196: HTTPSConnectionPool(host='bomen.amsterdam.nl', port=443): Max retries exceeded with url: /features.data?type=tree&id=5332196&filters=&_routes=routes%2Ffeatures (Caused by NameResolutionError("<urllib3.connection.HTTPSConnection object at 0x7428cb073350>: Failed to resolve 'bomen.amsterdam.nl' ([Errno -3] Temporary failure in name resolution)"))
Retrieving data for 5332197
Request error for 5332197: HTTPSConnectionPool(host='bomen.amsterdam.nl', port=443): Max retries exceeded with url: /features.data?type=tree&id=5332197&filters=&_routes=routes%2Ffeatures (Caused by NameResolutionError("<urllib3.connection.HTTPSConnection object at 0x7428cb073200>: Failed to resolve 'bomen.amsterdam.nl' ([Errno -3] Temporary failure in name resolution)"))
Retrieving data for 5332198
Request error for 5332198: HTTPSConnectionPool(host='bomen.amsterdam.nl', port=443): Max retries exceeded with url: /features.data?type=tree&id=5332198&filters=&_routes=routes%2Ffeatures (Caused by NameResolutionError("<urllib3.connection.HTTPSConnection object at 0x7428cb04c5f0>: Failed to resolve 'bomen.amsterdam.nl' ([Errno -3] Temporary failure in name resolution)"))
Retrieving data for 5332199
Request error for 5332199: HTTPSConnectionPool(host='bomen.amsterdam.nl', port=443): Max retries exceeded with url: /features.data?type=tree&id=5332199&filters=&_routes=routes%2Ffeatures (Caused by NameResolutionError("<urllib3.connection.HTTPSConnection object at 0x7428cb04d3d0>: Failed to resolve 'bomen.amsterdam.nl' ([Errno -3] Temporary failure in name resolution)"))
Retrieving data for 5332200
Request error for 5332200: HTTPSConnectionPool(host='bomen.amsterdam.nl', port=443): Max retries exceeded with url: /features.data?type=tree&id=5332200&filters=&_routes=routes%2Ffeatures (Caused by NameResolutionError("<urllib3.connection.HTTPSConnection object at 0x7428cb04d6a0>: Failed to resolve 'bomen.amsterdam.nl' ([Errno -3] Temporary failure in name resolution)"))
Retrieving data for 5332201
Request error for 5332201: HTTPSConnectionPool(host='bomen.amsterdam.nl', port=443): Max retries exceeded with url: /features.data?type=tree&id=5332201&filters=&_routes=routes%2Ffeatures (Caused by NameResolutionError("<urllib3.connection.HTTPSConnection object at 0x7428cb04f020>: Failed to resolve 'bomen.amsterdam.nl' ([Errno -3] Temporary failure in name resolution)"))
Retrieving data for 5332202
Request error for 5332202: HTTPSConnectionPool(host='bomen.amsterdam.nl', port=443): Read timed out. (read timeout=10)
Retrieving data for 5332203
Request error for 5332203: HTTPSConnectionPool(host='bomen.amsterdam.nl', port=443): Read timed out. (read timeout=10)
Retrieving data for 5332204
Request error for 5332204: HTTPSConnectionPool(host='bomen.amsterdam.nl', port=443): Read timed out. (read timeout=10)
Retrieving data for 5332205
Request error for 5332205: 502 Server Error: Bad Gateway for url: https://bomen.amsterdam.nl/features.data?type=tree&id=5332205&filters=&_routes=routes%2Ffeatures
Retrieving data for 5332206
Request error for 5332206: 503 Server Error: Service Temporarily Unavailable for url: https://bomen.amsterdam.nl/features.data?type=tree&id=5332206&filters=&_routes=routes%2Ffeatures
Retrieving data for 5332207
Request error for 5332207: 503 Server Error: Service Temporarily Unavailable for url: https://bomen.amsterdam.nl/features.data?type=tree&id=5332207&filters=&_routes=routes%2Ffeatures
Retrieving data for 5332208
Request error for 5332208: 503 Server Error: Service Temporarily Unavailable for url: https://bomen.amsterdam.nl/features.data?type=tree&id=5332208&filters=&_routes=routes%2Ffeatures
Retrieving data for 5332209
Request error for 5332209: 503 Server Error: Service Temporarily Unavailable for url: https://bomen.amsterdam.nl/features.data?type=tree&id=5332209&filters=&_routes=routes%2Ffeatures
Retrieving data for 5332210
Request error for 5332210: 503 Server Error: Service Temporarily Unavailable for url: https://bomen.amsterdam.nl/features.data?type=tree&id=5332210&filters=&_routes=routes%2Ffeatures
Retrieving data for 5332211
Request error for 5332211: HTTPSConnectionPool(host='bomen.amsterdam.nl', port=443): Read timed out. (read timeout=10)
Retrieving data for 5332212
Request error for 5332212: HTTPSConnectionPool(host='bomen.amsterdam.nl', port=443): Max retries exceeded with url: /features.data?type=tree&id=5332212&filters=&_routes=routes%2Ffeatures (Caused by NameResolutionError("<urllib3.connection.HTTPSConnection object at 0x7428cb04f200>: Failed to resolve 'bomen.amsterdam.nl' ([Errno -3] Temporary failure in name resolution)"))
Retrieving data for 5332213
Request error for 5332213: HTTPSConnectionPool(host='bomen.amsterdam.nl', port=443): Max retries exceeded with url: /features.data?type=tree&id=5332213&filters=&_routes=routes%2Ffeatures (Caused by NameResolutionError("<urllib3.connection.HTTPSConnection object at 0x7428cb04f7a0>: Failed to resolve 'bomen.amsterdam.nl' ([Errno -3] Temporary failure in name resolution)"))
Retrieving data for 5332214
Request error for 5332214: 503 Server Error: Service Temporarily Unavailable for url: https://bomen.amsterdam.nl/features.data?type=tree&id=5332214&filters=&_routes=routes%2Ffeatures
Retrieving data for 5332215
Request error for 5332215: HTTPSConnectionPool(host='bomen.amsterdam.nl', port=443): Max retries exceeded with url: /features.data?type=tree&id=5332215&filters=&_routes=routes%2Ffeatures (Caused by ConnectTimeoutError(<urllib3.connection.HTTPSConnection object at 0x7428cb04e990>, 'Connection to bomen.amsterdam.nl timed out. (connect timeout=10)'))
Retrieving data for 5332216
Request error for 5332216: 502 Server Error: Bad Gateway for url: https://bomen.amsterdam.nl/features.data?type=tree&id=5332216&filters=&_routes=routes%2Ffeatures
Retrieving data for 5332217
Request error for 5332217: HTTPSConnectionPool(host='bomen.amsterdam.nl', port=443): Max retries exceeded with url: /features.data?type=tree&id=5332217&filters=&_routes=routes%2Ffeatures (Caused by NameResolutionError("<urllib3.connection.HTTPSConnection object at 0x7428cb071d90>: Failed to resolve 'bomen.amsterdam.nl' ([Errno -3] Temporary failure in name resolution)"))
Retrieving data for 5332218
Request error for 5332218: 502 Server Error: Bad Gateway for url: https://bomen.amsterdam.nl/features.data?type=tree&id=5332218&filters=&_routes=routes%2Ffeatures
Retrieving data for 5332219
Request error for 5332219: 502 Server Error: Bad Gateway for url: https://bomen.amsterdam.nl/features.data?type=tree&id=5332219&filters=&_routes=routes%2Ffeatures
Retrieving data for 5332220
Request error for 5332220: 502 Server Error: Bad Gateway for url: https://bomen.amsterdam.nl/features.data?type=tree&id=5332220&filters=&_routes=routes%2Ffeatures
Retrieving data for 5332221
Request error for 5332221: 502 Server Error: Bad Gateway for url: https://bomen.amsterdam.nl/features.data?type=tree&id=5332221&filters=&_routes=routes%2Ffeatures
Retrieving data for 5332222
Request error for 5332222: 502 Server Error: Bad Gateway for url: https://bomen.amsterdam.nl/features.data?type=tree&id=5332222&filters=&_routes=routes%2Ffeatures
Retrieving data for 5332223
Request error for 5332223: HTTPSConnectionPool(host='bomen.amsterdam.nl', port=443): Max retries exceeded with url: /features.data?type=tree&id=5332223&filters=&_routes=routes%2Ffeatures (Caused by NameResolutionError("<urllib3.connection.HTTPSConnection object at 0x7428cb04ed50>: Failed to resolve 'bomen.amsterdam.nl' ([Errno -3] Temporary failure in name resolution)"))
Retrieving data for 5332224
Request error for 5332224: HTTPSConnectionPool(host='bomen.amsterdam.nl', port=443): Max retries exceeded with url: /features.data?type=tree&id=5332224&filters=&_routes=routes%2Ffeatures (Caused by NameResolutionError("<urllib3.connection.HTTPSConnection object at 0x7428cb04e150>: Failed to resolve 'bomen.amsterdam.nl' ([Errno -3] Temporary failure in name resolution)"))
Retrieving data for 5332225
Request error for 5332225: 502 Server Error: Bad Gateway for url: https://bomen.amsterdam.nl/features.data?type=tree&id=5332225&filters=&_routes=routes%2Ffeatures
Retrieving data for 5332226
Request error for 5332226: HTTPSConnectionPool(host='bomen.amsterdam.nl', port=443): Max retries exceeded with url: /features.data?type=tree&id=5332226&filters=&_routes=routes%2Ffeatures (Caused by NameResolutionError("<urllib3.connection.HTTPSConnection object at 0x7428cb04ea80>: Failed to resolve 'bomen.amsterdam.nl' ([Errno -3] Temporary failure in name resolution)"))
Retrieving data for 5332227
Request error for 5332227: 502 Server Error: Bad Gateway for url: https://bomen.amsterdam.nl/features.data?type=tree&id=5332227&filters=&_routes=routes%2Ffeatures
Retrieving data for 5332228
Request error for 5332228: 502 Server Error: Bad Gateway for url: https://bomen.amsterdam.nl/features.data?type=tree&id=5332228&filters=&_routes=routes%2Ffeatures
Retrieving data for 5332229
Request error for 5332229: 502 Server Error: Bad Gateway for url: https://bomen.amsterdam.nl/features.data?type=tree&id=5332229&filters=&_routes=routes%2Ffeatures
Retrieving data for 5332230
Request error for 5332230: 502 Server Error: Bad Gateway for url: https://bomen.amsterdam.nl/features.data?type=tree&id=5332230&filters=&_routes=routes%2Ffeatures
Retrieving data for 5332231
Request error for 5332231: 502 Server Error: Bad Gateway for url: https://bomen.amsterdam.nl/features.data?type=tree&id=5332231&filters=&_routes=routes%2Ffeatures
Retrieving data for 5332232
Request error for 5332232: HTTPSConnectionPool(host='bomen.amsterdam.nl', port=443): Max retries exceeded with url: /features.data?type=tree&id=5332232&filters=&_routes=routes%2Ffeatures (Caused by ConnectTimeoutError(<urllib3.connection.HTTPSConnection object at 0x7428cb04dc70>, 'Connection to bomen.amsterdam.nl timed out. (connect timeout=10)'))
Retrieving data for 5332233
Request error for 5332233: HTTPSConnectionPool(host='bomen.amsterdam.nl', port=443): Max retries exceeded with url: /features.data?type=tree&id=5332233&filters=&_routes=routes%2Ffeatures (Caused by NameResolutionError("<urllib3.connection.HTTPSConnection object at 0x7428cb073920>: Failed to resolve 'bomen.amsterdam.nl' ([Errno -3] Temporary failure in name resolution)"))
Retrieving data for 5332234
Request error for 5332234: 502 Server Error: Bad Gateway for url: https://bomen.amsterdam.nl/features.data?type=tree&id=5332234&filters=&_routes=routes%2Ffeatures
Retrieving data for 5332235
Request error for 5332235: 502 Server Error: Bad Gateway for url: https://bomen.amsterdam.nl/features.data?type=tree&id=5332235&filters=&_routes=routes%2Ffeatures
Retrieving data for 5332236
Request error for 5332236: 502 Server Error: Bad Gateway for url: https://bomen.amsterdam.nl/features.data?type=tree&id=5332236&filters=&_routes=routes%2Ffeatures
Retrieving data for 5332237
Request error for 5332237: HTTPSConnectionPool(host='bomen.amsterdam.nl', port=443): Read timed out. (read timeout=10)
Retrieving data for 5332238
Request error for 5332238: HTTPSConnectionPool(host='bomen.amsterdam.nl', port=443): Read timed out. (read timeout=10)
Retrieving data for 5332239
Request error for 5332239: HTTPSConnectionPool(host='bomen.amsterdam.nl', port=443): Read timed out. (read timeout=10)
Retrieving data for 5332240
Request error for 5332240: 502 Server Error: Bad Gateway for url: https://bomen.amsterdam.nl/features.data?type=tree&id=5332240&filters=&_routes=routes%2Ffeatures
Retrieving data for 5332241
Request error for 5332241: 502 Server Error: Bad Gateway for url: https://bomen.amsterdam.nl/features.data?type=tree&id=5332241&filters=&_routes=routes%2Ffeatures
Retrieving data for 5332242
Request error for 5332242: HTTPSConnectionPool(host='bomen.amsterdam.nl', port=443): Read timed out. (read timeout=10)
Retrieving data for 5332243
Request error for 5332243: HTTPSConnectionPool(host='bomen.amsterdam.nl', port=443): Read timed out. (read timeout=10)
Retrieving data for 5332244
Request error for 5332244: 502 Server Error: Bad Gateway for url: https://bomen.amsterdam.nl/features.data?type=tree&id=5332244&filters=&_routes=routes%2Ffeatures
Retrieving data for 5332245
Request error for 5332245: 503 Server Error: Service Temporarily Unavailable for url: https://bomen.amsterdam.nl/features.data?type=tree&id=5332245&filters=&_routes=routes%2Ffeatures
Retrieving data for 5332246
Request error for 5332246: 503 Server Error: Service Temporarily Unavailable for url: https://bomen.amsterdam.nl/features.data?type=tree&id=5332246&filters=&_routes=routes%2Ffeatures
Retrieving data for 5332247
Request error for 5332247: 503 Server Error: Service Temporarily Unavailable for url: https://bomen.amsterdam.nl/features.data?type=tree&id=5332247&filters=&_routes=routes%2Ffeatures
Retrieving data for 5332248
Request error for 5332248: 502 Server Error: Bad Gateway for url: https://bomen.amsterdam.nl/features.data?type=tree&id=5332248&filters=&_routes=routes%2Ffeatures
Retrieving data for 5332249
Request error for 5332249: HTTPSConnectionPool(host='bomen.amsterdam.nl', port=443): Read timed out. (read timeout=10)
Retrieving data for 5332250
Request error for 5332250: HTTPSConnectionPool(host='bomen.amsterdam.nl', port=443): Read timed out. (read timeout=10)
Retrieving data for 5332251
Request error for 5332251: HTTPSConnectionPool(host='bomen.amsterdam.nl', port=443): Read timed out. (read timeout=10)
Retrieving data for 5332252
Request error for 5332252: 502 Server Error: Bad Gateway for url: https://bomen.amsterdam.nl/features.data?type=tree&id=5332252&filters=&_routes=routes%2Ffeatures
Retrieving data for 5332253
Request error for 5332253: 502 Server Error: Bad Gateway for url: https://bomen.amsterdam.nl/features.data?type=tree&id=5332253&filters=&_routes=routes%2Ffeatures
Retrieving data for 5332254
Request error for 5332254: 503 Server Error: Service Temporarily Unavailable for url: https://bomen.amsterdam.nl/features.data?type=tree&id=5332254&filters=&_routes=routes%2Ffeatures
Retrieving data for 5332255
Request error for 5332255: 503 Server Error: Service Temporarily Unavailable for url: https://bomen.amsterdam.nl/features.data?type=tree&id=5332255&filters=&_routes=routes%2Ffeatures
Retrieving data for 5332256
Request error for 5332256: 503 Server Error: Service Temporarily Unavailable for url: https://bomen.amsterdam.nl/features.data?type=tree&id=5332256&filters=&_routes=routes%2Ffeatures
Retrieving data for 5332257
Request error for 5332257: 503 Server Error: Service Temporarily Unavailable for url: https://bomen.amsterdam.nl/features.data?type=tree&id=5332257&filters=&_routes=routes%2Ffeatures
Retrieving data for 5332258
Request error for 5332258: 502 Server Error: Bad Gateway for url: https://bomen.amsterdam.nl/features.data?type=tree&id=5332258&filters=&_routes=routes%2Ffeatures
Retrieving data for 5332259
Request error for 5332259: 502 Server Error: Bad Gateway for url: https://bomen.amsterdam.nl/features.data?type=tree&id=5332259&filters=&_routes=routes%2Ffeatures
Retrieving data for 5332260
Request error for 5332260: 502 Server Error: Bad Gateway for url: https://bomen.amsterdam.nl/features.data?type=tree&id=5332260&filters=&_routes=routes%2Ffeatures
Retrieving data for 5332261
Request error for 5332261: 502 Server Error: Bad Gateway for url: https://bomen.amsterdam.nl/features.data?type=tree&id=5332261&filters=&_routes=routes%2Ffeatures
Retrieving data for 5332262
Request error for 5332262: HTTPSConnectionPool(host='bomen.amsterdam.nl', port=443): Max retries exceeded with url: /features.data?type=tree&id=5332262&filters=&_routes=routes%2Ffeatures (Caused by ConnectTimeoutError(<urllib3.connection.HTTPSConnection object at 0x7428cb04d700>, 'Connection to bomen.amsterdam.nl timed out. (connect timeout=10)'))
Retrieving data for 5332263
Request error for 5332263: HTTPSConnectionPool(host='bomen.amsterdam.nl', port=443): Max retries exceeded with url: /features.data?type=tree&id=5332263&filters=&_routes=routes%2Ffeatures (Caused by NameResolutionError("<urllib3.connection.HTTPSConnection object at 0x7428cb36fe90>: Failed to resolve 'bomen.amsterdam.nl' ([Errno -3] Temporary failure in name resolution)"))
Retrieving data for 5332264
Request error for 5332264: HTTPSConnectionPool(host='bomen.amsterdam.nl', port=443): Read timed out. (read timeout=10)
Retrieving data for 5332265
Request error for 5332265: HTTPSConnectionPool(host='bomen.amsterdam.nl', port=443): Read timed out. (read timeout=10)
Retrieving data for 5332266
Request error for 5332266: HTTPSConnectionPool(host='bomen.amsterdam.nl', port=443): Read timed out. (read timeout=10)
Retrieving data for 5332267
Request error for 5332267: HTTPSConnectionPool(host='bomen.amsterdam.nl', port=443): Max retries exceeded with url: /features.data?type=tree&id=5332267&filters=&_routes=routes%2Ffeatures (Caused by NameResolutionError("<urllib3.connection.HTTPSConnection object at 0x7428cb04e1e0>: Failed to resolve 'bomen.amsterdam.nl' ([Errno -3] Temporary failure in name resolution)"))
Retrieving data for 5332268
Request error for 5332268: 503 Server Error: Service Temporarily Unavailable for url: https://bomen.amsterdam.nl/features.data?type=tree&id=5332268&filters=&_routes=routes%2Ffeatures
Retrieving data for 5332269
Request error for 5332269: 503 Server Error: Service Temporarily Unavailable for url: https://bomen.amsterdam.nl/features.data?type=tree&id=5332269&filters=&_routes=routes%2Ffeatures
Retrieving data for 5332270
Request error for 5332270: 503 Server Error: Service Temporarily Unavailable for url: https://bomen.amsterdam.nl/features.data?type=tree&id=5332270&filters=&_routes=routes%2Ffeatures
Retrieving data for 5332271
Request error for 5332271: 503 Server Error: Service Temporarily Unavailable for url: https://bomen.amsterdam.nl/features.data?type=tree&id=5332271&filters=&_routes=routes%2Ffeatures
Retrieving data for 5332272
Request error for 5332272: 503 Server Error: Service Temporarily Unavailable for url: https://bomen.amsterdam.nl/features.data?type=tree&id=5332272&filters=&_routes=routes%2Ffeatures
Retrieving data for 5332273
Request error for 5332273: HTTPSConnectionPool(host='bomen.amsterdam.nl', port=443): Read timed out. (read timeout=10)
Retrieving data for 5332274
Request error for 5332274: HTTPSConnectionPool(host='bomen.amsterdam.nl', port=443): Read timed out. (read timeout=10)
Retrieving data for 5332275
Request error for 5332275: HTTPSConnectionPool(host='bomen.amsterdam.nl', port=443): Read timed out. (read timeout=10)
Retrieving data for 5332276
Request error for 5332276: HTTPSConnectionPool(host='bomen.amsterdam.nl', port=443): Read timed out. (read timeout=10)
Retrieving data for 5332277
Request error for 5332277: 502 Server Error: Bad Gateway for url: https://bomen.amsterdam.nl/features.data?type=tree&id=5332277&filters=&_routes=routes%2Ffeatures
Retrieving data for 5332278
Request error for 5332278: 503 Server Error: Service Temporarily Unavailable for url: https://bomen.amsterdam.nl/features.data?type=tree&id=5332278&filters=&_routes=routes%2Ffeatures
Retrieving data for 5332279
Request error for 5332279: HTTPSConnectionPool(host='bomen.amsterdam.nl', port=443): Max retries exceeded with url: /features.data?type=tree&id=5332279&filters=&_routes=routes%2Ffeatures (Caused by NameResolutionError("<urllib3.connection.HTTPSConnection object at 0x7428cb04e240>: Failed to resolve 'bomen.amsterdam.nl' ([Errno -3] Temporary failure in name resolution)"))
Retrieving data for 5332280
Request error for 5332280: 502 Server Error: Bad Gateway for url: https://bomen.amsterdam.nl/features.data?type=tree&id=5332280&filters=&_routes=routes%2Ffeatures
Retrieving data for 5332281
Request error for 5332281: 502 Server Error: Bad Gateway for url: https://bomen.amsterdam.nl/features.data?type=tree&id=5332281&filters=&_routes=routes%2Ffeatures
Retrieving data for 5332282
Request error for 5332282: 502 Server Error: Bad Gateway for url: https://bomen.amsterdam.nl/features.data?type=tree&id=5332282&filters=&_routes=routes%2Ffeatures
Retrieving data for 5332283
Request error for 5332283: HTTPSConnectionPool(host='bomen.amsterdam.nl', port=443): Max retries exceeded with url: /features.data?type=tree&id=5332283&filters=&_routes=routes%2Ffeatures (Caused by ConnectTimeoutError(<urllib3.connection.HTTPSConnection object at 0x7428cb04e5a0>, 'Connection to bomen.amsterdam.nl timed out. (connect timeout=10)'))
Retrieving data for 5332284
Request error for 5332284: HTTPSConnectionPool(host='bomen.amsterdam.nl', port=443): Max retries exceeded with url: /features.data?type=tree&id=5332284&filters=&_routes=routes%2Ffeatures (Caused by NameResolutionError("<urllib3.connection.HTTPSConnection object at 0x7428cafef200>: Failed to resolve 'bomen.amsterdam.nl' ([Errno -3] Temporary failure in name resolution)"))
Retrieving data for 5332285
Request error for 5332285: 502 Server Error: Bad Gateway for url: https://bomen.amsterdam.nl/features.data?type=tree&id=5332285&filters=&_routes=routes%2Ffeatures
Retrieving data for 5332286
Request error for 5332286: HTTPSConnectionPool(host='bomen.amsterdam.nl', port=443): Read timed out. (read timeout=10)
Retrieving data for 5332287
Request error for 5332287: HTTPSConnectionPool(host='bomen.amsterdam.nl', port=443): Read timed out. (read timeout=10)
Retrieving data for 5332288
Request error for 5332288: HTTPSConnectionPool(host='bomen.amsterdam.nl', port=443): Read timed out. (read timeout=10)
Retrieving data for 5332289
Request error for 5332289: HTTPSConnectionPool(host='bomen.amsterdam.nl', port=443): Max retries exceeded with url: /features.data?type=tree&id=5332289&filters=&_routes=routes%2Ffeatures (Caused by NameResolutionError("<urllib3.connection.HTTPSConnection object at 0x7428cb04c320>: Failed to resolve 'bomen.amsterdam.nl' ([Errno -3] Temporary failure in name resolution)"))
Retrieving data for 5332290
Request error for 5332290: HTTPSConnectionPool(host='bomen.amsterdam.nl', port=443): Max retries exceeded with url: /features.data?type=tree&id=5332290&filters=&_routes=routes%2Ffeatures (Caused by NameResolutionError("<urllib3.connection.HTTPSConnection object at 0x7428cb04fcb0>: Failed to resolve 'bomen.amsterdam.nl' ([Errno -3] Temporary failure in name resolution)"))
Retrieving data for 5332291
Request error for 5332291: 503 Server Error: Service Temporarily Unavailable for url: https://bomen.amsterdam.nl/features.data?type=tree&id=5332291&filters=&_routes=routes%2Ffeatures
Retrieving data for 5332292
Request error for 5332292: 503 Server Error: Service Temporarily Unavailable for url: https://bomen.amsterdam.nl/features.data?type=tree&id=5332292&filters=&_routes=routes%2Ffeatures
Retrieving data for 5332293
Request error for 5332293: 503 Server Error: Service Temporarily Unavailable for url: https://bomen.amsterdam.nl/features.data?type=tree&id=5332293&filters=&_routes=routes%2Ffeatures
Retrieving data for 5332294
Request error for 5332294: 503 Server Error: Service Temporarily Unavailable for url: https://bomen.amsterdam.nl/features.data?type=tree&id=5332294&filters=&_routes=routes%2Ffeatures
Retrieving data for 5332295
Request error for 5332295: HTTPSConnectionPool(host='bomen.amsterdam.nl', port=443): Max retries exceeded with url: /features.data?type=tree&id=5332295&filters=&_routes=routes%2Ffeatures (Caused by ConnectTimeoutError(<urllib3.connection.HTTPSConnection object at 0x7428cb04e300>, 'Connection to bomen.amsterdam.nl timed out. (connect timeout=10)'))
Retrieving data for 5332296
Request error for 5332296: 503 Server Error: Service Temporarily Unavailable for url: https://bomen.amsterdam.nl/features.data?type=tree&id=5332296&filters=&_routes=routes%2Ffeatures
Retrieving data for 5332297
Request error for 5332297: 503 Server Error: Service Temporarily Unavailable for url: https://bomen.amsterdam.nl/features.data?type=tree&id=5332297&filters=&_routes=routes%2Ffeatures
Retrieving data for 5332298
Request error for 5332298: 502 Server Error: Bad Gateway for url: https://bomen.amsterdam.nl/features.data?type=tree&id=5332298&filters=&_routes=routes%2Ffeatures
Retrieving data for 5332299
Request error for 5332299: HTTPSConnectionPool(host='bomen.amsterdam.nl', port=443): Max retries exceeded with url: /features.data?type=tree&id=5332299&filters=&_routes=routes%2Ffeatures (Caused by ConnectTimeoutError(<urllib3.connection.HTTPSConnection object at 0x7428cb072ab0>, 'Connection to bomen.amsterdam.nl timed out. (connect timeout=10)'))
Retrieving data for 5332300
Request error for 5332300: 502 Server Error: Bad Gateway for url: https://bomen.amsterdam.nl/features.data?type=tree&id=5332300&filters=&_routes=routes%2Ffeatures
Retrieving data for 5332301
Request error for 5332301: 502 Server Error: Bad Gateway for url: https://bomen.amsterdam.nl/features.data?type=tree&id=5332301&filters=&_routes=routes%2Ffeatures
Retrieving data for 5332302
Request error for 5332302: 502 Server Error: Bad Gateway for url: https://bomen.amsterdam.nl/features.data?type=tree&id=5332302&filters=&_routes=routes%2Ffeatures
Retrieving data for 5332303
Request error for 5332303: 502 Server Error: Bad Gateway for url: https://bomen.amsterdam.nl/features.data?type=tree&id=5332303&filters=&_routes=routes%2Ffeatures
Retrieving data for 5332304
Request error for 5332304: HTTPSConnectionPool(host='bomen.amsterdam.nl', port=443): Max retries exceeded with url: /features.data?type=tree&id=5332304&filters=&_routes=routes%2Ffeatures (Caused by NameResolutionError("<urllib3.connection.HTTPSConnection object at 0x7428cb071880>: Failed to resolve 'bomen.amsterdam.nl' ([Errno -3] Temporary failure in name resolution)"))
Retrieving data for 5332305
Request error for 5332305: HTTPSConnectionPool(host='bomen.amsterdam.nl', port=443): Max retries exceeded with url: /features.data?type=tree&id=5332305&filters=&_routes=routes%2Ffeatures (Caused by NameResolutionError("<urllib3.connection.HTTPSConnection object at 0x7428cb0701a0>: Failed to resolve 'bomen.amsterdam.nl' ([Errno -3] Temporary failure in name resolution)"))
Retrieving data for 5332306
Request error for 5332306: HTTPSConnectionPool(host='bomen.amsterdam.nl', port=443): Max retries exceeded with url: /features.data?type=tree&id=5332306&filters=&_routes=routes%2Ffeatures (Caused by NameResolutionError("<urllib3.connection.HTTPSConnection object at 0x7428cb04c440>: Failed to resolve 'bomen.amsterdam.nl' ([Errno -3] Temporary failure in name resolution)"))
Retrieving data for 5332307
Request error for 5332307: HTTPSConnectionPool(host='bomen.amsterdam.nl', port=443): Max retries exceeded with url: /features.data?type=tree&id=5332307&filters=&_routes=routes%2Ffeatures (Caused by NameResolutionError("<urllib3.connection.HTTPSConnection object at 0x7428cb04fdd0>: Failed to resolve 'bomen.amsterdam.nl' ([Errno -3] Temporary failure in name resolution)"))
Retrieving data for 5332308
Request error for 5332308: HTTPSConnectionPool(host='bomen.amsterdam.nl', port=443): Max retries exceeded with url: /features.data?type=tree&id=5332308&filters=&_routes=routes%2Ffeatures (Caused by NameResolutionError("<urllib3.connection.HTTPSConnection object at 0x7428cb04d1c0>: Failed to resolve 'bomen.amsterdam.nl' ([Errno -3] Temporary failure in name resolution)"))
Retrieving data for 5332309
Request error for 5332309: HTTPSConnectionPool(host='bomen.amsterdam.nl', port=443): Max retries exceeded with url: /features.data?type=tree&id=5332309&filters=&_routes=routes%2Ffeatures (Caused by NameResolutionError("<urllib3.connection.HTTPSConnection object at 0x7428cb3af140>: Failed to resolve 'bomen.amsterdam.nl' ([Errno -3] Temporary failure in name resolution)"))
Retrieving data for 5332310
Request error for 5332310: HTTPSConnectionPool(host='bomen.amsterdam.nl', port=443): Max retries exceeded with url: /features.data?type=tree&id=5332310&filters=&_routes=routes%2Ffeatures (Caused by NameResolutionError("<urllib3.connection.HTTPSConnection object at 0x7428cb072030>: Failed to resolve 'bomen.amsterdam.nl' ([Errno -3] Temporary failure in name resolution)"))
Retrieving data for 5332311
Request error for 5332311: HTTPSConnectionPool(host='bomen.amsterdam.nl', port=443): Max retries exceeded with url: /features.data?type=tree&id=5332311&filters=&_routes=routes%2Ffeatures (Caused by NameResolutionError("<urllib3.connection.HTTPSConnection object at 0x7428cb073530>: Failed to resolve 'bomen.amsterdam.nl' ([Errno -3] Temporary failure in name resolution)"))
Retrieving data for 5332312
Request error for 5332312: HTTPSConnectionPool(host='bomen.amsterdam.nl', port=443): Max retries exceeded with url: /features.data?type=tree&id=5332312&filters=&_routes=routes%2Ffeatures (Caused by NameResolutionError("<urllib3.connection.HTTPSConnection object at 0x7428cb1cb230>: Failed to resolve 'bomen.amsterdam.nl' ([Errno -3] Temporary failure in name resolution)"))
Retrieving data for 5332313
Request error for 5332313: HTTPSConnectionPool(host='bomen.amsterdam.nl', port=443): Max retries exceeded with url: /features.data?type=tree&id=5332313&filters=&_routes=routes%2Ffeatures (Caused by NameResolutionError("<urllib3.connection.HTTPSConnection object at 0x7428cb072000>: Failed to resolve 'bomen.amsterdam.nl' ([Errno -3] Temporary failure in name resolution)"))
Retrieving data for 5332314
Request error for 5332314: HTTPSConnectionPool(host='bomen.amsterdam.nl', port=443): Read timed out. (read timeout=10)
Retrieving data for 5332315
Request error for 5332315: HTTPSConnectionPool(host='bomen.amsterdam.nl', port=443): Read timed out. (read timeout=10)
Retrieving data for 5332316
Request error for 5332316: HTTPSConnectionPool(host='bomen.amsterdam.nl', port=443): Read timed out. (read timeout=10)
Retrieving data for 5332317
Request error for 5332317: HTTPSConnectionPool(host='bomen.amsterdam.nl', port=443): Read timed out. (read timeout=10)
Retrieving data for 5332318
Request error for 5332318: HTTPSConnectionPool(host='bomen.amsterdam.nl', port=443): Read timed out. (read timeout=10)
Retrieving data for 5332319
Request error for 5332319: 503 Server Error: Service Temporarily Unavailable for url: https://bomen.amsterdam.nl/features.data?type=tree&id=5332319&filters=&_routes=routes%2Ffeatures
Retrieving data for 5332320
Request error for 5332320: 503 Server Error: Service Temporarily Unavailable for url: https://bomen.amsterdam.nl/features.data?type=tree&id=5332320&filters=&_routes=routes%2Ffeatures
Retrieving data for 5332321
Request error for 5332321: 503 Server Error: Service Temporarily Unavailable for url: https://bomen.amsterdam.nl/features.data?type=tree&id=5332321&filters=&_routes=routes%2Ffeatures
Retrieving data for 5332322
&filters=&_routes=routes%2Ffeatures (Caused by NameResolutionError("<urllib3.connection.HTTPSConnection object at 0x786216493ad0>: Failed to resolve 'bomen.amsterdam.nl' ([Errno -3] Temporary failure in name resolution)"))
Retrieving data for 5332303
Request error for 5332303: 503 Server Error: Service Temporarily Unavailable for url: https://bomen.amsterdam.nl/features.data?type=tree&id=5332303&filters=&_routes=routes%2Ffeatures
Retrieving data for 5332304
Request error for 5332304: 503 Server Error: Service Temporarily Unavailable for url: https://bomen.amsterdam.nl/features.data?type=tree&id=5332304&filters=&_routes=routes%2Ffeatures
Retrieving data for 5332305
Request error for 5332305: HTTPSConnectionPool(host='bomen.amsterdam.nl', port=443): Read timed out. (read timeout=10)
Retrieving data for 5332306
Request error for 5332306: HTTPSConnectionPool(host='bomen.amsterdam.nl', port=443): Max retries exceeded with url: /features.data?type=tree&id=5332306&filters=&_routes=routes%2Ffeatures (Caused by NameResolutionError("<urllib3.connection.HTTPSConnection object at 0x7862164af440>: Failed to resolve 'bomen.amsterdam.nl' ([Errno -3] Temporary failure in name resolution)"))
Retrieving data for 5332307
Request error for 5332307: HTTPSConnectionPool(host='bomen.amsterdam.nl', port=443): Read timed out. (read timeout=10)
Retrieving data for 5332308
Request error for 5332308: 502 Server Error: Bad Gateway for url: https://bomen.amsterdam.nl/features.data?type=tree&id=5332308&filters=&_routes=routes%2Ffeatures
Retrieving data for 5332309
Request error for 5332309: 503 Server Error: Service Temporarily Unavailable for url: https://bomen.amsterdam.nl/features.data?type=tree&id=5332309&filters=&_routes=routes%2Ffeatures
Retrieving data for 5332310
Request error for 5332310: 502 Server Error: Bad Gateway for url: https://bomen.amsterdam.nl/features.data?type=tree&id=5332310&filters=&_routes=routes%2Ffeatures
Retrieving data for 5332311
Request error for 5332311: HTTPSConnectionPool(host='bomen.amsterdam.nl', port=443): Max retries exceeded with url: /features.data?type=tree&id=5332311&filters=&_routes=routes%2Ffeatures (Caused by NameResolutionError("<urllib3.connection.HTTPSConnection object at 0x7862164ac860>: Failed to resolve 'bomen.amsterdam.nl' ([Errno -3] Temporary failure in name resolution)"))
Retrieving data for 5332312
Request error for 5332312: 502 Server Error: Bad Gateway for url: https://bomen.amsterdam.nl/features.data?type=tree&id=5332312&filters=&_routes=routes%2Ffeatures
Retrieving data for 5332313
Request error for 5332313: 502 Server Error: Bad Gateway for url: https://bomen.amsterdam.nl/features.data?type=tree&id=5332313&filters=&_routes=routes%2Ffeatures
Retrieving data for 5332314
Request error for 5332314: 502 Server Error: Bad Gateway for url: https://bomen.amsterdam.nl/features.data?type=tree&id=5332314&filters=&_routes=routes%2Ffeatures
Retrieving data for 5332315
Request error for 5332315: HTTPSConnectionPool(host='bomen.amsterdam.nl', port=443): Max retries exceeded with url: /features.data?type=tree&id=5332315&filters=&_routes=routes%2Ffeatures (Caused by ConnectTimeoutError(<urllib3.connection.HTTPSConnection object at 0x7862164ac230>, 'Connection to bomen.amsterdam.nl timed out. (connect timeout=10)'))
Retrieving data for 5332316
Request error for 5332316: HTTPSConnectionPool(host='bomen.amsterdam.nl', port=443): Max retries exceeded with url: /features.data?type=tree&id=5332316&filters=&_routes=routes%2Ffeatures (Caused by NameResolutionError("<urllib3.connection.HTTPSConnection object at 0x7862164af710>: Failed to resolve 'bomen.amsterdam.nl' ([Errno -3] Temporary failure in name resolution)"))
Retrieving data for 5332317
Request error for 5332317: HTTPSConnectionPool(host='bomen.amsterdam.nl', port=443): Max retries exceeded with url: /features.data?type=tree&id=5332317&filters=&_routes=routes%2Ffeatures (Caused by NameResolutionError("<urllib3.connection.HTTPSConnection object at 0x7862164af890>: Failed to resolve 'bomen.amsterdam.nl' ([Errno -3] Temporary failure in name resolution)"))
Retrieving data for 5332318
Request error for 5332318: 502 Server Error: Bad Gateway for url: https://bomen.amsterdam.nl/features.data?type=tree&id=5332318&filters=&_routes=routes%2Ffeatures
Retrieving data for 5332319
Request error for 5332319: 502 Server Error: Bad Gateway for url: https://bomen.amsterdam.nl/features.data?type=tree&id=5332319&filters=&_routes=routes%2Ffeatures
Retrieving data for 5332320
Request error for 5332320: HTTPSConnectionPool(host='bomen.amsterdam.nl', port=443): Read timed out. (read timeout=10)
Retrieving data for 5332321
Request error for 5332321: HTTPSConnectionPool(host='bomen.amsterdam.nl', port=443): Read timed out. (read timeout=10)
Retrieving data for 5332322
Request error for 5332322: HTTPSConnectionPool(host='bomen.amsterdam.nl', port=443): Read timed out. (read timeout=10)
Retrieving data for 5332323
Request error for 5332323: HTTPSConnectionPool(host='bomen.amsterdam.nl', port=443): Max retries exceeded with url: /features.data?type=tree&id=5332323&filters=&_routes=routes%2Ffeatures (Caused by NameResolutionError("<urllib3.connection.HTTPSConnection object at 0x7862164acc50>: Failed to resolve 'bomen.amsterdam.nl' ([Errno -3] Temporary failure in name resolution)"))
Retrieving data for 5332324
Request error for 5332324: HTTPSConnectionPool(host='bomen.amsterdam.nl', port=443): Max retries exceeded with url: /features.data?type=tree&id=5332324&filters=&_routes=routes%2Ffeatures (Caused by NameResolutionError("<urllib3.connection.HTTPSConnection object at 0x7862164ac140>: Failed to resolve 'bomen.amsterdam.nl' ([Errno -3] Temporary failure in name resolution)"))
Retrieving data for 5332325
Request error for 5332325: 503 Server Error: Service Temporarily Unavailable for url: https://bomen.amsterdam.nl/features.data?type=tree&id=5332325&filters=&_routes=routes%2Ffeatures
Retrieving data for 5332326
Request error for 5332326: 503 Server Error: Service Temporarily Unavailable for url: https://bomen.amsterdam.nl/features.data?type=tree&id=5332326&filters=&_routes=routes%2Ffeatures
Retrieving data for 5332327
Request error for 5332327: 503 Server Error: Service Temporarily Unavailable for url: https://bomen.amsterdam.nl/features.data?type=tree&id=5332327&filters=&_routes=routes%2Ffeatures
Retrieving data for 5332328
Request error for 5332328: 503 Server Error: Service Temporarily Unavailable for url: https://bomen.amsterdam.nl/features.data?type=tree&id=5332328&filters=&_routes=routes%2Ffeatures
Retrieving data for 5332329
Request error for 5332329: HTTPSConnectionPool(host='bomen.amsterdam.nl', port=443): Max retries exceeded with url: /features.data?type=tree&id=5332329&filters=&_routes=routes%2Ffeatures (Caused by ConnectTimeoutError(<urllib3.connection.HTTPSConnection object at 0x7862164ad040>, 'Connection to bomen.amsterdam.nl timed out. (connect timeout=10)'))
Retrieving data for 5332330
Request error for 5332330: HTTPSConnectionPool(host='bomen.amsterdam.nl', port=443): Max retries exceeded with url: /features.data?type=tree&id=5332330&filters=&_routes=routes%2Ffeatures (Caused by ConnectTimeoutError(<urllib3.connection.HTTPSConnection object at 0x786216492690>, 'Connection to bomen.amsterdam.nl timed out. (connect timeout=10)'))
Retrieving data for 5332331
Request error for 5332331: HTTPSConnectionPool(host='bomen.amsterdam.nl', port=443): Max retries exceeded with url: /features.data?type=tree&id=5332331&filters=&_routes=routes%2Ffeatures (Caused by NameResolutionError("<urllib3.connection.HTTPSConnection object at 0x7862164935f0>: Failed to resolve 'bomen.amsterdam.nl' ([Errno -3] Temporary failure in name resolution)"))
Retrieving data for 5332332
Request error for 5332332: 503 Server Error: Service Temporarily Unavailable for url: https://bomen.amsterdam.nl/features.data?type=tree&id=5332332&filters=&_routes=routes%2Ffeatures
Retrieving data for 5332333
Request error for 5332333: 503 Server Error: Service Temporarily Unavailable for url: https://bomen.amsterdam.nl/features.data?type=tree&id=5332333&filters=&_routes=routes%2Ffeatures
Retrieving data for 5332334
Request error for 5332334: 503 Server Error: Service Temporarily Unavailable for url: https://bomen.amsterdam.nl/features.data?type=tree&id=5332334&filters=&_routes=routes%2Ffeatures
Retrieving data for 5332335
Request error for 5332335: 502 Server Error: Bad Gateway for url: https://bomen.amsterdam.nl/features.data?type=tree&id=5332335&filters=&_routes=routes%2Ffeatures
Retrieving data for 5332336
Request error for 5332336: HTTPSConnectionPool(host='bomen.amsterdam.nl', port=443): Max retries exceeded with url: /features.data?type=tree&id=5332336&filters=&_routes=routes%2Ffeatures (Caused by NameResolutionError("<urllib3.connection.HTTPSConnection object at 0x7862164af710>: Failed to resolve 'bomen.amsterdam.nl' ([Errno -3] Temporary failure in name resolution)"))
Retrieving data for 5332337
Request error for 5332337: 502 Server Error: Bad Gateway for url: https://bomen.amsterdam.nl/features.data?type=tree&id=5332337&filters=&_routes=routes%2Ffeatures
Retrieving data for 5332338
Request error for 5332338: 502 Server Error: Bad Gateway for url: https://bomen.amsterdam.nl/features.data?type=tree&id=5332338&filters=&_routes=routes%2Ffeatures
Retrieving data for 5332339
Request error for 5332339: 502 Server Error: Bad Gateway for url: https://bomen.amsterdam.nl/features.data?type=tree&id=5332339&filters=&_routes=routes%2Ffeatures
Retrieving data for 5332340
Request error for 5332340: 502 Server Error: Bad Gateway for url: https://bomen.amsterdam.nl/features.data?type=tree&id=5332340&filters=&_routes=routes%2Ffeatures
Retrieving data for 5332341
Request error for 5332341: HTTPSConnectionPool(host='bomen.amsterdam.nl', port=443): Max retries exceeded with url: /features.data?type=tree&id=5332341&filters=&_routes=routes%2Ffeatures (Caused by NameResolutionError("<urllib3.connection.HTTPSConnection object at 0x7862164ade20>: Failed to resolve 'bomen.amsterdam.nl' ([Errno -3] Temporary failure in name resolution)"))
Retrieving data for 5332342
Request error for 5332342: HTTPSConnectionPool(host='bomen.amsterdam.nl', port=443): Max retries exceeded with url: /features.data?type=tree&id=5332342&filters=&_routes=routes%2Ffeatures (Caused by NameResolutionError("<urllib3.connection.HTTPSConnection object at 0x7862164ac950>: Failed to resolve 'bomen.amsterdam.nl' ([Errno -3] Temporary failure in name resolution)"))
Retrieving data for 5332343
Request error for 5332343: HTTPSConnectionPool(host='bomen.amsterdam.nl', port=443): Max retries exceeded with url: /features.data?type=tree&id=5332343&filters=&_routes=routes%2Ffeatures (Caused by NameResolutionError("<urllib3.connection.HTTPSConnection object at 0x78621708ac00>: Failed to resolve 'bomen.amsterdam.nl' ([Errno -3] Temporary failure in name resolution)"))
Retrieving data for 5332344
Request error for 5332344: HTTPSConnectionPool(host='bomen.amsterdam.nl', port=443): Max retries exceeded with url: /features.data?type=tree&id=5332344&filters=&_routes=routes%2Ffeatures (Caused by NameResolutionError("<urllib3.connection.HTTPSConnection object at 0x786216493e90>: Failed to resolve 'bomen.amsterdam.nl' ([Errno -3] Temporary failure in name resolution)"))
Retrieving data for 5332345
Request error for 5332345: HTTPSConnectionPool(host='bomen.amsterdam.nl', port=443): Max retries exceeded with url: /features.data?type=tree&id=5332345&filters=&_routes=routes%2Ffeatures (Caused by NameResolutionError("<urllib3.connection.HTTPSConnection object at 0x786216493a40>: Failed to resolve 'bomen.amsterdam.nl' ([Errno -3] Temporary failure in name resolution)"))
Retrieving data for 5332346
Request error for 5332346: HTTPSConnectionPool(host='bomen.amsterdam.nl', port=443): Max retries exceeded with url: /features.data?type=tree&id=5332346&filters=&_routes=routes%2Ffeatures (Caused by NameResolutionError("<urllib3.connection.HTTPSConnection object at 0x786217392600>: Failed to resolve 'bomen.amsterdam.nl' ([Errno -3] Temporary failure in name resolution)"))
Retrieving data for 5332347
Request error for 5332347: HTTPSConnectionPool(host='bomen.amsterdam.nl', port=443): Max retries exceeded with url: /features.data?type=tree&id=5332347&filters=&_routes=routes%2Ffeatures (Caused by NameResolutionError("<urllib3.connection.HTTPSConnection object at 0x7862164ac9b0>: Failed to resolve 'bomen.amsterdam.nl' ([Errno -3] Temporary failure in name resolution)"))
Retrieving data for 5332348
Request error for 5332348: HTTPSConnectionPool(host='bomen.amsterdam.nl', port=443): Max retries exceeded with url: /features.data?type=tree&id=5332348&filters=&_routes=routes%2Ffeatures (Caused by NameResolutionError("<urllib3.connection.HTTPSConnection object at 0x7862164ac980>: Failed to resolve 'bomen.amsterdam.nl' ([Errno -3] Temporary failure in name resolution)"))
Retrieving data for 5332349
Request error for 5332349: HTTPSConnectionPool(host='bomen.amsterdam.nl', port=443): Max retries exceeded with url: /features.data?type=tree&id=5332349&filters=&_routes=routes%2Ffeatures (Caused by NameResolutionError("<urllib3.connection.HTTPSConnection object at 0x7862164acdd0>: Failed to resolve 'bomen.amsterdam.nl' ([Errno -3] Temporary failure in name resolution)"))
Retrieving data for 5332350
Request error for 5332350: HTTPSConnectionPool(host='bomen.amsterdam.nl', port=443): Max retries exceeded with url: /features.data?type=tree&id=5332350&filters=&_routes=routes%2Ffeatures (Caused by NameResolutionError("<urllib3.connection.HTTPSConnection object at 0x786216491850>: Failed to resolve 'bomen.amsterdam.nl' ([Errno -3] Temporary failure in name resolution)"))
Retrieving data for 5332351
Request error for 5332351: HTTPSConnectionPool(host='bomen.amsterdam.nl', port=443): Max retries exceeded with url: /features.data?type=tree&id=5332351&filters=&_routes=routes%2Ffeatures (Caused by NameResolutionError("<urllib3.connection.HTTPSConnection object at 0x786216492750>: Failed to resolve 'bomen.amsterdam.nl' ([Errno -3] Temporary failure in name resolution)"))
Retrieving data for 5332352
Request error for 5332352: HTTPSConnectionPool(host='bomen.amsterdam.nl', port=443): Read timed out. (read timeout=10)
Retrieving data for 5332353
Request error for 5332353: HTTPSConnectionPool(host='bomen.amsterdam.nl', port=443): Read timed out. (read timeout=10)
Retrieving data for 5332354
Request error for 5332354: HTTPSConnectionPool(host='bomen.amsterdam.nl', port=443): Read timed out. (read timeout=10)
Retrieving data for 5332355
Request error for 5332355: 502 Server Error: Bad Gateway for url: https://bomen.amsterdam.nl/features.data?type=tree&id=5332355&filters=&_routes=routes%2Ffeatures
Retrieving data for 5332356
Request error for 5332356: 503 Server Error: Service Temporarily Unavailable for url: https://bomen.amsterdam.nl/features.data?type=tree&id=5332356&filters=&_routes=routes%2Ffeatures
Retrieving data for 5332357
Request error for 5332357: HTTPSConnectionPool(host='bomen.amsterdam.nl', port=443): Read timed out. (read timeout=10)
Retrieving data for 5332358
Request error for 5332358: 503 Server Error: Service Temporarily Unavailable for url: https://bomen.amsterdam.nl/features.data?type=tree&id=5332358&filters=&_routes=routes%2Ffeatures
Retrieving data for 5332359
